[ 2015-08-30T00:57:44+08:00 ] 12.166.225.156 /cgi-bin/recent.cgi
INFO: [ app_init ] --START--
INFO: Run Behavior\BuildLiteBehavior [ RunTime:0.000037s ]
INFO: [ app_init ] --END-- [ RunTime:0.000610s ]
ERR: 无法加载模块:Cgi-bin

[ 2015-08-30T00:58:14+08:00 ] 12.166.225.156 /cgi-sys/php5
INFO: [ app_init ] --START--
INFO: Run Behavior\BuildLiteBehavior [ RunTime:0.000050s ]
INFO: [ app_init ] --END-- [ RunTime:0.000726s ]
ERR: 无法加载模块:Cgi-sys

[ 2015-08-30T00:58:15+08:00 ] 12.166.225.156 /phppath/cgi_wrapper
INFO: [ app_init ] --START--
INFO: Run Behavior\BuildLiteBehavior [ RunTime:0.000036s ]
INFO: [ app_init ] --END-- [ RunTime:0.000697s ]
ERR: 无法加载模块:Phppath

[ 2015-08-30T00:58:15+08:00 ] 12.166.225.156 /phppath/php
INFO: [ app_init ] --START--
INFO: Run Behavior\BuildLiteBehavior [ RunTime:0.000038s ]
INFO: [ app_init ] --END-- [ RunTime:0.000624s ]
ERR: 无法加载模块:Phppath

[ 2015-08-30T01:57:10+08:00 ] 200.121.76.27 /cgi-bin-sdb/printenv
INFO: [ app_init ] --START--
INFO: Run Behavior\BuildLiteBehavior [ RunTime:0.000037s ]
INFO: [ app_init ] --END-- [ RunTime:0.000613s ]
ERR: 无法加载模块:Cgi-bin-sdb

[ 2015-08-30T03:54:17+08:00 ] 27.112.67.85 /cgi-bin/tools/tools.pl
INFO: [ app_init ] --START--
INFO: Run Behavior\BuildLiteBehavior [ RunTime:0.000039s ]
INFO: [ app_init ] --END-- [ RunTime:0.000657s ]
ERR: 无法加载模块:Cgi-bin

[ 2015-08-30T04:35:03+08:00 ] 218.26.1.82 /cgi-bin/tools/tools.pl
INFO: [ app_init ] --START--
INFO: Run Behavior\BuildLiteBehavior [ RunTime:0.000042s ]
INFO: [ app_init ] --END-- [ RunTime:0.000678s ]
ERR: 无法加载模块:Cgi-bin

[ 2015-08-30T04:35:03+08:00 ] 218.26.1.82 /cgi-mod/index.cgi
INFO: [ app_init ] --START--
INFO: Run Behavior\BuildLiteBehavior [ RunTime:0.000049s ]
INFO: [ app_init ] --END-- [ RunTime:0.000636s ]
ERR: 无法加载模块:Cgi-mod

[ 2015-08-30T04:35:07+08:00 ] 218.26.1.82 /cgi-sys/entropysearch.cgi
INFO: [ app_init ] --START--
INFO: Run Behavior\BuildLiteBehavior [ RunTime:0.000037s ]
INFO: [ app_init ] --END-- [ RunTime:0.000623s ]
ERR: 无法加载模块:Cgi-sys

[ 2015-08-30T04:35:11+08:00 ] 218.26.1.82 /phppath/cgi_wrapper
INFO: [ app_init ] --START--
INFO: Run Behavior\BuildLiteBehavior [ RunTime:0.000054s ]
INFO: [ app_init ] --END-- [ RunTime:0.000832s ]
ERR: 无法加载模块:Phppath

[ 2015-08-30T04:35:12+08:00 ] 218.26.1.82 /phppath/php
INFO: [ app_init ] --START--
INFO: Run Behavior\BuildLiteBehavior [ RunTime:0.000039s ]
INFO: [ app_init ] --END-- [ RunTime:0.000671s ]
ERR: 无法加载模块:Phppath

[ 2015-08-30T05:30:44+08:00 ] 46.172.71.251 /rom-0
INFO: [ app_init ] --START--
INFO: Run Behavior\BuildLiteBehavior [ RunTime:0.000037s ]
INFO: [ app_init ] --END-- [ RunTime:0.000626s ]
ERR: 无法加载模块:Rom-0

[ 2015-08-30T07:53:36+08:00 ] 190.102.138.123 /cgi-bin/sat-ir-web.pl
INFO: [ app_init ] --START--
INFO: Run Behavior\BuildLiteBehavior [ RunTime:0.000038s ]
INFO: [ app_init ] --END-- [ RunTime:0.000619s ]
ERR: 无法加载模块:Cgi-bin

[ 2015-08-30T07:54:04+08:00 ] 190.102.138.123 /cgi-sys/php5
INFO: [ app_init ] --START--
INFO: Run Behavior\BuildLiteBehavior [ RunTime:0.000059s ]
INFO: [ app_init ] --END-- [ RunTime:0.000792s ]
ERR: 无法加载模块:Cgi-sys

[ 2015-08-30T07:54:07+08:00 ] 190.102.138.123 /phppath/php
INFO: [ app_init ] --START--
INFO: Run Behavior\BuildLiteBehavior [ RunTime:0.000037s ]
INFO: [ app_init ] --END-- [ RunTime:0.000623s ]
ERR: 无法加载模块:Phppath

[ 2015-08-30T19:40:02+08:00 ] 68.15.32.96 /HNAP1/
INFO: [ app_init ] --START--
INFO: Run Behavior\BuildLiteBehavior [ RunTime:0.000037s ]
INFO: [ app_init ] --END-- [ RunTime:0.000750s ]
ERR: 无法加载模块:HNAP1

[ 2015-08-30T23:57:07+08:00 ] 68.15.32.96 /provisioning/
INFO: [ app_init ] --START--
INFO: Run Behavior\BuildLiteBehavior [ RunTime:0.000054s ]
INFO: [ app_init ] --END-- [ RunTime:0.000944s ]
ERR: 无法加载模块:Provisioning

[ 2015-08-30T23:58:16+08:00 ] 68.15.32.96 /tftpboot/
INFO: [ app_init ] --START--
INFO: Run Behavior\BuildLiteBehavior [ RunTime:0.000053s ]
INFO: [ app_init ] --END-- [ RunTime:0.000763s ]
ERR: 无法加载模块:Tftpboot

