[ 2015-06-18T01:51:39+08:00 ] 94.102.49.169 /PSIA/Custom/SelfExt/userCheck
INFO: [ app_init ] --START--
INFO: Run Behavior\BuildLiteBehavior [ RunTime:0.000054s ]
INFO: [ app_init ] --END-- [ RunTime:0.000857s ]
ERR: 无法加载模块:PSIA

[ 2015-06-18T01:51:50+08:00 ] 94.102.49.169 /cgi/maker/ptcmd.cgi?cmd=;cat+/tmp/config/usr.ini
INFO: [ app_init ] --START--
INFO: Run Behavior\BuildLiteBehavior [ RunTime:0.000085s ]
INFO: [ app_init ] --END-- [ RunTime:0.000904s ]
ERR: 无法加载模块:Cgi

[ 2015-06-18T01:52:00+08:00 ] 94.102.49.169 /cgi-bin/rtpd.cgi?echo&AdminPasswd_ss|tdb&get&HTTPAccount
INFO: [ app_init ] --START--
INFO: Run Behavior\BuildLiteBehavior [ RunTime:0.000057s ]
INFO: [ app_init ] --END-- [ RunTime:0.000947s ]
ERR: 无法加载模块:Cgi-bin

[ 2015-06-18T01:52:10+08:00 ] 94.102.49.169 /LIVE_VIEW.asp
INFO: [ app_init ] --START--
INFO: Run Behavior\BuildLiteBehavior [ RunTime:0.000040s ]
INFO: [ app_init ] --END-- [ RunTime:0.000805s ]
ERR: 无法加载模块:LIVE_VIEW

[ 2015-06-18T15:11:11+08:00 ] 94.102.53.195 /webindex/30/theme/failed.png
INFO: [ app_init ] --START--
INFO: Run Behavior\BuildLiteBehavior [ RunTime:0.000058s ]
INFO: [ app_init ] --END-- [ RunTime:0.000898s ]
ERR: 无法加载模块:Webindex

