[ 2015-08-03T10:49:50+08:00 ] 69.64.46.86 /cgi-bin/rtpd.cgi
INFO: [ app_init ] --START--
INFO: Run Behavior\BuildLiteBehavior [ RunTime:0.000037s ]
INFO: [ app_init ] --END-- [ RunTime:0.000704s ]
ERR: 无法加载模块:Cgi-bin

[ 2015-08-03T18:20:05+08:00 ] 125.27.52.38 /Ringing.at.your.dorbell!
INFO: [ app_init ] --START--
INFO: Run Behavior\BuildLiteBehavior [ RunTime:0.000056s ]
INFO: [ app_init ] --END-- [ RunTime:0.001975s ]
ERR: 无法加载模块:Ringing.at.your

[ 2015-08-03T18:20:09+08:00 ] 125.27.52.38 /Diagnostics.asp
INFO: [ app_init ] --START--
INFO: Run Behavior\BuildLiteBehavior [ RunTime:0.000055s ]
INFO: [ app_init ] --END-- [ RunTime:0.000848s ]
ERR: 无法加载模块:Diagnostics

[ 2015-08-03T20:05:13+08:00 ] 183.154.234.139 /Ringing.at.your.dorbell!
INFO: [ app_init ] --START--
INFO: Run Behavior\BuildLiteBehavior [ RunTime:0.000041s ]
INFO: [ app_init ] --END-- [ RunTime:0.000679s ]
ERR: 无法加载模块:Ringing.at.your

[ 2015-08-03T20:05:18+08:00 ] 183.154.234.139 /Diagnostics.asp
INFO: [ app_init ] --START--
INFO: Run Behavior\BuildLiteBehavior [ RunTime:0.000054s ]
INFO: [ app_init ] --END-- [ RunTime:0.000922s ]
ERR: 无法加载模块:Diagnostics

