[ 2015-07-15T06:26:55+08:00 ] 104.128.144.130 /redirect.php
INFO: [ app_init ] --START--
INFO: Run Behavior\BuildLiteBehavior [ RunTime:0.000038s ]
INFO: [ app_init ] --END-- [ RunTime:0.000615s ]
ERR: 无法加载模块:Redirect

[ 2015-07-15T08:13:56+08:00 ] 84.135.232.47 /Ringing.at.your.dorbell!
INFO: [ app_init ] --START--
INFO: Run Behavior\BuildLiteBehavior [ RunTime:0.000055s ]
INFO: [ app_init ] --END-- [ RunTime:0.001024s ]
ERR: 无法加载模块:Ringing.at.your

[ 2015-07-15T16:42:15+08:00 ] 213.110.240.42 http://www.msftncsi.com/ncsi.txt
INFO: [ app_init ] --START--
INFO: Run Behavior\BuildLiteBehavior [ RunTime:0.000063s ]
INFO: [ app_init ] --END-- [ RunTime:0.001027s ]
ERR: 无法加载模块:Ncsi

[ 2015-07-15T19:51:18+08:00 ] 169.229.3.93 /fhiuewhkjdsn
INFO: [ app_init ] --START--
INFO: Run Behavior\BuildLiteBehavior [ RunTime:0.000053s ]
INFO: [ app_init ] --END-- [ RunTime:0.000895s ]
ERR: 无法加载模块:Fhiuewhkjdsn

[ 2015-07-15T19:51:18+08:00 ] 169.229.3.94 /fhiuewhkjdsn
INFO: [ app_init ] --START--
INFO: Run Behavior\BuildLiteBehavior [ RunTime:0.000036s ]
INFO: [ app_init ] --END-- [ RunTime:0.000947s ]
ERR: 无法加载模块:Fhiuewhkjdsn

