[ 2015-07-24T00:45:53+08:00 ] 93.174.93.146 //myadmin/scripts/setup.php
INFO: [ app_init ] --START--
INFO: Run Behavior\BuildLiteBehavior [ RunTime:0.000053s ]
INFO: [ app_init ] --END-- [ RunTime:0.000903s ]
ERR: 无法加载模块:Myadmin

[ 2015-07-24T00:45:53+08:00 ] 93.174.93.146 //MyAdmin/scripts/setup.php
INFO: [ app_init ] --START--
INFO: Run Behavior\BuildLiteBehavior [ RunTime:0.000055s ]
INFO: [ app_init ] --END-- [ RunTime:0.000918s ]
ERR: 无法加载模块:MyAdmin

[ 2015-07-24T06:09:01+08:00 ] 213.179.158.249 /Citrix/XenApp/auth/login.aspx?CTX_MessageType=WARNING&CTX_MessageKey=NoUsableClientDetected
INFO: [ app_init ] --START--
INFO: Run Behavior\BuildLiteBehavior [ RunTime:0.000054s ]
INFO: [ app_init ] --END-- [ RunTime:0.000909s ]
ERR: 无法加载模块:Citrix

[ 2015-07-24T17:25:31+08:00 ] 208.106.250.221 /CFIDE/administrator/
INFO: [ app_init ] --START--
INFO: Run Behavior\BuildLiteBehavior [ RunTime:0.000049s ]
INFO: [ app_init ] --END-- [ RunTime:0.000868s ]
ERR: 无法加载模块:CFIDE

[ 2015-07-24T21:05:38+08:00 ] 104.192.0.226 /admin/bootstrap.inc.php?mgp=danc3Uf@t&c=whoami
INFO: [ app_init ] --START--
INFO: Run Behavior\BuildLiteBehavior [ RunTime:0.000056s ]
INFO: [ app_init ] --END-- [ RunTime:0.001017s ]
ERR: 无法加载模块:Admin

[ 2015-07-24T21:32:54+08:00 ] 93.113.125.11 /nowherereally
INFO: [ app_init ] --START--
INFO: Run Behavior\BuildLiteBehavior [ RunTime:0.000051s ]
INFO: [ app_init ] --END-- [ RunTime:0.000886s ]
ERR: 无法加载模块:Nowherereally

[ 2015-07-24T22:20:48+08:00 ] 104.192.0.226 /admin/bootstrap.inc.php?mgp=danc3Uf@t&c=whoami
INFO: [ app_init ] --START--
INFO: Run Behavior\BuildLiteBehavior [ RunTime:0.000040s ]
INFO: [ app_init ] --END-- [ RunTime:0.000753s ]
ERR: 无法加载模块:Admin

