[ 2015-07-13T09:01:54+08:00 ] 178.32.255.140 /jmx-console
INFO: [ app_init ] --START--
INFO: Run Behavior\BuildLiteBehavior [ RunTime:0.000033s ]
INFO: [ app_init ] --END-- [ RunTime:0.000607s ]
ERR: 无法加载模块:Jmx-console

[ 2015-07-13T11:22:21+08:00 ] 210.6.137.204 /Ringing.at.your.dorbell!
INFO: [ app_init ] --START--
INFO: Run Behavior\BuildLiteBehavior [ RunTime:0.000047s ]
INFO: [ app_init ] --END-- [ RunTime:0.000871s ]
ERR: 无法加载模块:Ringing.at.your

[ 2015-07-13T11:22:24+08:00 ] 210.6.137.204 /Diagnostics.asp
INFO: [ app_init ] --START--
INFO: Run Behavior\BuildLiteBehavior [ RunTime:0.000048s ]
INFO: [ app_init ] --END-- [ RunTime:0.000759s ]
ERR: 无法加载模块:Diagnostics

[ 2015-07-13T11:58:42+08:00 ] 94.102.49.169 /cgi-bin/mft/wireless_mft?ap=testname;cat%20/var/www/secret.passwd
INFO: [ app_init ] --START--
INFO: Run Behavior\BuildLiteBehavior [ RunTime:0.000059s ]
INFO: [ app_init ] --END-- [ RunTime:0.000952s ]
ERR: 无法加载模块:Cgi-bin

[ 2015-07-13T11:58:54+08:00 ] 94.102.49.169 /maker/snwrite.cgi?mac=1234;echo%20thisisatest
INFO: [ app_init ] --START--
INFO: Run Behavior\BuildLiteBehavior [ RunTime:0.000056s ]
INFO: [ app_init ] --END-- [ RunTime:0.000952s ]
ERR: 无法加载模块:Maker

[ 2015-07-13T11:59:07+08:00 ] 94.102.49.169 /cgi_test.cgi?write_tan&;ls&ls%20-la
INFO: [ app_init ] --START--
INFO: Run Behavior\BuildLiteBehavior [ RunTime:0.000058s ]
INFO: [ app_init ] --END-- [ RunTime:0.000969s ]
ERR: 无法加载模块:Cgi_test

[ 2015-07-13T12:10:37+08:00 ] 182.52.182.234 /Ringing.at.your.dorbell!
INFO: [ app_init ] --START--
INFO: Run Behavior\BuildLiteBehavior [ RunTime:0.000034s ]
INFO: [ app_init ] --END-- [ RunTime:0.000624s ]
ERR: 无法加载模块:Ringing.at.your

[ 2015-07-13T12:10:39+08:00 ] 182.52.182.234 /Diagnostics.asp
INFO: [ app_init ] --START--
INFO: Run Behavior\BuildLiteBehavior [ RunTime:0.000036s ]
INFO: [ app_init ] --END-- [ RunTime:0.000612s ]
ERR: 无法加载模块:Diagnostics

