[ 2015-06-01T12:38:30+08:00 ] 199.48.147.141 /root/back.css
INFO: [ app_init ] --START--
INFO: Run Behavior\BuildLiteBehavior [ RunTime:0.000037s ]
INFO: [ app_init ] --END-- [ RunTime:0.000640s ]
ERR: 无法加载模块:Root

[ 2015-06-01T14:09:03+08:00 ] 89.248.172.27 /moadmin.php
INFO: [ app_init ] --START--
INFO: Run Behavior\BuildLiteBehavior [ RunTime:0.000037s ]
INFO: [ app_init ] --END-- [ RunTime:0.000616s ]
ERR: 无法加载模块:Moadmin

[ 2015-06-01T14:09:04+08:00 ] 89.248.172.27 /phpMoAdmin/moadmin.php
INFO: [ app_init ] --START--
INFO: Run Behavior\BuildLiteBehavior [ RunTime:0.000036s ]
INFO: [ app_init ] --END-- [ RunTime:0.000604s ]
ERR: 无法加载模块:PhpMoAdmin

[ 2015-06-01T15:54:43+08:00 ] 94.102.53.195 /e7/theme/failed.png
INFO: [ app_init ] --START--
INFO: Run Behavior\BuildLiteBehavior [ RunTime:0.000043s ]
INFO: [ app_init ] --END-- [ RunTime:0.001605s ]
ERR: 无法加载模块:E7

[ 2015-06-01T20:57:50+08:00 ] 88.150.239.154 /robots.txt
INFO: [ app_init ] --START--
INFO: Run Behavior\BuildLiteBehavior [ RunTime:0.000066s ]
INFO: [ app_init ] --END-- [ RunTime:0.016420s ]
ERR: 无法加载模块:Robots

