[ 2015-08-09T16:07:06+08:00 ] 111.243.110.203 /phpMyAdmin/scripts/setup.php
INFO: [ app_init ] --START--
INFO: Run Behavior\BuildLiteBehavior [ RunTime:0.000040s ]
INFO: [ app_init ] --END-- [ RunTime:0.001771s ]
ERR: 无法加载模块:PhpMyAdmin

[ 2015-08-09T16:07:06+08:00 ] 111.243.110.203 /pma/scripts/setup.php
INFO: [ app_init ] --START--
INFO: Run Behavior\BuildLiteBehavior [ RunTime:0.000043s ]
INFO: [ app_init ] --END-- [ RunTime:0.001658s ]
ERR: 无法加载模块:Pma

[ 2015-08-09T16:07:07+08:00 ] 111.243.110.203 /myadmin/scripts/setup.php
INFO: [ app_init ] --START--
INFO: Run Behavior\BuildLiteBehavior [ RunTime:0.000057s ]
INFO: [ app_init ] --END-- [ RunTime:0.000939s ]
ERR: 无法加载模块:Myadmin

[ 2015-08-09T20:08:02+08:00 ] 118.98.104.21 /user/soapCaller.bs
INFO: [ app_init ] --START--
INFO: Run Behavior\BuildLiteBehavior [ RunTime:0.000037s ]
INFO: [ app_init ] --END-- [ RunTime:0.000609s ]
ERR: 无法加载模块:User

[ 2015-08-09T22:35:30+08:00 ] 193.201.227.127 http://www.msftncsi.com/ncsi.txt
INFO: [ app_init ] --START--
INFO: Run Behavior\BuildLiteBehavior [ RunTime:0.000050s ]
INFO: [ app_init ] --END-- [ RunTime:0.000814s ]
ERR: 无法加载模块:Ncsi

[ 2015-08-09T22:35:39+08:00 ] 193.201.227.127 /HNAP1/
INFO: [ app_init ] --START--
INFO: Run Behavior\BuildLiteBehavior [ RunTime:0.000056s ]
INFO: [ app_init ] --END-- [ RunTime:0.001222s ]
ERR: 无法加载模块:HNAP1

[ 2015-08-09T22:36:10+08:00 ] 193.201.227.127 /hudson/script
INFO: [ app_init ] --START--
INFO: Run Behavior\BuildLiteBehavior [ RunTime:0.000038s ]
INFO: [ app_init ] --END-- [ RunTime:0.000653s ]
ERR: 无法加载模块:Hudson

[ 2015-08-09T22:36:11+08:00 ] 193.201.227.127 /script
INFO: [ app_init ] --START--
INFO: Run Behavior\BuildLiteBehavior [ RunTime:0.000039s ]
INFO: [ app_init ] --END-- [ RunTime:0.000663s ]
ERR: 无法加载模块:Script

[ 2015-08-09T22:36:11+08:00 ] 193.201.227.127 /sqlite/main.php
INFO: [ app_init ] --START--
INFO: Run Behavior\BuildLiteBehavior [ RunTime:0.000039s ]
INFO: [ app_init ] --END-- [ RunTime:0.000641s ]
ERR: 无法加载模块:Sqlite

[ 2015-08-09T22:36:12+08:00 ] 193.201.227.127 /sqlitemanager/main.php
INFO: [ app_init ] --START--
INFO: Run Behavior\BuildLiteBehavior [ RunTime:0.000054s ]
INFO: [ app_init ] --END-- [ RunTime:0.000879s ]
ERR: 无法加载模块:Sqlitemanager

[ 2015-08-09T22:36:15+08:00 ] 193.201.227.127 /SQLiteManager/main.php
INFO: [ app_init ] --START--
INFO: Run Behavior\BuildLiteBehavior [ RunTime:0.000054s ]
INFO: [ app_init ] --END-- [ RunTime:0.000882s ]
ERR: 无法加载模块:SQLiteManager

[ 2015-08-09T22:36:16+08:00 ] 193.201.227.127 /SQLite/main.php
INFO: [ app_init ] --START--
INFO: Run Behavior\BuildLiteBehavior [ RunTime:0.000052s ]
INFO: [ app_init ] --END-- [ RunTime:0.000877s ]
ERR: 无法加载模块:SQLite

[ 2015-08-09T22:36:25+08:00 ] 193.201.227.127 /SQlite/main.php
INFO: [ app_init ] --START--
INFO: Run Behavior\BuildLiteBehavior [ RunTime:0.000058s ]
INFO: [ app_init ] --END-- [ RunTime:0.000917s ]
ERR: 无法加载模块:SQlite

[ 2015-08-09T22:36:26+08:00 ] 193.201.227.127 /main.php
INFO: [ app_init ] --START--
INFO: Run Behavior\BuildLiteBehavior [ RunTime:0.000045s ]
INFO: [ app_init ] --END-- [ RunTime:0.001096s ]
ERR: 无法加载模块:Main

[ 2015-08-09T22:36:26+08:00 ] 193.201.227.127 /test/sqlite/SQLiteManager-1.2.0/SQLiteManager-1.2.0/main.php
INFO: [ app_init ] --START--
INFO: Run Behavior\BuildLiteBehavior [ RunTime:0.000050s ]
INFO: [ app_init ] --END-- [ RunTime:0.000687s ]
ERR: 无法加载模块:Test

[ 2015-08-09T22:36:27+08:00 ] 193.201.227.127 /SQLiteManager-1.2.4/main.php
INFO: [ app_init ] --START--
INFO: Run Behavior\BuildLiteBehavior [ RunTime:0.000038s ]
INFO: [ app_init ] --END-- [ RunTime:0.000636s ]
ERR: 无法加载模块:SQLiteManager-1.2.4

[ 2015-08-09T22:36:27+08:00 ] 193.201.227.127 /agSearch/SQlite/main.php
INFO: [ app_init ] --START--
INFO: Run Behavior\BuildLiteBehavior [ RunTime:0.000036s ]
INFO: [ app_init ] --END-- [ RunTime:0.000604s ]
ERR: 无法加载模块:AgSearch

