[ 2015-12-03T00:30:27+08:00 ] 197.157.253.158 /php-my-admin/setup.php
INFO: [ app_init ] --START--
INFO: Run Behavior\BuildLiteBehavior [ RunTime:0.000053s ]
INFO: [ app_init ] --END-- [ RunTime:0.000882s ]
ERR: 无法加载模块:Php-my-admin

[ 2015-12-03T00:30:29+08:00 ] 197.157.253.158 /phpMyAdmin-2.5.7-pl1/setup.php
INFO: [ app_init ] --START--
INFO: Run Behavior\BuildLiteBehavior [ RunTime:0.000051s ]
INFO: [ app_init ] --END-- [ RunTime:0.000847s ]
ERR: 无法加载模块:PhpMyAdmin-2.5.7-pl1

[ 2015-12-03T18:29:42+08:00 ] 180.97.106.36 http://www.baidu.com/robots.txt
INFO: [ app_init ] --START--
INFO: Run Behavior\BuildLiteBehavior [ RunTime:0.000059s ]
INFO: [ app_init ] --END-- [ RunTime:0.001999s ]
ERR: 无法加载模块:Robots

[ 2015-12-03T22:44:54+08:00 ] 118.122.239.202 /index.login.action
INFO: [ app_init ] --START--
INFO: Run Behavior\BuildLiteBehavior [ RunTime:0.000058s ]
INFO: [ app_init ] --END-- [ RunTime:0.000767s ]
ERR: 无法加载模块:Index.login

[ 2015-12-03T23:09:53+08:00 ] 111.206.116.217 /login.action
INFO: [ app_init ] --START--
INFO: Run Behavior\BuildLiteBehavior [ RunTime:0.000056s ]
INFO: [ app_init ] --END-- [ RunTime:0.000963s ]
ERR: 无法加载模块:Login

