[ 2015-11-27T03:23:29+08:00 ] 104.192.0.226 /js/general.js
INFO: [ app_init ] --START--
INFO: Run Behavior\BuildLiteBehavior [ RunTime:0.000044s ]
INFO: [ app_init ] --END-- [ RunTime:0.000676s ]
ERR: 无法加载模块:Js

[ 2015-11-27T03:47:02+08:00 ] 93.113.125.11 /README_FOR_DECRYPT.txt
INFO: [ app_init ] --START--
INFO: Run Behavior\BuildLiteBehavior [ RunTime:0.000044s ]
INFO: [ app_init ] --END-- [ RunTime:0.000973s ]
ERR: 无法加载模块:README_FOR_DECRYPT

[ 2015-11-27T14:48:11+08:00 ] 180.97.106.161 http://www.baidu.com/robots.txt
INFO: [ app_init ] --START--
INFO: Run Behavior\BuildLiteBehavior [ RunTime:0.000037s ]
INFO: [ app_init ] --END-- [ RunTime:0.000614s ]
ERR: 无法加载模块:Robots

[ 2015-11-27T16:24:36+08:00 ] 180.97.106.36 http://www.baidu.com/robots.txt
INFO: [ app_init ] --START--
INFO: Run Behavior\BuildLiteBehavior [ RunTime:0.000037s ]
INFO: [ app_init ] --END-- [ RunTime:0.000613s ]
ERR: 无法加载模块:Robots

