[ 2015-11-16T11:47:39+08:00 ] 104.128.144.131 /redirect.php
INFO: [ app_init ] --START--
INFO: Run Behavior\BuildLiteBehavior [ RunTime:0.000038s ]
INFO: [ app_init ] --END-- [ RunTime:0.000722s ]
ERR: 无法加载模块:Redirect

[ 2015-11-16T13:50:00+08:00 ] 221.11.92.253 /muieblackcat
INFO: [ app_init ] --START--
INFO: Run Behavior\BuildLiteBehavior [ RunTime:0.000040s ]
INFO: [ app_init ] --END-- [ RunTime:0.000673s ]
ERR: 无法加载模块:Muieblackcat

[ 2015-11-16T14:16:21+08:00 ] 23.253.156.70 /estojjjre/aaDefxxhjxhjxhjaultL.aspx
INFO: [ app_init ] --START--
INFO: Run Behavior\BuildLiteBehavior [ RunTime:0.000058s ]
INFO: [ app_init ] --END-- [ RunTime:0.000940s ]
ERR: 无法加载模块:Estojjjre

[ 2015-11-16T14:16:21+08:00 ] 23.253.156.70 /estore/DefaultL.aspx
INFO: [ app_init ] --START--
INFO: Run Behavior\BuildLiteBehavior [ RunTime:0.000039s ]
INFO: [ app_init ] --END-- [ RunTime:0.000629s ]
ERR: 无法加载模块:Estore

[ 2015-11-16T14:16:21+08:00 ] 23.253.156.70 /DefaultL.aspx
INFO: [ app_init ] --START--
INFO: Run Behavior\BuildLiteBehavior [ RunTime:0.000056s ]
INFO: [ app_init ] --END-- [ RunTime:0.000880s ]
ERR: 无法加载模块:DefaultL

[ 2015-11-16T14:16:21+08:00 ] 23.253.156.70 /a2billing/customer/iridium_threed.php
INFO: [ app_init ] --START--
INFO: Run Behavior\BuildLiteBehavior [ RunTime:0.000041s ]
INFO: [ app_init ] --END-- [ RunTime:0.000752s ]
ERR: 无法加载模块:A2billing

[ 2015-11-16T14:16:22+08:00 ] 23.253.156.70 /customer/iridium_threed.php
INFO: [ app_init ] --START--
INFO: Run Behavior\BuildLiteBehavior [ RunTime:0.000092s ]
INFO: [ app_init ] --END-- [ RunTime:0.000789s ]
ERR: 无法加载模块:Customer

[ 2015-11-16T14:16:22+08:00 ] 23.253.156.70 /iridium_threed.php
INFO: [ app_init ] --START--
INFO: Run Behavior\BuildLiteBehavior [ RunTime:0.000050s ]
INFO: [ app_init ] --END-- [ RunTime:0.000648s ]
ERR: 无法加载模块:Iridium_threed

[ 2015-11-16T19:00:12+08:00 ] 180.97.106.162 http://www.baidu.com/robots.txt
INFO: [ app_init ] --START--
INFO: Run Behavior\BuildLiteBehavior [ RunTime:0.000051s ]
INFO: [ app_init ] --END-- [ RunTime:0.000866s ]
ERR: 无法加载模块:Robots

[ 2015-11-16T21:31:26+08:00 ] 31.193.131.180 /CFIDE/administrator/
INFO: [ app_init ] --START--
INFO: Run Behavior\BuildLiteBehavior [ RunTime:0.000060s ]
INFO: [ app_init ] --END-- [ RunTime:0.000907s ]
ERR: 无法加载模块:CFIDE

