[ 2015-11-02T05:47:59+08:00 ] 46.148.18.122 /tmUnblock.cgi
INFO: [ app_init ] --START--
INFO: Run Behavior\BuildLiteBehavior [ RunTime:0.000035s ]
INFO: [ app_init ] --END-- [ RunTime:0.000784s ]
ERR: 无法加载模块:TmUnblock

[ 2015-11-02T05:47:59+08:00 ] 46.148.18.122 /hndUnblock.cgi
INFO: [ app_init ] --START--
INFO: Run Behavior\BuildLiteBehavior [ RunTime:0.000051s ]
INFO: [ app_init ] --END-- [ RunTime:0.000813s ]
ERR: 无法加载模块:HndUnblock

[ 2015-11-02T09:06:37+08:00 ] 181.61.253.58 /cgi-bin/bash
INFO: [ app_init ] --START--
INFO: Run Behavior\BuildLiteBehavior [ RunTime:0.000051s ]
INFO: [ app_init ] --END-- [ RunTime:0.000896s ]
ERR: 无法加载模块:Cgi-bin

[ 2015-11-02T09:06:37+08:00 ] 181.61.253.58 /cgi-bin/contact.cgi
INFO: [ app_init ] --START--
INFO: Run Behavior\BuildLiteBehavior [ RunTime:0.000061s ]
INFO: [ app_init ] --END-- [ RunTime:0.000948s ]
ERR: 无法加载模块:Cgi-bin

[ 2015-11-02T09:06:38+08:00 ] 181.61.253.58 /cgi-bin/defaultwebpage.cgi
INFO: [ app_init ] --START--
INFO: Run Behavior\BuildLiteBehavior [ RunTime:0.000058s ]
INFO: [ app_init ] --END-- [ RunTime:0.000953s ]
ERR: 无法加载模块:Cgi-bin

[ 2015-11-02T09:06:38+08:00 ] 181.61.253.58 /cgi-bin/env.cgi
INFO: [ app_init ] --START--
INFO: Run Behavior\BuildLiteBehavior [ RunTime:0.000041s ]
INFO: [ app_init ] --END-- [ RunTime:0.000686s ]
ERR: 无法加载模块:Cgi-bin

[ 2015-11-02T09:06:38+08:00 ] 181.61.253.58 /cgi-bin/fire.cgi
INFO: [ app_init ] --START--
INFO: Run Behavior\BuildLiteBehavior [ RunTime:0.000038s ]
INFO: [ app_init ] --END-- [ RunTime:0.000623s ]
ERR: 无法加载模块:Cgi-bin

[ 2015-11-02T09:06:39+08:00 ] 181.61.253.58 /cgi-bin/forum.cgi
INFO: [ app_init ] --START--
INFO: Run Behavior\BuildLiteBehavior [ RunTime:0.000037s ]
INFO: [ app_init ] --END-- [ RunTime:0.000627s ]
ERR: 无法加载模块:Cgi-bin

[ 2015-11-02T09:06:39+08:00 ] 181.61.253.58 /cgi-bin/hello.cgi
INFO: [ app_init ] --START--
INFO: Run Behavior\BuildLiteBehavior [ RunTime:0.000038s ]
INFO: [ app_init ] --END-- [ RunTime:0.000647s ]
ERR: 无法加载模块:Cgi-bin

[ 2015-11-02T09:06:39+08:00 ] 181.61.253.58 /cgi-bin/index.cgi
INFO: [ app_init ] --START--
INFO: Run Behavior\BuildLiteBehavior [ RunTime:0.000053s ]
INFO: [ app_init ] --END-- [ RunTime:0.000691s ]
ERR: 无法加载模块:Cgi-bin

[ 2015-11-02T09:06:40+08:00 ] 181.61.253.58 /cgi-bin/login.cgi
INFO: [ app_init ] --START--
INFO: Run Behavior\BuildLiteBehavior [ RunTime:0.000038s ]
INFO: [ app_init ] --END-- [ RunTime:0.000705s ]
ERR: 无法加载模块:Cgi-bin

[ 2015-11-02T09:06:40+08:00 ] 181.61.253.58 /cgi-bin/main.cgi
INFO: [ app_init ] --START--
INFO: Run Behavior\BuildLiteBehavior [ RunTime:0.000058s ]
INFO: [ app_init ] --END-- [ RunTime:0.000925s ]
ERR: 无法加载模块:Cgi-bin

[ 2015-11-02T09:06:40+08:00 ] 181.61.253.58 /cgi-bin/meme.cgi
INFO: [ app_init ] --START--
INFO: Run Behavior\BuildLiteBehavior [ RunTime:0.000042s ]
INFO: [ app_init ] --END-- [ RunTime:0.000754s ]
ERR: 无法加载模块:Cgi-bin

[ 2015-11-02T09:06:41+08:00 ] 181.61.253.58 /cgi-bin/php
INFO: [ app_init ] --START--
INFO: Run Behavior\BuildLiteBehavior [ RunTime:0.000038s ]
INFO: [ app_init ] --END-- [ RunTime:0.000634s ]
ERR: 无法加载模块:Cgi-bin

[ 2015-11-02T09:06:41+08:00 ] 181.61.253.58 /cgi-bin/php4
INFO: [ app_init ] --START--
INFO: Run Behavior\BuildLiteBehavior [ RunTime:0.000045s ]
INFO: [ app_init ] --END-- [ RunTime:0.000662s ]
ERR: 无法加载模块:Cgi-bin

[ 2015-11-02T09:06:42+08:00 ] 181.61.253.58 /cgi-bin/php5
INFO: [ app_init ] --START--
INFO: Run Behavior\BuildLiteBehavior [ RunTime:0.000040s ]
INFO: [ app_init ] --END-- [ RunTime:0.000766s ]
ERR: 无法加载模块:Cgi-bin

[ 2015-11-02T09:06:42+08:00 ] 181.61.253.58 /cgi-bin/php5-cli
INFO: [ app_init ] --START--
INFO: Run Behavior\BuildLiteBehavior [ RunTime:0.000037s ]
INFO: [ app_init ] --END-- [ RunTime:0.000643s ]
ERR: 无法加载模块:Cgi-bin

[ 2015-11-02T09:06:42+08:00 ] 181.61.253.58 /cgi-bin/recent.cgi
INFO: [ app_init ] --START--
INFO: Run Behavior\BuildLiteBehavior [ RunTime:0.000056s ]
INFO: [ app_init ] --END-- [ RunTime:0.000957s ]
ERR: 无法加载模块:Cgi-bin

[ 2015-11-02T09:06:44+08:00 ] 181.61.253.58 /cgi-bin/sat-ir-web.pl
INFO: [ app_init ] --START--
INFO: Run Behavior\BuildLiteBehavior [ RunTime:0.000036s ]
INFO: [ app_init ] --END-- [ RunTime:0.000644s ]
ERR: 无法加载模块:Cgi-bin

[ 2015-11-02T09:06:45+08:00 ] 181.61.253.58 /cgi-bin-sdb/printenv
INFO: [ app_init ] --START--
INFO: Run Behavior\BuildLiteBehavior [ RunTime:0.000028s ]
INFO: [ app_init ] --END-- [ RunTime:0.000464s ]
ERR: 无法加载模块:Cgi-bin-sdb

[ 2015-11-02T11:51:35+08:00 ] 37.187.114.171 /XMII/Illuminator
INFO: [ app_init ] --START--
INFO: Run Behavior\BuildLiteBehavior [ RunTime:0.000035s ]
INFO: [ app_init ] --END-- [ RunTime:0.000618s ]
ERR: 无法加载模块:XMII

[ 2015-11-02T23:09:15+08:00 ] 45.36.89.246 /cgi-bin/bash
INFO: [ app_init ] --START--
INFO: Run Behavior\BuildLiteBehavior [ RunTime:0.000066s ]
INFO: [ app_init ] --END-- [ RunTime:0.001106s ]
ERR: 无法加载模块:Cgi-bin

[ 2015-11-02T23:09:16+08:00 ] 45.36.89.246 /cgi-bin/contact.cgi
INFO: [ app_init ] --START--
INFO: Run Behavior\BuildLiteBehavior [ RunTime:0.000055s ]
INFO: [ app_init ] --END-- [ RunTime:0.000896s ]
ERR: 无法加载模块:Cgi-bin

[ 2015-11-02T23:09:16+08:00 ] 45.36.89.246 /cgi-bin/defaultwebpage.cgi
INFO: [ app_init ] --START--
INFO: Run Behavior\BuildLiteBehavior [ RunTime:0.000048s ]
INFO: [ app_init ] --END-- [ RunTime:0.001069s ]
ERR: 无法加载模块:Cgi-bin

[ 2015-11-02T23:09:16+08:00 ] 45.36.89.246 /cgi-bin/env.cgi
INFO: [ app_init ] --START--
INFO: Run Behavior\BuildLiteBehavior [ RunTime:0.000049s ]
INFO: [ app_init ] --END-- [ RunTime:0.000835s ]
ERR: 无法加载模块:Cgi-bin

[ 2015-11-02T23:09:17+08:00 ] 45.36.89.246 /cgi-bin/fire.cgi
INFO: [ app_init ] --START--
INFO: Run Behavior\BuildLiteBehavior [ RunTime:0.000042s ]
INFO: [ app_init ] --END-- [ RunTime:0.000737s ]
ERR: 无法加载模块:Cgi-bin

[ 2015-11-02T23:09:17+08:00 ] 45.36.89.246 /cgi-bin/forum.cgi
INFO: [ app_init ] --START--
INFO: Run Behavior\BuildLiteBehavior [ RunTime:0.000041s ]
INFO: [ app_init ] --END-- [ RunTime:0.000720s ]
ERR: 无法加载模块:Cgi-bin

[ 2015-11-02T23:09:17+08:00 ] 45.36.89.246 /cgi-bin/hello.cgi
INFO: [ app_init ] --START--
INFO: Run Behavior\BuildLiteBehavior [ RunTime:0.000061s ]
INFO: [ app_init ] --END-- [ RunTime:0.001027s ]
ERR: 无法加载模块:Cgi-bin

[ 2015-11-02T23:09:18+08:00 ] 45.36.89.246 /cgi-bin/index.cgi
INFO: [ app_init ] --START--
INFO: Run Behavior\BuildLiteBehavior [ RunTime:0.000052s ]
INFO: [ app_init ] --END-- [ RunTime:0.000872s ]
ERR: 无法加载模块:Cgi-bin

[ 2015-11-02T23:09:18+08:00 ] 45.36.89.246 /cgi-bin/login.cgi
INFO: [ app_init ] --START--
INFO: Run Behavior\BuildLiteBehavior [ RunTime:0.000038s ]
INFO: [ app_init ] --END-- [ RunTime:0.000682s ]
ERR: 无法加载模块:Cgi-bin

[ 2015-11-02T23:09:18+08:00 ] 45.36.89.246 /cgi-bin/main.cgi
INFO: [ app_init ] --START--
INFO: Run Behavior\BuildLiteBehavior [ RunTime:0.000037s ]
INFO: [ app_init ] --END-- [ RunTime:0.000758s ]
ERR: 无法加载模块:Cgi-bin

[ 2015-11-02T23:09:18+08:00 ] 45.36.89.246 /cgi-bin/meme.cgi
INFO: [ app_init ] --START--
INFO: Run Behavior\BuildLiteBehavior [ RunTime:0.000041s ]
INFO: [ app_init ] --END-- [ RunTime:0.000711s ]
ERR: 无法加载模块:Cgi-bin

[ 2015-11-02T23:09:19+08:00 ] 45.36.89.246 /cgi-bin/php
INFO: [ app_init ] --START--
INFO: Run Behavior\BuildLiteBehavior [ RunTime:0.000038s ]
INFO: [ app_init ] --END-- [ RunTime:0.000669s ]
ERR: 无法加载模块:Cgi-bin

[ 2015-11-02T23:09:19+08:00 ] 45.36.89.246 /cgi-bin/php4
INFO: [ app_init ] --START--
INFO: Run Behavior\BuildLiteBehavior [ RunTime:0.000037s ]
INFO: [ app_init ] --END-- [ RunTime:0.000614s ]
ERR: 无法加载模块:Cgi-bin

[ 2015-11-02T23:09:19+08:00 ] 45.36.89.246 /cgi-bin/php5
INFO: [ app_init ] --START--
INFO: Run Behavior\BuildLiteBehavior [ RunTime:0.000069s ]
INFO: [ app_init ] --END-- [ RunTime:0.000676s ]
ERR: 无法加载模块:Cgi-bin

[ 2015-11-02T23:09:19+08:00 ] 45.36.89.246 /cgi-bin/php5-cli
INFO: [ app_init ] --START--
INFO: Run Behavior\BuildLiteBehavior [ RunTime:0.000034s ]
INFO: [ app_init ] --END-- [ RunTime:0.000662s ]
ERR: 无法加载模块:Cgi-bin

[ 2015-11-02T23:09:20+08:00 ] 45.36.89.246 /cgi-bin/recent.cgi
INFO: [ app_init ] --START--
INFO: Run Behavior\BuildLiteBehavior [ RunTime:0.000041s ]
INFO: [ app_init ] --END-- [ RunTime:0.000704s ]
ERR: 无法加载模块:Cgi-bin

[ 2015-11-02T23:09:20+08:00 ] 45.36.89.246 /cgi-bin/sat-ir-web.pl
INFO: [ app_init ] --START--
INFO: Run Behavior\BuildLiteBehavior [ RunTime:0.000049s ]
INFO: [ app_init ] --END-- [ RunTime:0.001776s ]
ERR: 无法加载模块:Cgi-bin

[ 2015-11-02T23:09:20+08:00 ] 45.36.89.246 /cgi-bin-sdb/printenv
INFO: [ app_init ] --START--
INFO: Run Behavior\BuildLiteBehavior [ RunTime:0.000060s ]
INFO: [ app_init ] --END-- [ RunTime:0.000774s ]
ERR: 无法加载模块:Cgi-bin-sdb

[ 2015-11-02T23:09:27+08:00 ] 45.36.89.246 /cgi-bin/test-cgi.pl
INFO: [ app_init ] --START--
INFO: Run Behavior\BuildLiteBehavior [ RunTime:0.000040s ]
INFO: [ app_init ] --END-- [ RunTime:0.000675s ]
ERR: 无法加载模块:Cgi-bin

[ 2015-11-02T23:09:27+08:00 ] 45.36.89.246 /cgi-bin/test.sh
INFO: [ app_init ] --START--
INFO: Run Behavior\BuildLiteBehavior [ RunTime:0.000049s ]
INFO: [ app_init ] --END-- [ RunTime:0.000713s ]
ERR: 无法加载模块:Cgi-bin

[ 2015-11-02T23:09:27+08:00 ] 45.36.89.246 /cgi-bin/tools/tools.pl
INFO: [ app_init ] --START--
INFO: Run Behavior\BuildLiteBehavior [ RunTime:0.000041s ]
INFO: [ app_init ] --END-- [ RunTime:0.000685s ]
ERR: 无法加载模块:Cgi-bin

[ 2015-11-02T23:09:27+08:00 ] 45.36.89.246 /cgi-mod/index.cgi
INFO: [ app_init ] --START--
INFO: Run Behavior\BuildLiteBehavior [ RunTime:0.000043s ]
INFO: [ app_init ] --END-- [ RunTime:0.000864s ]
ERR: 无法加载模块:Cgi-mod

[ 2015-11-02T23:09:28+08:00 ] 45.36.89.246 /cgi-sys/defaultwebpage.cgi
INFO: [ app_init ] --START--
INFO: Run Behavior\BuildLiteBehavior [ RunTime:0.000038s ]
INFO: [ app_init ] --END-- [ RunTime:0.000637s ]
ERR: 无法加载模块:Cgi-sys

[ 2015-11-02T23:09:28+08:00 ] 45.36.89.246 /cgi-sys/entropysearch.cgi
INFO: [ app_init ] --START--
INFO: Run Behavior\BuildLiteBehavior [ RunTime:0.000042s ]
INFO: [ app_init ] --END-- [ RunTime:0.000687s ]
ERR: 无法加载模块:Cgi-sys

[ 2015-11-02T23:09:28+08:00 ] 45.36.89.246 /cgi-sys/php5
INFO: [ app_init ] --START--
INFO: Run Behavior\BuildLiteBehavior [ RunTime:0.000040s ]
INFO: [ app_init ] --END-- [ RunTime:0.000670s ]
ERR: 无法加载模块:Cgi-sys

[ 2015-11-02T23:09:29+08:00 ] 45.36.89.246 /phppath/cgi_wrapper
INFO: [ app_init ] --START--
INFO: Run Behavior\BuildLiteBehavior [ RunTime:0.000042s ]
INFO: [ app_init ] --END-- [ RunTime:0.000682s ]
ERR: 无法加载模块:Phppath

[ 2015-11-02T23:09:29+08:00 ] 45.36.89.246 /phppath/php
INFO: [ app_init ] --START--
INFO: Run Behavior\BuildLiteBehavior [ RunTime:0.000056s ]
INFO: [ app_init ] --END-- [ RunTime:0.000979s ]
ERR: 无法加载模块:Phppath

