[ 2015-11-29T12:41:34+08:00 ] 5.10.76.30 /html/languages/es_es/main.js
INFO: [ app_init ] --START--
INFO: Run Behavior\BuildLiteBehavior [ RunTime:0.000039s ]
INFO: [ app_init ] --END-- [ RunTime:0.000676s ]
ERR: 无法加载模块:Html

[ 2015-11-29T13:43:17+08:00 ] 5.10.76.30 /html/languages/es_es/main.js
INFO: [ app_init ] --START--
INFO: Run Behavior\BuildLiteBehavior [ RunTime:0.000056s ]
INFO: [ app_init ] --END-- [ RunTime:0.000768s ]
ERR: 无法加载模块:Html

[ 2015-11-29T13:58:35+08:00 ] 5.10.76.30 /cgi-bin/webproc
INFO: [ app_init ] --START--
INFO: Run Behavior\BuildLiteBehavior [ RunTime:0.000034s ]
INFO: [ app_init ] --END-- [ RunTime:0.000632s ]
ERR: 无法加载模块:Cgi-bin

[ 2015-11-29T15:37:39+08:00 ] 5.10.76.30 /cgi-bin/webproc
INFO: [ app_init ] --START--
INFO: Run Behavior\BuildLiteBehavior [ RunTime:0.000058s ]
INFO: [ app_init ] --END-- [ RunTime:0.001001s ]
ERR: 无法加载模块:Cgi-bin

