[ 2015-11-01T18:04:22+08:00 ] 109.104.93.161 /cgi-bin/bash
INFO: [ app_init ] --START--
INFO: Run Behavior\BuildLiteBehavior [ RunTime:0.000072s ]
INFO: [ app_init ] --END-- [ RunTime:0.033206s ]
ERR: 无法加载模块:Cgi-bin

[ 2015-11-01T18:04:22+08:00 ] 109.104.93.161 /cgi-bin/contact.cgi
INFO: [ app_init ] --START--
INFO: Run Behavior\BuildLiteBehavior [ RunTime:0.000072s ]
INFO: [ app_init ] --END-- [ RunTime:0.032818s ]
ERR: 无法加载模块:Cgi-bin

[ 2015-11-01T18:04:22+08:00 ] 109.104.93.161 /cgi-bin/defaultwebpage.cgi
INFO: [ app_init ] --START--
INFO: Run Behavior\BuildLiteBehavior [ RunTime:0.000056s ]
INFO: [ app_init ] --END-- [ RunTime:0.000921s ]
ERR: 无法加载模块:Cgi-bin

[ 2015-11-01T18:04:22+08:00 ] 109.104.93.161 /cgi-bin/env.cgi
INFO: [ app_init ] --START--
INFO: Run Behavior\BuildLiteBehavior [ RunTime:0.000044s ]
INFO: [ app_init ] --END-- [ RunTime:0.000910s ]
ERR: 无法加载模块:Cgi-bin

[ 2015-11-01T18:04:23+08:00 ] 109.104.93.161 /cgi-bin/fire.cgi
INFO: [ app_init ] --START--
INFO: Run Behavior\BuildLiteBehavior [ RunTime:0.000044s ]
INFO: [ app_init ] --END-- [ RunTime:0.000856s ]
ERR: 无法加载模块:Cgi-bin

[ 2015-11-01T18:04:23+08:00 ] 109.104.93.161 /cgi-bin/forum.cgi
INFO: [ app_init ] --START--
INFO: Run Behavior\BuildLiteBehavior [ RunTime:0.000033s ]
INFO: [ app_init ] --END-- [ RunTime:0.000597s ]
ERR: 无法加载模块:Cgi-bin

[ 2015-11-01T18:04:23+08:00 ] 109.104.93.161 /cgi-bin/hello.cgi
INFO: [ app_init ] --START--
INFO: Run Behavior\BuildLiteBehavior [ RunTime:0.000047s ]
INFO: [ app_init ] --END-- [ RunTime:0.000792s ]
ERR: 无法加载模块:Cgi-bin

[ 2015-11-01T18:04:24+08:00 ] 109.104.93.161 /cgi-bin/index.cgi
INFO: [ app_init ] --START--
INFO: Run Behavior\BuildLiteBehavior [ RunTime:0.000047s ]
INFO: [ app_init ] --END-- [ RunTime:0.000759s ]
ERR: 无法加载模块:Cgi-bin

[ 2015-11-01T18:04:24+08:00 ] 109.104.93.161 /cgi-bin/login.cgi
INFO: [ app_init ] --START--
INFO: Run Behavior\BuildLiteBehavior [ RunTime:0.000052s ]
INFO: [ app_init ] --END-- [ RunTime:0.000765s ]
ERR: 无法加载模块:Cgi-bin

[ 2015-11-01T18:04:25+08:00 ] 109.104.93.161 /cgi-bin/main.cgi
INFO: [ app_init ] --START--
INFO: Run Behavior\BuildLiteBehavior [ RunTime:0.000049s ]
INFO: [ app_init ] --END-- [ RunTime:0.000840s ]
ERR: 无法加载模块:Cgi-bin

[ 2015-11-01T18:04:25+08:00 ] 109.104.93.161 /cgi-bin/meme.cgi
INFO: [ app_init ] --START--
INFO: Run Behavior\BuildLiteBehavior [ RunTime:0.000050s ]
INFO: [ app_init ] --END-- [ RunTime:0.000761s ]
ERR: 无法加载模块:Cgi-bin

[ 2015-11-01T18:04:25+08:00 ] 109.104.93.161 /cgi-bin/php
INFO: [ app_init ] --START--
INFO: Run Behavior\BuildLiteBehavior [ RunTime:0.000055s ]
INFO: [ app_init ] --END-- [ RunTime:0.000838s ]
ERR: 无法加载模块:Cgi-bin

[ 2015-11-01T18:04:26+08:00 ] 109.104.93.161 /cgi-bin/php4
INFO: [ app_init ] --START--
INFO: Run Behavior\BuildLiteBehavior [ RunTime:0.000048s ]
INFO: [ app_init ] --END-- [ RunTime:0.000857s ]
ERR: 无法加载模块:Cgi-bin

[ 2015-11-01T18:04:26+08:00 ] 109.104.93.161 /cgi-bin/php5
INFO: [ app_init ] --START--
INFO: Run Behavior\BuildLiteBehavior [ RunTime:0.000034s ]
INFO: [ app_init ] --END-- [ RunTime:0.000533s ]
ERR: 无法加载模块:Cgi-bin

[ 2015-11-01T18:04:26+08:00 ] 109.104.93.161 /cgi-bin/php5-cli
INFO: [ app_init ] --START--
INFO: Run Behavior\BuildLiteBehavior [ RunTime:0.000049s ]
INFO: [ app_init ] --END-- [ RunTime:0.000830s ]
ERR: 无法加载模块:Cgi-bin

[ 2015-11-01T18:04:27+08:00 ] 109.104.93.161 /cgi-bin/recent.cgi
INFO: [ app_init ] --START--
INFO: Run Behavior\BuildLiteBehavior [ RunTime:0.000038s ]
INFO: [ app_init ] --END-- [ RunTime:0.000679s ]
ERR: 无法加载模块:Cgi-bin

[ 2015-11-01T18:04:27+08:00 ] 109.104.93.161 /cgi-bin/sat-ir-web.pl
INFO: [ app_init ] --START--
INFO: Run Behavior\BuildLiteBehavior [ RunTime:0.000049s ]
INFO: [ app_init ] --END-- [ RunTime:0.000872s ]
ERR: 无法加载模块:Cgi-bin

[ 2015-11-01T18:04:28+08:00 ] 109.104.93.161 /cgi-bin-sdb/printenv
INFO: [ app_init ] --START--
INFO: Run Behavior\BuildLiteBehavior [ RunTime:0.000059s ]
INFO: [ app_init ] --END-- [ RunTime:0.000985s ]
ERR: 无法加载模块:Cgi-bin-sdb

[ 2015-11-01T18:04:28+08:00 ] 109.104.93.161 /cgi-bin/test.cgi
INFO: [ app_init ] --START--
INFO: Run Behavior\BuildLiteBehavior [ RunTime:0.000046s ]
INFO: [ app_init ] --END-- [ RunTime:0.000843s ]
ERR: 无法加载模块:Cgi-bin

[ 2015-11-01T18:04:29+08:00 ] 109.104.93.161 /cgi-bin/test-cgi.pl
INFO: [ app_init ] --START--
INFO: Run Behavior\BuildLiteBehavior [ RunTime:0.000035s ]
INFO: [ app_init ] --END-- [ RunTime:0.000584s ]
ERR: 无法加载模块:Cgi-bin

