[ 2015-12-22T06:51:04+08:00 ] 50.23.69.44 /muieblackcat
INFO: [ app_init ] --START--
INFO: Run Behavior\BuildLiteBehavior [ RunTime:0.000037s ]
INFO: [ app_init ] --END-- [ RunTime:0.000609s ]
ERR: 无法加载模块:Muieblackcat

[ 2015-12-22T06:51:04+08:00 ] 50.23.69.44 //phpMyAdmin/scripts/setup.php
INFO: [ app_init ] --START--
INFO: Run Behavior\BuildLiteBehavior [ RunTime:0.000040s ]
INFO: [ app_init ] --END-- [ RunTime:0.000665s ]
ERR: 无法加载模块:PhpMyAdmin

[ 2015-12-22T06:51:04+08:00 ] 50.23.69.44 //phpmyadmin/scripts/setup.php
INFO: [ app_init ] --START--
INFO: Run Behavior\BuildLiteBehavior [ RunTime:0.000855s ]
INFO: [ app_init ] --END-- [ RunTime:0.002428s ]
ERR: 无法加载模块:Phpmyadmin

[ 2015-12-22T06:51:05+08:00 ] 50.23.69.44 //pma/scripts/setup.php
INFO: [ app_init ] --START--
INFO: Run Behavior\BuildLiteBehavior [ RunTime:0.000034s ]
INFO: [ app_init ] --END-- [ RunTime:0.000592s ]
ERR: 无法加载模块:Pma

[ 2015-12-22T06:51:05+08:00 ] 50.23.69.44 //myadmin/scripts/setup.php
INFO: [ app_init ] --START--
INFO: Run Behavior\BuildLiteBehavior [ RunTime:0.000046s ]
INFO: [ app_init ] --END-- [ RunTime:0.000853s ]
ERR: 无法加载模块:Myadmin

[ 2015-12-22T06:51:05+08:00 ] 50.23.69.44 //MyAdmin/scripts/setup.php
INFO: [ app_init ] --START--
INFO: Run Behavior\BuildLiteBehavior [ RunTime:0.000041s ]
INFO: [ app_init ] --END-- [ RunTime:0.000697s ]
ERR: 无法加载模块:MyAdmin

[ 2015-12-22T06:57:01+08:00 ] 85.25.92.80 /robots.txt
INFO: [ app_init ] --START--
INFO: Run Behavior\BuildLiteBehavior [ RunTime:0.000032s ]
INFO: [ app_init ] --END-- [ RunTime:0.000538s ]
ERR: 无法加载模块:Robots

[ 2015-12-22T15:50:06+08:00 ] 185.25.151.159 http://testp3.pospr.waw.pl/testproxy.php
INFO: [ app_init ] --START--
INFO: Run Behavior\BuildLiteBehavior [ RunTime:0.000055s ]
INFO: [ app_init ] --END-- [ RunTime:0.001731s ]
ERR: 无法加载模块:Testproxy

