[ 2015-12-12T07:55:53+08:00 ] 208.52.161.177 /phpMyAdmin/scripts/setup.php
INFO: [ app_init ] --START--
INFO: Run Behavior\BuildLiteBehavior [ RunTime:0.000038s ]
INFO: [ app_init ] --END-- [ RunTime:0.000669s ]
ERR: 无法加载模块:PhpMyAdmin

[ 2015-12-12T13:59:19+08:00 ] 42.121.123.149 /login.action
INFO: [ app_init ] --START--
INFO: Run Behavior\BuildLiteBehavior [ RunTime:0.000038s ]
INFO: [ app_init ] --END-- [ RunTime:0.000672s ]
ERR: 无法加载模块:Login

[ 2015-12-12T16:06:47+08:00 ] 202.100.219.52 /bmx,/bmxcamps,
INFO: [ app_init ] --START--
INFO: Run Behavior\BuildLiteBehavior [ RunTime:0.000041s ]
INFO: [ app_init ] --END-- [ RunTime:0.000714s ]
ERR: 无法加载模块:Bmx,

[ 2015-12-12T16:06:49+08:00 ] 202.100.219.52 /cgi-bin/bash
INFO: [ app_init ] --START--
INFO: Run Behavior\BuildLiteBehavior [ RunTime:0.000040s ]
INFO: [ app_init ] --END-- [ RunTime:0.000651s ]
ERR: 无法加载模块:Cgi-bin

[ 2015-12-12T16:07:47+08:00 ] 202.100.219.52 /cgi-bin/test.cgi
INFO: [ app_init ] --START--
INFO: Run Behavior\BuildLiteBehavior [ RunTime:0.000043s ]
INFO: [ app_init ] --END-- [ RunTime:0.000695s ]
ERR: 无法加载模块:Cgi-bin

[ 2015-12-12T16:08:18+08:00 ] 202.100.219.52 /test-cgi/
INFO: [ app_init ] --START--
INFO: Run Behavior\BuildLiteBehavior [ RunTime:0.000040s ]
INFO: [ app_init ] --END-- [ RunTime:0.000757s ]
ERR: 无法加载模块:Test-cgi

