[ 2015-12-07T00:15:57+08:00 ] 61.178.90.193 /loginUI.action
INFO: [ app_init ] --START--
INFO: Run Behavior\BuildLiteBehavior [ RunTime:0.000039s ]
INFO: [ app_init ] --END-- [ RunTime:0.000640s ]
ERR: 无法加载模块:LoginUI

[ 2015-12-07T05:11:10+08:00 ] 185.106.94.91 /html/languages/es_es/main.js
INFO: [ app_init ] --START--
INFO: Run Behavior\BuildLiteBehavior [ RunTime:0.000050s ]
INFO: [ app_init ] --END-- [ RunTime:0.013744s ]
ERR: 无法加载模块:Html

[ 2015-12-07T16:00:38+08:00 ] 195.62.53.168 /css/css
INFO: [ app_init ] --START--
INFO: Run Behavior\BuildLiteBehavior [ RunTime:0.000037s ]
INFO: [ app_init ] --END-- [ RunTime:0.000641s ]
ERR: 无法加载模块:Css

[ 2015-12-07T23:35:40+08:00 ] 94.102.49.92 /muieblackcat
INFO: [ app_init ] --START--
INFO: Run Behavior\BuildLiteBehavior [ RunTime:0.000058s ]
INFO: [ app_init ] --END-- [ RunTime:0.000905s ]
ERR: 无法加载模块:Muieblackcat

[ 2015-12-07T23:35:53+08:00 ] 94.102.49.92 //MyAdmin/scripts/setup.php
INFO: [ app_init ] --START--
INFO: Run Behavior\BuildLiteBehavior [ RunTime:0.000039s ]
INFO: [ app_init ] --END-- [ RunTime:0.000735s ]
ERR: 无法加载模块:MyAdmin

