[ 2015-10-27T06:13:12+08:00 ] 185.25.148.240 http://testp4.pospr.waw.pl/testproxy.php
INFO: [ app_init ] --START--
INFO: Run Behavior\BuildLiteBehavior [ RunTime:0.000037s ]
INFO: [ app_init ] --END-- [ RunTime:0.000642s ]
ERR: 无法加载模块:Testproxy

[ 2015-10-27T11:17:42+08:00 ] 207.46.137.200 /Robots.txt
INFO: [ app_init ] --START--
INFO: Run Behavior\BuildLiteBehavior [ RunTime:0.000045s ]
INFO: [ app_init ] --END-- [ RunTime:0.000710s ]
ERR: 无法加载模块:Robots

[ 2015-10-27T11:17:43+08:00 ] 207.46.137.200 /SiteMap.xml
INFO: [ app_init ] --START--
INFO: Run Behavior\BuildLiteBehavior [ RunTime:0.000047s ]
INFO: [ app_init ] --END-- [ RunTime:0.000815s ]
ERR: 无法加载模块:SiteMap

[ 2015-10-27T12:50:04+08:00 ] 185.93.185.47 /rom-0
INFO: [ app_init ] --START--
INFO: Run Behavior\BuildLiteBehavior [ RunTime:0.000048s ]
INFO: [ app_init ] --END-- [ RunTime:0.000818s ]
ERR: 无法加载模块:Rom-0

