[ 2016-01-14T02:30:38+08:00 ] 80.82.64.68 /public/css/960_12_col.css
INFO: [ app_init ] --START--
INFO: Run Behavior\BuildLiteBehavior [ RunTime:0.000045s ]
INFO: [ app_init ] --END-- [ RunTime:0.007554s ]
ERR: 无法加载模块:Public

[ 2016-01-14T04:52:34+08:00 ] 50.59.221.162 /axis-cgi/admin/param.cgi?action=list&group=Properties
INFO: [ app_init ] --START--
INFO: Run Behavior\BuildLiteBehavior [ RunTime:0.000050s ]
INFO: [ app_init ] --END-- [ RunTime:0.000887s ]
ERR: 无法加载模块:Axis-cgi

[ 2016-01-14T04:52:35+08:00 ] 50.59.221.162 /axis-cgi/admin/param.cgi?action=list&group=Properties
INFO: [ app_init ] --START--
INFO: Run Behavior\BuildLiteBehavior [ RunTime:0.000055s ]
INFO: [ app_init ] --END-- [ RunTime:0.000902s ]
ERR: 无法加载模块:Axis-cgi

[ 2016-01-14T08:41:57+08:00 ] 80.82.64.68 /public/css/960_12_col.css
INFO: [ app_init ] --START--
INFO: Run Behavior\BuildLiteBehavior [ RunTime:0.000039s ]
INFO: [ app_init ] --END-- [ RunTime:0.000613s ]
ERR: 无法加载模块:Public

