[ 2016-01-11T04:56:16+08:00 ] 85.25.255.145 /robots.txt
INFO: [ app_init ] --START--
INFO: Run Behavior\BuildLiteBehavior [ RunTime:0.000054s ]
INFO: [ app_init ] --END-- [ RunTime:0.000898s ]
ERR: 无法加载模块:Robots

[ 2016-01-11T18:49:18+08:00 ] 74.217.28.153 /xmlrpc.php
INFO: [ app_init ] --START--
INFO: Run Behavior\BuildLiteBehavior [ RunTime:0.000036s ]
INFO: [ app_init ] --END-- [ RunTime:0.000656s ]
ERR: 无法加载模块:Xmlrpc

[ 2016-01-11T19:18:30+08:00 ] 118.139.178.115 /script
INFO: [ app_init ] --START--
INFO: Run Behavior\BuildLiteBehavior [ RunTime:0.000040s ]
INFO: [ app_init ] --END-- [ RunTime:0.000640s ]
ERR: 无法加载模块:Script

[ 2016-01-11T19:18:49+08:00 ] 118.139.178.115 /jenkins/script
INFO: [ app_init ] --START--
INFO: Run Behavior\BuildLiteBehavior [ RunTime:0.000048s ]
INFO: [ app_init ] --END-- [ RunTime:0.000679s ]
ERR: 无法加载模块:Jenkins

[ 2016-01-11T19:19:16+08:00 ] 118.139.178.115 /login
INFO: [ app_init ] --START--
INFO: Run Behavior\BuildLiteBehavior [ RunTime:0.000063s ]
INFO: [ app_init ] --END-- [ RunTime:0.000985s ]
ERR: 无法加载模块:Login

[ 2016-01-11T19:19:38+08:00 ] 118.139.178.115 /jmx-console
INFO: [ app_init ] --START--
INFO: Run Behavior\BuildLiteBehavior [ RunTime:0.000059s ]
INFO: [ app_init ] --END-- [ RunTime:0.001049s ]
ERR: 无法加载模块:Jmx-console

[ 2016-01-11T19:20:39+08:00 ] 118.139.178.115 /msd
INFO: [ app_init ] --START--
INFO: Run Behavior\BuildLiteBehavior [ RunTime:0.000050s ]
INFO: [ app_init ] --END-- [ RunTime:0.000901s ]
ERR: 无法加载模块:Msd

[ 2016-01-11T19:21:35+08:00 ] 118.139.178.115 /mySqlDumper
INFO: [ app_init ] --START--
INFO: Run Behavior\BuildLiteBehavior [ RunTime:0.000035s ]
INFO: [ app_init ] --END-- [ RunTime:0.000574s ]
ERR: 无法加载模块:MySqlDumper

[ 2016-01-11T19:22:22+08:00 ] 118.139.178.115 /msd1.24stable
INFO: [ app_init ] --START--
INFO: Run Behavior\BuildLiteBehavior [ RunTime:0.000053s ]
INFO: [ app_init ] --END-- [ RunTime:0.000901s ]
ERR: 无法加载模块:Msd1

[ 2016-01-11T19:22:59+08:00 ] 118.139.178.115 /msd1.24.4
INFO: [ app_init ] --START--
INFO: Run Behavior\BuildLiteBehavior [ RunTime:0.000029s ]
INFO: [ app_init ] --END-- [ RunTime:0.000497s ]
ERR: 无法加载模块:Msd1.24

[ 2016-01-11T19:23:44+08:00 ] 118.139.178.115 /mysqldumper
INFO: [ app_init ] --START--
INFO: Run Behavior\BuildLiteBehavior [ RunTime:0.000049s ]
INFO: [ app_init ] --END-- [ RunTime:0.000845s ]
ERR: 无法加载模块:Mysqldumper

[ 2016-01-11T19:24:33+08:00 ] 118.139.178.115 /MySQLDumper
INFO: [ app_init ] --START--
INFO: Run Behavior\BuildLiteBehavior [ RunTime:0.000039s ]
INFO: [ app_init ] --END-- [ RunTime:0.000743s ]
ERR: 无法加载模块:MySQLDumper

[ 2016-01-11T19:25:06+08:00 ] 118.139.178.115 /mysql
INFO: [ app_init ] --START--
INFO: Run Behavior\BuildLiteBehavior [ RunTime:0.000054s ]
INFO: [ app_init ] --END-- [ RunTime:0.000922s ]
ERR: 无法加载模块:Mysql

[ 2016-01-11T19:25:42+08:00 ] 118.139.178.115 /sql
INFO: [ app_init ] --START--
INFO: Run Behavior\BuildLiteBehavior [ RunTime:0.000053s ]
INFO: [ app_init ] --END-- [ RunTime:0.000680s ]
ERR: 无法加载模块:Sql

[ 2016-01-11T19:26:13+08:00 ] 118.139.178.115 /phpmyadmin
INFO: [ app_init ] --START--
INFO: Run Behavior\BuildLiteBehavior [ RunTime:0.000049s ]
INFO: [ app_init ] --END-- [ RunTime:0.000901s ]
ERR: 无法加载模块:Phpmyadmin

[ 2016-01-11T19:26:52+08:00 ] 118.139.178.115 /phpMyAdmin
INFO: [ app_init ] --START--
INFO: Run Behavior\BuildLiteBehavior [ RunTime:0.000051s ]
INFO: [ app_init ] --END-- [ RunTime:0.000888s ]
ERR: 无法加载模块:PhpMyAdmin

[ 2016-01-11T19:27:08+08:00 ] 118.139.178.115 /mysql
INFO: [ app_init ] --START--
INFO: Run Behavior\BuildLiteBehavior [ RunTime:0.000050s ]
INFO: [ app_init ] --END-- [ RunTime:0.000831s ]
ERR: 无法加载模块:Mysql

[ 2016-01-11T19:27:33+08:00 ] 118.139.178.115 /sql
INFO: [ app_init ] --START--
INFO: Run Behavior\BuildLiteBehavior [ RunTime:0.000052s ]
INFO: [ app_init ] --END-- [ RunTime:0.000902s ]
ERR: 无法加载模块:Sql

[ 2016-01-11T19:27:43+08:00 ] 118.139.178.115 /myadmin
INFO: [ app_init ] --START--
INFO: Run Behavior\BuildLiteBehavior [ RunTime:0.000042s ]
INFO: [ app_init ] --END-- [ RunTime:0.000819s ]
ERR: 无法加载模块:Myadmin

[ 2016-01-11T19:27:59+08:00 ] 118.139.178.115 /phpMyAdmin-4.2.1-all-languages
INFO: [ app_init ] --START--
INFO: Run Behavior\BuildLiteBehavior [ RunTime:0.000040s ]
INFO: [ app_init ] --END-- [ RunTime:0.000621s ]
ERR: 无法加载模块:PhpMyAdmin-4.2

[ 2016-01-11T19:28:06+08:00 ] 118.139.178.115 /phpMyAdmin-4.2.1-english
INFO: [ app_init ] --START--
INFO: Run Behavior\BuildLiteBehavior [ RunTime:0.000059s ]
INFO: [ app_init ] --END-- [ RunTime:0.001027s ]
ERR: 无法加载模块:PhpMyAdmin-4.2

[ 2016-01-11T19:28:33+08:00 ] 118.139.178.115 /sqlite/main.php
INFO: [ app_init ] --START--
INFO: Run Behavior\BuildLiteBehavior [ RunTime:0.000038s ]
INFO: [ app_init ] --END-- [ RunTime:0.000606s ]
ERR: 无法加载模块:Sqlite

[ 2016-01-11T19:28:38+08:00 ] 118.139.178.115 /SQLite/SQLiteManager-1.2.4/main.php
INFO: [ app_init ] --START--
INFO: Run Behavior\BuildLiteBehavior [ RunTime:0.000057s ]
INFO: [ app_init ] --END-- [ RunTime:0.001108s ]
ERR: 无法加载模块:SQLite

[ 2016-01-11T19:28:42+08:00 ] 118.139.178.115 /SQLiteManager-1.2.4/main.php
INFO: [ app_init ] --START--
INFO: Run Behavior\BuildLiteBehavior [ RunTime:0.000047s ]
INFO: [ app_init ] --END-- [ RunTime:0.000825s ]
ERR: 无法加载模块:SQLiteManager-1.2.4

[ 2016-01-11T19:28:46+08:00 ] 118.139.178.115 /sqlitemanager/main.php
INFO: [ app_init ] --START--
INFO: Run Behavior\BuildLiteBehavior [ RunTime:0.000058s ]
INFO: [ app_init ] --END-- [ RunTime:0.000933s ]
ERR: 无法加载模块:Sqlitemanager

[ 2016-01-11T19:28:49+08:00 ] 118.139.178.115 /SQlite/main.php
INFO: [ app_init ] --START--
INFO: Run Behavior\BuildLiteBehavior [ RunTime:0.000055s ]
INFO: [ app_init ] --END-- [ RunTime:0.000905s ]
ERR: 无法加载模块:SQlite

[ 2016-01-11T19:28:52+08:00 ] 118.139.178.115 /SQLiteManager/main.php
INFO: [ app_init ] --START--
INFO: Run Behavior\BuildLiteBehavior [ RunTime:0.000055s ]
INFO: [ app_init ] --END-- [ RunTime:0.000943s ]
ERR: 无法加载模块:SQLiteManager

