[ 2016-01-26T01:13:53+08:00 ] 80.82.64.68 /prisoner-52-Murid_Salim_Al_Akhras.html
INFO: [ app_init ] --START--
INFO: Run Behavior\BuildLiteBehavior [ RunTime:0.000055s ]
INFO: [ app_init ] --END-- [ RunTime:0.000916s ]
ERR: 无法加载模块:Prisoner-52-Murid_Salim_Al_Akhras

[ 2016-01-26T06:51:41+08:00 ] 208.52.161.99 /store/admin/orders.php/login.php
INFO: [ app_init ] --START--
INFO: Run Behavior\BuildLiteBehavior [ RunTime:0.000040s ]
INFO: [ app_init ] --END-- [ RunTime:0.000741s ]
ERR: 无法加载模块:Store

[ 2016-01-26T10:14:59+08:00 ] 208.52.154.243 /pma/scripts/setup.php
INFO: [ app_init ] --START--
INFO: Run Behavior\BuildLiteBehavior [ RunTime:0.000039s ]
INFO: [ app_init ] --END-- [ RunTime:0.000683s ]
ERR: 无法加载模块:Pma

[ 2016-01-26T10:45:56+08:00 ] 47.88.28.221 http://www.ntdtv.com/xtr/gb/prog400.html
INFO: [ app_init ] --START--
INFO: Run Behavior\BuildLiteBehavior [ RunTime:0.000038s ]
INFO: [ app_init ] --END-- [ RunTime:0.000662s ]
ERR: 无法加载模块:Xtr

[ 2016-01-26T18:06:58+08:00 ] 80.82.64.68 /arabic/%D8%A7%D9%84%D9%81%D9%8A%D8%AF%D9%8A%D9%88
INFO: [ app_init ] --START--
INFO: Run Behavior\BuildLiteBehavior [ RunTime:0.000038s ]
INFO: [ app_init ] --END-- [ RunTime:0.000739s ]
ERR: 无法加载模块:Arabic

[ 2016-01-26T22:30:31+08:00 ] 208.52.154.240 /administrator/
INFO: [ app_init ] --START--
INFO: Run Behavior\BuildLiteBehavior [ RunTime:0.000034s ]
INFO: [ app_init ] --END-- [ RunTime:0.000617s ]
ERR: 无法加载模块:Administrator

