[ 2016-01-02T03:04:04+08:00 ] 185.130.5.224 /server-status?HTTP_POST=%%22%6346#%#/&#736%%22#423|;&HTTP_CGI_GET=GRESYYK%22K&J%22#L523D2G23H23
INFO: [ app_init ] --START--
INFO: Run Behavior\BuildLiteBehavior [ RunTime:0.000050s ]
INFO: [ app_init ] --END-- [ RunTime:0.000721s ]
ERR: 无法加载模块:Server-status

[ 2016-01-02T04:10:23+08:00 ] 185.130.5.224 /server-status?HTTP_POST=%%22%6346#%#/&#736%%22#423|;&HTTP_CGI_GET=GRESYYK%22K&J%22#L523D2G23H23
INFO: [ app_init ] --START--
INFO: Run Behavior\BuildLiteBehavior [ RunTime:0.000039s ]
INFO: [ app_init ] --END-- [ RunTime:0.000655s ]
ERR: 无法加载模块:Server-status

[ 2016-01-02T05:32:56+08:00 ] 185.130.5.224 /server-status?HTTP_POST=%%22%6346#%#/&#736%%22#423|;&HTTP_CGI_GET=GRESYYK%22K&J%22#L523D2G23H23
INFO: [ app_init ] --START--
INFO: Run Behavior\BuildLiteBehavior [ RunTime:0.000036s ]
INFO: [ app_init ] --END-- [ RunTime:0.000623s ]
ERR: 无法加载模块:Server-status

[ 2016-01-02T08:06:50+08:00 ] 185.130.5.224 /server-status?HTTP_POST=%%22%6346#%#/&#736%%22#423|;&HTTP_CGI_GET=GRESYYK%22K&J%22#L523D2G23H23
INFO: [ app_init ] --START--
INFO: Run Behavior\BuildLiteBehavior [ RunTime:0.000049s ]
INFO: [ app_init ] --END-- [ RunTime:0.000852s ]
ERR: 无法加载模块:Server-status

[ 2016-01-02T08:45:11+08:00 ] 185.130.5.224 /server-status?HTTP_POST=%%22%6346#%#/&#736%%22#423|;&HTTP_CGI_GET=GRESYYK%22K&J%22#L523D2G23H23
INFO: [ app_init ] --START--
INFO: Run Behavior\BuildLiteBehavior [ RunTime:0.000054s ]
INFO: [ app_init ] --END-- [ RunTime:0.000945s ]
ERR: 无法加载模块:Server-status

[ 2016-01-02T10:21:14+08:00 ] 185.49.14.190 http://testp5.mielno.lubin.pl/testproxy.php
INFO: [ app_init ] --START--
INFO: Run Behavior\BuildLiteBehavior [ RunTime:0.000037s ]
INFO: [ app_init ] --END-- [ RunTime:0.000705s ]
ERR: 无法加载模块:Testproxy

[ 2016-01-02T11:45:18+08:00 ] 185.130.5.224 /server-status?HTTP_POST=%%22%6346#%#/&#736%%22#423|;&HTTP_CGI_GET=GRESYYK%22K&J%22#L523D2G23H23
INFO: [ app_init ] --START--
INFO: Run Behavior\BuildLiteBehavior [ RunTime:0.000064s ]
INFO: [ app_init ] --END-- [ RunTime:0.002697s ]
ERR: 无法加载模块:Server-status

[ 2016-01-02T13:04:59+08:00 ] 185.130.5.224 /server-status?HTTP_POST=%%22%6346#%#/&#736%%22#423|;&HTTP_CGI_GET=GRESYYK%22K&J%22#L523D2G23H23
INFO: [ app_init ] --START--
INFO: Run Behavior\BuildLiteBehavior [ RunTime:0.000038s ]
INFO: [ app_init ] --END-- [ RunTime:0.000628s ]
ERR: 无法加载模块:Server-status

[ 2016-01-02T13:57:50+08:00 ] 185.130.5.224 /server-status?HTTP_POST=%%22%6346#%#/&#736%%22#423|;&HTTP_CGI_GET=GRESYYK%22K&J%22#L523D2G23H23
INFO: [ app_init ] --START--
INFO: Run Behavior\BuildLiteBehavior [ RunTime:0.000036s ]
INFO: [ app_init ] --END-- [ RunTime:0.000627s ]
ERR: 无法加载模块:Server-status

[ 2016-01-02T16:24:07+08:00 ] 185.130.5.224 /server-status?HTTP_POST=%%22%6346#%#/&#736%%22#423|;&HTTP_CGI_GET=GRESYYK%22K&J%22#L523D2G23H23
INFO: [ app_init ] --START--
INFO: Run Behavior\BuildLiteBehavior [ RunTime:0.000038s ]
INFO: [ app_init ] --END-- [ RunTime:0.000630s ]
ERR: 无法加载模块:Server-status

[ 2016-01-02T17:56:55+08:00 ] 185.130.5.224 /server-status?HTTP_POST=%%22%6346#%#/&#736%%22#423|;&HTTP_CGI_GET=GRESYYK%22K&J%22#L523D2G23H23
INFO: [ app_init ] --START--
INFO: Run Behavior\BuildLiteBehavior [ RunTime:0.000045s ]
INFO: [ app_init ] --END-- [ RunTime:0.000855s ]
ERR: 无法加载模块:Server-status

[ 2016-01-02T19:53:51+08:00 ] 185.130.5.224 /server-status?HTTP_POST=%%22%6346#%#/&#736%%22#423|;&HTTP_CGI_GET=GRESYYK%22K&J%22#L523D2G23H23
INFO: [ app_init ] --START--
INFO: Run Behavior\BuildLiteBehavior [ RunTime:0.000039s ]
INFO: [ app_init ] --END-- [ RunTime:0.000695s ]
ERR: 无法加载模块:Server-status

[ 2016-01-02T22:14:33+08:00 ] 185.130.5.224 /server-status?HTTP_POST=%%22%6346#%#/&#736%%22#423|;&HTTP_CGI_GET=GRESYYK%22K&J%22#L523D2G23H23
INFO: [ app_init ] --START--
INFO: Run Behavior\BuildLiteBehavior [ RunTime:0.000042s ]
INFO: [ app_init ] --END-- [ RunTime:0.000707s ]
ERR: 无法加载模块:Server-status

