[ 2016-02-26T01:29:44+08:00 ] 104.192.0.18 /freepbx/admin/CHANGES
INFO: [ app_init ] --START--
INFO: Run Behavior\BuildLiteBehavior [ RunTime:0.000047s ]
INFO: [ app_init ] --END-- [ RunTime:0.000819s ]
ERR: 无法加载模块:Freepbx

[ 2016-02-26T01:31:38+08:00 ] 104.192.0.18 /freepbx/admin/CHANGES
INFO: [ app_init ] --START--
INFO: Run Behavior\BuildLiteBehavior [ RunTime:0.000062s ]
INFO: [ app_init ] --END-- [ RunTime:0.001012s ]
ERR: 无法加载模块:Freepbx

[ 2016-02-26T01:35:12+08:00 ] 104.192.0.18 /freepbx/admin/CHANGES
INFO: [ app_init ] --START--
INFO: Run Behavior\BuildLiteBehavior [ RunTime:0.000062s ]
INFO: [ app_init ] --END-- [ RunTime:0.001007s ]
ERR: 无法加载模块:Freepbx

[ 2016-02-26T01:42:24+08:00 ] 104.192.0.18 /freepbx/admin/CHANGES
INFO: [ app_init ] --START--
INFO: Run Behavior\BuildLiteBehavior [ RunTime:0.000060s ]
INFO: [ app_init ] --END-- [ RunTime:0.001001s ]
ERR: 无法加载模块:Freepbx

[ 2016-02-26T01:57:00+08:00 ] 104.192.0.18 /freepbx/admin/CHANGES
INFO: [ app_init ] --START--
INFO: Run Behavior\BuildLiteBehavior [ RunTime:0.000037s ]
INFO: [ app_init ] --END-- [ RunTime:0.000622s ]
ERR: 无法加载模块:Freepbx

[ 2016-02-26T02:27:58+08:00 ] 104.192.0.18 /freepbx/admin/CHANGES
INFO: [ app_init ] --START--
INFO: Run Behavior\BuildLiteBehavior [ RunTime:0.000035s ]
INFO: [ app_init ] --END-- [ RunTime:0.000614s ]
ERR: 无法加载模块:Freepbx

[ 2016-02-26T07:32:59+08:00 ] 5.39.222.159 /rom-0
INFO: [ app_init ] --START--
INFO: Run Behavior\BuildLiteBehavior [ RunTime:0.000041s ]
INFO: [ app_init ] --END-- [ RunTime:0.000763s ]
ERR: 无法加载模块:Rom-0

