[ 2016-01-18T02:23:31+08:00 ] 72.178.167.37 /cgi-bin/php4
INFO: [ app_init ] --START--
INFO: Run Behavior\BuildLiteBehavior [ RunTime:0.000063s ]
INFO: [ app_init ] --END-- [ RunTime:0.001822s ]
ERR: 无法加载模块:Cgi-bin

[ 2016-01-18T02:23:31+08:00 ] 72.178.167.37 /cgi-bin/php5
INFO: [ app_init ] --START--
INFO: Run Behavior\BuildLiteBehavior [ RunTime:0.000038s ]
INFO: [ app_init ] --END-- [ RunTime:0.000685s ]
ERR: 无法加载模块:Cgi-bin

[ 2016-01-18T02:23:32+08:00 ] 72.178.167.37 /index.cgi
INFO: [ app_init ] --START--
INFO: Run Behavior\BuildLiteBehavior [ RunTime:0.000036s ]
INFO: [ app_init ] --END-- [ RunTime:0.000607s ]
ERR: 无法加载模块:Index

[ 2016-01-18T02:23:32+08:00 ] 72.178.167.37 /cgi-bin/php
INFO: [ app_init ] --START--
INFO: Run Behavior\BuildLiteBehavior [ RunTime:0.000050s ]
INFO: [ app_init ] --END-- [ RunTime:0.000784s ]
ERR: 无法加载模块:Cgi-bin

[ 2016-01-18T02:23:32+08:00 ] 72.178.167.37 /cgi-bin/php5-cli
INFO: [ app_init ] --START--
INFO: Run Behavior\BuildLiteBehavior [ RunTime:0.000035s ]
INFO: [ app_init ] --END-- [ RunTime:0.000617s ]
ERR: 无法加载模块:Cgi-bin

[ 2016-01-18T02:23:33+08:00 ] 72.178.167.37 /phppath/cgi_wrapper
INFO: [ app_init ] --START--
INFO: Run Behavior\BuildLiteBehavior [ RunTime:0.000036s ]
INFO: [ app_init ] --END-- [ RunTime:0.000621s ]
ERR: 无法加载模块:Phppath

[ 2016-01-18T02:23:33+08:00 ] 72.178.167.37 /phppath/php
INFO: [ app_init ] --START--
INFO: Run Behavior\BuildLiteBehavior [ RunTime:0.000038s ]
INFO: [ app_init ] --END-- [ RunTime:0.000690s ]
ERR: 无法加载模块:Phppath

[ 2016-01-18T02:23:33+08:00 ] 72.178.167.37 /cgi-sys/php5
INFO: [ app_init ] --START--
INFO: Run Behavior\BuildLiteBehavior [ RunTime:0.000054s ]
INFO: [ app_init ] --END-- [ RunTime:0.000932s ]
ERR: 无法加载模块:Cgi-sys

[ 2016-01-18T02:23:34+08:00 ] 72.178.167.37 /cgi-bin/php.fcgi
INFO: [ app_init ] --START--
INFO: Run Behavior\BuildLiteBehavior [ RunTime:0.000055s ]
INFO: [ app_init ] --END-- [ RunTime:0.000989s ]
ERR: 无法加载模块:Cgi-bin

[ 2016-01-18T02:23:34+08:00 ] 72.178.167.37 /cgi-bin/index.cgi
INFO: [ app_init ] --START--
INFO: Run Behavior\BuildLiteBehavior [ RunTime:0.000036s ]
INFO: [ app_init ] --END-- [ RunTime:0.000617s ]
ERR: 无法加载模块:Cgi-bin

[ 2016-01-18T07:24:05+08:00 ] 80.82.64.68 /files/martyrs/37EE9280DA.jpg
INFO: [ app_init ] --START--
INFO: Run Behavior\BuildLiteBehavior [ RunTime:0.000042s ]
INFO: [ app_init ] --END-- [ RunTime:0.001464s ]
ERR: 无法加载模块:Files

[ 2016-01-18T19:57:51+08:00 ] 80.82.64.68 /wp-content/themes/Akhbar24/images/alemarah.jpg
INFO: [ app_init ] --START--
INFO: Run Behavior\BuildLiteBehavior [ RunTime:0.000057s ]
INFO: [ app_init ] --END-- [ RunTime:0.002475s ]
ERR: 无法加载模块:Wp-content

