[ 2016-02-21T01:57:11+08:00 ] 101.201.209.61 /login.action
INFO: [ app_init ] --START--
INFO: Run Behavior\BuildLiteBehavior [ RunTime:0.000032s ]
INFO: [ app_init ] --END-- [ RunTime:0.000599s ]
ERR: 无法加载模块:Login

[ 2016-02-21T06:30:04+08:00 ] 185.130.5.165 /plugins/content/plugin_googlemap2_proxy.php?url=
INFO: [ app_init ] --START--
INFO: Run Behavior\BuildLiteBehavior [ RunTime:0.000039s ]
INFO: [ app_init ] --END-- [ RunTime:0.000654s ]
ERR: 无法加载模块:Plugins

[ 2016-02-21T06:30:04+08:00 ] 185.130.5.165 /plugins/system/plugin_googlemap2_proxy.php?url=
INFO: [ app_init ] --START--
INFO: Run Behavior\BuildLiteBehavior [ RunTime:0.000034s ]
INFO: [ app_init ] --END-- [ RunTime:0.000617s ]
ERR: 无法加载模块:Plugins

[ 2016-02-21T06:30:05+08:00 ] 185.130.5.165 /plugins/system/plugin_googlemap2/plugin_googlemap2_proxy.php?url=
INFO: [ app_init ] --START--
INFO: Run Behavior\BuildLiteBehavior [ RunTime:0.000034s ]
INFO: [ app_init ] --END-- [ RunTime:0.000623s ]
ERR: 无法加载模块:Plugins

[ 2016-02-21T06:30:05+08:00 ] 185.130.5.165 /plugins/system/plugin_googlemap3_proxy.php?url=
INFO: [ app_init ] --START--
INFO: Run Behavior\BuildLiteBehavior [ RunTime:0.000039s ]
INFO: [ app_init ] --END-- [ RunTime:0.000685s ]
ERR: 无法加载模块:Plugins

[ 2016-02-21T06:30:05+08:00 ] 185.130.5.165 /plugins/system/plugin_googlemap3/plugin_googlemap3_proxy.php?url=
INFO: [ app_init ] --START--
INFO: Run Behavior\BuildLiteBehavior [ RunTime:0.000054s ]
INFO: [ app_init ] --END-- [ RunTime:0.000945s ]
ERR: 无法加载模块:Plugins

[ 2016-02-21T16:24:24+08:00 ] 185.49.14.190 http://testp2.czar.bielawa.pl/testproxy.php
INFO: [ app_init ] --START--
INFO: Run Behavior\BuildLiteBehavior [ RunTime:0.000068s ]
INFO: [ app_init ] --END-- [ RunTime:0.022294s ]
ERR: 无法加载模块:Testproxy

