[ 2015-05-04T22:58:58+08:00 ] 127.0.0.1 /Company/manager/pagelist
INFO: [ app_init ] --START--
INFO: Run Behavior\BuildLiteBehavior [ RunTime:0.000024s ]
INFO: [ app_init ] --END-- [ RunTime:0.000710s ]
INFO: [ app_begin ] --START--
INFO: Run Behavior\ReadHtmlCacheBehavior [ RunTime:0.001000s ]
INFO: [ app_begin ] --END-- [ RunTime:0.001106s ]
SQL: SHOW COLUMNS FROM `data_pageview` [ RunTime:0.0169s ]
SQL: SELECT COUNT(*) AS tp_count FROM `data_pageview` LIMIT 1   [ RunTime:0.0011s ]
SQL: SELECT * FROM `data_pageview` LIMIT 0,12   [ RunTime:0.0014s ]
INFO: [ view_parse ] --START--
INFO: [ template_filter ] --START--
INFO: Run Behavior\ContentReplaceBehavior [ RunTime:0.000106s ]
INFO: [ template_filter ] --END-- [ RunTime:0.000232s ]
NOTIC: [8] Undefined index: c_title D:\wamp\www\Company\Application\Runtime\Cache\Manager\40c5a543f05d9879217fc63adb8ee488.php 第 48 行.
NOTIC: [8] Undefined index: c_title D:\wamp\www\Company\Application\Runtime\Cache\Manager\40c5a543f05d9879217fc63adb8ee488.php 第 48 行.
NOTIC: [8] Undefined index: c_title D:\wamp\www\Company\Application\Runtime\Cache\Manager\40c5a543f05d9879217fc63adb8ee488.php 第 48 行.
NOTIC: [8] Undefined index: c_title D:\wamp\www\Company\Application\Runtime\Cache\Manager\40c5a543f05d9879217fc63adb8ee488.php 第 48 行.
NOTIC: [8] Undefined index: c_title D:\wamp\www\Company\Application\Runtime\Cache\Manager\40c5a543f05d9879217fc63adb8ee488.php 第 48 行.
NOTIC: [8] Undefined index: c_title D:\wamp\www\Company\Application\Runtime\Cache\Manager\40c5a543f05d9879217fc63adb8ee488.php 第 48 行.
NOTIC: [8] Undefined index: c_title D:\wamp\www\Company\Application\Runtime\Cache\Manager\40c5a543f05d9879217fc63adb8ee488.php 第 48 行.
NOTIC: [8] Undefined index: c_title D:\wamp\www\Company\Application\Runtime\Cache\Manager\40c5a543f05d9879217fc63adb8ee488.php 第 48 行.
INFO: Run Behavior\ParseTemplateBehavior [ RunTime:0.014121s ]
INFO: [ view_parse ] --END-- [ RunTime:0.014243s ]
INFO: [ view_filter ] --START--
INFO: Run Behavior\WriteHtmlCacheBehavior [ RunTime:0.000628s ]
INFO: [ view_filter ] --END-- [ RunTime:0.000706s ]
INFO: [ app_end ] --START--
INFO: Run Behavior\ShowPageTraceBehavior [ RunTime:0.000936s ]
INFO: [ app_end ] --END-- [ RunTime:0.001018s ]

[ 2015-05-04T22:59:00+08:00 ] 127.0.0.1 /Company/index.php/Manager/Pagelist/edittable/id/2
INFO: [ app_init ] --START--
INFO: Run Behavior\BuildLiteBehavior [ RunTime:0.000026s ]
INFO: [ app_init ] --END-- [ RunTime:0.000633s ]
INFO: [ app_begin ] --START--
INFO: Run Behavior\ReadHtmlCacheBehavior [ RunTime:0.000799s ]
INFO: [ app_begin ] --END-- [ RunTime:0.000909s ]
SQL: SHOW COLUMNS FROM `data_pageview` [ RunTime:0.0164s ]
SQL: SELECT * FROM `data_pageview` WHERE ( autoid =2 ) LIMIT 1   [ RunTime:0.0020s ]
INFO: [ view_parse ] --START--
INFO: [ template_filter ] --START--
INFO: Run Behavior\ContentReplaceBehavior [ RunTime:0.000117s ]
INFO: [ template_filter ] --END-- [ RunTime:0.000221s ]
NOTIC: [8] Undefined index: c_bottom D:\wamp\www\Company\Application\Runtime\Cache\Manager\efb236426c6e195c00e93f8347043a96.php 第 83 行.
NOTIC: [8] Undefined index: c_bottom D:\wamp\www\Company\Application\Runtime\Cache\Manager\efb236426c6e195c00e93f8347043a96.php 第 83 行.
INFO: Run Behavior\ParseTemplateBehavior [ RunTime:0.012305s ]
INFO: [ view_parse ] --END-- [ RunTime:0.012404s ]
INFO: [ view_filter ] --START--
INFO: Run Behavior\WriteHtmlCacheBehavior [ RunTime:0.000422s ]
INFO: [ view_filter ] --END-- [ RunTime:0.000502s ]

[ 2015-05-04T23:09:16+08:00 ] 127.0.0.1 /Company/manager/pagelist
INFO: [ app_init ] --START--
INFO: Run Behavior\BuildLiteBehavior [ RunTime:0.000026s ]
INFO: [ app_init ] --END-- [ RunTime:0.000713s ]
INFO: [ app_begin ] --START--
INFO: Run Behavior\ReadHtmlCacheBehavior [ RunTime:0.001027s ]
INFO: [ app_begin ] --END-- [ RunTime:0.001139s ]
SQL: SHOW COLUMNS FROM `data_pageview` [ RunTime:0.0159s ]
SQL: SELECT COUNT(*) AS tp_count FROM `data_pageview` LIMIT 1   [ RunTime:0.0017s ]
SQL: SELECT * FROM `data_pageview` LIMIT 0,12   [ RunTime:0.0016s ]
INFO: [ view_parse ] --START--
INFO: [ template_filter ] --START--
INFO: Run Behavior\ContentReplaceBehavior [ RunTime:0.000089s ]
INFO: [ template_filter ] --END-- [ RunTime:0.000212s ]
NOTIC: [8] Undefined index: c_title D:\wamp\www\Company\Application\Runtime\Cache\Manager\40c5a543f05d9879217fc63adb8ee488.php 第 48 行.
NOTIC: [8] Undefined index: c_title D:\wamp\www\Company\Application\Runtime\Cache\Manager\40c5a543f05d9879217fc63adb8ee488.php 第 48 行.
NOTIC: [8] Undefined index: c_title D:\wamp\www\Company\Application\Runtime\Cache\Manager\40c5a543f05d9879217fc63adb8ee488.php 第 48 行.
NOTIC: [8] Undefined index: c_title D:\wamp\www\Company\Application\Runtime\Cache\Manager\40c5a543f05d9879217fc63adb8ee488.php 第 48 行.
NOTIC: [8] Undefined index: c_title D:\wamp\www\Company\Application\Runtime\Cache\Manager\40c5a543f05d9879217fc63adb8ee488.php 第 48 行.
NOTIC: [8] Undefined index: c_title D:\wamp\www\Company\Application\Runtime\Cache\Manager\40c5a543f05d9879217fc63adb8ee488.php 第 48 行.
NOTIC: [8] Undefined index: c_title D:\wamp\www\Company\Application\Runtime\Cache\Manager\40c5a543f05d9879217fc63adb8ee488.php 第 48 行.
NOTIC: [8] Undefined index: c_title D:\wamp\www\Company\Application\Runtime\Cache\Manager\40c5a543f05d9879217fc63adb8ee488.php 第 48 行.
INFO: Run Behavior\ParseTemplateBehavior [ RunTime:0.014149s ]
INFO: [ view_parse ] --END-- [ RunTime:0.014285s ]
INFO: [ view_filter ] --START--
INFO: Run Behavior\WriteHtmlCacheBehavior [ RunTime:0.000598s ]
INFO: [ view_filter ] --END-- [ RunTime:0.000677s ]
INFO: [ app_end ] --START--
INFO: Run Behavior\ShowPageTraceBehavior [ RunTime:0.000976s ]
INFO: [ app_end ] --END-- [ RunTime:0.001065s ]

[ 2015-05-04T23:09:21+08:00 ] 127.0.0.1 /Company/manager/newslist
INFO: [ app_init ] --START--
INFO: Run Behavior\BuildLiteBehavior [ RunTime:0.000025s ]
INFO: [ app_init ] --END-- [ RunTime:0.000594s ]
INFO: [ app_begin ] --START--
INFO: Run Behavior\ReadHtmlCacheBehavior [ RunTime:0.000764s ]
INFO: [ app_begin ] --END-- [ RunTime:0.000858s ]
SQL: SHOW COLUMNS FROM `data_news` [ RunTime:0.0102s ]
SQL: SHOW COLUMNS FROM `data_newstype` [ RunTime:0.0101s ]
SQL: SELECT COUNT(*) AS tp_count FROM `data_news` LIMIT 1   [ RunTime:0.0010s ]
SQL: SELECT * FROM `data_news` ORDER BY  autoid desc  LIMIT 0,12   [ RunTime:0.0014s ]
INFO: [ view_parse ] --START--
INFO: [ template_filter ] --START--
INFO: Run Behavior\ContentReplaceBehavior [ RunTime:0.000092s ]
INFO: [ template_filter ] --END-- [ RunTime:0.000198s ]
NOTIC: [8] Undefined index: news_title D:\wamp\www\Company\Application\Runtime\Cache\Manager\22618a1e7d5381aeb38268b2ac9b8642.php 第 44 行.
NOTIC: [8] Undefined index: news_title D:\wamp\www\Company\Application\Runtime\Cache\Manager\22618a1e7d5381aeb38268b2ac9b8642.php 第 44 行.
NOTIC: [8] Undefined index: news_title D:\wamp\www\Company\Application\Runtime\Cache\Manager\22618a1e7d5381aeb38268b2ac9b8642.php 第 44 行.
NOTIC: [8] Undefined index: news_title D:\wamp\www\Company\Application\Runtime\Cache\Manager\22618a1e7d5381aeb38268b2ac9b8642.php 第 44 行.
NOTIC: [8] Undefined index: news_title D:\wamp\www\Company\Application\Runtime\Cache\Manager\22618a1e7d5381aeb38268b2ac9b8642.php 第 44 行.
NOTIC: [8] Undefined index: news_title D:\wamp\www\Company\Application\Runtime\Cache\Manager\22618a1e7d5381aeb38268b2ac9b8642.php 第 44 行.
NOTIC: [8] Undefined index: news_title D:\wamp\www\Company\Application\Runtime\Cache\Manager\22618a1e7d5381aeb38268b2ac9b8642.php 第 44 行.
NOTIC: [8] Undefined index: news_title D:\wamp\www\Company\Application\Runtime\Cache\Manager\22618a1e7d5381aeb38268b2ac9b8642.php 第 44 行.
NOTIC: [8] Undefined index: news_title D:\wamp\www\Company\Application\Runtime\Cache\Manager\22618a1e7d5381aeb38268b2ac9b8642.php 第 44 行.
NOTIC: [8] Undefined index: news_title D:\wamp\www\Company\Application\Runtime\Cache\Manager\22618a1e7d5381aeb38268b2ac9b8642.php 第 44 行.
NOTIC: [8] Undefined index: news_title D:\wamp\www\Company\Application\Runtime\Cache\Manager\22618a1e7d5381aeb38268b2ac9b8642.php 第 44 行.
NOTIC: [8] Undefined index: news_title D:\wamp\www\Company\Application\Runtime\Cache\Manager\22618a1e7d5381aeb38268b2ac9b8642.php 第 44 行.
INFO: Run Behavior\ParseTemplateBehavior [ RunTime:0.014001s ]
INFO: [ view_parse ] --END-- [ RunTime:0.014090s ]
INFO: [ view_filter ] --START--
INFO: Run Behavior\WriteHtmlCacheBehavior [ RunTime:0.000416s ]
INFO: [ view_filter ] --END-- [ RunTime:0.000500s ]
INFO: [ app_end ] --START--
INFO: Run Behavior\ShowPageTraceBehavior [ RunTime:0.000789s ]
INFO: [ app_end ] --END-- [ RunTime:0.000878s ]

[ 2015-05-04T23:09:28+08:00 ] 127.0.0.1 /Company/manager/userlist
INFO: [ app_init ] --START--
INFO: Run Behavior\BuildLiteBehavior [ RunTime:0.000022s ]
INFO: [ app_init ] --END-- [ RunTime:0.000571s ]
INFO: [ app_begin ] --START--
INFO: Run Behavior\ReadHtmlCacheBehavior [ RunTime:0.000911s ]
INFO: [ app_begin ] --END-- [ RunTime:0.001014s ]
SQL: SHOW COLUMNS FROM `data_manager` [ RunTime:0.0113s ]
SQL: SELECT COUNT(*) AS tp_count FROM `data_manager` LIMIT 1   [ RunTime:0.0004s ]
SQL: SELECT * FROM `data_manager` ORDER BY  autoid desc  LIMIT 0,12   [ RunTime:0.0005s ]
INFO: [ view_parse ] --START--
INFO: [ template_filter ] --START--
INFO: Run Behavior\ContentReplaceBehavior [ RunTime:0.000094s ]
INFO: [ template_filter ] --END-- [ RunTime:0.000199s ]
INFO: Run Behavior\ParseTemplateBehavior [ RunTime:0.018529s ]
INFO: [ view_parse ] --END-- [ RunTime:0.018657s ]
INFO: [ view_filter ] --START--
INFO: Run Behavior\WriteHtmlCacheBehavior [ RunTime:0.000438s ]
INFO: [ view_filter ] --END-- [ RunTime:0.000521s ]
INFO: [ app_end ] --START--
INFO: Run Behavior\ShowPageTraceBehavior [ RunTime:0.000929s ]
INFO: [ app_end ] --END-- [ RunTime:0.001098s ]

[ 2015-05-04T23:09:30+08:00 ] 127.0.0.1 /Company/manager/newslist
INFO: [ app_init ] --START--
INFO: Run Behavior\BuildLiteBehavior [ RunTime:0.000024s ]
INFO: [ app_init ] --END-- [ RunTime:0.000686s ]
INFO: [ app_begin ] --START--
INFO: Run Behavior\ReadHtmlCacheBehavior [ RunTime:0.000763s ]
INFO: [ app_begin ] --END-- [ RunTime:0.000859s ]
SQL: SHOW COLUMNS FROM `data_news` [ RunTime:0.0147s ]
SQL: SHOW COLUMNS FROM `data_newstype` [ RunTime:0.0117s ]
SQL: SELECT COUNT(*) AS tp_count FROM `data_news` LIMIT 1   [ RunTime:0.0005s ]
SQL: SELECT * FROM `data_news` ORDER BY  autoid desc  LIMIT 0,12   [ RunTime:0.0016s ]
INFO: [ view_parse ] --START--
INFO: [ template_filter ] --START--
INFO: Run Behavior\ContentReplaceBehavior [ RunTime:0.000091s ]
INFO: [ template_filter ] --END-- [ RunTime:0.000199s ]
NOTIC: [8] Undefined index: news_title D:\wamp\www\Company\Application\Runtime\Cache\Manager\22618a1e7d5381aeb38268b2ac9b8642.php 第 44 行.
NOTIC: [8] Undefined index: news_title D:\wamp\www\Company\Application\Runtime\Cache\Manager\22618a1e7d5381aeb38268b2ac9b8642.php 第 44 行.
NOTIC: [8] Undefined index: news_title D:\wamp\www\Company\Application\Runtime\Cache\Manager\22618a1e7d5381aeb38268b2ac9b8642.php 第 44 行.
NOTIC: [8] Undefined index: news_title D:\wamp\www\Company\Application\Runtime\Cache\Manager\22618a1e7d5381aeb38268b2ac9b8642.php 第 44 行.
NOTIC: [8] Undefined index: news_title D:\wamp\www\Company\Application\Runtime\Cache\Manager\22618a1e7d5381aeb38268b2ac9b8642.php 第 44 行.
NOTIC: [8] Undefined index: news_title D:\wamp\www\Company\Application\Runtime\Cache\Manager\22618a1e7d5381aeb38268b2ac9b8642.php 第 44 行.
NOTIC: [8] Undefined index: news_title D:\wamp\www\Company\Application\Runtime\Cache\Manager\22618a1e7d5381aeb38268b2ac9b8642.php 第 44 行.
NOTIC: [8] Undefined index: news_title D:\wamp\www\Company\Application\Runtime\Cache\Manager\22618a1e7d5381aeb38268b2ac9b8642.php 第 44 行.
NOTIC: [8] Undefined index: news_title D:\wamp\www\Company\Application\Runtime\Cache\Manager\22618a1e7d5381aeb38268b2ac9b8642.php 第 44 行.
NOTIC: [8] Undefined index: news_title D:\wamp\www\Company\Application\Runtime\Cache\Manager\22618a1e7d5381aeb38268b2ac9b8642.php 第 44 行.
NOTIC: [8] Undefined index: news_title D:\wamp\www\Company\Application\Runtime\Cache\Manager\22618a1e7d5381aeb38268b2ac9b8642.php 第 44 行.
NOTIC: [8] Undefined index: news_title D:\wamp\www\Company\Application\Runtime\Cache\Manager\22618a1e7d5381aeb38268b2ac9b8642.php 第 44 行.
INFO: Run Behavior\ParseTemplateBehavior [ RunTime:0.014145s ]
INFO: [ view_parse ] --END-- [ RunTime:0.014234s ]
INFO: [ view_filter ] --START--
INFO: Run Behavior\WriteHtmlCacheBehavior [ RunTime:0.000434s ]
INFO: [ view_filter ] --END-- [ RunTime:0.000511s ]
INFO: [ app_end ] --START--
INFO: Run Behavior\ShowPageTraceBehavior [ RunTime:0.000780s ]
INFO: [ app_end ] --END-- [ RunTime:0.000862s ]

[ 2015-05-04T23:09:31+08:00 ] 127.0.0.1 /Company/manager/pagelist
INFO: [ app_init ] --START--
INFO: Run Behavior\BuildLiteBehavior [ RunTime:0.000028s ]
INFO: [ app_init ] --END-- [ RunTime:0.000711s ]
INFO: [ app_begin ] --START--
INFO: Run Behavior\ReadHtmlCacheBehavior [ RunTime:0.000806s ]
INFO: [ app_begin ] --END-- [ RunTime:0.000909s ]
SQL: SHOW COLUMNS FROM `data_pageview` [ RunTime:0.0156s ]
SQL: SELECT COUNT(*) AS tp_count FROM `data_pageview` LIMIT 1   [ RunTime:0.0011s ]
SQL: SELECT * FROM `data_pageview` LIMIT 0,12   [ RunTime:0.0014s ]
INFO: [ view_parse ] --START--
INFO: [ template_filter ] --START--
INFO: Run Behavior\ContentReplaceBehavior [ RunTime:0.000090s ]
INFO: [ template_filter ] --END-- [ RunTime:0.000215s ]
NOTIC: [8] Undefined index: c_title D:\wamp\www\Company\Application\Runtime\Cache\Manager\40c5a543f05d9879217fc63adb8ee488.php 第 48 行.
NOTIC: [8] Undefined index: c_title D:\wamp\www\Company\Application\Runtime\Cache\Manager\40c5a543f05d9879217fc63adb8ee488.php 第 48 行.
NOTIC: [8] Undefined index: c_title D:\wamp\www\Company\Application\Runtime\Cache\Manager\40c5a543f05d9879217fc63adb8ee488.php 第 48 行.
NOTIC: [8] Undefined index: c_title D:\wamp\www\Company\Application\Runtime\Cache\Manager\40c5a543f05d9879217fc63adb8ee488.php 第 48 行.
NOTIC: [8] Undefined index: c_title D:\wamp\www\Company\Application\Runtime\Cache\Manager\40c5a543f05d9879217fc63adb8ee488.php 第 48 行.
NOTIC: [8] Undefined index: c_title D:\wamp\www\Company\Application\Runtime\Cache\Manager\40c5a543f05d9879217fc63adb8ee488.php 第 48 行.
NOTIC: [8] Undefined index: c_title D:\wamp\www\Company\Application\Runtime\Cache\Manager\40c5a543f05d9879217fc63adb8ee488.php 第 48 行.
NOTIC: [8] Undefined index: c_title D:\wamp\www\Company\Application\Runtime\Cache\Manager\40c5a543f05d9879217fc63adb8ee488.php 第 48 行.
INFO: Run Behavior\ParseTemplateBehavior [ RunTime:0.013249s ]
INFO: [ view_parse ] --END-- [ RunTime:0.013382s ]
INFO: [ view_filter ] --START--
INFO: Run Behavior\WriteHtmlCacheBehavior [ RunTime:0.000470s ]
INFO: [ view_filter ] --END-- [ RunTime:0.000547s ]
INFO: [ app_end ] --START--
INFO: Run Behavior\ShowPageTraceBehavior [ RunTime:0.000825s ]
INFO: [ app_end ] --END-- [ RunTime:0.001386s ]

