[ 2015-07-15T01:21:06+08:00 ] 61.135.190.69 /
INFO: [ app_init ] --START--
INFO: Run Behavior\BuildLiteBehavior [ RunTime:0.000067s ]
INFO: [ app_init ] --END-- [ RunTime:0.036250s ]
INFO: [ app_begin ] --START--
INFO: Run Behavior\ReadHtmlCacheBehavior [ RunTime:0.028804s ]
INFO: [ app_begin ] --END-- [ RunTime:0.029056s ]
INFO: [ view_parse ] --START--
INFO: Run Behavior\ParseTemplateBehavior [ RunTime:0.037836s ]
INFO: [ view_parse ] --END-- [ RunTime:0.038062s ]
INFO: [ view_filter ] --START--
INFO: Run Behavior\WriteHtmlCacheBehavior [ RunTime:0.002522s ]
INFO: [ view_filter ] --END-- [ RunTime:0.002660s ]

[ 2015-07-15T02:57:39+08:00 ] 61.135.190.72 /
INFO: [ app_init ] --START--
INFO: Run Behavior\BuildLiteBehavior [ RunTime:0.000060s ]
INFO: [ app_init ] --END-- [ RunTime:0.000998s ]
INFO: [ app_begin ] --START--
INFO: Run Behavior\ReadHtmlCacheBehavior [ RunTime:0.004156s ]
INFO: [ app_begin ] --END-- [ RunTime:0.004370s ]
INFO: [ view_parse ] --START--
INFO: Run Behavior\ParseTemplateBehavior [ RunTime:0.011519s ]
INFO: [ view_parse ] --END-- [ RunTime:0.011700s ]
INFO: [ view_filter ] --START--
INFO: Run Behavior\WriteHtmlCacheBehavior [ RunTime:0.016635s ]
INFO: [ view_filter ] --END-- [ RunTime:0.016782s ]

[ 2015-07-15T06:26:54+08:00 ] 104.128.144.130 /
INFO: [ app_init ] --START--
INFO: Run Behavior\BuildLiteBehavior [ RunTime:0.000051s ]
INFO: [ app_init ] --END-- [ RunTime:0.045797s ]
INFO: [ app_begin ] --START--
INFO: Run Behavior\ReadHtmlCacheBehavior [ RunTime:0.016039s ]
INFO: [ app_begin ] --END-- [ RunTime:0.016220s ]
INFO: [ view_parse ] --START--
INFO: Run Behavior\ParseTemplateBehavior [ RunTime:0.066482s ]
INFO: [ view_parse ] --END-- [ RunTime:0.066712s ]
INFO: [ view_filter ] --START--
INFO: Run Behavior\WriteHtmlCacheBehavior [ RunTime:0.022764s ]
INFO: [ view_filter ] --END-- [ RunTime:0.022944s ]

[ 2015-07-15T06:37:23+08:00 ] 61.135.190.201 /
INFO: [ app_init ] --START--
INFO: Run Behavior\BuildLiteBehavior [ RunTime:0.000038s ]
INFO: [ app_init ] --END-- [ RunTime:0.000622s ]
INFO: [ app_begin ] --START--
INFO: Run Behavior\ReadHtmlCacheBehavior [ RunTime:0.000645s ]
INFO: [ app_begin ] --END-- [ RunTime:0.000752s ]
INFO: [ view_parse ] --START--
INFO: Run Behavior\ParseTemplateBehavior [ RunTime:0.000302s ]
INFO: [ view_parse ] --END-- [ RunTime:0.000425s ]
INFO: [ view_filter ] --START--
INFO: Run Behavior\WriteHtmlCacheBehavior [ RunTime:0.000254s ]
INFO: [ view_filter ] --END-- [ RunTime:0.000332s ]

[ 2015-07-15T08:14:10+08:00 ] 84.135.232.47 /
INFO: [ app_init ] --START--
INFO: Run Behavior\BuildLiteBehavior [ RunTime:0.000037s ]
INFO: [ app_init ] --END-- [ RunTime:0.000616s ]
INFO: [ app_begin ] --START--
INFO: Run Behavior\ReadHtmlCacheBehavior [ RunTime:0.000635s ]
INFO: [ app_begin ] --END-- [ RunTime:0.000741s ]
INFO: [ view_parse ] --START--
INFO: Run Behavior\ParseTemplateBehavior [ RunTime:0.000286s ]
INFO: [ view_parse ] --END-- [ RunTime:0.000389s ]
INFO: [ view_filter ] --START--
INFO: Run Behavior\WriteHtmlCacheBehavior [ RunTime:0.000254s ]
INFO: [ view_filter ] --END-- [ RunTime:0.000333s ]

[ 2015-07-15T08:14:29+08:00 ] 84.135.232.47 /
INFO: [ app_init ] --START--
INFO: Run Behavior\BuildLiteBehavior [ RunTime:0.000036s ]
INFO: [ app_init ] --END-- [ RunTime:0.000628s ]
INFO: [ app_begin ] --START--
INFO: Run Behavior\ReadHtmlCacheBehavior [ RunTime:0.000633s ]
INFO: [ app_begin ] --END-- [ RunTime:0.000733s ]
INFO: [ view_parse ] --START--
INFO: Run Behavior\ParseTemplateBehavior [ RunTime:0.000340s ]
INFO: [ view_parse ] --END-- [ RunTime:0.000466s ]
INFO: [ view_filter ] --START--
INFO: Run Behavior\WriteHtmlCacheBehavior [ RunTime:0.000304s ]
INFO: [ view_filter ] --END-- [ RunTime:0.000404s ]

[ 2015-07-15T08:14:30+08:00 ] 84.135.232.47 /
INFO: [ app_init ] --START--
INFO: Run Behavior\BuildLiteBehavior [ RunTime:0.000038s ]
INFO: [ app_init ] --END-- [ RunTime:0.000621s ]
INFO: [ app_begin ] --START--
INFO: Run Behavior\ReadHtmlCacheBehavior [ RunTime:0.000692s ]
INFO: [ app_begin ] --END-- [ RunTime:0.000795s ]
INFO: [ view_parse ] --START--
INFO: Run Behavior\ParseTemplateBehavior [ RunTime:0.000284s ]
INFO: [ view_parse ] --END-- [ RunTime:0.000393s ]
INFO: [ view_filter ] --START--
INFO: Run Behavior\WriteHtmlCacheBehavior [ RunTime:0.000321s ]
INFO: [ view_filter ] --END-- [ RunTime:0.000437s ]

[ 2015-07-15T08:14:30+08:00 ] 84.135.232.47 /
INFO: [ app_init ] --START--
INFO: Run Behavior\BuildLiteBehavior [ RunTime:0.000054s ]
INFO: [ app_init ] --END-- [ RunTime:0.000932s ]
INFO: [ app_begin ] --START--
INFO: Run Behavior\ReadHtmlCacheBehavior [ RunTime:0.000976s ]
INFO: [ app_begin ] --END-- [ RunTime:0.001126s ]
INFO: [ view_parse ] --START--
INFO: Run Behavior\ParseTemplateBehavior [ RunTime:0.000416s ]
INFO: [ view_parse ] --END-- [ RunTime:0.000579s ]
INFO: [ view_filter ] --START--
INFO: Run Behavior\WriteHtmlCacheBehavior [ RunTime:0.000352s ]
INFO: [ view_filter ] --END-- [ RunTime:0.000482s ]

[ 2015-07-15T10:01:50+08:00 ] 61.135.190.72 /
INFO: [ app_init ] --START--
INFO: Run Behavior\BuildLiteBehavior [ RunTime:0.000037s ]
INFO: [ app_init ] --END-- [ RunTime:0.000618s ]
INFO: [ app_begin ] --START--
INFO: Run Behavior\ReadHtmlCacheBehavior [ RunTime:0.000663s ]
INFO: [ app_begin ] --END-- [ RunTime:0.000772s ]
INFO: [ view_parse ] --START--
INFO: Run Behavior\ParseTemplateBehavior [ RunTime:0.000322s ]
INFO: [ view_parse ] --END-- [ RunTime:0.000480s ]
INFO: [ view_filter ] --START--
INFO: Run Behavior\WriteHtmlCacheBehavior [ RunTime:0.000328s ]
INFO: [ view_filter ] --END-- [ RunTime:0.000427s ]

[ 2015-07-15T13:18:36+08:00 ] 61.135.190.72 /
INFO: [ app_init ] --START--
INFO: Run Behavior\BuildLiteBehavior [ RunTime:0.000071s ]
INFO: [ app_init ] --END-- [ RunTime:0.020079s ]
INFO: [ app_begin ] --START--
INFO: Run Behavior\ReadHtmlCacheBehavior [ RunTime:0.023284s ]
INFO: [ app_begin ] --END-- [ RunTime:0.023496s ]
INFO: [ view_parse ] --START--
INFO: Run Behavior\ParseTemplateBehavior [ RunTime:0.036257s ]
INFO: [ view_parse ] --END-- [ RunTime:0.036432s ]
INFO: [ view_filter ] --START--
INFO: Run Behavior\WriteHtmlCacheBehavior [ RunTime:0.054497s ]
INFO: [ view_filter ] --END-- [ RunTime:0.054617s ]

[ 2015-07-15T15:59:25+08:00 ] 61.135.190.201 /
INFO: [ app_init ] --START--
INFO: Run Behavior\BuildLiteBehavior [ RunTime:0.000051s ]
INFO: [ app_init ] --END-- [ RunTime:0.000725s ]
INFO: [ app_begin ] --START--
INFO: Run Behavior\ReadHtmlCacheBehavior [ RunTime:0.000661s ]
INFO: [ app_begin ] --END-- [ RunTime:0.000775s ]
INFO: [ view_parse ] --START--
INFO: Run Behavior\ParseTemplateBehavior [ RunTime:0.000348s ]
INFO: [ view_parse ] --END-- [ RunTime:0.000478s ]
INFO: [ view_filter ] --START--
INFO: Run Behavior\WriteHtmlCacheBehavior [ RunTime:0.000290s ]
INFO: [ view_filter ] --END-- [ RunTime:0.000384s ]

[ 2015-07-15T16:42:14+08:00 ] 213.110.240.42 /
INFO: [ app_init ] --START--
INFO: Run Behavior\BuildLiteBehavior [ RunTime:0.000035s ]
INFO: [ app_init ] --END-- [ RunTime:0.000615s ]
INFO: [ app_begin ] --START--
INFO: Run Behavior\ReadHtmlCacheBehavior [ RunTime:0.000626s ]
INFO: [ app_begin ] --END-- [ RunTime:0.000720s ]
INFO: [ view_parse ] --START--
INFO: Run Behavior\ParseTemplateBehavior [ RunTime:0.000292s ]
INFO: [ view_parse ] --END-- [ RunTime:0.000394s ]
INFO: [ view_filter ] --START--
INFO: Run Behavior\WriteHtmlCacheBehavior [ RunTime:0.000261s ]
INFO: [ view_filter ] --END-- [ RunTime:0.000340s ]

[ 2015-07-15T20:13:26+08:00 ] 61.135.190.69 /
INFO: [ app_init ] --START--
INFO: Run Behavior\BuildLiteBehavior [ RunTime:0.000034s ]
INFO: [ app_init ] --END-- [ RunTime:0.000652s ]
INFO: [ app_begin ] --START--
INFO: Run Behavior\ReadHtmlCacheBehavior [ RunTime:0.000757s ]
INFO: [ app_begin ] --END-- [ RunTime:0.000891s ]
INFO: [ view_parse ] --START--
INFO: Run Behavior\ParseTemplateBehavior [ RunTime:0.011097s ]
INFO: [ view_parse ] --END-- [ RunTime:0.011261s ]
INFO: [ view_filter ] --START--
INFO: Run Behavior\WriteHtmlCacheBehavior [ RunTime:0.033338s ]
INFO: [ view_filter ] --END-- [ RunTime:0.033461s ]

