[ 2015-08-02T00:24:35+08:00 ] 61.135.190.199 /
INFO: [ app_init ] --START--
INFO: Run Behavior\BuildLiteBehavior [ RunTime:0.000038s ]
INFO: [ app_init ] --END-- [ RunTime:0.000639s ]
INFO: [ app_begin ] --START--
INFO: Run Behavior\ReadHtmlCacheBehavior [ RunTime:0.000775s ]
INFO: [ app_begin ] --END-- [ RunTime:0.000895s ]
INFO: [ view_parse ] --START--
INFO: Run Behavior\ParseTemplateBehavior [ RunTime:0.000412s ]
INFO: [ view_parse ] --END-- [ RunTime:0.000574s ]
INFO: [ view_filter ] --START--
INFO: Run Behavior\WriteHtmlCacheBehavior [ RunTime:0.000360s ]
INFO: [ view_filter ] --END-- [ RunTime:0.000483s ]

[ 2015-08-02T02:46:58+08:00 ] 61.135.190.201 /
INFO: [ app_init ] --START--
INFO: Run Behavior\BuildLiteBehavior [ RunTime:0.000059s ]
INFO: [ app_init ] --END-- [ RunTime:0.001119s ]
INFO: [ app_begin ] --START--
INFO: Run Behavior\ReadHtmlCacheBehavior [ RunTime:0.000759s ]
INFO: [ app_begin ] --END-- [ RunTime:0.000928s ]
INFO: [ view_parse ] --START--
INFO: Run Behavior\ParseTemplateBehavior [ RunTime:0.000481s ]
INFO: [ view_parse ] --END-- [ RunTime:0.000657s ]
INFO: [ view_filter ] --START--
INFO: Run Behavior\WriteHtmlCacheBehavior [ RunTime:0.000351s ]
INFO: [ view_filter ] --END-- [ RunTime:0.000480s ]

[ 2015-08-02T05:31:18+08:00 ] 222.186.31.57 /
INFO: [ app_init ] --START--
INFO: Run Behavior\BuildLiteBehavior [ RunTime:0.000038s ]
INFO: [ app_init ] --END-- [ RunTime:0.000622s ]
INFO: [ app_begin ] --START--
INFO: Run Behavior\ReadHtmlCacheBehavior [ RunTime:0.000981s ]
INFO: [ app_begin ] --END-- [ RunTime:0.001164s ]
INFO: [ view_parse ] --START--
INFO: Run Behavior\ParseTemplateBehavior [ RunTime:0.008655s ]
INFO: [ view_parse ] --END-- [ RunTime:0.008868s ]
INFO: [ view_filter ] --START--
INFO: Run Behavior\WriteHtmlCacheBehavior [ RunTime:0.000438s ]
INFO: [ view_filter ] --END-- [ RunTime:0.000573s ]

[ 2015-08-02T05:54:41+08:00 ] 61.135.190.201 /
INFO: [ app_init ] --START--
INFO: Run Behavior\BuildLiteBehavior [ RunTime:0.000056s ]
INFO: [ app_init ] --END-- [ RunTime:0.000936s ]
INFO: [ app_begin ] --START--
INFO: Run Behavior\ReadHtmlCacheBehavior [ RunTime:0.000978s ]
INFO: [ app_begin ] --END-- [ RunTime:0.001142s ]
INFO: [ view_parse ] --START--
INFO: Run Behavior\ParseTemplateBehavior [ RunTime:0.000441s ]
INFO: [ view_parse ] --END-- [ RunTime:0.000610s ]
INFO: [ view_filter ] --START--
INFO: Run Behavior\WriteHtmlCacheBehavior [ RunTime:0.000354s ]
INFO: [ view_filter ] --END-- [ RunTime:0.000480s ]

[ 2015-08-02T07:39:16+08:00 ] 141.212.122.59 proxytest.zmap.io:80
INFO: [ app_init ] --START--
INFO: Run Behavior\BuildLiteBehavior [ RunTime:0.000038s ]
INFO: [ app_init ] --END-- [ RunTime:0.000657s ]
INFO: [ app_begin ] --START--
INFO: Run Behavior\ReadHtmlCacheBehavior [ RunTime:0.000734s ]
INFO: [ app_begin ] --END-- [ RunTime:0.000836s ]
INFO: [ view_parse ] --START--
INFO: Run Behavior\ParseTemplateBehavior [ RunTime:0.000295s ]
INFO: [ view_parse ] --END-- [ RunTime:0.000402s ]
INFO: [ view_filter ] --START--
INFO: Run Behavior\WriteHtmlCacheBehavior [ RunTime:0.000303s ]
INFO: [ view_filter ] --END-- [ RunTime:0.000385s ]

[ 2015-08-02T07:39:16+08:00 ] 141.212.122.59 /
INFO: [ app_init ] --START--
INFO: Run Behavior\BuildLiteBehavior [ RunTime:0.000038s ]
INFO: [ app_init ] --END-- [ RunTime:0.000634s ]
INFO: [ app_begin ] --START--
INFO: Run Behavior\ReadHtmlCacheBehavior [ RunTime:0.000646s ]
INFO: [ app_begin ] --END-- [ RunTime:0.000744s ]
INFO: [ view_parse ] --START--
INFO: Run Behavior\ParseTemplateBehavior [ RunTime:0.000284s ]
INFO: [ view_parse ] --END-- [ RunTime:0.000386s ]
INFO: [ view_filter ] --START--
INFO: Run Behavior\WriteHtmlCacheBehavior [ RunTime:0.000248s ]
INFO: [ view_filter ] --END-- [ RunTime:0.000327s ]

[ 2015-08-02T08:36:37+08:00 ] 61.135.190.199 /
INFO: [ app_init ] --START--
INFO: Run Behavior\BuildLiteBehavior [ RunTime:0.000038s ]
INFO: [ app_init ] --END-- [ RunTime:0.000637s ]
INFO: [ app_begin ] --START--
INFO: Run Behavior\ReadHtmlCacheBehavior [ RunTime:0.000636s ]
INFO: [ app_begin ] --END-- [ RunTime:0.000744s ]
INFO: [ view_parse ] --START--
INFO: Run Behavior\ParseTemplateBehavior [ RunTime:0.000286s ]
INFO: [ view_parse ] --END-- [ RunTime:0.000389s ]
INFO: [ view_filter ] --START--
INFO: Run Behavior\WriteHtmlCacheBehavior [ RunTime:0.000245s ]
INFO: [ view_filter ] --END-- [ RunTime:0.000326s ]

[ 2015-08-02T11:39:25+08:00 ] 61.135.190.201 /
INFO: [ app_init ] --START--
INFO: Run Behavior\BuildLiteBehavior [ RunTime:0.000066s ]
INFO: [ app_init ] --END-- [ RunTime:0.013398s ]
INFO: [ app_begin ] --START--
INFO: Run Behavior\ReadHtmlCacheBehavior [ RunTime:0.001515s ]
INFO: [ app_begin ] --END-- [ RunTime:0.001657s ]
INFO: [ view_parse ] --START--
INFO: Run Behavior\ParseTemplateBehavior [ RunTime:0.013435s ]
INFO: [ view_parse ] --END-- [ RunTime:0.013642s ]
INFO: [ view_filter ] --START--
INFO: Run Behavior\WriteHtmlCacheBehavior [ RunTime:0.037652s ]
INFO: [ view_filter ] --END-- [ RunTime:0.037793s ]

[ 2015-08-02T14:15:15+08:00 ] 61.135.190.199 /
INFO: [ app_init ] --START--
INFO: Run Behavior\BuildLiteBehavior [ RunTime:0.000056s ]
INFO: [ app_init ] --END-- [ RunTime:0.001851s ]
INFO: [ app_begin ] --START--
INFO: Run Behavior\ReadHtmlCacheBehavior [ RunTime:0.021502s ]
INFO: [ app_begin ] --END-- [ RunTime:0.021748s ]
INFO: [ view_parse ] --START--
INFO: Run Behavior\ParseTemplateBehavior [ RunTime:0.097471s ]
INFO: [ view_parse ] --END-- [ RunTime:0.097669s ]
INFO: [ view_filter ] --START--
INFO: Run Behavior\WriteHtmlCacheBehavior [ RunTime:0.002984s ]
INFO: [ view_filter ] --END-- [ RunTime:0.003139s ]

[ 2015-08-02T14:19:47+08:00 ] 61.240.144.64 /
INFO: [ app_init ] --START--
INFO: Run Behavior\BuildLiteBehavior [ RunTime:0.000039s ]
INFO: [ app_init ] --END-- [ RunTime:0.000656s ]
INFO: [ app_begin ] --START--
INFO: Run Behavior\ReadHtmlCacheBehavior [ RunTime:0.000658s ]
INFO: [ app_begin ] --END-- [ RunTime:0.000757s ]
INFO: [ view_parse ] --START--
INFO: Run Behavior\ParseTemplateBehavior [ RunTime:0.000288s ]
INFO: [ view_parse ] --END-- [ RunTime:0.000394s ]
INFO: [ view_filter ] --START--
INFO: Run Behavior\WriteHtmlCacheBehavior [ RunTime:0.000256s ]
INFO: [ view_filter ] --END-- [ RunTime:0.000336s ]

[ 2015-08-02T20:21:38+08:00 ] 61.135.190.69 /
INFO: [ app_init ] --START--
INFO: Run Behavior\BuildLiteBehavior [ RunTime:0.000067s ]
INFO: [ app_init ] --END-- [ RunTime:0.001598s ]
INFO: [ app_begin ] --START--
INFO: Run Behavior\ReadHtmlCacheBehavior [ RunTime:0.001721s ]
INFO: [ app_begin ] --END-- [ RunTime:0.001876s ]
INFO: [ view_parse ] --START--
INFO: Run Behavior\ParseTemplateBehavior [ RunTime:0.023004s ]
INFO: [ view_parse ] --END-- [ RunTime:0.023221s ]
INFO: [ view_filter ] --START--
INFO: Run Behavior\WriteHtmlCacheBehavior [ RunTime:0.048602s ]
INFO: [ view_filter ] --END-- [ RunTime:0.048781s ]

