[ 2015-05-04T22:59:28+08:00 ] 127.0.0.1 /Company/home/index.html
INFO: [ app_init ] --START--
INFO: Run Behavior\BuildLiteBehavior [ RunTime:0.000025s ]
INFO: [ app_init ] --END-- [ RunTime:0.000629s ]
INFO: [ app_begin ] --START--
INFO: Run Behavior\ReadHtmlCacheBehavior [ RunTime:0.000855s ]
INFO: [ app_begin ] --END-- [ RunTime:0.000957s ]
SQL: SHOW COLUMNS FROM `data_pageview` [ RunTime:0.0155s ]
SQL: SHOW COLUMNS FROM `data_systems` [ RunTime:0.0144s ]
SQL: SELECT `title`,`keywords`,`description` FROM `data_pageview` WHERE ( c_code ='Index' ) LIMIT 1   [ RunTime:0.0012s ]
SQL: SHOW COLUMNS FROM `data_release` [ RunTime:0.0098s ]
SQL: SELECT `rela_name`,`rela_img`,`rela_url` FROM `data_release` WHERE rela_status = 1 ORDER BY  rela_sort desc ,autoid desc LIMIT 0,3   [ RunTime:0.0005s ]
SQL: SHOW COLUMNS FROM `data_news` [ RunTime:0.0101s ]
SQL: SELECT `autoid`,`news_name`,`news_image` FROM `data_news` WHERE  news_type = 22 ORDER BY  news_sort desc,autoid desc LIMIT 0,8   [ RunTime:0.4546s ]
INFO: [ view_parse ] --START--
INFO: [ template_filter ] --START--
INFO: Run Behavior\ContentReplaceBehavior [ RunTime:0.000095s ]
INFO: [ template_filter ] --END-- [ RunTime:0.000194s ]
INFO: Run Behavior\ParseTemplateBehavior [ RunTime:0.014966s ]
INFO: [ view_parse ] --END-- [ RunTime:0.015072s ]
INFO: [ view_filter ] --START--
INFO: Run Behavior\WriteHtmlCacheBehavior [ RunTime:0.000461s ]
INFO: [ view_filter ] --END-- [ RunTime:0.000540s ]
INFO: [ app_end ] --START--
INFO: Run Behavior\ShowPageTraceBehavior [ RunTime:0.000780s ]
INFO: [ app_end ] --END-- [ RunTime:0.000861s ]

