[ 2015-05-10T01:16:54+08:00 ] 52.1.74.3 /
INFO: [ app_init ] --START--
INFO: Run Behavior\BuildLiteBehavior [ RunTime:0.000073s ]
INFO: [ app_init ] --END-- [ RunTime:0.046814s ]
INFO: [ app_begin ] --START--
INFO: Run Behavior\ReadHtmlCacheBehavior [ RunTime:0.230453s ]
INFO: [ app_begin ] --END-- [ RunTime:0.230665s ]
INFO: [ view_parse ] --START--
INFO: Run Behavior\ParseTemplateBehavior [ RunTime:0.483753s ]
INFO: [ view_parse ] --END-- [ RunTime:0.483920s ]
INFO: [ view_filter ] --START--
INFO: Run Behavior\WriteHtmlCacheBehavior [ RunTime:0.031812s ]
INFO: [ view_filter ] --END-- [ RunTime:0.031944s ]

[ 2015-05-10T04:29:37+08:00 ] 46.118.16.240 /
INFO: [ app_init ] --START--
INFO: Run Behavior\BuildLiteBehavior [ RunTime:0.000066s ]
INFO: [ app_init ] --END-- [ RunTime:0.011560s ]
INFO: [ app_begin ] --START--
INFO: Run Behavior\ReadHtmlCacheBehavior [ RunTime:0.349558s ]
INFO: [ app_begin ] --END-- [ RunTime:0.349782s ]
INFO: [ view_parse ] --START--
INFO: Run Behavior\ParseTemplateBehavior [ RunTime:0.056473s ]
INFO: [ view_parse ] --END-- [ RunTime:0.056697s ]
INFO: [ view_filter ] --START--
INFO: Run Behavior\WriteHtmlCacheBehavior [ RunTime:0.015614s ]
INFO: [ view_filter ] --END-- [ RunTime:0.015781s ]

