[ 2015-06-01T11:48:21+08:00 ] 178.19.104.138 /
INFO: [ app_init ] --START--
INFO: Run Behavior\BuildLiteBehavior [ RunTime:0.000043s ]
INFO: [ app_init ] --END-- [ RunTime:0.001480s ]
INFO: [ app_begin ] --START--
INFO: Run Behavior\ReadHtmlCacheBehavior [ RunTime:0.001621s ]
INFO: [ app_begin ] --END-- [ RunTime:0.001762s ]
INFO: [ view_parse ] --START--
INFO: Run Behavior\ParseTemplateBehavior [ RunTime:0.111362s ]
INFO: [ view_parse ] --END-- [ RunTime:0.111556s ]
INFO: [ view_filter ] --START--
INFO: Run Behavior\WriteHtmlCacheBehavior [ RunTime:0.012795s ]
INFO: [ view_filter ] --END-- [ RunTime:0.012917s ]

[ 2015-06-01T20:03:57+08:00 ] 63.141.251.234 /
INFO: [ app_init ] --START--
INFO: Run Behavior\BuildLiteBehavior [ RunTime:0.000071s ]
INFO: [ app_init ] --END-- [ RunTime:0.017040s ]
INFO: [ app_begin ] --START--
INFO: Run Behavior\ReadHtmlCacheBehavior [ RunTime:0.047307s ]
INFO: [ app_begin ] --END-- [ RunTime:0.047614s ]
INFO: [ view_parse ] --START--
INFO: Run Behavior\ParseTemplateBehavior [ RunTime:0.078233s ]
INFO: [ view_parse ] --END-- [ RunTime:0.078430s ]
INFO: [ view_filter ] --START--
INFO: Run Behavior\WriteHtmlCacheBehavior [ RunTime:0.067516s ]
INFO: [ view_filter ] --END-- [ RunTime:0.067713s ]

