[ 2015-05-30T00:07:48+08:00 ] 141.212.122.194 /
INFO: [ app_init ] --START--
INFO: Run Behavior\BuildLiteBehavior [ RunTime:0.000037s ]
INFO: [ app_init ] --END-- [ RunTime:0.000607s ]
INFO: [ app_begin ] --START--
INFO: Run Behavior\ReadHtmlCacheBehavior [ RunTime:0.000630s ]
INFO: [ app_begin ] --END-- [ RunTime:0.000726s ]
INFO: [ view_parse ] --START--
INFO: Run Behavior\ParseTemplateBehavior [ RunTime:0.000367s ]
INFO: [ view_parse ] --END-- [ RunTime:0.000476s ]
INFO: [ view_filter ] --START--
INFO: Run Behavior\WriteHtmlCacheBehavior [ RunTime:0.000295s ]
INFO: [ view_filter ] --END-- [ RunTime:0.000392s ]

[ 2015-05-30T08:36:08+08:00 ] 94.102.49.54 /
INFO: [ app_init ] --START--
INFO: Run Behavior\BuildLiteBehavior [ RunTime:0.000049s ]
INFO: [ app_init ] --END-- [ RunTime:0.025039s ]
INFO: [ app_begin ] --START--
INFO: Run Behavior\ReadHtmlCacheBehavior [ RunTime:0.014065s ]
INFO: [ app_begin ] --END-- [ RunTime:0.014297s ]
INFO: [ view_parse ] --START--
INFO: Run Behavior\ParseTemplateBehavior [ RunTime:0.052413s ]
INFO: [ view_parse ] --END-- [ RunTime:0.052639s ]
INFO: [ view_filter ] --START--
INFO: Run Behavior\WriteHtmlCacheBehavior [ RunTime:0.002705s ]
INFO: [ view_filter ] --END-- [ RunTime:0.002847s ]

[ 2015-05-30T15:21:34+08:00 ] 141.212.122.146 google.com:443
INFO: [ app_init ] --START--
INFO: Run Behavior\BuildLiteBehavior [ RunTime:0.000042s ]
INFO: [ app_init ] --END-- [ RunTime:0.001809s ]
INFO: [ app_begin ] --START--
INFO: Run Behavior\ReadHtmlCacheBehavior [ RunTime:0.001844s ]
INFO: [ app_begin ] --END-- [ RunTime:0.001977s ]
INFO: [ view_parse ] --START--
INFO: Run Behavior\ParseTemplateBehavior [ RunTime:0.038045s ]
INFO: [ view_parse ] --END-- [ RunTime:0.038203s ]
INFO: [ view_filter ] --START--
INFO: Run Behavior\WriteHtmlCacheBehavior [ RunTime:0.001045s ]
INFO: [ view_filter ] --END-- [ RunTime:0.001131s ]

