[ 2015-05-08T04:31:39+08:00 ] 91.217.144.254 /
INFO: [ app_init ] --START--
INFO: Run Behavior\BuildLiteBehavior [ RunTime:0.000061s ]
INFO: [ app_init ] --END-- [ RunTime:0.005364s ]
INFO: [ app_begin ] --START--
INFO: Run Behavior\ReadHtmlCacheBehavior [ RunTime:0.083261s ]
INFO: [ app_begin ] --END-- [ RunTime:0.083409s ]
INFO: [ app_end ] --START--
INFO: Run Behavior\ShowPageTraceBehavior [ RunTime:0.015385s ]
INFO: [ app_end ] --END-- [ RunTime:0.015562s ]

[ 2015-05-08T09:30:46+08:00 ] 58.20.172.11 /
INFO: [ app_init ] --START--
INFO: Run Behavior\BuildLiteBehavior [ RunTime:0.000031s ]
INFO: [ app_init ] --END-- [ RunTime:0.000598s ]
INFO: [ app_begin ] --START--
INFO: Run Behavior\ReadHtmlCacheBehavior [ RunTime:0.062629s ]
INFO: [ app_begin ] --END-- [ RunTime:0.062808s ]
INFO: [ app_end ] --START--
INFO: Run Behavior\ShowPageTraceBehavior [ RunTime:0.047956s ]
INFO: [ app_end ] --END-- [ RunTime:0.048111s ]

[ 2015-05-08T09:38:46+08:00 ] 58.20.172.11 /
INFO: [ app_init ] --START--
INFO: Run Behavior\BuildLiteBehavior [ RunTime:0.000027s ]
INFO: [ app_init ] --END-- [ RunTime:0.000574s ]
INFO: [ app_begin ] --START--
INFO: Run Behavior\ReadHtmlCacheBehavior [ RunTime:0.000660s ]
INFO: [ app_begin ] --END-- [ RunTime:0.000749s ]
INFO: [ app_end ] --START--
INFO: Run Behavior\ShowPageTraceBehavior [ RunTime:0.000873s ]
INFO: [ app_end ] --END-- [ RunTime:0.000996s ]

[ 2015-05-08T09:38:51+08:00 ] 58.20.172.11 /
INFO: [ app_init ] --START--
INFO: Run Behavior\BuildLiteBehavior [ RunTime:0.000029s ]
INFO: [ app_init ] --END-- [ RunTime:0.000580s ]
INFO: [ app_begin ] --START--
INFO: Run Behavior\ReadHtmlCacheBehavior [ RunTime:0.000665s ]
INFO: [ app_begin ] --END-- [ RunTime:0.000754s ]
INFO: [ app_end ] --START--
INFO: Run Behavior\ShowPageTraceBehavior [ RunTime:0.001205s ]
INFO: [ app_end ] --END-- [ RunTime:0.001370s ]

[ 2015-05-08T09:38:53+08:00 ] 58.20.172.11 /
INFO: [ app_init ] --START--
INFO: Run Behavior\BuildLiteBehavior [ RunTime:0.000042s ]
INFO: [ app_init ] --END-- [ RunTime:0.000822s ]
INFO: [ app_begin ] --START--
INFO: Run Behavior\ReadHtmlCacheBehavior [ RunTime:0.000928s ]
INFO: [ app_begin ] --END-- [ RunTime:0.001053s ]
INFO: [ app_end ] --START--
INFO: Run Behavior\ShowPageTraceBehavior [ RunTime:0.000744s ]
INFO: [ app_end ] --END-- [ RunTime:0.000847s ]

[ 2015-05-08T09:38:59+08:00 ] 58.20.172.11 /
INFO: [ app_init ] --START--
INFO: Run Behavior\BuildLiteBehavior [ RunTime:0.000030s ]
INFO: [ app_init ] --END-- [ RunTime:0.000590s ]
INFO: [ app_begin ] --START--
INFO: Run Behavior\ReadHtmlCacheBehavior [ RunTime:0.000724s ]
INFO: [ app_begin ] --END-- [ RunTime:0.000834s ]
INFO: [ app_end ] --START--
INFO: Run Behavior\ShowPageTraceBehavior [ RunTime:0.000758s ]
INFO: [ app_end ] --END-- [ RunTime:0.000864s ]

[ 2015-05-08T09:39:02+08:00 ] 58.20.172.11 /
INFO: [ app_init ] --START--
INFO: Run Behavior\BuildLiteBehavior [ RunTime:0.000044s ]
INFO: [ app_init ] --END-- [ RunTime:0.000678s ]
INFO: [ app_begin ] --START--
INFO: Run Behavior\ReadHtmlCacheBehavior [ RunTime:0.000879s ]
INFO: [ app_begin ] --END-- [ RunTime:0.001003s ]
INFO: [ app_end ] --START--
INFO: Run Behavior\ShowPageTraceBehavior [ RunTime:0.000754s ]
INFO: [ app_end ] --END-- [ RunTime:0.000859s ]

[ 2015-05-08T09:39:06+08:00 ] 58.20.172.11 /
INFO: [ app_init ] --START--
INFO: Run Behavior\BuildLiteBehavior [ RunTime:0.000031s ]
INFO: [ app_init ] --END-- [ RunTime:0.000627s ]
INFO: [ app_begin ] --START--
INFO: Run Behavior\ReadHtmlCacheBehavior [ RunTime:0.000809s ]
INFO: [ app_begin ] --END-- [ RunTime:0.000911s ]
INFO: [ app_end ] --START--
INFO: Run Behavior\ShowPageTraceBehavior [ RunTime:0.000817s ]
INFO: [ app_end ] --END-- [ RunTime:0.000935s ]

[ 2015-05-08T09:39:10+08:00 ] 58.20.172.11 /
INFO: [ app_init ] --START--
INFO: Run Behavior\BuildLiteBehavior [ RunTime:0.000031s ]
INFO: [ app_init ] --END-- [ RunTime:0.000596s ]
INFO: [ app_begin ] --START--
INFO: Run Behavior\ReadHtmlCacheBehavior [ RunTime:0.000675s ]
INFO: [ app_begin ] --END-- [ RunTime:0.000763s ]
INFO: [ app_end ] --START--
INFO: Run Behavior\ShowPageTraceBehavior [ RunTime:0.000708s ]
INFO: [ app_end ] --END-- [ RunTime:0.000798s ]

[ 2015-05-08T09:41:54+08:00 ] 58.20.172.11 /
INFO: [ app_init ] --START--
INFO: Run Behavior\BuildLiteBehavior [ RunTime:0.000039s ]
INFO: [ app_init ] --END-- [ RunTime:0.000721s ]
INFO: [ app_begin ] --START--
INFO: Run Behavior\ReadHtmlCacheBehavior [ RunTime:0.000728s ]
INFO: [ app_begin ] --END-- [ RunTime:0.000835s ]
INFO: [ app_end ] --START--
INFO: Run Behavior\ShowPageTraceBehavior [ RunTime:0.001074s ]
INFO: [ app_end ] --END-- [ RunTime:0.001287s ]

[ 2015-05-08T09:41:59+08:00 ] 58.20.172.11 /
INFO: [ app_init ] --START--
INFO: Run Behavior\BuildLiteBehavior [ RunTime:0.000035s ]
INFO: [ app_init ] --END-- [ RunTime:0.000604s ]
INFO: [ app_begin ] --START--
INFO: Run Behavior\ReadHtmlCacheBehavior [ RunTime:0.000696s ]
INFO: [ app_begin ] --END-- [ RunTime:0.000806s ]
INFO: [ app_end ] --START--
INFO: Run Behavior\ShowPageTraceBehavior [ RunTime:0.000761s ]
INFO: [ app_end ] --END-- [ RunTime:0.000902s ]

[ 2015-05-08T09:47:04+08:00 ] 58.20.172.11 /
INFO: [ app_init ] --START--
INFO: Run Behavior\BuildLiteBehavior [ RunTime:0.000053s ]
INFO: [ app_init ] --END-- [ RunTime:0.000717s ]
INFO: [ app_begin ] --START--
INFO: Run Behavior\ReadHtmlCacheBehavior [ RunTime:0.000715s ]
INFO: [ app_begin ] --END-- [ RunTime:0.000833s ]
SQL: SHOW COLUMNS FROM `data_pageview` [ RunTime:0.0130s ]
SQL: SHOW COLUMNS FROM `data_systems` [ RunTime:0.0060s ]
SQL: SHOW COLUMNS FROM `data_prodtype` [ RunTime:0.0057s ]
SQL: SELECT `autoid`,`ty_name` FROM `data_prodtype` WHERE ty_subid = 0 ORDER BY  ty_sort desc ,autoid desc  LIMIT 0,6   [ RunTime:0.0007s ]
INFO: [ app_end ] --START--
INFO: Run Behavior\ShowPageTraceBehavior [ RunTime:0.001054s ]
INFO: [ app_end ] --END-- [ RunTime:0.001214s ]

[ 2015-05-08T09:47:09+08:00 ] 58.20.172.11 /
INFO: [ app_init ] --START--
INFO: Run Behavior\BuildLiteBehavior [ RunTime:0.000035s ]
INFO: [ app_init ] --END-- [ RunTime:0.000606s ]
INFO: [ app_begin ] --START--
INFO: Run Behavior\ReadHtmlCacheBehavior [ RunTime:0.000650s ]
INFO: [ app_begin ] --END-- [ RunTime:0.000771s ]
SQL: SHOW COLUMNS FROM `data_pageview` [ RunTime:0.0109s ]
SQL: SHOW COLUMNS FROM `data_systems` [ RunTime:0.0066s ]
SQL: SHOW COLUMNS FROM `data_prodtype` [ RunTime:0.0057s ]
SQL: SELECT `autoid`,`ty_name` FROM `data_prodtype` WHERE ty_subid = 0 ORDER BY  ty_sort desc ,autoid desc  LIMIT 0,6   [ RunTime:0.0004s ]
INFO: [ app_end ] --START--
INFO: Run Behavior\ShowPageTraceBehavior [ RunTime:0.000723s ]
INFO: [ app_end ] --END-- [ RunTime:0.000823s ]

[ 2015-05-08T09:47:23+08:00 ] 58.20.172.11 /index.php
INFO: [ app_init ] --START--
INFO: Run Behavior\BuildLiteBehavior [ RunTime:0.000047s ]
INFO: [ app_init ] --END-- [ RunTime:0.000801s ]
INFO: [ app_begin ] --START--
INFO: Run Behavior\ReadHtmlCacheBehavior [ RunTime:0.000831s ]
INFO: [ app_begin ] --END-- [ RunTime:0.000975s ]
SQL: SHOW COLUMNS FROM `data_pageview` [ RunTime:0.0099s ]
SQL: SHOW COLUMNS FROM `data_systems` [ RunTime:0.0043s ]
SQL: SHOW COLUMNS FROM `data_prodtype` [ RunTime:0.0037s ]
SQL: SELECT `autoid`,`ty_name` FROM `data_prodtype` WHERE ty_subid = 0 ORDER BY  ty_sort desc ,autoid desc  LIMIT 0,6   [ RunTime:0.0004s ]
INFO: [ app_end ] --START--
INFO: Run Behavior\ShowPageTraceBehavior [ RunTime:0.000801s ]
INFO: [ app_end ] --END-- [ RunTime:0.000901s ]

[ 2015-05-08T09:53:44+08:00 ] 58.20.172.11 /index.php
INFO: [ app_init ] --START--
INFO: Run Behavior\BuildLiteBehavior [ RunTime:0.000036s ]
INFO: [ app_init ] --END-- [ RunTime:0.000601s ]
INFO: [ app_begin ] --START--
INFO: Run Behavior\ReadHtmlCacheBehavior [ RunTime:0.000652s ]
INFO: [ app_begin ] --END-- [ RunTime:0.000757s ]
INFO: [ view_parse ] --START--
INFO: Run Behavior\ParseTemplateBehavior [ RunTime:0.066144s ]
INFO: [ view_parse ] --END-- [ RunTime:0.066356s ]
INFO: [ view_filter ] --START--
INFO: Run Behavior\WriteHtmlCacheBehavior [ RunTime:0.017962s ]
INFO: [ view_filter ] --END-- [ RunTime:0.018084s ]

[ 2015-05-08T09:54:16+08:00 ] 58.20.172.11 /
INFO: [ app_init ] --START--
INFO: Run Behavior\BuildLiteBehavior [ RunTime:0.000038s ]
INFO: [ app_init ] --END-- [ RunTime:0.000750s ]
INFO: [ app_begin ] --START--
INFO: Run Behavior\ReadHtmlCacheBehavior [ RunTime:0.000695s ]
INFO: [ app_begin ] --END-- [ RunTime:0.000802s ]
SQL: SHOW COLUMNS FROM `data_pageview` [ RunTime:0.0085s ]
SQL: SHOW COLUMNS FROM `data_systems` [ RunTime:0.0080s ]
SQL: SHOW COLUMNS FROM `data_prodtype` [ RunTime:0.0047s ]
SQL: SELECT `autoid`,`ty_name` FROM `data_prodtype` WHERE ty_subid = 0 ORDER BY  ty_sort desc ,autoid desc  LIMIT 0,6   [ RunTime:0.0005s ]
SQL: SELECT `title`,`c_name`,`c_image`,`keywords`,`description` FROM `data_pageview` WHERE ( c_code = 'Index' ) LIMIT 1   [ RunTime:0.0012s ]
SQL: SHOW COLUMNS FROM `data_release` [ RunTime:0.0058s ]
SQL: SELECT `rela_name`,`rela_img`,`rela_url` FROM `data_release` WHERE rela_status = 1 ORDER BY  rela_sort desc ,autoid desc LIMIT 0,3   [ RunTime:0.0020s ]
SQL: SHOW COLUMNS FROM `data_productview` [ RunTime:0.0084s ]
SQL: SELECT `autoid`,`prod_name`,`img_url` FROM `data_productview` ORDER BY prod_sort desc,autoid desc LIMIT 12   [ RunTime:0.0016s ]
INFO: [ view_parse ] --START--
INFO: [ template_filter ] --START--
INFO: Run Behavior\ContentReplaceBehavior [ RunTime:0.000094s ]
INFO: [ template_filter ] --END-- [ RunTime:0.000235s ]
INFO: Run Behavior\ParseTemplateBehavior [ RunTime:0.478604s ]
INFO: [ view_parse ] --END-- [ RunTime:0.478783s ]
INFO: [ view_filter ] --START--
INFO: Run Behavior\WriteHtmlCacheBehavior [ RunTime:0.000319s ]
INFO: [ view_filter ] --END-- [ RunTime:0.000427s ]
INFO: [ app_end ] --START--
INFO: Run Behavior\ShowPageTraceBehavior [ RunTime:0.000733s ]
INFO: [ app_end ] --END-- [ RunTime:0.000849s ]

[ 2015-05-08T09:56:53+08:00 ] 58.20.172.11 /
INFO: [ app_init ] --START--
INFO: Run Behavior\BuildLiteBehavior [ RunTime:0.000038s ]
INFO: [ app_init ] --END-- [ RunTime:0.000667s ]
INFO: [ app_begin ] --START--
INFO: Run Behavior\ReadHtmlCacheBehavior [ RunTime:0.000959s ]
INFO: [ app_begin ] --END-- [ RunTime:0.001110s ]
SQL: SHOW COLUMNS FROM `data_pageview` [ RunTime:0.0091s ]
SQL: SHOW COLUMNS FROM `data_systems` [ RunTime:0.0048s ]
SQL: SHOW COLUMNS FROM `data_prodtype` [ RunTime:0.0048s ]
SQL: SELECT `autoid`,`ty_name` FROM `data_prodtype` WHERE ty_subid = 0 ORDER BY  ty_sort desc ,autoid desc  LIMIT 0,6   [ RunTime:0.0004s ]
SQL: SELECT `title`,`c_name`,`c_image`,`keywords`,`description` FROM `data_pageview` WHERE ( c_code = 'Index' ) LIMIT 1   [ RunTime:0.0004s ]
SQL: SHOW COLUMNS FROM `data_release` [ RunTime:0.0059s ]
SQL: SELECT `rela_name`,`rela_img`,`rela_url` FROM `data_release` WHERE rela_status = 1 ORDER BY  rela_sort desc ,autoid desc LIMIT 0,3   [ RunTime:0.0005s ]
SQL: SHOW COLUMNS FROM `data_productview` [ RunTime:0.0083s ]
SQL: SELECT `autoid`,`prod_name`,`img_url` FROM `data_productview` ORDER BY prod_sort desc,autoid desc LIMIT 12   [ RunTime:0.0441s ]
INFO: [ view_parse ] --START--
INFO: [ template_filter ] --START--
INFO: Run Behavior\ContentReplaceBehavior [ RunTime:0.000086s ]
INFO: [ template_filter ] --END-- [ RunTime:0.000215s ]
INFO: Run Behavior\ParseTemplateBehavior [ RunTime:0.015080s ]
INFO: [ view_parse ] --END-- [ RunTime:0.015217s ]
INFO: [ view_filter ] --START--
INFO: Run Behavior\WriteHtmlCacheBehavior [ RunTime:0.000259s ]
INFO: [ view_filter ] --END-- [ RunTime:0.000346s ]
INFO: [ app_end ] --START--
INFO: Run Behavior\ShowPageTraceBehavior [ RunTime:0.000764s ]
INFO: [ app_end ] --END-- [ RunTime:0.000898s ]

[ 2015-05-08T09:56:58+08:00 ] 58.20.172.11 /home/prodshow/index/id/46
INFO: [ app_init ] --START--
INFO: Run Behavior\BuildLiteBehavior [ RunTime:0.000037s ]
INFO: [ app_init ] --END-- [ RunTime:0.000685s ]
INFO: [ app_begin ] --START--
INFO: Run Behavior\ReadHtmlCacheBehavior [ RunTime:0.000621s ]
INFO: [ app_begin ] --END-- [ RunTime:0.000718s ]
SQL: SHOW COLUMNS FROM `data_pageview` [ RunTime:0.0094s ]
SQL: SHOW COLUMNS FROM `data_systems` [ RunTime:0.0058s ]
SQL: SHOW COLUMNS FROM `data_prodtype` [ RunTime:0.0049s ]
SQL: SELECT `autoid`,`ty_name` FROM `data_prodtype` WHERE ty_subid = 0 ORDER BY  ty_sort desc ,autoid desc  LIMIT 0,6   [ RunTime:0.0015s ]
SQL: SHOW COLUMNS FROM `data_productview` [ RunTime:0.0096s ]
SQL: SELECT * FROM `data_productview` WHERE ( autoid =46 ) LIMIT 1   [ RunTime:0.0015s ]
SQL: SELECT `autoid`,`prod_name`,`img_url` FROM `data_productview` WHERE  (autoid > 46 or autoid < 46) ORDER BY  prod_sort desc ,autoid desc  LIMIT 0,6   [ RunTime:0.0012s ]
INFO: [ view_parse ] --START--
INFO: [ template_filter ] --START--
INFO: Run Behavior\ContentReplaceBehavior [ RunTime:0.000085s ]
INFO: [ template_filter ] --END-- [ RunTime:0.003220s ]
INFO: Run Behavior\ParseTemplateBehavior [ RunTime:0.051693s ]
INFO: [ view_parse ] --END-- [ RunTime:0.051909s ]
INFO: [ view_filter ] --START--
INFO: Run Behavior\WriteHtmlCacheBehavior [ RunTime:0.000377s ]
INFO: [ view_filter ] --END-- [ RunTime:0.000523s ]
INFO: [ app_end ] --START--
INFO: Run Behavior\ShowPageTraceBehavior [ RunTime:0.000885s ]
INFO: [ app_end ] --END-- [ RunTime:0.001035s ]

[ 2015-05-08T09:56:59+08:00 ] 58.20.172.11 /home/prodshow/index/id/uploadfile/smallimg/150505/150505131025426.jpg
INFO: [ app_init ] --START--
INFO: Run Behavior\BuildLiteBehavior [ RunTime:0.000036s ]
INFO: [ app_init ] --END-- [ RunTime:0.000614s ]

[ 2015-05-08T09:57:13+08:00 ] 58.20.172.11 /home/prodshow/index/id/uploadfile/smallimg/150505/150505124925256.jpg
INFO: [ app_init ] --START--
INFO: Run Behavior\BuildLiteBehavior [ RunTime:0.000038s ]
INFO: [ app_init ] --END-- [ RunTime:0.000649s ]

[ 2015-05-08T09:57:13+08:00 ] 58.20.172.11 /home/prodshow/index/id/uploadfile/smallimg/150505/150505130914496.jpg
INFO: [ app_init ] --START--
INFO: Run Behavior\BuildLiteBehavior [ RunTime:0.000056s ]
INFO: [ app_init ] --END-- [ RunTime:0.000911s ]

[ 2015-05-08T09:57:14+08:00 ] 58.20.172.11 /home/prodshow/index/id/uploadfile/smallimg/150505/150505130732543.jpg
INFO: [ app_init ] --START--
INFO: Run Behavior\BuildLiteBehavior [ RunTime:0.000038s ]
INFO: [ app_init ] --END-- [ RunTime:0.000657s ]

[ 2015-05-08T09:57:15+08:00 ] 58.20.172.11 /home/prodshow/index/id/uploadfile/smallimg/150505/150505130331347.jpg
INFO: [ app_init ] --START--
INFO: Run Behavior\BuildLiteBehavior [ RunTime:0.000060s ]
INFO: [ app_init ] --END-- [ RunTime:0.000964s ]

[ 2015-05-08T09:57:17+08:00 ] 58.20.172.11 /home/prodshow/index/id/uploadfile/smallimg/150505/150505130014912.jpg
INFO: [ app_init ] --START--
INFO: Run Behavior\BuildLiteBehavior [ RunTime:0.000037s ]
INFO: [ app_init ] --END-- [ RunTime:0.000618s ]

[ 2015-05-08T09:57:35+08:00 ] 58.20.172.11 /home/prodshow/index/id/52
INFO: [ app_init ] --START--
INFO: Run Behavior\BuildLiteBehavior [ RunTime:0.000055s ]
INFO: [ app_init ] --END-- [ RunTime:0.000957s ]
INFO: [ app_begin ] --START--
INFO: Run Behavior\ReadHtmlCacheBehavior [ RunTime:0.000967s ]
INFO: [ app_begin ] --END-- [ RunTime:0.001115s ]
SQL: SHOW COLUMNS FROM `data_pageview` [ RunTime:0.0088s ]
SQL: SHOW COLUMNS FROM `data_systems` [ RunTime:0.0044s ]
SQL: SHOW COLUMNS FROM `data_prodtype` [ RunTime:0.0050s ]
SQL: SELECT `autoid`,`ty_name` FROM `data_prodtype` WHERE ty_subid = 0 ORDER BY  ty_sort desc ,autoid desc  LIMIT 0,6   [ RunTime:0.0005s ]
SQL: SHOW COLUMNS FROM `data_productview` [ RunTime:0.0074s ]
SQL: SELECT * FROM `data_productview` WHERE ( autoid =52 ) LIMIT 1   [ RunTime:0.0044s ]
SQL: SELECT `autoid`,`prod_name`,`img_url` FROM `data_productview` WHERE  (autoid > 52 or autoid < 52) ORDER BY  prod_sort desc ,autoid desc  LIMIT 0,6   [ RunTime:0.0019s ]
INFO: [ view_parse ] --START--
INFO: [ template_filter ] --START--
INFO: Run Behavior\ContentReplaceBehavior [ RunTime:0.000084s ]
INFO: [ template_filter ] --END-- [ RunTime:0.000225s ]
INFO: Run Behavior\ParseTemplateBehavior [ RunTime:0.016089s ]
INFO: [ view_parse ] --END-- [ RunTime:0.016238s ]
INFO: [ view_filter ] --START--
INFO: Run Behavior\WriteHtmlCacheBehavior [ RunTime:0.000273s ]
INFO: [ view_filter ] --END-- [ RunTime:0.000375s ]
INFO: [ app_end ] --START--
INFO: Run Behavior\ShowPageTraceBehavior [ RunTime:0.000717s ]
INFO: [ app_end ] --END-- [ RunTime:0.000826s ]

[ 2015-05-08T09:57:36+08:00 ] 58.20.172.11 /home/prodshow/index/id/uploadfile/smallimg/150505/150505131025426.jpg
INFO: [ app_init ] --START--
INFO: Run Behavior\BuildLiteBehavior [ RunTime:0.000038s ]
INFO: [ app_init ] --END-- [ RunTime:0.000907s ]

[ 2015-05-08T09:57:42+08:00 ] 58.20.172.11 /home/prodshow/index/id/uploadfile/smallimg/150505/150505124925256.jpg
INFO: [ app_init ] --START--
INFO: Run Behavior\BuildLiteBehavior [ RunTime:0.000037s ]
INFO: [ app_init ] --END-- [ RunTime:0.000624s ]

[ 2015-05-08T09:57:42+08:00 ] 58.20.172.11 /home/prodshow/index/id/uploadfile/smallimg/150505/150505130732543.jpg
INFO: [ app_init ] --START--
INFO: Run Behavior\BuildLiteBehavior [ RunTime:0.000037s ]
INFO: [ app_init ] --END-- [ RunTime:0.000677s ]

[ 2015-05-08T09:57:43+08:00 ] 58.20.172.11 /home/prodshow/index/id/uploadfile/smallimg/150505/150505130914496.jpg
INFO: [ app_init ] --START--
INFO: Run Behavior\BuildLiteBehavior [ RunTime:0.000058s ]
INFO: [ app_init ] --END-- [ RunTime:0.000955s ]

[ 2015-05-08T09:57:43+08:00 ] 58.20.172.11 /home/prodshow/index/id/uploadfile/smallimg/150505/150505130014912.jpg
INFO: [ app_init ] --START--
INFO: Run Behavior\BuildLiteBehavior [ RunTime:0.000038s ]
INFO: [ app_init ] --END-- [ RunTime:0.000618s ]

[ 2015-05-08T09:57:43+08:00 ] 58.20.172.11 /home/prodshow/index/id/uploadfile/smallimg/150505/150505130331347.jpg
INFO: [ app_init ] --START--
INFO: Run Behavior\BuildLiteBehavior [ RunTime:0.000037s ]
INFO: [ app_init ] --END-- [ RunTime:0.000674s ]

[ 2015-05-08T09:58:03+08:00 ] 58.20.172.11 /home/prodshow/index/id/53
INFO: [ app_init ] --START--
INFO: Run Behavior\BuildLiteBehavior [ RunTime:0.000036s ]
INFO: [ app_init ] --END-- [ RunTime:0.000702s ]
INFO: [ app_begin ] --START--
INFO: Run Behavior\ReadHtmlCacheBehavior [ RunTime:0.000748s ]
INFO: [ app_begin ] --END-- [ RunTime:0.000846s ]
SQL: SHOW COLUMNS FROM `data_pageview` [ RunTime:0.0113s ]
SQL: SHOW COLUMNS FROM `data_systems` [ RunTime:0.0071s ]
SQL: SHOW COLUMNS FROM `data_prodtype` [ RunTime:0.0067s ]
SQL: SELECT `autoid`,`ty_name` FROM `data_prodtype` WHERE ty_subid = 0 ORDER BY  ty_sort desc ,autoid desc  LIMIT 0,6   [ RunTime:0.0006s ]
SQL: SHOW COLUMNS FROM `data_productview` [ RunTime:0.0120s ]
SQL: SELECT * FROM `data_productview` WHERE ( autoid =53 ) LIMIT 1   [ RunTime:0.0022s ]
SQL: SELECT `autoid`,`prod_name`,`img_url` FROM `data_productview` WHERE  (autoid > 53 or autoid < 53) ORDER BY  prod_sort desc ,autoid desc  LIMIT 0,6   [ RunTime:0.0019s ]
INFO: [ view_parse ] --START--
INFO: [ template_filter ] --START--
INFO: Run Behavior\ContentReplaceBehavior [ RunTime:0.000085s ]
INFO: [ template_filter ] --END-- [ RunTime:0.000214s ]
INFO: Run Behavior\ParseTemplateBehavior [ RunTime:0.014775s ]
INFO: [ view_parse ] --END-- [ RunTime:0.014901s ]
INFO: [ view_filter ] --START--
INFO: Run Behavior\WriteHtmlCacheBehavior [ RunTime:0.000289s ]
INFO: [ view_filter ] --END-- [ RunTime:0.000378s ]
INFO: [ app_end ] --START--
INFO: Run Behavior\ShowPageTraceBehavior [ RunTime:0.000830s ]
INFO: [ app_end ] --END-- [ RunTime:0.000946s ]

[ 2015-05-08T09:58:03+08:00 ] 58.20.172.11 /home/prodshow/index/id/uploadfile/smallimg/150505/150505124925256.jpg
INFO: [ app_init ] --START--
INFO: Run Behavior\BuildLiteBehavior [ RunTime:0.000035s ]
INFO: [ app_init ] --END-- [ RunTime:0.000746s ]

[ 2015-05-08T09:58:04+08:00 ] 58.20.172.11 /home/prodshow/index/id/uploadfile/smallimg/150505/150505131025426.jpg
INFO: [ app_init ] --START--
INFO: Run Behavior\BuildLiteBehavior [ RunTime:0.000053s ]
INFO: [ app_init ] --END-- [ RunTime:0.000928s ]

[ 2015-05-08T09:58:04+08:00 ] 58.20.172.11 /home/prodshow/index/id/uploadfile/smallimg/150505/150505130914496.jpg
INFO: [ app_init ] --START--
INFO: Run Behavior\BuildLiteBehavior [ RunTime:0.000054s ]
INFO: [ app_init ] --END-- [ RunTime:0.000969s ]

[ 2015-05-08T09:58:04+08:00 ] 58.20.172.11 /home/prodshow/index/id/uploadfile/smallimg/150505/150505130732543.jpg
INFO: [ app_init ] --START--
INFO: Run Behavior\BuildLiteBehavior [ RunTime:0.000050s ]
INFO: [ app_init ] --END-- [ RunTime:0.000886s ]

[ 2015-05-08T09:58:05+08:00 ] 58.20.172.11 /home/prodshow/index/id/uploadfile/smallimg/150505/150505130014912.jpg
INFO: [ app_init ] --START--
INFO: Run Behavior\BuildLiteBehavior [ RunTime:0.000037s ]
INFO: [ app_init ] --END-- [ RunTime:0.000623s ]

[ 2015-05-08T09:58:05+08:00 ] 58.20.172.11 /home/prodshow/index/id/uploadfile/smallimg/150505/150505130331347.jpg
INFO: [ app_init ] --START--
INFO: Run Behavior\BuildLiteBehavior [ RunTime:0.000051s ]
INFO: [ app_init ] --END-- [ RunTime:0.000800s ]

[ 2015-05-08T09:58:55+08:00 ] 58.20.172.11 /home/products/index/mid/83
INFO: [ app_init ] --START--
INFO: Run Behavior\BuildLiteBehavior [ RunTime:0.000044s ]
INFO: [ app_init ] --END-- [ RunTime:0.000723s ]
INFO: [ app_begin ] --START--
INFO: Run Behavior\ReadHtmlCacheBehavior [ RunTime:0.001062s ]
INFO: [ app_begin ] --END-- [ RunTime:0.001205s ]
SQL: SHOW COLUMNS FROM `data_pageview` [ RunTime:0.0131s ]
SQL: SHOW COLUMNS FROM `data_systems` [ RunTime:0.0073s ]
SQL: SHOW COLUMNS FROM `data_prodtype` [ RunTime:0.0068s ]
SQL: SELECT `autoid`,`ty_name` FROM `data_prodtype` WHERE ty_subid = 0 ORDER BY  ty_sort desc ,autoid desc  LIMIT 0,6   [ RunTime:0.0005s ]
SQL: SHOW COLUMNS FROM `data_productview` [ RunTime:0.0113s ]
SQL: SELECT `autoid`,`ty_name`,`title`,`keywords`,`description` FROM `data_prodtype` WHERE ( autoid = 83 ) LIMIT 1   [ RunTime:0.0008s ]
SQL: SELECT COUNT(*) AS tp_count FROM `data_productview` WHERE (  prod_mainid = 83 ) LIMIT 1   [ RunTime:0.0012s ]
SQL: SELECT `autoid`,`prod_name`,`img_url` FROM `data_productview` WHERE  prod_mainid = 83 ORDER BY  prod_sort desc ,autoid desc  LIMIT 0,12   [ RunTime:0.0020s ]
INFO: [ view_parse ] --START--
INFO: [ template_filter ] --START--
INFO: Run Behavior\ContentReplaceBehavior [ RunTime:0.000078s ]
INFO: [ template_filter ] --END-- [ RunTime:0.000201s ]
INFO: Run Behavior\ParseTemplateBehavior [ RunTime:0.043813s ]
INFO: [ view_parse ] --END-- [ RunTime:0.043996s ]
INFO: [ view_filter ] --START--
INFO: Run Behavior\WriteHtmlCacheBehavior [ RunTime:0.000293s ]
INFO: [ view_filter ] --END-- [ RunTime:0.000373s ]
INFO: [ app_end ] --START--
INFO: Run Behavior\ShowPageTraceBehavior [ RunTime:0.000680s ]
INFO: [ app_end ] --END-- [ RunTime:0.000773s ]

[ 2015-05-08T09:58:56+08:00 ] 58.20.172.11 /home/products/index/mid/uploadfile/smallimg/150505/150505130914496.jpg
INFO: [ app_init ] --START--
INFO: Run Behavior\BuildLiteBehavior [ RunTime:0.000052s ]
INFO: [ app_init ] --END-- [ RunTime:0.000864s ]

[ 2015-05-08T09:59:00+08:00 ] 58.20.172.11 /home/products/index/mid/83
INFO: [ app_init ] --START--
INFO: Run Behavior\BuildLiteBehavior [ RunTime:0.000048s ]
INFO: [ app_init ] --END-- [ RunTime:0.000914s ]
INFO: [ app_begin ] --START--
INFO: Run Behavior\ReadHtmlCacheBehavior [ RunTime:0.000690s ]
INFO: [ app_begin ] --END-- [ RunTime:0.000797s ]
SQL: SHOW COLUMNS FROM `data_pageview` [ RunTime:0.0169s ]
SQL: SHOW COLUMNS FROM `data_systems` [ RunTime:0.0097s ]
SQL: SHOW COLUMNS FROM `data_prodtype` [ RunTime:0.0101s ]
SQL: SELECT `autoid`,`ty_name` FROM `data_prodtype` WHERE ty_subid = 0 ORDER BY  ty_sort desc ,autoid desc  LIMIT 0,6   [ RunTime:0.0013s ]
SQL: SHOW COLUMNS FROM `data_productview` [ RunTime:0.0237s ]
SQL: SELECT `autoid`,`ty_name`,`title`,`keywords`,`description` FROM `data_prodtype` WHERE ( autoid = 83 ) LIMIT 1   [ RunTime:0.0033s ]
SQL: SELECT COUNT(*) AS tp_count FROM `data_productview` WHERE (  prod_mainid = 83 ) LIMIT 1   [ RunTime:0.0033s ]
SQL: SELECT `autoid`,`prod_name`,`img_url` FROM `data_productview` WHERE  prod_mainid = 83 ORDER BY  prod_sort desc ,autoid desc  LIMIT 0,12   [ RunTime:0.0028s ]
INFO: [ view_parse ] --START--
INFO: [ template_filter ] --START--
INFO: Run Behavior\ContentReplaceBehavior [ RunTime:0.000117s ]
INFO: [ template_filter ] --END-- [ RunTime:0.000350s ]
INFO: Run Behavior\ParseTemplateBehavior [ RunTime:0.018951s ]
INFO: [ view_parse ] --END-- [ RunTime:0.019118s ]
INFO: [ view_filter ] --START--
INFO: Run Behavior\WriteHtmlCacheBehavior [ RunTime:0.000360s ]
INFO: [ view_filter ] --END-- [ RunTime:0.000476s ]
INFO: [ app_end ] --START--
INFO: Run Behavior\ShowPageTraceBehavior [ RunTime:0.000929s ]
INFO: [ app_end ] --END-- [ RunTime:0.001070s ]

[ 2015-05-08T09:59:07+08:00 ] 58.20.172.11 /home/prodshow/index/id/51
INFO: [ app_init ] --START--
INFO: Run Behavior\BuildLiteBehavior [ RunTime:0.000039s ]
INFO: [ app_init ] --END-- [ RunTime:0.000633s ]
INFO: [ app_begin ] --START--
INFO: Run Behavior\ReadHtmlCacheBehavior [ RunTime:0.000657s ]
INFO: [ app_begin ] --END-- [ RunTime:0.000756s ]
SQL: SHOW COLUMNS FROM `data_pageview` [ RunTime:0.0153s ]
SQL: SHOW COLUMNS FROM `data_systems` [ RunTime:0.0063s ]
SQL: SHOW COLUMNS FROM `data_prodtype` [ RunTime:0.0082s ]
SQL: SELECT `autoid`,`ty_name` FROM `data_prodtype` WHERE ty_subid = 0 ORDER BY  ty_sort desc ,autoid desc  LIMIT 0,6   [ RunTime:0.0006s ]
SQL: SHOW COLUMNS FROM `data_productview` [ RunTime:0.0158s ]
SQL: SELECT * FROM `data_productview` WHERE ( autoid =51 ) LIMIT 1   [ RunTime:0.0030s ]
SQL: SELECT `autoid`,`prod_name`,`img_url` FROM `data_productview` WHERE  (autoid > 51 or autoid < 51) ORDER BY  prod_sort desc ,autoid desc  LIMIT 0,6   [ RunTime:0.0022s ]
INFO: [ view_parse ] --START--
INFO: [ template_filter ] --START--
INFO: Run Behavior\ContentReplaceBehavior [ RunTime:0.000114s ]
INFO: [ template_filter ] --END-- [ RunTime:0.000280s ]
INFO: Run Behavior\ParseTemplateBehavior [ RunTime:0.018807s ]
INFO: [ view_parse ] --END-- [ RunTime:0.018978s ]
INFO: [ view_filter ] --START--
INFO: Run Behavior\WriteHtmlCacheBehavior [ RunTime:0.000335s ]
INFO: [ view_filter ] --END-- [ RunTime:0.000453s ]
INFO: [ app_end ] --START--
INFO: Run Behavior\ShowPageTraceBehavior [ RunTime:0.000799s ]
INFO: [ app_end ] --END-- [ RunTime:0.000932s ]

[ 2015-05-08T09:59:07+08:00 ] 58.20.172.11 /home/prodshow/index/id/uploadfile/smallimg/150505/150505130914496.jpg
INFO: [ app_init ] --START--
INFO: Run Behavior\BuildLiteBehavior [ RunTime:0.000038s ]
INFO: [ app_init ] --END-- [ RunTime:0.000656s ]

[ 2015-05-08T09:59:08+08:00 ] 58.20.172.11 /home/prodshow/index/id/uploadfile/smallimg/150505/150505131025426.jpg
INFO: [ app_init ] --START--
INFO: Run Behavior\BuildLiteBehavior [ RunTime:0.000051s ]
INFO: [ app_init ] --END-- [ RunTime:0.000844s ]

[ 2015-05-08T09:59:08+08:00 ] 58.20.172.11 /home/prodshow/index/id/uploadfile/smallimg/150505/150505124925256.jpg
INFO: [ app_init ] --START--
INFO: Run Behavior\BuildLiteBehavior [ RunTime:0.000060s ]
INFO: [ app_init ] --END-- [ RunTime:0.000913s ]

[ 2015-05-08T09:59:08+08:00 ] 58.20.172.11 /home/prodshow/index/id/uploadfile/smallimg/150505/150505130732543.jpg
INFO: [ app_init ] --START--
INFO: Run Behavior\BuildLiteBehavior [ RunTime:0.000055s ]
INFO: [ app_init ] --END-- [ RunTime:0.000954s ]

[ 2015-05-08T09:59:08+08:00 ] 58.20.172.11 /home/prodshow/index/id/uploadfile/smallimg/150505/150505130331347.jpg
INFO: [ app_init ] --START--
INFO: Run Behavior\BuildLiteBehavior [ RunTime:0.000048s ]
INFO: [ app_init ] --END-- [ RunTime:0.000685s ]

[ 2015-05-08T09:59:08+08:00 ] 58.20.172.11 /home/prodshow/index/id/uploadfile/smallimg/150505/150505130014912.jpg
INFO: [ app_init ] --START--
INFO: Run Behavior\BuildLiteBehavior [ RunTime:0.000053s ]
INFO: [ app_init ] --END-- [ RunTime:0.000967s ]

[ 2015-05-08T10:00:28+08:00 ] 58.20.172.11 /home/prodshow/index/id/51
INFO: [ app_init ] --START--
INFO: Run Behavior\BuildLiteBehavior [ RunTime:0.000036s ]
INFO: [ app_init ] --END-- [ RunTime:0.000681s ]
INFO: [ app_begin ] --START--
INFO: Run Behavior\ReadHtmlCacheBehavior [ RunTime:0.000629s ]
INFO: [ app_begin ] --END-- [ RunTime:0.000726s ]
SQL: SHOW COLUMNS FROM `data_pageview` [ RunTime:0.0089s ]
SQL: SHOW COLUMNS FROM `data_systems` [ RunTime:0.0043s ]
SQL: SHOW COLUMNS FROM `data_prodtype` [ RunTime:0.0042s ]
SQL: SELECT `autoid`,`ty_name` FROM `data_prodtype` WHERE ty_subid = 0 ORDER BY  ty_sort desc ,autoid desc  LIMIT 0,6   [ RunTime:0.0005s ]
SQL: SHOW COLUMNS FROM `data_productview` [ RunTime:0.0083s ]
SQL: SELECT * FROM `data_productview` WHERE ( autoid =51 ) LIMIT 1   [ RunTime:0.0019s ]
SQL: SELECT `autoid`,`prod_name`,`img_url` FROM `data_productview` WHERE  (autoid > 51 or autoid < 51) ORDER BY  prod_sort desc ,autoid desc  LIMIT 0,6   [ RunTime:0.0015s ]
INFO: [ view_parse ] --START--
INFO: [ template_filter ] --START--
INFO: Run Behavior\ContentReplaceBehavior [ RunTime:0.000084s ]
INFO: [ template_filter ] --END-- [ RunTime:0.000209s ]
INFO: Run Behavior\ParseTemplateBehavior [ RunTime:0.016147s ]
INFO: [ view_parse ] --END-- [ RunTime:0.016283s ]
INFO: [ view_filter ] --START--
INFO: Run Behavior\WriteHtmlCacheBehavior [ RunTime:0.000264s ]
INFO: [ view_filter ] --END-- [ RunTime:0.000352s ]
INFO: [ app_end ] --START--
INFO: Run Behavior\ShowPageTraceBehavior [ RunTime:0.000641s ]
INFO: [ app_end ] --END-- [ RunTime:0.000736s ]

[ 2015-05-08T10:00:35+08:00 ] 58.20.172.11 /home/products/index/mid/81
INFO: [ app_init ] --START--
INFO: Run Behavior\BuildLiteBehavior [ RunTime:0.000035s ]
INFO: [ app_init ] --END-- [ RunTime:0.000613s ]
INFO: [ app_begin ] --START--
INFO: Run Behavior\ReadHtmlCacheBehavior [ RunTime:0.000629s ]
INFO: [ app_begin ] --END-- [ RunTime:0.000724s ]
SQL: SHOW COLUMNS FROM `data_pageview` [ RunTime:0.0113s ]
SQL: SHOW COLUMNS FROM `data_systems` [ RunTime:0.0048s ]
SQL: SHOW COLUMNS FROM `data_prodtype` [ RunTime:0.0058s ]
SQL: SELECT `autoid`,`ty_name` FROM `data_prodtype` WHERE ty_subid = 0 ORDER BY  ty_sort desc ,autoid desc  LIMIT 0,6   [ RunTime:0.0005s ]
SQL: SHOW COLUMNS FROM `data_productview` [ RunTime:0.0110s ]
SQL: SELECT `autoid`,`ty_name`,`title`,`keywords`,`description` FROM `data_prodtype` WHERE ( autoid = 81 ) LIMIT 1   [ RunTime:0.0007s ]
SQL: SELECT COUNT(*) AS tp_count FROM `data_productview` WHERE (  prod_mainid = 81 ) LIMIT 1   [ RunTime:0.0011s ]
SQL: SELECT `autoid`,`prod_name`,`img_url` FROM `data_productview` WHERE  prod_mainid = 81 ORDER BY  prod_sort desc ,autoid desc  LIMIT 0,12   [ RunTime:0.0014s ]
INFO: [ view_parse ] --START--
INFO: [ template_filter ] --START--
INFO: Run Behavior\ContentReplaceBehavior [ RunTime:0.000079s ]
INFO: [ template_filter ] --END-- [ RunTime:0.000208s ]
INFO: Run Behavior\ParseTemplateBehavior [ RunTime:0.013314s ]
INFO: [ view_parse ] --END-- [ RunTime:0.013427s ]
INFO: [ view_filter ] --START--
INFO: Run Behavior\WriteHtmlCacheBehavior [ RunTime:0.000271s ]
INFO: [ view_filter ] --END-- [ RunTime:0.000359s ]
INFO: [ app_end ] --START--
INFO: Run Behavior\ShowPageTraceBehavior [ RunTime:0.000615s ]
INFO: [ app_end ] --END-- [ RunTime:0.000710s ]

[ 2015-05-08T10:00:38+08:00 ] 58.20.172.11 /home/category
INFO: [ app_init ] --START--
INFO: Run Behavior\BuildLiteBehavior [ RunTime:0.000039s ]
INFO: [ app_init ] --END-- [ RunTime:0.000676s ]
INFO: [ app_begin ] --START--
INFO: Run Behavior\ReadHtmlCacheBehavior [ RunTime:0.000630s ]
INFO: [ app_begin ] --END-- [ RunTime:0.000727s ]
SQL: SHOW COLUMNS FROM `data_pageview` [ RunTime:0.0121s ]
SQL: SHOW COLUMNS FROM `data_systems` [ RunTime:0.0085s ]
SQL: SHOW COLUMNS FROM `data_prodtype` [ RunTime:0.0076s ]
SQL: SELECT `autoid`,`ty_name` FROM `data_prodtype` WHERE ty_subid = 0 ORDER BY  ty_sort desc ,autoid desc  LIMIT 0,6   [ RunTime:0.0027s ]
SQL: SELECT `title`,`keywords`,`description` FROM `data_pageview` WHERE ( c_code ='Category' ) LIMIT 1   [ RunTime:0.0042s ]
SQL: SELECT `autoid`,`ty_name` FROM `data_prodtype` WHERE ty_subid = 0 ORDER BY  ty_sort desc ,autoid desc  LIMIT 0,6   [ RunTime:0.0037s ]
SQL: SELECT `autoid`,`ty_name`,`ty_subid` FROM `data_prodtype` WHERE ty_subid = 83 ORDER BY  ty_sort desc ,autoid desc  LIMIT 0,6   [ RunTime:0.0035s ]
SQL: SELECT `autoid`,`ty_name`,`ty_subid` FROM `data_prodtype` WHERE ty_subid = 82 ORDER BY  ty_sort desc ,autoid desc  LIMIT 0,6   [ RunTime:0.0022s ]
SQL: SELECT `autoid`,`ty_name`,`ty_subid` FROM `data_prodtype` WHERE ty_subid = 81 ORDER BY  ty_sort desc ,autoid desc  LIMIT 0,6   [ RunTime:0.0007s ]
SQL: SELECT `autoid`,`ty_name`,`ty_subid` FROM `data_prodtype` WHERE ty_subid = 79 ORDER BY  ty_sort desc ,autoid desc  LIMIT 0,6   [ RunTime:0.0025s ]
INFO: [ view_parse ] --START--
INFO: [ template_filter ] --START--
INFO: Run Behavior\ContentReplaceBehavior [ RunTime:0.000098s ]
INFO: [ template_filter ] --END-- [ RunTime:0.000269s ]
INFO: Run Behavior\ParseTemplateBehavior [ RunTime:0.074067s ]
INFO: [ view_parse ] --END-- [ RunTime:0.074330s ]
INFO: [ view_filter ] --START--
INFO: Run Behavior\WriteHtmlCacheBehavior [ RunTime:0.000396s ]
INFO: [ view_filter ] --END-- [ RunTime:0.000518s ]
INFO: [ app_end ] --START--
INFO: Run Behavior\ShowPageTraceBehavior [ RunTime:0.000700s ]
INFO: [ app_end ] --END-- [ RunTime:0.000828s ]

[ 2015-05-08T10:01:09+08:00 ] 58.20.172.11 /home/search?keywords=%E5%A4%96%E8%B4%B8
INFO: [ app_init ] --START--
INFO: Run Behavior\BuildLiteBehavior [ RunTime:0.000058s ]
INFO: [ app_init ] --END-- [ RunTime:0.000768s ]
INFO: [ app_begin ] --START--
INFO: Run Behavior\ReadHtmlCacheBehavior [ RunTime:0.000913s ]
INFO: [ app_begin ] --END-- [ RunTime:0.001052s ]
SQL: SHOW COLUMNS FROM `data_pageview` [ RunTime:0.0147s ]
SQL: SHOW COLUMNS FROM `data_systems` [ RunTime:0.0083s ]
SQL: SHOW COLUMNS FROM `data_prodtype` [ RunTime:0.0096s ]
SQL: SELECT `autoid`,`ty_name` FROM `data_prodtype` WHERE ty_subid = 0 ORDER BY  ty_sort desc ,autoid desc  LIMIT 0,6   [ RunTime:0.0080s ]
SQL: SHOW COLUMNS FROM `data_productview` [ RunTime:0.0160s ]
SQL: SELECT COUNT(*) AS tp_count FROM `data_productview` WHERE (  prod_name like '%外贸%' or intro like '%外贸%' or content like '%外贸%' ) LIMIT 1   [ RunTime:0.0060s ]
SQL: SELECT `autoid`,`prod_name`,`img_url` FROM `data_productview` WHERE  prod_name like '%外贸%' or intro like '%外贸%' or content like '%外贸%' ORDER BY  prod_sort desc ,autoid desc  LIMIT 0,12   [ RunTime:0.0038s ]
SQL: SELECT `title`,`c_name`,`c_image`,`keywords`,`description` FROM `data_pageview` WHERE ( c_code = 'Search' ) LIMIT 1   [ RunTime:0.0051s ]
INFO: [ view_parse ] --START--
INFO: [ template_filter ] --START--
INFO: Run Behavior\ContentReplaceBehavior [ RunTime:0.000122s ]
INFO: [ template_filter ] --END-- [ RunTime:0.000311s ]
INFO: Run Behavior\ParseTemplateBehavior [ RunTime:0.035032s ]
INFO: [ view_parse ] --END-- [ RunTime:0.035266s ]
INFO: [ view_filter ] --START--
INFO: Run Behavior\WriteHtmlCacheBehavior [ RunTime:0.000399s ]
INFO: [ view_filter ] --END-- [ RunTime:0.000536s ]
INFO: [ app_end ] --START--
INFO: Run Behavior\ShowPageTraceBehavior [ RunTime:0.000910s ]
INFO: [ app_end ] --END-- [ RunTime:0.001058s ]

[ 2015-05-08T10:01:13+08:00 ] 58.20.172.11 /home/prodshow/index/id/43
INFO: [ app_init ] --START--
INFO: Run Behavior\BuildLiteBehavior [ RunTime:0.000038s ]
INFO: [ app_init ] --END-- [ RunTime:0.000781s ]
INFO: [ app_begin ] --START--
INFO: Run Behavior\ReadHtmlCacheBehavior [ RunTime:0.000987s ]
INFO: [ app_begin ] --END-- [ RunTime:0.001152s ]
SQL: SHOW COLUMNS FROM `data_pageview` [ RunTime:0.0133s ]
SQL: SHOW COLUMNS FROM `data_systems` [ RunTime:0.0078s ]
SQL: SHOW COLUMNS FROM `data_prodtype` [ RunTime:0.0078s ]
SQL: SELECT `autoid`,`ty_name` FROM `data_prodtype` WHERE ty_subid = 0 ORDER BY  ty_sort desc ,autoid desc  LIMIT 0,6   [ RunTime:0.0005s ]
SQL: SHOW COLUMNS FROM `data_productview` [ RunTime:0.0130s ]
SQL: SELECT * FROM `data_productview` WHERE ( autoid =43 ) LIMIT 1   [ RunTime:0.0024s ]
SQL: SELECT `autoid`,`prod_name`,`img_url` FROM `data_productview` WHERE  (autoid > 43 or autoid < 43) ORDER BY  prod_sort desc ,autoid desc  LIMIT 0,6   [ RunTime:0.0017s ]
INFO: [ view_parse ] --START--
INFO: [ template_filter ] --START--
INFO: Run Behavior\ContentReplaceBehavior [ RunTime:0.000133s ]
INFO: [ template_filter ] --END-- [ RunTime:0.000328s ]
INFO: Run Behavior\ParseTemplateBehavior [ RunTime:0.018836s ]
INFO: [ view_parse ] --END-- [ RunTime:0.018979s ]
INFO: [ view_filter ] --START--
INFO: Run Behavior\WriteHtmlCacheBehavior [ RunTime:0.000275s ]
INFO: [ view_filter ] --END-- [ RunTime:0.000362s ]
INFO: [ app_end ] --START--
INFO: Run Behavior\ShowPageTraceBehavior [ RunTime:0.000629s ]
INFO: [ app_end ] --END-- [ RunTime:0.000731s ]

[ 2015-05-08T10:08:52+08:00 ] 14.152.68.50 /
INFO: [ app_init ] --START--
INFO: Run Behavior\BuildLiteBehavior [ RunTime:0.000049s ]
INFO: [ app_init ] --END-- [ RunTime:0.000830s ]
INFO: [ app_begin ] --START--
INFO: Run Behavior\ReadHtmlCacheBehavior [ RunTime:0.000883s ]
INFO: [ app_begin ] --END-- [ RunTime:0.001036s ]
SQL: SHOW COLUMNS FROM `data_pageview` [ RunTime:0.0120s ]
SQL: SHOW COLUMNS FROM `data_systems` [ RunTime:0.0087s ]
SQL: SHOW COLUMNS FROM `data_prodtype` [ RunTime:0.0075s ]
SQL: SELECT `autoid`,`ty_name` FROM `data_prodtype` WHERE ty_subid = 0 ORDER BY  ty_sort desc ,autoid desc  LIMIT 0,6   [ RunTime:0.0021s ]
SQL: SELECT `title`,`c_name`,`c_image`,`keywords`,`description` FROM `data_pageview` WHERE ( c_code = 'Index' ) LIMIT 1   [ RunTime:0.0006s ]
SQL: SHOW COLUMNS FROM `data_release` [ RunTime:0.0081s ]
SQL: SELECT `rela_name`,`rela_img`,`rela_url` FROM `data_release` WHERE rela_status = 1 ORDER BY  rela_sort desc ,autoid desc LIMIT 0,3   [ RunTime:0.0008s ]
SQL: SHOW COLUMNS FROM `data_productview` [ RunTime:0.0168s ]
SQL: SELECT `autoid`,`prod_name`,`img_url` FROM `data_productview` ORDER BY prod_sort desc,autoid desc LIMIT 12   [ RunTime:0.0022s ]
INFO: [ view_parse ] --START--
INFO: [ template_filter ] --START--
INFO: Run Behavior\ContentReplaceBehavior [ RunTime:0.000126s ]
INFO: [ template_filter ] --END-- [ RunTime:0.000320s ]
INFO: Run Behavior\ParseTemplateBehavior [ RunTime:0.053356s ]
INFO: [ view_parse ] --END-- [ RunTime:0.053528s ]
INFO: [ view_filter ] --START--
INFO: Run Behavior\WriteHtmlCacheBehavior [ RunTime:0.000269s ]
INFO: [ view_filter ] --END-- [ RunTime:0.000359s ]
INFO: [ app_end ] --START--
INFO: Run Behavior\ShowPageTraceBehavior [ RunTime:0.000961s ]
INFO: [ app_end ] --END-- [ RunTime:0.001089s ]

[ 2015-05-08T10:09:17+08:00 ] 113.68.3.57 /home/prodshow/index/id/51
INFO: [ app_init ] --START--
INFO: Run Behavior\BuildLiteBehavior [ RunTime:0.000044s ]
INFO: [ app_init ] --END-- [ RunTime:0.000693s ]
INFO: [ app_begin ] --START--
INFO: Run Behavior\ReadHtmlCacheBehavior [ RunTime:0.000783s ]
INFO: [ app_begin ] --END-- [ RunTime:0.000884s ]
SQL: SHOW COLUMNS FROM `data_pageview` [ RunTime:0.0103s ]
SQL: SHOW COLUMNS FROM `data_systems` [ RunTime:0.0080s ]
SQL: SHOW COLUMNS FROM `data_prodtype` [ RunTime:0.0105s ]
SQL: SELECT `autoid`,`ty_name` FROM `data_prodtype` WHERE ty_subid = 0 ORDER BY  ty_sort desc ,autoid desc  LIMIT 0,6   [ RunTime:0.0014s ]
SQL: SHOW COLUMNS FROM `data_productview` [ RunTime:0.0181s ]
SQL: SELECT * FROM `data_productview` WHERE ( autoid =51 ) LIMIT 1   [ RunTime:0.0065s ]
SQL: SELECT `autoid`,`prod_name`,`img_url` FROM `data_productview` WHERE  (autoid > 51 or autoid < 51) ORDER BY  prod_sort desc ,autoid desc  LIMIT 0,6   [ RunTime:0.0009s ]
INFO: [ view_parse ] --START--
INFO: [ template_filter ] --START--
INFO: Run Behavior\ContentReplaceBehavior [ RunTime:0.000081s ]
INFO: [ template_filter ] --END-- [ RunTime:0.000202s ]
INFO: Run Behavior\ParseTemplateBehavior [ RunTime:0.012181s ]
INFO: [ view_parse ] --END-- [ RunTime:0.012289s ]
INFO: [ view_filter ] --START--
INFO: Run Behavior\WriteHtmlCacheBehavior [ RunTime:0.000247s ]
INFO: [ view_filter ] --END-- [ RunTime:0.000335s ]
INFO: [ app_end ] --START--
INFO: Run Behavior\ShowPageTraceBehavior [ RunTime:0.000589s ]
INFO: [ app_end ] --END-- [ RunTime:0.000696s ]

[ 2015-05-08T10:10:08+08:00 ] 58.20.172.11 /index.php/Home/Publicuse/verify/
INFO: [ app_init ] --START--
INFO: Run Behavior\BuildLiteBehavior [ RunTime:0.000049s ]
INFO: [ app_init ] --END-- [ RunTime:0.000879s ]
INFO: [ app_begin ] --START--
INFO: Run Behavior\ReadHtmlCacheBehavior [ RunTime:0.000878s ]
INFO: [ app_begin ] --END-- [ RunTime:0.001027s ]
INFO: [ app_end ] --START--
INFO: Run Behavior\ShowPageTraceBehavior [ RunTime:0.000929s ]
INFO: [ app_end ] --END-- [ RunTime:0.001122s ]

[ 2015-05-08T10:10:40+08:00 ] 58.20.172.11 /index.php/Home/Publicuse/verify/
INFO: [ app_init ] --START--
INFO: Run Behavior\BuildLiteBehavior [ RunTime:0.000049s ]
INFO: [ app_init ] --END-- [ RunTime:0.000877s ]
INFO: [ app_begin ] --START--
INFO: Run Behavior\ReadHtmlCacheBehavior [ RunTime:0.000852s ]
INFO: [ app_begin ] --END-- [ RunTime:0.001010s ]
INFO: [ app_end ] --START--
INFO: Run Behavior\ShowPageTraceBehavior [ RunTime:0.000641s ]
INFO: [ app_end ] --END-- [ RunTime:0.000764s ]

[ 2015-05-08T10:10:55+08:00 ] 58.20.172.11 /index.php/Home/Publicuse/verify/
INFO: [ app_init ] --START--
INFO: Run Behavior\BuildLiteBehavior [ RunTime:0.000033s ]
INFO: [ app_init ] --END-- [ RunTime:0.000602s ]
INFO: [ app_begin ] --START--
INFO: Run Behavior\ReadHtmlCacheBehavior [ RunTime:0.000626s ]
INFO: [ app_begin ] --END-- [ RunTime:0.000730s ]
INFO: [ app_end ] --START--
INFO: Run Behavior\ShowPageTraceBehavior [ RunTime:0.000604s ]
INFO: [ app_end ] --END-- [ RunTime:0.000717s ]

[ 2015-05-08T10:11:46+08:00 ] 58.20.172.11 /index.php/Home/Publicuse/verify/
INFO: [ app_init ] --START--
INFO: Run Behavior\BuildLiteBehavior [ RunTime:0.000055s ]
INFO: [ app_init ] --END-- [ RunTime:0.000885s ]
INFO: [ app_begin ] --START--
INFO: Run Behavior\ReadHtmlCacheBehavior [ RunTime:0.000924s ]
INFO: [ app_begin ] --END-- [ RunTime:0.001089s ]
INFO: [ app_end ] --START--
INFO: Run Behavior\ShowPageTraceBehavior [ RunTime:0.000727s ]
INFO: [ app_end ] --END-- [ RunTime:0.000862s ]

[ 2015-05-08T10:14:27+08:00 ] 58.20.172.11 /index.php/Home/Publicuse/verify/
INFO: [ app_init ] --START--
INFO: Run Behavior\BuildLiteBehavior [ RunTime:0.000055s ]
INFO: [ app_init ] --END-- [ RunTime:0.000923s ]
INFO: [ app_begin ] --START--
INFO: Run Behavior\ReadHtmlCacheBehavior [ RunTime:0.000968s ]
INFO: [ app_begin ] --END-- [ RunTime:0.001139s ]
INFO: [ app_end ] --START--
INFO: Run Behavior\ShowPageTraceBehavior [ RunTime:0.001011s ]
INFO: [ app_end ] --END-- [ RunTime:0.001201s ]

[ 2015-05-08T10:21:00+08:00 ] 58.20.172.11 /index.php/Home/Publicuse/verify/
INFO: [ app_init ] --START--
INFO: Run Behavior\BuildLiteBehavior [ RunTime:0.000060s ]
INFO: [ app_init ] --END-- [ RunTime:0.000959s ]
INFO: [ app_begin ] --START--
INFO: Run Behavior\ReadHtmlCacheBehavior [ RunTime:0.001023s ]
INFO: [ app_begin ] --END-- [ RunTime:0.001209s ]
INFO: [ app_end ] --START--
INFO: Run Behavior\ShowPageTraceBehavior [ RunTime:0.001024s ]
INFO: [ app_end ] --END-- [ RunTime:0.001224s ]

[ 2015-05-08T10:21:13+08:00 ] 58.20.172.11 /index.php/Home/Publicuse/verify/
INFO: [ app_init ] --START--
INFO: Run Behavior\BuildLiteBehavior [ RunTime:0.000057s ]
INFO: [ app_init ] --END-- [ RunTime:0.000848s ]
INFO: [ app_begin ] --START--
INFO: Run Behavior\ReadHtmlCacheBehavior [ RunTime:0.001151s ]
INFO: [ app_begin ] --END-- [ RunTime:0.001314s ]
INFO: [ app_end ] --START--
INFO: Run Behavior\ShowPageTraceBehavior [ RunTime:0.000726s ]
INFO: [ app_end ] --END-- [ RunTime:0.000861s ]

[ 2015-05-08T10:25:45+08:00 ] 58.20.172.11 /
INFO: [ app_init ] --START--
INFO: Run Behavior\BuildLiteBehavior [ RunTime:0.000061s ]
INFO: [ app_init ] --END-- [ RunTime:0.000792s ]
INFO: [ app_begin ] --START--
INFO: Run Behavior\ReadHtmlCacheBehavior [ RunTime:0.000835s ]
INFO: [ app_begin ] --END-- [ RunTime:0.000975s ]
SQL: SHOW COLUMNS FROM `data_pageview` [ RunTime:0.0109s ]
SQL: SHOW COLUMNS FROM `data_systems` [ RunTime:0.0053s ]
SQL: SHOW COLUMNS FROM `data_prodtype` [ RunTime:0.0067s ]
SQL: SELECT `autoid`,`ty_name` FROM `data_prodtype` WHERE ty_subid = 0 ORDER BY  ty_sort desc ,autoid desc  LIMIT 0,6   [ RunTime:0.0005s ]
SQL: SELECT `title`,`c_name`,`c_image`,`keywords`,`description` FROM `data_pageview` WHERE ( c_code = 'Index' ) LIMIT 1   [ RunTime:0.0005s ]
SQL: SHOW COLUMNS FROM `data_release` [ RunTime:0.0066s ]
SQL: SELECT `rela_name`,`rela_img`,`rela_url` FROM `data_release` WHERE rela_status = 1 ORDER BY  rela_sort desc ,autoid desc LIMIT 0,3   [ RunTime:0.0005s ]
SQL: SHOW COLUMNS FROM `data_productview` [ RunTime:0.0144s ]
SQL: SELECT `autoid`,`prod_name`,`img_url` FROM `data_productview` ORDER BY prod_sort desc,autoid desc LIMIT 12   [ RunTime:0.0007s ]
INFO: [ view_parse ] --START--
INFO: [ template_filter ] --START--
INFO: Run Behavior\ContentReplaceBehavior [ RunTime:0.000124s ]
INFO: [ template_filter ] --END-- [ RunTime:0.000312s ]
INFO: Run Behavior\ParseTemplateBehavior [ RunTime:0.021107s ]
INFO: [ view_parse ] --END-- [ RunTime:0.021272s ]
INFO: [ view_filter ] --START--
INFO: Run Behavior\WriteHtmlCacheBehavior [ RunTime:0.000342s ]
INFO: [ view_filter ] --END-- [ RunTime:0.000469s ]
INFO: [ app_end ] --START--
INFO: Run Behavior\ShowPageTraceBehavior [ RunTime:0.000936s ]
INFO: [ app_end ] --END-- [ RunTime:0.001079s ]

[ 2015-05-08T10:26:06+08:00 ] 58.20.172.11 /
INFO: [ app_init ] --START--
INFO: Run Behavior\BuildLiteBehavior [ RunTime:0.000048s ]
INFO: [ app_init ] --END-- [ RunTime:0.000883s ]
INFO: [ app_begin ] --START--
INFO: Run Behavior\ReadHtmlCacheBehavior [ RunTime:0.000640s ]
INFO: [ app_begin ] --END-- [ RunTime:0.000746s ]
SQL: SHOW COLUMNS FROM `data_pageview` [ RunTime:0.0143s ]
SQL: SHOW COLUMNS FROM `data_systems` [ RunTime:0.0073s ]
SQL: SHOW COLUMNS FROM `data_prodtype` [ RunTime:0.0068s ]
SQL: SELECT `autoid`,`ty_name` FROM `data_prodtype` WHERE ty_subid = 0 ORDER BY  ty_sort desc ,autoid desc  LIMIT 0,6   [ RunTime:0.0005s ]
SQL: SELECT `title`,`c_name`,`c_image`,`keywords`,`description` FROM `data_pageview` WHERE ( c_code = 'Index' ) LIMIT 1   [ RunTime:0.0005s ]
SQL: SHOW COLUMNS FROM `data_release` [ RunTime:0.0073s ]
SQL: SELECT `rela_name`,`rela_img`,`rela_url` FROM `data_release` WHERE rela_status = 1 ORDER BY  rela_sort desc ,autoid desc LIMIT 0,3   [ RunTime:0.0008s ]
SQL: SHOW COLUMNS FROM `data_productview` [ RunTime:0.0162s ]
SQL: SELECT `autoid`,`prod_name`,`img_url` FROM `data_productview` ORDER BY prod_sort desc,autoid desc LIMIT 12   [ RunTime:0.0006s ]
INFO: [ view_parse ] --START--
INFO: [ template_filter ] --START--
INFO: Run Behavior\ContentReplaceBehavior [ RunTime:0.000141s ]
INFO: [ template_filter ] --END-- [ RunTime:0.000355s ]
INFO: Run Behavior\ParseTemplateBehavior [ RunTime:0.022851s ]
INFO: [ view_parse ] --END-- [ RunTime:0.023056s ]
INFO: [ view_filter ] --START--
INFO: Run Behavior\WriteHtmlCacheBehavior [ RunTime:0.000385s ]
INFO: [ view_filter ] --END-- [ RunTime:0.000534s ]
INFO: [ app_end ] --START--
INFO: Run Behavior\ShowPageTraceBehavior [ RunTime:0.001078s ]
INFO: [ app_end ] --END-- [ RunTime:0.001244s ]

[ 2015-05-08T10:26:25+08:00 ] 58.20.172.11 /index.php/Home/Publicuse/verify/
INFO: [ app_init ] --START--
INFO: Run Behavior\BuildLiteBehavior [ RunTime:0.000050s ]
INFO: [ app_init ] --END-- [ RunTime:0.000830s ]
INFO: [ app_begin ] --START--
INFO: Run Behavior\ReadHtmlCacheBehavior [ RunTime:0.000635s ]
INFO: [ app_begin ] --END-- [ RunTime:0.000742s ]
INFO: [ app_end ] --START--
INFO: Run Behavior\ShowPageTraceBehavior [ RunTime:0.000642s ]
INFO: [ app_end ] --END-- [ RunTime:0.000771s ]

[ 2015-05-08T10:26:53+08:00 ] 58.20.172.11 /index.php/Home/Publicuse/verify/
INFO: [ app_init ] --START--
INFO: Run Behavior\BuildLiteBehavior [ RunTime:0.000035s ]
INFO: [ app_init ] --END-- [ RunTime:0.000612s ]
INFO: [ app_begin ] --START--
INFO: Run Behavior\ReadHtmlCacheBehavior [ RunTime:0.000761s ]
INFO: [ app_begin ] --END-- [ RunTime:0.000864s ]
INFO: [ app_end ] --START--
INFO: Run Behavior\ShowPageTraceBehavior [ RunTime:0.000623s ]
INFO: [ app_end ] --END-- [ RunTime:0.000745s ]

[ 2015-05-08T10:36:39+08:00 ] 58.20.172.11 /index.php/Home/Publicuse/verify/
INFO: [ app_init ] --START--
INFO: Run Behavior\BuildLiteBehavior [ RunTime:0.000036s ]
INFO: [ app_init ] --END-- [ RunTime:0.000609s ]
INFO: [ app_begin ] --START--
INFO: Run Behavior\ReadHtmlCacheBehavior [ RunTime:0.000688s ]
INFO: [ app_begin ] --END-- [ RunTime:0.000795s ]
INFO: [ app_end ] --START--
INFO: Run Behavior\ShowPageTraceBehavior [ RunTime:0.000646s ]
INFO: [ app_end ] --END-- [ RunTime:0.000784s ]

[ 2015-05-08T10:39:52+08:00 ] 58.20.172.11 /index.php/Home/Publicuse/verify/
INFO: [ app_init ] --START--
INFO: Run Behavior\BuildLiteBehavior [ RunTime:0.000036s ]
INFO: [ app_init ] --END-- [ RunTime:0.000635s ]
INFO: [ app_begin ] --START--
INFO: Run Behavior\ReadHtmlCacheBehavior [ RunTime:0.000632s ]
INFO: [ app_begin ] --END-- [ RunTime:0.000735s ]
INFO: [ app_end ] --START--
INFO: Run Behavior\ShowPageTraceBehavior [ RunTime:0.000637s ]
INFO: [ app_end ] --END-- [ RunTime:0.000757s ]

[ 2015-05-08T16:55:09+08:00 ] 14.152.68.85 /
INFO: [ app_init ] --START--
INFO: Run Behavior\BuildLiteBehavior [ RunTime:0.000048s ]
INFO: [ app_init ] --END-- [ RunTime:0.000849s ]
INFO: [ app_begin ] --START--
INFO: Run Behavior\ReadHtmlCacheBehavior [ RunTime:1.448981s ]
INFO: [ app_begin ] --END-- [ RunTime:1.449139s ]
SQL: SHOW COLUMNS FROM `data_pageview` [ RunTime:0.1340s ]
SQL: SHOW COLUMNS FROM `data_systems` [ RunTime:0.0058s ]
SQL: SHOW COLUMNS FROM `data_prodtype` [ RunTime:0.0057s ]
SQL: SELECT `autoid`,`ty_name` FROM `data_prodtype` WHERE ty_subid = 0 ORDER BY  ty_sort desc ,autoid desc  LIMIT 0,6   [ RunTime:0.0627s ]
SQL: SELECT `title`,`c_name`,`c_image`,`keywords`,`description` FROM `data_pageview` WHERE ( c_code = 'Index' ) LIMIT 1   [ RunTime:0.1258s ]
SQL: SHOW COLUMNS FROM `data_release` [ RunTime:0.0072s ]
SQL: SELECT `rela_name`,`rela_img`,`rela_url` FROM `data_release` WHERE rela_status = 1 ORDER BY  rela_sort desc ,autoid desc LIMIT 0,3   [ RunTime:0.0169s ]
SQL: SHOW COLUMNS FROM `data_productview` [ RunTime:0.1034s ]
SQL: SELECT `autoid`,`prod_name`,`img_url` FROM `data_productview` ORDER BY prod_sort desc,autoid desc LIMIT 12   [ RunTime:1.0451s ]
INFO: [ view_parse ] --START--
INFO: [ template_filter ] --START--
INFO: Run Behavior\ContentReplaceBehavior [ RunTime:0.000093s ]
INFO: [ template_filter ] --END-- [ RunTime:0.000267s ]
INFO: Run Behavior\ParseTemplateBehavior [ RunTime:0.764563s ]
INFO: [ view_parse ] --END-- [ RunTime:0.764774s ]
INFO: [ view_filter ] --START--
INFO: Run Behavior\WriteHtmlCacheBehavior [ RunTime:0.060085s ]
INFO: [ view_filter ] --END-- [ RunTime:0.060255s ]
INFO: [ app_end ] --START--
INFO: Run Behavior\ShowPageTraceBehavior [ RunTime:0.054735s ]
INFO: [ app_end ] --END-- [ RunTime:0.054916s ]

[ 2015-05-08T18:18:03+08:00 ] 119.147.225.179 /
INFO: [ app_init ] --START--
INFO: Run Behavior\BuildLiteBehavior [ RunTime:0.000037s ]
INFO: [ app_init ] --END-- [ RunTime:0.000646s ]
INFO: [ app_begin ] --START--
INFO: Run Behavior\ReadHtmlCacheBehavior [ RunTime:0.000695s ]
INFO: [ app_begin ] --END-- [ RunTime:0.000813s ]
SQL: SHOW COLUMNS FROM `data_pageview` [ RunTime:0.0235s ]
SQL: SHOW COLUMNS FROM `data_systems` [ RunTime:0.0082s ]
SQL: SHOW COLUMNS FROM `data_prodtype` [ RunTime:0.0071s ]
SQL: SELECT `autoid`,`ty_name` FROM `data_prodtype` WHERE ty_subid = 0 ORDER BY  ty_sort desc ,autoid desc  LIMIT 0,6   [ RunTime:0.0059s ]
SQL: SELECT `title`,`c_name`,`c_image`,`keywords`,`description` FROM `data_pageview` WHERE ( c_code = 'Index' ) LIMIT 1   [ RunTime:0.0350s ]
SQL: SHOW COLUMNS FROM `data_release` [ RunTime:0.0079s ]
SQL: SELECT `rela_name`,`rela_img`,`rela_url` FROM `data_release` WHERE rela_status = 1 ORDER BY  rela_sort desc ,autoid desc LIMIT 0,3   [ RunTime:0.0116s ]
SQL: SHOW COLUMNS FROM `data_productview` [ RunTime:0.0240s ]
SQL: SELECT `autoid`,`prod_name`,`img_url` FROM `data_productview` ORDER BY prod_sort desc,autoid desc LIMIT 12   [ RunTime:0.1478s ]
INFO: [ view_parse ] --START--
INFO: [ template_filter ] --START--
INFO: Run Behavior\ContentReplaceBehavior [ RunTime:0.000155s ]
INFO: [ template_filter ] --END-- [ RunTime:0.000372s ]
INFO: Run Behavior\ParseTemplateBehavior [ RunTime:0.020559s ]
INFO: [ view_parse ] --END-- [ RunTime:0.020708s ]
INFO: [ view_filter ] --START--
INFO: Run Behavior\WriteHtmlCacheBehavior [ RunTime:0.000279s ]
INFO: [ view_filter ] --END-- [ RunTime:0.000369s ]
INFO: [ app_end ] --START--
INFO: Run Behavior\ShowPageTraceBehavior [ RunTime:0.000725s ]
INFO: [ app_end ] --END-- [ RunTime:0.000843s ]

[ 2015-05-08T18:42:15+08:00 ] 119.147.225.179 /home/prodshow/index/id/46
INFO: [ app_init ] --START--
INFO: Run Behavior\BuildLiteBehavior [ RunTime:0.000037s ]
INFO: [ app_init ] --END-- [ RunTime:0.000615s ]
INFO: [ app_begin ] --START--
INFO: Run Behavior\ReadHtmlCacheBehavior [ RunTime:0.000621s ]
INFO: [ app_begin ] --END-- [ RunTime:0.000717s ]
SQL: SHOW COLUMNS FROM `data_pageview` [ RunTime:0.0085s ]
SQL: SHOW COLUMNS FROM `data_systems` [ RunTime:0.0048s ]
SQL: SHOW COLUMNS FROM `data_prodtype` [ RunTime:0.0073s ]
SQL: SELECT `autoid`,`ty_name` FROM `data_prodtype` WHERE ty_subid = 0 ORDER BY  ty_sort desc ,autoid desc  LIMIT 0,6   [ RunTime:0.0005s ]
SQL: SHOW COLUMNS FROM `data_productview` [ RunTime:0.0101s ]
SQL: SELECT * FROM `data_productview` WHERE ( autoid =46 ) LIMIT 1   [ RunTime:0.1306s ]
SQL: SELECT `autoid`,`prod_name`,`img_url` FROM `data_productview` WHERE  (autoid > 46 or autoid < 46) ORDER BY  prod_sort desc ,autoid desc  LIMIT 0,6   [ RunTime:0.0817s ]
INFO: [ view_parse ] --START--
INFO: [ template_filter ] --START--
INFO: Run Behavior\ContentReplaceBehavior [ RunTime:0.000149s ]
INFO: [ template_filter ] --END-- [ RunTime:0.000339s ]
INFO: Run Behavior\ParseTemplateBehavior [ RunTime:0.188941s ]
INFO: [ view_parse ] --END-- [ RunTime:0.189164s ]
INFO: [ view_filter ] --START--
INFO: Run Behavior\WriteHtmlCacheBehavior [ RunTime:0.000346s ]
INFO: [ view_filter ] --END-- [ RunTime:0.000494s ]
INFO: [ app_end ] --START--
INFO: Run Behavior\ShowPageTraceBehavior [ RunTime:0.000864s ]
INFO: [ app_end ] --END-- [ RunTime:0.000997s ]

[ 2015-05-08T20:31:03+08:00 ] 113.68.3.57 /
INFO: [ app_init ] --START--
INFO: Run Behavior\BuildLiteBehavior [ RunTime:0.000058s ]
INFO: [ app_init ] --END-- [ RunTime:0.060875s ]
INFO: [ app_begin ] --START--
INFO: Run Behavior\ReadHtmlCacheBehavior [ RunTime:0.001018s ]
INFO: [ app_begin ] --END-- [ RunTime:0.001198s ]
INFO: [ view_parse ] --START--
INFO: Run Behavior\ParseTemplateBehavior [ RunTime:0.034321s ]
INFO: [ view_parse ] --END-- [ RunTime:0.034505s ]
INFO: [ view_filter ] --START--
INFO: Run Behavior\WriteHtmlCacheBehavior [ RunTime:0.000364s ]
INFO: [ view_filter ] --END-- [ RunTime:0.000448s ]

[ 2015-05-08T21:27:38+08:00 ] 113.68.3.57 /
INFO: [ app_init ] --START--
INFO: Run Behavior\BuildLiteBehavior [ RunTime:0.000038s ]
INFO: [ app_init ] --END-- [ RunTime:0.000682s ]
INFO: [ app_begin ] --START--
INFO: Run Behavior\ReadHtmlCacheBehavior [ RunTime:0.001025s ]
INFO: [ app_begin ] --END-- [ RunTime:0.001174s ]
SQL: SHOW COLUMNS FROM `data_pageview` [ RunTime:0.0366s ]
SQL: SHOW COLUMNS FROM `data_systems` [ RunTime:0.0080s ]
SQL: SHOW COLUMNS FROM `data_prodtype` [ RunTime:0.0080s ]
SQL: SELECT `autoid`,`ty_name` FROM `data_prodtype` WHERE ty_subid = 0 ORDER BY  ty_sort desc ,autoid desc  LIMIT 0,6   [ RunTime:0.0330s ]
SQL: SELECT `title`,`c_name`,`c_image`,`keywords`,`description` FROM `data_pageview` WHERE ( c_code = 'Index' ) LIMIT 1   [ RunTime:0.0349s ]
SQL: SHOW COLUMNS FROM `data_release` [ RunTime:0.0100s ]
SQL: SELECT `rela_name`,`rela_img`,`rela_url` FROM `data_release` WHERE rela_status = 1 ORDER BY  rela_sort desc ,autoid desc LIMIT 0,3   [ RunTime:0.0098s ]
SQL: SHOW COLUMNS FROM `data_productview` [ RunTime:0.0409s ]
SQL: SELECT `autoid`,`prod_name`,`img_url` FROM `data_productview` ORDER BY prod_sort desc,autoid desc LIMIT 12   [ RunTime:0.1588s ]
INFO: [ view_parse ] --START--
INFO: [ template_filter ] --START--
INFO: Run Behavior\ContentReplaceBehavior [ RunTime:0.000091s ]
INFO: [ template_filter ] --END-- [ RunTime:0.000232s ]
INFO: Run Behavior\ParseTemplateBehavior [ RunTime:4.333892s ]
INFO: [ view_parse ] --END-- [ RunTime:4.334034s ]
INFO: [ view_filter ] --START--
INFO: Run Behavior\WriteHtmlCacheBehavior [ RunTime:0.000342s ]
INFO: [ view_filter ] --END-- [ RunTime:0.000470s ]
INFO: [ app_end ] --START--
INFO: Run Behavior\ShowPageTraceBehavior [ RunTime:0.996659s ]
INFO: [ app_end ] --END-- [ RunTime:0.996809s ]

[ 2015-05-08T21:27:39+08:00 ] 113.68.3.57 /
INFO: [ app_init ] --START--
INFO: Run Behavior\BuildLiteBehavior [ RunTime:0.000038s ]
INFO: [ app_init ] --END-- [ RunTime:0.000679s ]
INFO: [ app_begin ] --START--
INFO: Run Behavior\ReadHtmlCacheBehavior [ RunTime:0.000971s ]
INFO: [ app_begin ] --END-- [ RunTime:0.001119s ]
SQL: SHOW COLUMNS FROM `data_pageview` [ RunTime:0.0076s ]
SQL: SHOW COLUMNS FROM `data_systems` [ RunTime:0.0047s ]
SQL: SHOW COLUMNS FROM `data_prodtype` [ RunTime:0.0048s ]
SQL: SELECT `autoid`,`ty_name` FROM `data_prodtype` WHERE ty_subid = 0 ORDER BY  ty_sort desc ,autoid desc  LIMIT 0,6   [ RunTime:0.0005s ]
SQL: SELECT `title`,`c_name`,`c_image`,`keywords`,`description` FROM `data_pageview` WHERE ( c_code = 'Index' ) LIMIT 1   [ RunTime:0.0005s ]
SQL: SHOW COLUMNS FROM `data_release` [ RunTime:0.0047s ]
SQL: SELECT `rela_name`,`rela_img`,`rela_url` FROM `data_release` WHERE rela_status = 1 ORDER BY  rela_sort desc ,autoid desc LIMIT 0,3   [ RunTime:0.0006s ]
SQL: SHOW COLUMNS FROM `data_productview` [ RunTime:0.0081s ]
SQL: SELECT `autoid`,`prod_name`,`img_url` FROM `data_productview` ORDER BY prod_sort desc,autoid desc LIMIT 12   [ RunTime:0.0006s ]
INFO: [ view_parse ] --START--
INFO: [ template_filter ] --START--
INFO: Run Behavior\ContentReplaceBehavior [ RunTime:0.000101s ]
INFO: [ template_filter ] --END-- [ RunTime:0.000281s ]
INFO: Run Behavior\ParseTemplateBehavior [ RunTime:0.015651s ]
INFO: [ view_parse ] --END-- [ RunTime:0.015802s ]
INFO: [ view_filter ] --START--
INFO: Run Behavior\WriteHtmlCacheBehavior [ RunTime:0.000307s ]
INFO: [ view_filter ] --END-- [ RunTime:0.000415s ]
INFO: [ app_end ] --START--
INFO: Run Behavior\ShowPageTraceBehavior [ RunTime:0.000682s ]
INFO: [ app_end ] --END-- [ RunTime:0.000777s ]

[ 2015-05-08T21:28:02+08:00 ] 113.68.3.57 /home/category
INFO: [ app_init ] --START--
INFO: Run Behavior\BuildLiteBehavior [ RunTime:0.000027s ]
INFO: [ app_init ] --END-- [ RunTime:0.000492s ]
INFO: [ app_begin ] --START--
INFO: Run Behavior\ReadHtmlCacheBehavior [ RunTime:0.000552s ]
INFO: [ app_begin ] --END-- [ RunTime:0.000660s ]
SQL: SHOW COLUMNS FROM `data_pageview` [ RunTime:0.0140s ]
SQL: SHOW COLUMNS FROM `data_systems` [ RunTime:0.0075s ]
SQL: SHOW COLUMNS FROM `data_prodtype` [ RunTime:0.0071s ]
SQL: SELECT `autoid`,`ty_name` FROM `data_prodtype` WHERE ty_subid = 0 ORDER BY  ty_sort desc ,autoid desc  LIMIT 0,6   [ RunTime:0.0006s ]
SQL: SELECT `title`,`keywords`,`description` FROM `data_pageview` WHERE ( c_code ='Category' ) LIMIT 1   [ RunTime:0.0011s ]
SQL: SELECT `autoid`,`ty_name` FROM `data_prodtype` WHERE ty_subid = 0 ORDER BY  ty_sort desc ,autoid desc  LIMIT 0,6   [ RunTime:0.0006s ]
SQL: SELECT `autoid`,`ty_name`,`ty_subid` FROM `data_prodtype` WHERE ty_subid = 83 ORDER BY  ty_sort desc ,autoid desc  LIMIT 0,6   [ RunTime:0.0008s ]
SQL: SELECT `autoid`,`ty_name`,`ty_subid` FROM `data_prodtype` WHERE ty_subid = 82 ORDER BY  ty_sort desc ,autoid desc  LIMIT 0,6   [ RunTime:0.0009s ]
SQL: SELECT `autoid`,`ty_name`,`ty_subid` FROM `data_prodtype` WHERE ty_subid = 81 ORDER BY  ty_sort desc ,autoid desc  LIMIT 0,6   [ RunTime:0.0012s ]
SQL: SELECT `autoid`,`ty_name`,`ty_subid` FROM `data_prodtype` WHERE ty_subid = 79 ORDER BY  ty_sort desc ,autoid desc  LIMIT 0,6   [ RunTime:0.0007s ]
INFO: [ view_parse ] --START--
INFO: [ template_filter ] --START--
INFO: Run Behavior\ContentReplaceBehavior [ RunTime:0.000090s ]
INFO: [ template_filter ] --END-- [ RunTime:0.000236s ]
INFO: Run Behavior\ParseTemplateBehavior [ RunTime:0.023195s ]
INFO: [ view_parse ] --END-- [ RunTime:0.023364s ]
INFO: [ view_filter ] --START--
INFO: Run Behavior\WriteHtmlCacheBehavior [ RunTime:0.000287s ]
INFO: [ view_filter ] --END-- [ RunTime:0.000373s ]
INFO: [ app_end ] --START--
INFO: Run Behavior\ShowPageTraceBehavior [ RunTime:0.000692s ]
INFO: [ app_end ] --END-- [ RunTime:0.000788s ]

[ 2015-05-08T21:28:27+08:00 ] 113.68.3.57 /home/prodshow/index/id/45
INFO: [ app_init ] --START--
INFO: Run Behavior\BuildLiteBehavior [ RunTime:0.000052s ]
INFO: [ app_init ] --END-- [ RunTime:0.000866s ]
INFO: [ app_begin ] --START--
INFO: Run Behavior\ReadHtmlCacheBehavior [ RunTime:0.000927s ]
INFO: [ app_begin ] --END-- [ RunTime:0.001054s ]
SQL: SHOW COLUMNS FROM `data_pageview` [ RunTime:0.0148s ]
SQL: SHOW COLUMNS FROM `data_systems` [ RunTime:0.0075s ]
SQL: SHOW COLUMNS FROM `data_prodtype` [ RunTime:0.0070s ]
SQL: SELECT `autoid`,`ty_name` FROM `data_prodtype` WHERE ty_subid = 0 ORDER BY  ty_sort desc ,autoid desc  LIMIT 0,6   [ RunTime:0.0007s ]
SQL: SHOW COLUMNS FROM `data_productview` [ RunTime:0.0153s ]
SQL: SELECT * FROM `data_productview` WHERE ( autoid =45 ) LIMIT 1   [ RunTime:0.0028s ]
SQL: SELECT `autoid`,`prod_name`,`img_url` FROM `data_productview` WHERE  (autoid > 45 or autoid < 45) ORDER BY  prod_sort desc ,autoid desc  LIMIT 0,6   [ RunTime:0.0055s ]
INFO: [ view_parse ] --START--
INFO: [ template_filter ] --START--
INFO: Run Behavior\ContentReplaceBehavior [ RunTime:0.000118s ]
INFO: [ template_filter ] --END-- [ RunTime:0.000286s ]
INFO: Run Behavior\ParseTemplateBehavior [ RunTime:0.047293s ]
INFO: [ view_parse ] --END-- [ RunTime:0.047463s ]
INFO: [ view_filter ] --START--
INFO: Run Behavior\WriteHtmlCacheBehavior [ RunTime:0.000355s ]
INFO: [ view_filter ] --END-- [ RunTime:0.000480s ]
INFO: [ app_end ] --START--
INFO: Run Behavior\ShowPageTraceBehavior [ RunTime:0.000883s ]
INFO: [ app_end ] --END-- [ RunTime:0.001089s ]

[ 2015-05-08T21:29:18+08:00 ] 113.68.3.57 /home/category
INFO: [ app_init ] --START--
INFO: Run Behavior\BuildLiteBehavior [ RunTime:0.000053s ]
INFO: [ app_init ] --END-- [ RunTime:0.000856s ]
INFO: [ app_begin ] --START--
INFO: Run Behavior\ReadHtmlCacheBehavior [ RunTime:0.000908s ]
INFO: [ app_begin ] --END-- [ RunTime:0.001056s ]
SQL: SHOW COLUMNS FROM `data_pageview` [ RunTime:0.0133s ]
SQL: SHOW COLUMNS FROM `data_systems` [ RunTime:0.0073s ]
SQL: SHOW COLUMNS FROM `data_prodtype` [ RunTime:0.0084s ]
SQL: SELECT `autoid`,`ty_name` FROM `data_prodtype` WHERE ty_subid = 0 ORDER BY  ty_sort desc ,autoid desc  LIMIT 0,6   [ RunTime:0.0010s ]
SQL: SELECT `title`,`keywords`,`description` FROM `data_pageview` WHERE ( c_code ='Category' ) LIMIT 1   [ RunTime:0.0011s ]
SQL: SELECT `autoid`,`ty_name` FROM `data_prodtype` WHERE ty_subid = 0 ORDER BY  ty_sort desc ,autoid desc  LIMIT 0,6   [ RunTime:0.0009s ]
SQL: SELECT `autoid`,`ty_name`,`ty_subid` FROM `data_prodtype` WHERE ty_subid = 83 ORDER BY  ty_sort desc ,autoid desc  LIMIT 0,6   [ RunTime:0.0010s ]
SQL: SELECT `autoid`,`ty_name`,`ty_subid` FROM `data_prodtype` WHERE ty_subid = 82 ORDER BY  ty_sort desc ,autoid desc  LIMIT 0,6   [ RunTime:0.0008s ]
SQL: SELECT `autoid`,`ty_name`,`ty_subid` FROM `data_prodtype` WHERE ty_subid = 81 ORDER BY  ty_sort desc ,autoid desc  LIMIT 0,6   [ RunTime:0.0010s ]
SQL: SELECT `autoid`,`ty_name`,`ty_subid` FROM `data_prodtype` WHERE ty_subid = 79 ORDER BY  ty_sort desc ,autoid desc  LIMIT 0,6   [ RunTime:0.0007s ]
INFO: [ view_parse ] --START--
INFO: [ template_filter ] --START--
INFO: Run Behavior\ContentReplaceBehavior [ RunTime:0.000121s ]
INFO: [ template_filter ] --END-- [ RunTime:0.000309s ]
INFO: Run Behavior\ParseTemplateBehavior [ RunTime:0.020087s ]
INFO: [ view_parse ] --END-- [ RunTime:0.020259s ]
INFO: [ view_filter ] --START--
INFO: Run Behavior\WriteHtmlCacheBehavior [ RunTime:0.000377s ]
INFO: [ view_filter ] --END-- [ RunTime:0.000510s ]
INFO: [ app_end ] --START--
INFO: Run Behavior\ShowPageTraceBehavior [ RunTime:0.001012s ]
INFO: [ app_end ] --END-- [ RunTime:0.001149s ]

[ 2015-05-08T21:29:40+08:00 ] 113.68.3.57 /home/prodshow/index/id/47
INFO: [ app_init ] --START--
INFO: Run Behavior\BuildLiteBehavior [ RunTime:0.000052s ]
INFO: [ app_init ] --END-- [ RunTime:0.000909s ]
INFO: [ app_begin ] --START--
INFO: Run Behavior\ReadHtmlCacheBehavior [ RunTime:0.000993s ]
INFO: [ app_begin ] --END-- [ RunTime:0.001147s ]
SQL: SHOW COLUMNS FROM `data_pageview` [ RunTime:0.0139s ]
SQL: SHOW COLUMNS FROM `data_systems` [ RunTime:0.0064s ]
SQL: SHOW COLUMNS FROM `data_prodtype` [ RunTime:0.0061s ]
SQL: SELECT `autoid`,`ty_name` FROM `data_prodtype` WHERE ty_subid = 0 ORDER BY  ty_sort desc ,autoid desc  LIMIT 0,6   [ RunTime:0.0006s ]
SQL: SHOW COLUMNS FROM `data_productview` [ RunTime:0.0104s ]
SQL: SELECT * FROM `data_productview` WHERE ( autoid =47 ) LIMIT 1   [ RunTime:0.0025s ]
SQL: SELECT `autoid`,`prod_name`,`img_url` FROM `data_productview` WHERE  (autoid > 47 or autoid < 47) ORDER BY  prod_sort desc ,autoid desc  LIMIT 0,6   [ RunTime:0.0014s ]
INFO: [ view_parse ] --START--
INFO: [ template_filter ] --START--
INFO: Run Behavior\ContentReplaceBehavior [ RunTime:0.000084s ]
INFO: [ template_filter ] --END-- [ RunTime:0.000214s ]
INFO: Run Behavior\ParseTemplateBehavior [ RunTime:0.023613s ]
INFO: [ view_parse ] --END-- [ RunTime:0.023765s ]
INFO: [ view_filter ] --START--
INFO: Run Behavior\WriteHtmlCacheBehavior [ RunTime:0.000270s ]
INFO: [ view_filter ] --END-- [ RunTime:0.000358s ]
INFO: [ app_end ] --START--
INFO: Run Behavior\ShowPageTraceBehavior [ RunTime:0.000674s ]
INFO: [ app_end ] --END-- [ RunTime:0.000812s ]

[ 2015-05-08T22:49:40+08:00 ] 113.68.3.57 /index.php/Home/Publicuse/verify/
INFO: [ app_init ] --START--
INFO: Run Behavior\BuildLiteBehavior [ RunTime:0.000052s ]
INFO: [ app_init ] --END-- [ RunTime:0.000859s ]
INFO: [ app_begin ] --START--
INFO: Run Behavior\ReadHtmlCacheBehavior [ RunTime:0.000808s ]
INFO: [ app_begin ] --END-- [ RunTime:0.000937s ]
INFO: [ app_end ] --START--
INFO: Run Behavior\ShowPageTraceBehavior [ RunTime:0.000887s ]
INFO: [ app_end ] --END-- [ RunTime:0.001046s ]

[ 2015-05-08T22:50:24+08:00 ] 113.68.3.57 /index.php/Home/Publicuse/verify/
INFO: [ app_init ] --START--
INFO: Run Behavior\BuildLiteBehavior [ RunTime:0.000125s ]
INFO: [ app_init ] --END-- [ RunTime:0.000957s ]
INFO: [ app_begin ] --START--
INFO: Run Behavior\ReadHtmlCacheBehavior [ RunTime:0.000934s ]
INFO: [ app_begin ] --END-- [ RunTime:0.001082s ]
INFO: [ app_end ] --START--
INFO: Run Behavior\ShowPageTraceBehavior [ RunTime:0.000909s ]
INFO: [ app_end ] --END-- [ RunTime:0.001087s ]

[ 2015-05-08T22:50:41+08:00 ] 113.68.3.57 /index.php/Home/Publicuse/verify/
INFO: [ app_init ] --START--
INFO: Run Behavior\BuildLiteBehavior [ RunTime:0.000038s ]
INFO: [ app_init ] --END-- [ RunTime:0.000648s ]
INFO: [ app_begin ] --START--
INFO: Run Behavior\ReadHtmlCacheBehavior [ RunTime:0.000638s ]
INFO: [ app_begin ] --END-- [ RunTime:0.000764s ]
INFO: [ app_end ] --START--
INFO: Run Behavior\ShowPageTraceBehavior [ RunTime:0.000639s ]
INFO: [ app_end ] --END-- [ RunTime:0.000767s ]

[ 2015-05-08T22:50:58+08:00 ] 113.68.3.57 /index.php/Home/Publicuse/verify/
INFO: [ app_init ] --START--
INFO: Run Behavior\BuildLiteBehavior [ RunTime:0.000050s ]
INFO: [ app_init ] --END-- [ RunTime:0.000883s ]
INFO: [ app_begin ] --START--
INFO: Run Behavior\ReadHtmlCacheBehavior [ RunTime:0.000733s ]
INFO: [ app_begin ] --END-- [ RunTime:0.000850s ]
INFO: [ app_end ] --START--
INFO: Run Behavior\ShowPageTraceBehavior [ RunTime:0.000917s ]
INFO: [ app_end ] --END-- [ RunTime:0.001096s ]

[ 2015-05-08T23:03:16+08:00 ] 106.120.160.119 /
INFO: [ app_init ] --START--
INFO: Run Behavior\BuildLiteBehavior [ RunTime:0.000050s ]
INFO: [ app_init ] --END-- [ RunTime:0.000864s ]
INFO: [ app_begin ] --START--
INFO: Run Behavior\ReadHtmlCacheBehavior [ RunTime:0.000857s ]
INFO: [ app_begin ] --END-- [ RunTime:0.001007s ]
INFO: [ view_parse ] --START--
INFO: Run Behavior\ParseTemplateBehavior [ RunTime:0.013578s ]
INFO: [ view_parse ] --END-- [ RunTime:0.013778s ]
INFO: [ view_filter ] --START--
INFO: Run Behavior\WriteHtmlCacheBehavior [ RunTime:0.000428s ]
INFO: [ view_filter ] --END-- [ RunTime:0.000542s ]

[ 2015-05-08T23:10:07+08:00 ] 220.181.132.198 /
INFO: [ app_init ] --START--
INFO: Run Behavior\BuildLiteBehavior [ RunTime:0.000036s ]
INFO: [ app_init ] --END-- [ RunTime:0.000609s ]
INFO: [ app_begin ] --START--
INFO: Run Behavior\ReadHtmlCacheBehavior [ RunTime:0.000628s ]
INFO: [ app_begin ] --END-- [ RunTime:0.000734s ]
INFO: [ view_parse ] --START--
INFO: Run Behavior\ParseTemplateBehavior [ RunTime:0.000283s ]
INFO: [ view_parse ] --END-- [ RunTime:0.000386s ]
INFO: [ view_filter ] --START--
INFO: Run Behavior\WriteHtmlCacheBehavior [ RunTime:0.000248s ]
INFO: [ view_filter ] --END-- [ RunTime:0.000328s ]

