[ 2016-01-13T03:19:24+08:00 ] 141.212.122.145 /
INFO: [ app_init ] --START--
INFO: Run Behavior\BuildLiteBehavior [ RunTime:0.000037s ]
INFO: [ app_init ] --END-- [ RunTime:0.000645s ]
INFO: [ app_begin ] --START--
INFO: Run Behavior\ReadHtmlCacheBehavior [ RunTime:0.014925s ]
INFO: [ app_begin ] --END-- [ RunTime:0.015078s ]
INFO: [ view_parse ] --START--
INFO: Run Behavior\ParseTemplateBehavior [ RunTime:0.055110s ]
INFO: [ view_parse ] --END-- [ RunTime:0.055308s ]
INFO: [ view_filter ] --START--
INFO: Run Behavior\WriteHtmlCacheBehavior [ RunTime:0.036780s ]
INFO: [ view_filter ] --END-- [ RunTime:0.036956s ]

[ 2016-01-13T11:29:38+08:00 ] 85.25.74.174 /
INFO: [ app_init ] --START--
INFO: Run Behavior\BuildLiteBehavior [ RunTime:0.000048s ]
INFO: [ app_init ] --END-- [ RunTime:0.023772s ]
INFO: [ app_begin ] --START--
INFO: Run Behavior\ReadHtmlCacheBehavior [ RunTime:1.443468s ]
INFO: [ app_begin ] --END-- [ RunTime:1.443664s ]
INFO: [ view_parse ] --START--
INFO: Run Behavior\ParseTemplateBehavior [ RunTime:0.033388s ]
INFO: [ view_parse ] --END-- [ RunTime:0.033547s ]
INFO: [ view_filter ] --START--
INFO: Run Behavior\WriteHtmlCacheBehavior [ RunTime:0.016857s ]
INFO: [ view_filter ] --END-- [ RunTime:0.017007s ]

[ 2016-01-13T20:42:05+08:00 ] 107.150.60.246 /
INFO: [ app_init ] --START--
INFO: Run Behavior\BuildLiteBehavior [ RunTime:0.000058s ]
INFO: [ app_init ] --END-- [ RunTime:0.000935s ]
INFO: [ app_begin ] --START--
INFO: Run Behavior\ReadHtmlCacheBehavior [ RunTime:0.004963s ]
INFO: [ app_begin ] --END-- [ RunTime:0.005156s ]
INFO: [ view_parse ] --START--
INFO: Run Behavior\ParseTemplateBehavior [ RunTime:0.139424s ]
INFO: [ view_parse ] --END-- [ RunTime:0.139597s ]
INFO: [ view_filter ] --START--
INFO: Run Behavior\WriteHtmlCacheBehavior [ RunTime:0.025441s ]
INFO: [ view_filter ] --END-- [ RunTime:0.025563s ]

