[ 2014-04-11T10:35:53+08:00 ] 198.52.105.73 /manager.php
INFO: [ app_begin ] --START--
INFO: ReadHtmlCache Behavior ::run [ RunTime:0.001154s ]
INFO: [ app_begin ] --END-- [ RunTime:0.001508s ]

[ 2014-04-11T10:35:53+08:00 ] 198.52.105.73 /manager.php/login
INFO: [ route_check ] --START--
INFO: CheckRoute Behavior ::run [ RunTime:0.001113s ]
INFO: [ route_check ] --END-- [ RunTime:0.001332s ]
INFO: [ app_begin ] --START--
INFO: ReadHtmlCache Behavior ::run [ RunTime:0.000644s ]
INFO: [ app_begin ] --END-- [ RunTime:0.000742s ]
NOTIC: [8] Undefined index:  MID /hsphere/local/home/a941323/gzwisdomiot.com/Manager/Lib/Action/CommonAction.class.php 第 84 行.
NOTIC: [8] Undefined index:  MNAME /hsphere/local/home/a941323/gzwisdomiot.com/Manager/Lib/Action/CommonAction.class.php 第 85 行.
INFO: [ view_parse ] --START--
INFO: ParseTemplate Behavior ::run [ RunTime:0.063390s ]
INFO: [ view_parse ] --END-- [ RunTime:0.063601s ]
INFO: [ view_filter ] --START--
INFO: ContentReplace Behavior ::run [ RunTime:0.000910s ]
INFO: TokenBuild Behavior ::run [ RunTime:0.000436s ]
INFO: WriteHtmlCache Behavior ::run [ RunTime:0.000307s ]
INFO: ShowRuntime Behavior ::run [ RunTime:0.000577s ]
INFO: [ view_filter ] --END-- [ RunTime:0.002521s ]
INFO: [ view_end ] --START--
INFO: ShowPageTrace Behavior ::run [ RunTime:0.001045s ]
INFO: [ view_end ] --END-- [ RunTime:0.001152s ]

[ 2014-04-11T10:49:30+08:00 ] 198.52.105.73 /manager.php/login/loginCheck
INFO: [ route_check ] --START--
INFO: CheckRoute Behavior ::run [ RunTime:0.001177s ]
INFO: [ route_check ] --END-- [ RunTime:0.001433s ]
INFO: [ app_begin ] --START--
INFO: ReadHtmlCache Behavior ::run [ RunTime:0.001300s ]
INFO: [ app_begin ] --END-- [ RunTime:0.001464s ]
SQL: SHOW COLUMNS FROM `admin_manager` [ RunTime:0.077595s ]
SQL: SELECT * FROM `admin_manager` WHERE   user_name = 'guest'  LIMIT 1   [ RunTime:0.001620s ]
SQL: UPDATE `admin_manager` SET `user_datetime`='2014-04-11 10:49:30',`user_lognum`=164 WHERE ( autoid=1 ) [ RunTime:0.000681s ]

[ 2014-04-11T10:49:31+08:00 ] 198.52.105.73 /manager.php/manager
INFO: [ route_check ] --START--
INFO: CheckRoute Behavior ::run [ RunTime:0.001147s ]
INFO: [ route_check ] --END-- [ RunTime:0.001393s ]
INFO: [ app_begin ] --START--
INFO: ReadHtmlCache Behavior ::run [ RunTime:0.000760s ]
INFO: [ app_begin ] --END-- [ RunTime:0.000882s ]
INFO: [ view_parse ] --START--
INFO: ParseTemplate Behavior ::run [ RunTime:0.074588s ]
INFO: [ view_parse ] --END-- [ RunTime:0.074751s ]
INFO: [ view_filter ] --START--
INFO: ContentReplace Behavior ::run [ RunTime:0.000769s ]
INFO: TokenBuild Behavior ::run [ RunTime:0.000465s ]
INFO: WriteHtmlCache Behavior ::run [ RunTime:0.000379s ]
INFO: ShowRuntime Behavior ::run [ RunTime:0.000599s ]
INFO: [ view_filter ] --END-- [ RunTime:0.002517s ]
INFO: [ view_end ] --START--
INFO: ShowPageTrace Behavior ::run [ RunTime:0.000902s ]
INFO: [ view_end ] --END-- [ RunTime:0.001013s ]

[ 2014-04-11T10:49:31+08:00 ] 198.52.105.73 /manager.php/manager/main
INFO: [ route_check ] --START--
INFO: CheckRoute Behavior ::run [ RunTime:0.001301s ]
INFO: [ route_check ] --END-- [ RunTime:0.001564s ]
INFO: [ app_begin ] --START--
INFO: ReadHtmlCache Behavior ::run [ RunTime:0.000672s ]
INFO: [ app_begin ] --END-- [ RunTime:0.000772s ]
SQL: SHOW COLUMNS FROM `admin_systems` [ RunTime:0.071270s ]
SQL: SELECT * FROM `admin_systems` WHERE ( `autoid` = 1 ) LIMIT 1   [ RunTime:0.003480s ]
INFO: [ view_parse ] --START--
NOTIC: [8] Undefined variable: LanguageList /hsphere/local/home/a941323/gzwisdomiot.com/Manager/Runtime/Cache/407bf0bd30684a86c1a8696531944bfb.php 第 48 行.
INFO: ParseTemplate Behavior ::run [ RunTime:0.084573s ]
INFO: [ view_parse ] --END-- [ RunTime:0.084721s ]
INFO: [ view_filter ] --START--
INFO: ContentReplace Behavior ::run [ RunTime:0.000660s ]
INFO: TokenBuild Behavior ::run [ RunTime:0.000620s ]
INFO: WriteHtmlCache Behavior ::run [ RunTime:0.000393s ]
INFO: ShowRuntime Behavior ::run [ RunTime:0.000745s ]
INFO: [ view_filter ] --END-- [ RunTime:0.002825s ]
INFO: [ view_end ] --START--
INFO: ShowPageTrace Behavior ::run [ RunTime:0.001041s ]
INFO: [ view_end ] --END-- [ RunTime:0.001173s ]

[ 2014-04-11T10:49:38+08:00 ] 198.52.105.73 /manager.php/productlist
INFO: [ route_check ] --START--
INFO: CheckRoute Behavior ::run [ RunTime:0.001131s ]
INFO: [ route_check ] --END-- [ RunTime:0.001366s ]
INFO: [ app_begin ] --START--
INFO: ReadHtmlCache Behavior ::run [ RunTime:0.000660s ]
INFO: [ app_begin ] --END-- [ RunTime:0.000756s ]
SQL: SHOW COLUMNS FROM `admin_productnewview` [ RunTime:0.013095s ]
SQL: SELECT COUNT(*) AS tp_count FROM `admin_productnewview` LIMIT 1   [ RunTime:0.001541s ]
SQL: SELECT * FROM `admin_productnewview` ORDER BY  autoid desc  LIMIT 0,12   [ RunTime:0.002339s ]
SQL: SHOW COLUMNS FROM `admin_soletype` [ RunTime:0.008903s ]
SQL: SELECT * FROM `admin_soletype` ORDER BY  autoid asc   [ RunTime:0.002083s ]
INFO: [ view_parse ] --START--
INFO: ParseTemplate Behavior ::run [ RunTime:0.042504s ]
INFO: [ view_parse ] --END-- [ RunTime:0.042643s ]
INFO: [ view_filter ] --START--
INFO: ContentReplace Behavior ::run [ RunTime:0.000501s ]
INFO: TokenBuild Behavior ::run [ RunTime:0.000452s ]
INFO: WriteHtmlCache Behavior ::run [ RunTime:0.000291s ]
INFO: ShowRuntime Behavior ::run [ RunTime:0.000641s ]
INFO: [ view_filter ] --END-- [ RunTime:0.002156s ]
INFO: [ view_end ] --START--
INFO: ShowPageTrace Behavior ::run [ RunTime:0.000935s ]
INFO: [ view_end ] --END-- [ RunTime:0.001091s ]

[ 2014-04-11T10:49:40+08:00 ] 198.52.105.73 /manager.php/categorylist
INFO: [ route_check ] --START--
INFO: CheckRoute Behavior ::run [ RunTime:0.001207s ]
INFO: [ route_check ] --END-- [ RunTime:0.001473s ]
INFO: [ app_begin ] --START--
INFO: ReadHtmlCache Behavior ::run [ RunTime:0.000772s ]
INFO: [ app_begin ] --END-- [ RunTime:0.000873s ]
SQL: SHOW COLUMNS FROM `admin_prodtype` [ RunTime:0.007890s ]
SQL: SELECT COUNT(*) AS tp_count FROM `admin_prodtype` WHERE ( ty_subid=0 ) LIMIT 1   [ RunTime:0.001027s ]
SQL: SELECT * FROM `admin_prodtype` WHERE ty_subid=0 ORDER BY  autoid desc  LIMIT 0,12   [ RunTime:0.001157s ]
INFO: [ view_parse ] --START--
INFO: ParseTemplate Behavior ::run [ RunTime:0.054605s ]
INFO: [ view_parse ] --END-- [ RunTime:0.054784s ]
INFO: [ view_filter ] --START--
INFO: ContentReplace Behavior ::run [ RunTime:0.000576s ]
INFO: TokenBuild Behavior ::run [ RunTime:0.000450s ]
INFO: WriteHtmlCache Behavior ::run [ RunTime:0.000295s ]
INFO: ShowRuntime Behavior ::run [ RunTime:0.000550s ]
INFO: [ view_filter ] --END-- [ RunTime:0.002129s ]
INFO: [ view_end ] --START--
INFO: ShowPageTrace Behavior ::run [ RunTime:0.000743s ]
INFO: [ view_end ] --END-- [ RunTime:0.000839s ]

[ 2014-04-11T10:54:22+08:00 ] 198.52.105.73 /manager.php/Categorylist/edittable/id/3
INFO: [ route_check ] --START--
INFO: CheckRoute Behavior ::run [ RunTime:0.001775s ]
INFO: [ route_check ] --END-- [ RunTime:0.002162s ]
INFO: [ app_begin ] --START--
INFO: ReadHtmlCache Behavior ::run [ RunTime:0.000942s ]
INFO: [ app_begin ] --END-- [ RunTime:0.001099s ]
SQL: SHOW COLUMNS FROM `admin_prodtype` [ RunTime:0.005993s ]
SQL: SELECT * FROM `admin_prodtype` WHERE ( `autoid` = 3 ) LIMIT 1   [ RunTime:0.000801s ]
SQL: SELECT * FROM `admin_prodtype` WHERE ty_subid=0 ORDER BY  autoid asc   [ RunTime:0.001039s ]
INFO: [ view_parse ] --START--
INFO: ParseTemplate Behavior ::run [ RunTime:0.182242s ]
INFO: [ view_parse ] --END-- [ RunTime:0.182474s ]
INFO: [ view_filter ] --START--
INFO: ContentReplace Behavior ::run [ RunTime:0.000729s ]
INFO: TokenBuild Behavior ::run [ RunTime:0.000656s ]
INFO: WriteHtmlCache Behavior ::run [ RunTime:0.000464s ]
INFO: ShowRuntime Behavior ::run [ RunTime:0.000839s ]
INFO: [ view_filter ] --END-- [ RunTime:0.003195s ]
INFO: [ view_end ] --START--
INFO: ShowPageTrace Behavior ::run [ RunTime:0.001121s ]
INFO: [ view_end ] --END-- [ RunTime:0.001276s ]

[ 2014-04-11T10:54:22+08:00 ] 198.52.105.73 /manager.php/Categorylist/edittable/id/2
INFO: [ route_check ] --START--
INFO: CheckRoute Behavior ::run [ RunTime:0.001412s ]
INFO: [ route_check ] --END-- [ RunTime:0.001721s ]
INFO: [ app_begin ] --START--
INFO: ReadHtmlCache Behavior ::run [ RunTime:0.001032s ]
INFO: [ app_begin ] --END-- [ RunTime:0.001192s ]
SQL: SHOW COLUMNS FROM `admin_prodtype` [ RunTime:0.006031s ]
SQL: SELECT * FROM `admin_prodtype` WHERE ( `autoid` = 2 ) LIMIT 1   [ RunTime:0.000819s ]
SQL: SELECT * FROM `admin_prodtype` WHERE ty_subid=0 ORDER BY  autoid asc   [ RunTime:0.000612s ]
INFO: [ view_parse ] --START--
INFO: ParseTemplate Behavior ::run [ RunTime:0.025385s ]
INFO: [ view_parse ] --END-- [ RunTime:0.025556s ]
INFO: [ view_filter ] --START--
INFO: ContentReplace Behavior ::run [ RunTime:0.000650s ]
INFO: TokenBuild Behavior ::run [ RunTime:0.000634s ]
INFO: WriteHtmlCache Behavior ::run [ RunTime:0.000386s ]
INFO: ShowRuntime Behavior ::run [ RunTime:0.000704s ]
INFO: [ view_filter ] --END-- [ RunTime:0.002720s ]
INFO: [ view_end ] --START--
INFO: ShowPageTrace Behavior ::run [ RunTime:0.001021s ]
INFO: [ view_end ] --END-- [ RunTime:0.001155s ]

[ 2014-04-11T10:54:22+08:00 ] 198.52.105.73 /manager.php/Categorylist/edittable/id/2
INFO: [ route_check ] --START--
INFO: CheckRoute Behavior ::run [ RunTime:0.002195s ]
INFO: [ route_check ] --END-- [ RunTime:0.002540s ]
INFO: [ app_begin ] --START--
INFO: ReadHtmlCache Behavior ::run [ RunTime:0.000942s ]
INFO: [ app_begin ] --END-- [ RunTime:0.001102s ]
SQL: SHOW COLUMNS FROM `admin_prodtype` [ RunTime:0.007904s ]
SQL: SELECT * FROM `admin_prodtype` WHERE ( `autoid` = 2 ) LIMIT 1   [ RunTime:0.000711s ]
SQL: SELECT * FROM `admin_prodtype` WHERE ty_subid=0 ORDER BY  autoid asc   [ RunTime:0.000586s ]
INFO: [ view_parse ] --START--
INFO: ParseTemplate Behavior ::run [ RunTime:0.027139s ]
INFO: [ view_parse ] --END-- [ RunTime:0.027324s ]
INFO: [ view_filter ] --START--
INFO: ContentReplace Behavior ::run [ RunTime:0.000636s ]
INFO: TokenBuild Behavior ::run [ RunTime:0.000626s ]
INFO: WriteHtmlCache Behavior ::run [ RunTime:0.000376s ]
INFO: ShowRuntime Behavior ::run [ RunTime:0.000538s ]
INFO: [ view_filter ] --END-- [ RunTime:0.002519s ]
INFO: [ view_end ] --START--
INFO: ShowPageTrace Behavior ::run [ RunTime:0.000775s ]
INFO: [ view_end ] --END-- [ RunTime:0.000874s ]

[ 2014-04-11T10:54:53+08:00 ] 198.52.105.73 /manager.php/categorylist
INFO: [ route_check ] --START--
INFO: CheckRoute Behavior ::run [ RunTime:0.001132s ]
INFO: [ route_check ] --END-- [ RunTime:0.001369s ]
INFO: [ app_begin ] --START--
INFO: ReadHtmlCache Behavior ::run [ RunTime:0.000682s ]
INFO: [ app_begin ] --END-- [ RunTime:0.000779s ]
SQL: SHOW COLUMNS FROM `admin_prodtype` [ RunTime:0.006512s ]
SQL: SELECT COUNT(*) AS tp_count FROM `admin_prodtype` WHERE ( ty_subid=0 ) LIMIT 1   [ RunTime:0.001572s ]
SQL: SELECT * FROM `admin_prodtype` WHERE ty_subid=0 ORDER BY  autoid desc  LIMIT 0,12   [ RunTime:0.001178s ]
INFO: [ view_parse ] --START--
INFO: ParseTemplate Behavior ::run [ RunTime:0.018077s ]
INFO: [ view_parse ] --END-- [ RunTime:0.018218s ]
INFO: [ view_filter ] --START--
INFO: ContentReplace Behavior ::run [ RunTime:0.000565s ]
INFO: TokenBuild Behavior ::run [ RunTime:0.000423s ]
INFO: WriteHtmlCache Behavior ::run [ RunTime:0.000290s ]
INFO: ShowRuntime Behavior ::run [ RunTime:0.000553s ]
INFO: [ view_filter ] --END-- [ RunTime:0.002086s ]
INFO: [ view_end ] --START--
INFO: ShowPageTrace Behavior ::run [ RunTime:0.000706s ]
INFO: [ view_end ] --END-- [ RunTime:0.000801s ]

[ 2014-04-11T10:55:03+08:00 ] 198.52.105.73 /manager.php/Categorylist/edittable/id/2
INFO: [ route_check ] --START--
INFO: CheckRoute Behavior ::run [ RunTime:0.001794s ]
INFO: [ route_check ] --END-- [ RunTime:0.002154s ]
INFO: [ app_begin ] --START--
INFO: ReadHtmlCache Behavior ::run [ RunTime:0.001015s ]
INFO: [ app_begin ] --END-- [ RunTime:0.001178s ]
SQL: SHOW COLUMNS FROM `admin_prodtype` [ RunTime:0.007133s ]
SQL: SELECT * FROM `admin_prodtype` WHERE ( `autoid` = 2 ) LIMIT 1   [ RunTime:0.000650s ]
SQL: SELECT * FROM `admin_prodtype` WHERE ty_subid=0 ORDER BY  autoid asc   [ RunTime:0.000622s ]
INFO: [ view_parse ] --START--
INFO: ParseTemplate Behavior ::run [ RunTime:0.016539s ]
INFO: [ view_parse ] --END-- [ RunTime:0.016698s ]
INFO: [ view_filter ] --START--
INFO: ContentReplace Behavior ::run [ RunTime:0.000489s ]
INFO: TokenBuild Behavior ::run [ RunTime:0.000457s ]
INFO: WriteHtmlCache Behavior ::run [ RunTime:0.000300s ]
INFO: ShowRuntime Behavior ::run [ RunTime:0.000534s ]
INFO: [ view_filter ] --END-- [ RunTime:0.002045s ]
INFO: [ view_end ] --START--
INFO: ShowPageTrace Behavior ::run [ RunTime:0.000708s ]
INFO: [ view_end ] --END-- [ RunTime:0.000806s ]

[ 2014-04-11T10:55:14+08:00 ] 198.52.105.73 /manager.php/Categorylist/saveedit
INFO: [ route_check ] --START--
INFO: CheckRoute Behavior ::run [ RunTime:0.001126s ]
INFO: [ route_check ] --END-- [ RunTime:0.001349s ]
INFO: [ app_begin ] --START--
INFO: ReadHtmlCache Behavior ::run [ RunTime:0.000659s ]
INFO: [ app_begin ] --END-- [ RunTime:0.000760s ]
NOTIC: [8] Undefined variable: flag /hsphere/local/home/a941323/gzwisdomiot.com/Manager/Lib/Action/Table/CategoryAction.class.php 第 91 行.
SQL: SHOW COLUMNS FROM `admin_prodtype` [ RunTime:0.006101s ]
SQL: UPDATE `admin_prodtype` SET `ty_subid`=0,`ty_name`='Touch Screen&amp;lens',`ty_imgurl`='/uploadfile/201212/01355728101.JPG',`ty_sort`=2,`ty_intro`='Mobilephone Touch Screen &amp; Tablet PC Touch Screen ' WHERE ( autoid=2 ) [ RunTime:0.022866s ]

[ 2014-04-11T10:55:15+08:00 ] 198.52.105.73 /manager.php/categorylist/index.html
INFO: [ route_check ] --START--
INFO: CheckRoute Behavior ::run [ RunTime:0.001295s ]
INFO: [ route_check ] --END-- [ RunTime:0.001524s ]
INFO: [ app_begin ] --START--
INFO: ReadHtmlCache Behavior ::run [ RunTime:0.000657s ]
INFO: [ app_begin ] --END-- [ RunTime:0.000757s ]
SQL: SHOW COLUMNS FROM `admin_prodtype` [ RunTime:0.006084s ]
SQL: SELECT COUNT(*) AS tp_count FROM `admin_prodtype` WHERE ( ty_subid=0 ) LIMIT 1   [ RunTime:0.000755s ]
SQL: SELECT * FROM `admin_prodtype` WHERE ty_subid=0 ORDER BY  autoid desc  LIMIT 0,12   [ RunTime:0.000971s ]
INFO: [ view_parse ] --START--
INFO: ParseTemplate Behavior ::run [ RunTime:0.013885s ]
INFO: [ view_parse ] --END-- [ RunTime:0.014034s ]
INFO: [ view_filter ] --START--
INFO: ContentReplace Behavior ::run [ RunTime:0.000521s ]
INFO: TokenBuild Behavior ::run [ RunTime:0.000450s ]
INFO: WriteHtmlCache Behavior ::run [ RunTime:0.000292s ]
INFO: ShowRuntime Behavior ::run [ RunTime:0.000569s ]
INFO: [ view_filter ] --END-- [ RunTime:0.002092s ]
INFO: [ view_end ] --START--
INFO: ShowPageTrace Behavior ::run [ RunTime:0.000758s ]
INFO: [ view_end ] --END-- [ RunTime:0.000856s ]

