[ 2014-03-05T10:37:29+08:00 ] 183.3.31.248 /manager.php
INFO: [ app_begin ] --START--
INFO: ReadHtmlCache Behavior ::run [ RunTime:0.000709s ]
INFO: [ app_begin ] --END-- [ RunTime:0.000959s ]

[ 2014-03-05T10:37:30+08:00 ] 183.3.31.248 //manager.php/login
INFO: [ route_check ] --START--
INFO: CheckRoute Behavior ::run [ RunTime:0.001112s ]
INFO: [ route_check ] --END-- [ RunTime:0.001341s ]
INFO: [ app_begin ] --START--
INFO: ReadHtmlCache Behavior ::run [ RunTime:0.000647s ]
INFO: [ app_begin ] --END-- [ RunTime:0.000750s ]
NOTIC: [8] Undefined index:  MID /hsphere/local/home/a941323/gzwisdomiot.com/Manager/Lib/Action/CommonAction.class.php 第 84 行.
NOTIC: [8] Undefined index:  MNAME /hsphere/local/home/a941323/gzwisdomiot.com/Manager/Lib/Action/CommonAction.class.php 第 85 行.
INFO: [ view_parse ] --START--
INFO: ParseTemplate Behavior ::run [ RunTime:0.011596s ]
INFO: [ view_parse ] --END-- [ RunTime:0.011728s ]
INFO: [ view_filter ] --START--
INFO: ContentReplace Behavior ::run [ RunTime:0.000474s ]
INFO: TokenBuild Behavior ::run [ RunTime:0.000428s ]
INFO: WriteHtmlCache Behavior ::run [ RunTime:0.000297s ]
INFO: ShowRuntime Behavior ::run [ RunTime:0.000578s ]
INFO: [ view_filter ] --END-- [ RunTime:0.002052s ]
INFO: [ view_end ] --START--
INFO: ShowPageTrace Behavior ::run [ RunTime:0.000770s ]
INFO: [ view_end ] --END-- [ RunTime:0.000868s ]

[ 2014-03-05T10:47:02+08:00 ] 183.3.31.248 //manager.php/login
INFO: [ route_check ] --START--
INFO: CheckRoute Behavior ::run [ RunTime:0.001184s ]
INFO: [ route_check ] --END-- [ RunTime:0.001446s ]
INFO: [ app_begin ] --START--
INFO: ReadHtmlCache Behavior ::run [ RunTime:0.000653s ]
INFO: [ app_begin ] --END-- [ RunTime:0.000753s ]
NOTIC: [8] Undefined index:  MID /hsphere/local/home/a941323/gzwisdomiot.com/Manager/Lib/Action/CommonAction.class.php 第 84 行.
NOTIC: [8] Undefined index:  MNAME /hsphere/local/home/a941323/gzwisdomiot.com/Manager/Lib/Action/CommonAction.class.php 第 85 行.
INFO: [ view_parse ] --START--
INFO: ParseTemplate Behavior ::run [ RunTime:0.011431s ]
INFO: [ view_parse ] --END-- [ RunTime:0.011568s ]
INFO: [ view_filter ] --START--
INFO: ContentReplace Behavior ::run [ RunTime:0.000489s ]
INFO: TokenBuild Behavior ::run [ RunTime:0.000452s ]
INFO: WriteHtmlCache Behavior ::run [ RunTime:0.000296s ]
INFO: ShowRuntime Behavior ::run [ RunTime:0.000554s ]
INFO: [ view_filter ] --END-- [ RunTime:0.002071s ]
INFO: [ view_end ] --START--
INFO: ShowPageTrace Behavior ::run [ RunTime:0.000786s ]
INFO: [ view_end ] --END-- [ RunTime:0.000896s ]

[ 2014-03-05T10:47:32+08:00 ] 183.3.31.248 //manager.php/login
INFO: [ route_check ] --START--
INFO: CheckRoute Behavior ::run [ RunTime:0.001318s ]
INFO: [ route_check ] --END-- [ RunTime:0.001597s ]
INFO: [ app_begin ] --START--
INFO: ReadHtmlCache Behavior ::run [ RunTime:0.000702s ]
INFO: [ app_begin ] --END-- [ RunTime:0.000836s ]
NOTIC: [8] Undefined index:  MID /hsphere/local/home/a941323/gzwisdomiot.com/Manager/Lib/Action/CommonAction.class.php 第 84 行.
NOTIC: [8] Undefined index:  MNAME /hsphere/local/home/a941323/gzwisdomiot.com/Manager/Lib/Action/CommonAction.class.php 第 85 行.
INFO: [ view_parse ] --START--
INFO: ParseTemplate Behavior ::run [ RunTime:0.013212s ]
INFO: [ view_parse ] --END-- [ RunTime:0.013409s ]
INFO: [ view_filter ] --START--
INFO: ContentReplace Behavior ::run [ RunTime:0.000659s ]
INFO: TokenBuild Behavior ::run [ RunTime:0.000627s ]
INFO: WriteHtmlCache Behavior ::run [ RunTime:0.000412s ]
INFO: ShowRuntime Behavior ::run [ RunTime:0.000830s ]
INFO: [ view_filter ] --END-- [ RunTime:0.002945s ]
INFO: [ view_end ] --START--
INFO: ShowPageTrace Behavior ::run [ RunTime:0.001092s ]
INFO: [ view_end ] --END-- [ RunTime:0.001245s ]

[ 2014-03-05T10:49:06+08:00 ] 183.3.31.248 //manager.php/login
INFO: [ route_check ] --START--
INFO: CheckRoute Behavior ::run [ RunTime:0.001776s ]
INFO: [ route_check ] --END-- [ RunTime:0.002115s ]
INFO: [ app_begin ] --START--
INFO: ReadHtmlCache Behavior ::run [ RunTime:0.000928s ]
INFO: [ app_begin ] --END-- [ RunTime:0.001067s ]
NOTIC: [8] Undefined index:  MID /hsphere/local/home/a941323/gzwisdomiot.com/Manager/Lib/Action/CommonAction.class.php 第 84 行.
NOTIC: [8] Undefined index:  MNAME /hsphere/local/home/a941323/gzwisdomiot.com/Manager/Lib/Action/CommonAction.class.php 第 85 行.
INFO: [ view_parse ] --START--
INFO: ParseTemplate Behavior ::run [ RunTime:0.017416s ]
INFO: [ view_parse ] --END-- [ RunTime:0.017618s ]
INFO: [ view_filter ] --START--
INFO: ContentReplace Behavior ::run [ RunTime:0.000640s ]
INFO: TokenBuild Behavior ::run [ RunTime:0.000676s ]
INFO: WriteHtmlCache Behavior ::run [ RunTime:0.000395s ]
INFO: ShowRuntime Behavior ::run [ RunTime:0.000780s ]
INFO: [ view_filter ] --END-- [ RunTime:0.002882s ]
INFO: [ view_end ] --START--
INFO: ShowPageTrace Behavior ::run [ RunTime:0.001084s ]
INFO: [ view_end ] --END-- [ RunTime:0.001221s ]

[ 2014-03-05T10:49:48+08:00 ] 183.3.31.248 //manager.php/login
INFO: [ route_check ] --START--
INFO: CheckRoute Behavior ::run [ RunTime:0.001124s ]
INFO: [ route_check ] --END-- [ RunTime:0.001381s ]
INFO: [ app_begin ] --START--
INFO: ReadHtmlCache Behavior ::run [ RunTime:0.000649s ]
INFO: [ app_begin ] --END-- [ RunTime:0.000749s ]
NOTIC: [8] Undefined index:  MID /hsphere/local/home/a941323/gzwisdomiot.com/Manager/Lib/Action/CommonAction.class.php 第 84 行.
NOTIC: [8] Undefined index:  MNAME /hsphere/local/home/a941323/gzwisdomiot.com/Manager/Lib/Action/CommonAction.class.php 第 85 行.
INFO: [ view_parse ] --START--
INFO: ParseTemplate Behavior ::run [ RunTime:0.011404s ]
INFO: [ view_parse ] --END-- [ RunTime:0.011533s ]
INFO: [ view_filter ] --START--
INFO: ContentReplace Behavior ::run [ RunTime:0.000469s ]
INFO: TokenBuild Behavior ::run [ RunTime:0.000457s ]
INFO: WriteHtmlCache Behavior ::run [ RunTime:0.000296s ]
INFO: ShowRuntime Behavior ::run [ RunTime:0.000553s ]
INFO: [ view_filter ] --END-- [ RunTime:0.002052s ]
INFO: [ view_end ] --START--
INFO: ShowPageTrace Behavior ::run [ RunTime:0.000793s ]
INFO: [ view_end ] --END-- [ RunTime:0.000891s ]

[ 2014-03-05T10:52:21+08:00 ] 183.3.31.248 /manager.php/login
INFO: [ route_check ] --START--
INFO: CheckRoute Behavior ::run [ RunTime:0.001287s ]
INFO: [ route_check ] --END-- [ RunTime:0.001552s ]
INFO: [ app_begin ] --START--
INFO: ReadHtmlCache Behavior ::run [ RunTime:0.000800s ]
INFO: [ app_begin ] --END-- [ RunTime:0.000914s ]
NOTIC: [8] Undefined index:  MID /hsphere/local/home/a941323/gzwisdomiot.com/Manager/Lib/Action/CommonAction.class.php 第 84 行.
NOTIC: [8] Undefined index:  MNAME /hsphere/local/home/a941323/gzwisdomiot.com/Manager/Lib/Action/CommonAction.class.php 第 85 行.
INFO: [ view_parse ] --START--
INFO: ParseTemplate Behavior ::run [ RunTime:0.012643s ]
INFO: [ view_parse ] --END-- [ RunTime:0.012827s ]
INFO: [ view_filter ] --START--
INFO: ContentReplace Behavior ::run [ RunTime:0.000483s ]
INFO: TokenBuild Behavior ::run [ RunTime:0.000456s ]
INFO: WriteHtmlCache Behavior ::run [ RunTime:0.000302s ]
INFO: ShowRuntime Behavior ::run [ RunTime:0.000613s ]
INFO: [ view_filter ] --END-- [ RunTime:0.002137s ]
INFO: [ view_end ] --START--
INFO: ShowPageTrace Behavior ::run [ RunTime:0.000869s ]
INFO: [ view_end ] --END-- [ RunTime:0.000973s ]

[ 2014-03-05T10:52:35+08:00 ] 183.3.31.248 /manager.php
INFO: [ app_begin ] --START--
INFO: ReadHtmlCache Behavior ::run [ RunTime:0.001019s ]
INFO: [ app_begin ] --END-- [ RunTime:0.001377s ]

[ 2014-03-05T10:52:36+08:00 ] 183.3.31.248 //manager.php/login
INFO: [ route_check ] --START--
INFO: CheckRoute Behavior ::run [ RunTime:0.001130s ]
INFO: [ route_check ] --END-- [ RunTime:0.001371s ]
INFO: [ app_begin ] --START--
INFO: ReadHtmlCache Behavior ::run [ RunTime:0.000652s ]
INFO: [ app_begin ] --END-- [ RunTime:0.000751s ]
NOTIC: [8] Undefined index:  MID /hsphere/local/home/a941323/gzwisdomiot.com/Manager/Lib/Action/CommonAction.class.php 第 84 行.
NOTIC: [8] Undefined index:  MNAME /hsphere/local/home/a941323/gzwisdomiot.com/Manager/Lib/Action/CommonAction.class.php 第 85 行.
INFO: [ view_parse ] --START--
INFO: ParseTemplate Behavior ::run [ RunTime:0.011416s ]
INFO: [ view_parse ] --END-- [ RunTime:0.011548s ]
INFO: [ view_filter ] --START--
INFO: ContentReplace Behavior ::run [ RunTime:0.000488s ]
INFO: TokenBuild Behavior ::run [ RunTime:0.000452s ]
INFO: WriteHtmlCache Behavior ::run [ RunTime:0.000306s ]
INFO: ShowRuntime Behavior ::run [ RunTime:0.000564s ]
INFO: [ view_filter ] --END-- [ RunTime:0.002084s ]
INFO: [ view_end ] --START--
INFO: ShowPageTrace Behavior ::run [ RunTime:0.000801s ]
INFO: [ view_end ] --END-- [ RunTime:0.000907s ]

[ 2014-03-05T10:54:21+08:00 ] 183.3.31.248 //manager.php/login
INFO: [ route_check ] --START--
INFO: CheckRoute Behavior ::run [ RunTime:0.001153s ]
INFO: [ route_check ] --END-- [ RunTime:0.001390s ]
INFO: [ app_begin ] --START--
INFO: ReadHtmlCache Behavior ::run [ RunTime:0.000646s ]
INFO: [ app_begin ] --END-- [ RunTime:0.000743s ]
NOTIC: [8] Undefined index:  MID /hsphere/local/home/a941323/gzwisdomiot.com/Manager/Lib/Action/CommonAction.class.php 第 84 行.
NOTIC: [8] Undefined index:  MNAME /hsphere/local/home/a941323/gzwisdomiot.com/Manager/Lib/Action/CommonAction.class.php 第 85 行.
INFO: [ view_parse ] --START--
INFO: ParseTemplate Behavior ::run [ RunTime:0.012249s ]
INFO: [ view_parse ] --END-- [ RunTime:0.012384s ]
INFO: [ view_filter ] --START--
INFO: ContentReplace Behavior ::run [ RunTime:0.000488s ]
INFO: TokenBuild Behavior ::run [ RunTime:0.000431s ]
INFO: WriteHtmlCache Behavior ::run [ RunTime:0.000296s ]
INFO: ShowRuntime Behavior ::run [ RunTime:0.000563s ]
INFO: [ view_filter ] --END-- [ RunTime:0.002057s ]
INFO: [ view_end ] --START--
INFO: ShowPageTrace Behavior ::run [ RunTime:0.000846s ]
INFO: [ view_end ] --END-- [ RunTime:0.000950s ]

[ 2014-03-05T10:54:35+08:00 ] 183.3.31.248 /manager.php
INFO: [ app_begin ] --START--
INFO: ReadHtmlCache Behavior ::run [ RunTime:0.000747s ]
INFO: [ app_begin ] --END-- [ RunTime:0.001000s ]

[ 2014-03-05T10:54:36+08:00 ] 183.3.31.248 //manager.php/login
INFO: [ route_check ] --START--
INFO: CheckRoute Behavior ::run [ RunTime:0.001149s ]
INFO: [ route_check ] --END-- [ RunTime:0.001378s ]
INFO: [ app_begin ] --START--
INFO: ReadHtmlCache Behavior ::run [ RunTime:0.000664s ]
INFO: [ app_begin ] --END-- [ RunTime:0.000762s ]
NOTIC: [8] Undefined index:  MID /hsphere/local/home/a941323/gzwisdomiot.com/Manager/Lib/Action/CommonAction.class.php 第 84 行.
NOTIC: [8] Undefined index:  MNAME /hsphere/local/home/a941323/gzwisdomiot.com/Manager/Lib/Action/CommonAction.class.php 第 85 行.
INFO: [ view_parse ] --START--
INFO: ParseTemplate Behavior ::run [ RunTime:0.011163s ]
INFO: [ view_parse ] --END-- [ RunTime:0.011276s ]
INFO: [ view_filter ] --START--
INFO: ContentReplace Behavior ::run [ RunTime:0.000451s ]
INFO: TokenBuild Behavior ::run [ RunTime:0.000430s ]
INFO: WriteHtmlCache Behavior ::run [ RunTime:0.000299s ]
INFO: ShowRuntime Behavior ::run [ RunTime:0.000540s ]
INFO: [ view_filter ] --END-- [ RunTime:0.001993s ]
INFO: [ view_end ] --START--
INFO: ShowPageTrace Behavior ::run [ RunTime:0.000805s ]
INFO: [ view_end ] --END-- [ RunTime:0.000901s ]

[ 2014-03-05T10:58:26+08:00 ] 183.3.31.248 /manager.php
INFO: [ app_begin ] --START--
INFO: ReadHtmlCache Behavior ::run [ RunTime:0.000782s ]
INFO: [ app_begin ] --END-- [ RunTime:0.001031s ]

[ 2014-03-05T10:58:27+08:00 ] 183.3.31.248 /manager.php/login
INFO: [ route_check ] --START--
INFO: CheckRoute Behavior ::run [ RunTime:0.001115s ]
INFO: [ route_check ] --END-- [ RunTime:0.001366s ]
INFO: [ app_begin ] --START--
INFO: ReadHtmlCache Behavior ::run [ RunTime:0.000646s ]
INFO: [ app_begin ] --END-- [ RunTime:0.000744s ]
NOTIC: [8] Undefined index:  MID /hsphere/local/home/a941323/gzwisdomiot.com/Manager/Lib/Action/CommonAction.class.php 第 84 行.
NOTIC: [8] Undefined index:  MNAME /hsphere/local/home/a941323/gzwisdomiot.com/Manager/Lib/Action/CommonAction.class.php 第 85 行.
INFO: [ view_parse ] --START--
INFO: ParseTemplate Behavior ::run [ RunTime:0.011862s ]
INFO: [ view_parse ] --END-- [ RunTime:0.011998s ]
INFO: [ view_filter ] --START--
INFO: ContentReplace Behavior ::run [ RunTime:0.000500s ]
INFO: TokenBuild Behavior ::run [ RunTime:0.000431s ]
INFO: WriteHtmlCache Behavior ::run [ RunTime:0.000343s ]
INFO: ShowRuntime Behavior ::run [ RunTime:0.000621s ]
INFO: [ view_filter ] --END-- [ RunTime:0.002171s ]
INFO: [ view_end ] --START--
INFO: ShowPageTrace Behavior ::run [ RunTime:0.000784s ]
INFO: [ view_end ] --END-- [ RunTime:0.000886s ]

[ 2014-03-05T10:58:48+08:00 ] 183.3.31.248 /manager.php/login/loginCheck
INFO: [ route_check ] --START--
INFO: CheckRoute Behavior ::run [ RunTime:0.001169s ]
INFO: [ route_check ] --END-- [ RunTime:0.001406s ]
INFO: [ app_begin ] --START--
INFO: ReadHtmlCache Behavior ::run [ RunTime:0.000690s ]
INFO: [ app_begin ] --END-- [ RunTime:0.000793s ]
NOTIC: [2] mysql_connect(): Can't connect to local MySQL server through socket '/var/lib/mysql/mysql.sock' (2) /hsphere/local/home/a941323/gzwisdomiot.com/ThinkPHP/Lib/Driver/Db/DbMysql.class.php 第 55 行.
ERR: Can't connect to local MySQL server through socket '/var/lib/mysql/mysql.sock' (2)

[ 2014-03-05T11:05:09+08:00 ] 183.3.31.248 /manager.php/login/loginCheck
INFO: [ route_check ] --START--
INFO: CheckRoute Behavior ::run [ RunTime:0.001198s ]
INFO: [ route_check ] --END-- [ RunTime:0.001434s ]
INFO: [ app_begin ] --START--
INFO: ReadHtmlCache Behavior ::run [ RunTime:0.000673s ]
INFO: [ app_begin ] --END-- [ RunTime:0.000787s ]
SQL: SHOW COLUMNS FROM `admin_manager` [ RunTime:0.005225s ]
SQL: SELECT * FROM `admin_manager` WHERE   user_name = 'longzepaopao'  LIMIT 1   [ RunTime:0.000978s ]
SQL: UPDATE `admin_manager` SET `user_datetime`='2014-03-05 11:05:09',`user_lognum`=151 WHERE ( autoid=1 ) [ RunTime:0.000832s ]

[ 2014-03-05T11:05:09+08:00 ] 183.3.31.248 /manager.php/manager
INFO: [ route_check ] --START--
INFO: CheckRoute Behavior ::run [ RunTime:0.001099s ]
INFO: [ route_check ] --END-- [ RunTime:0.001311s ]
INFO: [ app_begin ] --START--
INFO: ReadHtmlCache Behavior ::run [ RunTime:0.000647s ]
INFO: [ app_begin ] --END-- [ RunTime:0.000744s ]
INFO: [ view_parse ] --START--
INFO: ParseTemplate Behavior ::run [ RunTime:0.014204s ]
INFO: [ view_parse ] --END-- [ RunTime:0.014315s ]
INFO: [ view_filter ] --START--
INFO: ContentReplace Behavior ::run [ RunTime:0.000481s ]
INFO: TokenBuild Behavior ::run [ RunTime:0.000438s ]
INFO: WriteHtmlCache Behavior ::run [ RunTime:0.000287s ]
INFO: ShowRuntime Behavior ::run [ RunTime:0.000537s ]
INFO: [ view_filter ] --END-- [ RunTime:0.002007s ]
INFO: [ view_end ] --START--
INFO: ShowPageTrace Behavior ::run [ RunTime:0.000763s ]
INFO: [ view_end ] --END-- [ RunTime:0.000860s ]

[ 2014-03-05T11:05:24+08:00 ] 183.3.31.248 /manager.php/manager/main
INFO: [ route_check ] --START--
INFO: CheckRoute Behavior ::run [ RunTime:0.001115s ]
INFO: [ route_check ] --END-- [ RunTime:0.001352s ]
INFO: [ app_begin ] --START--
INFO: ReadHtmlCache Behavior ::run [ RunTime:0.000643s ]
INFO: [ app_begin ] --END-- [ RunTime:0.000743s ]
SQL: SHOW COLUMNS FROM `admin_systems` [ RunTime:0.005530s ]
SQL: SELECT * FROM `admin_systems` WHERE ( `autoid` = 1 ) LIMIT 1   [ RunTime:0.000953s ]
INFO: [ view_parse ] --START--
NOTIC: [8] Undefined variable: LanguageList /hsphere/local/home/a941323/gzwisdomiot.com/Manager/Runtime/Cache/407bf0bd30684a86c1a8696531944bfb.php 第 48 行.
INFO: ParseTemplate Behavior ::run [ RunTime:0.012814s ]
INFO: [ view_parse ] --END-- [ RunTime:0.012943s ]
INFO: [ view_filter ] --START--
INFO: ContentReplace Behavior ::run [ RunTime:0.000470s ]
INFO: TokenBuild Behavior ::run [ RunTime:0.000438s ]
INFO: WriteHtmlCache Behavior ::run [ RunTime:0.000401s ]
INFO: ShowRuntime Behavior ::run [ RunTime:0.000631s ]
INFO: [ view_filter ] --END-- [ RunTime:0.002248s ]
INFO: [ view_end ] --START--
INFO: ShowPageTrace Behavior ::run [ RunTime:0.000780s ]
INFO: [ view_end ] --END-- [ RunTime:0.000870s ]

[ 2014-03-05T11:05:38+08:00 ] 183.3.31.248 /manager.php/orderview
INFO: [ route_check ] --START--
INFO: CheckRoute Behavior ::run [ RunTime:0.001605s ]
INFO: [ route_check ] --END-- [ RunTime:0.001942s ]
INFO: [ app_begin ] --START--
INFO: ReadHtmlCache Behavior ::run [ RunTime:0.000915s ]
INFO: [ app_begin ] --END-- [ RunTime:0.001052s ]
SQL: SHOW COLUMNS FROM `admin_orderlist` [ RunTime:0.006301s ]
SQL: SELECT COUNT(*) AS tp_count FROM `admin_orderlist` LIMIT 1   [ RunTime:0.001010s ]
SQL: SELECT * FROM `admin_orderlist` ORDER BY  autoid desc  LIMIT 0,12   [ RunTime:0.001004s ]
INFO: [ view_parse ] --START--
INFO: ParseTemplate Behavior ::run [ RunTime:0.031731s ]
INFO: [ view_parse ] --END-- [ RunTime:0.031904s ]
INFO: [ view_filter ] --START--
INFO: ContentReplace Behavior ::run [ RunTime:0.000452s ]
INFO: TokenBuild Behavior ::run [ RunTime:0.000427s ]
INFO: WriteHtmlCache Behavior ::run [ RunTime:0.000298s ]
INFO: ShowRuntime Behavior ::run [ RunTime:0.000531s ]
INFO: [ view_filter ] --END-- [ RunTime:0.001982s ]
INFO: [ view_end ] --START--
INFO: ShowPageTrace Behavior ::run [ RunTime:0.000893s ]
INFO: [ view_end ] --END-- [ RunTime:0.000989s ]

[ 2014-03-05T11:05:39+08:00 ] 183.3.31.248 /manager.php/userlist
INFO: [ route_check ] --START--
INFO: CheckRoute Behavior ::run [ RunTime:0.001570s ]
INFO: [ route_check ] --END-- [ RunTime:0.001909s ]
INFO: [ app_begin ] --START--
INFO: ReadHtmlCache Behavior ::run [ RunTime:0.000696s ]
INFO: [ app_begin ] --END-- [ RunTime:0.000803s ]
SQL: SHOW COLUMNS FROM `admin_manager` [ RunTime:0.049640s ]
SQL: SELECT COUNT(*) AS tp_count FROM `admin_manager` LIMIT 1   [ RunTime:0.007167s ]
SQL: SELECT * FROM `admin_manager` LIMIT 0,12   [ RunTime:0.000841s ]
INFO: [ view_parse ] --START--
INFO: ParseTemplate Behavior ::run [ RunTime:0.022289s ]
INFO: [ view_parse ] --END-- [ RunTime:0.022518s ]
INFO: [ view_filter ] --START--
INFO: ContentReplace Behavior ::run [ RunTime:0.000657s ]
INFO: TokenBuild Behavior ::run [ RunTime:0.000672s ]
INFO: WriteHtmlCache Behavior ::run [ RunTime:0.000427s ]
INFO: ShowRuntime Behavior ::run [ RunTime:0.000810s ]
INFO: [ view_filter ] --END-- [ RunTime:0.002974s ]
INFO: [ view_end ] --START--
INFO: ShowPageTrace Behavior ::run [ RunTime:0.001209s ]
INFO: [ view_end ] --END-- [ RunTime:0.001363s ]

[ 2014-03-05T11:05:42+08:00 ] 183.3.31.248 /manager.php/Userlist/edittable/id/1
INFO: [ route_check ] --START--
INFO: CheckRoute Behavior ::run [ RunTime:0.001208s ]
INFO: [ route_check ] --END-- [ RunTime:0.001497s ]
INFO: [ app_begin ] --START--
INFO: ReadHtmlCache Behavior ::run [ RunTime:0.000959s ]
INFO: [ app_begin ] --END-- [ RunTime:0.001126s ]
SQL: SHOW COLUMNS FROM `admin_manager` [ RunTime:0.006550s ]
SQL: SELECT * FROM `admin_manager` WHERE ( `autoid` = 1 ) LIMIT 1   [ RunTime:0.000768s ]
INFO: [ view_parse ] --START--
INFO: ParseTemplate Behavior ::run [ RunTime:0.018557s ]
INFO: [ view_parse ] --END-- [ RunTime:0.018786s ]
INFO: [ view_filter ] --START--
INFO: ContentReplace Behavior ::run [ RunTime:0.000732s ]
INFO: TokenBuild Behavior ::run [ RunTime:0.000629s ]
INFO: WriteHtmlCache Behavior ::run [ RunTime:0.000430s ]
INFO: ShowRuntime Behavior ::run [ RunTime:0.000824s ]
INFO: [ view_filter ] --END-- [ RunTime:0.003077s ]
INFO: [ view_end ] --START--
INFO: ShowPageTrace Behavior ::run [ RunTime:0.001211s ]
INFO: [ view_end ] --END-- [ RunTime:0.001377s ]

[ 2014-03-05T11:05:57+08:00 ] 183.3.31.248 /manager.php/Userlist/saveedit
INFO: [ route_check ] --START--
INFO: CheckRoute Behavior ::run [ RunTime:0.001098s ]
INFO: [ route_check ] --END-- [ RunTime:0.001340s ]
INFO: [ app_begin ] --START--
INFO: ReadHtmlCache Behavior ::run [ RunTime:0.000641s ]
INFO: [ app_begin ] --END-- [ RunTime:0.000741s ]
NOTIC: [8] Undefined variable: flag /hsphere/local/home/a941323/gzwisdomiot.com/Manager/Lib/Action/Table/UserAction.class.php 第 108 行.
SQL: SHOW COLUMNS FROM `admin_manager` [ RunTime:0.006964s ]
SQL: UPDATE `admin_manager` SET `user_name`='guest',`user_email`='pwj-0910@163.com',`user_password`='084e0343a0486ff05530df6c705c8bb4',`user_intro`='管理员',`user_power`='1,4,2,5,3' WHERE ( autoid=1 ) [ RunTime:0.001258s ]

[ 2014-03-05T11:05:58+08:00 ] 183.3.31.248 /manager.php/userlist/index.html
INFO: [ route_check ] --START--
INFO: CheckRoute Behavior ::run [ RunTime:0.001122s ]
INFO: [ route_check ] --END-- [ RunTime:0.001360s ]
INFO: [ app_begin ] --START--
INFO: ReadHtmlCache Behavior ::run [ RunTime:0.000651s ]
INFO: [ app_begin ] --END-- [ RunTime:0.000750s ]
SQL: SHOW COLUMNS FROM `admin_manager` [ RunTime:0.005997s ]
SQL: SELECT COUNT(*) AS tp_count FROM `admin_manager` LIMIT 1   [ RunTime:0.000595s ]
SQL: SELECT * FROM `admin_manager` LIMIT 0,12   [ RunTime:0.001129s ]
INFO: [ view_parse ] --START--
INFO: ParseTemplate Behavior ::run [ RunTime:0.013931s ]
INFO: [ view_parse ] --END-- [ RunTime:0.014072s ]
INFO: [ view_filter ] --START--
INFO: ContentReplace Behavior ::run [ RunTime:0.000609s ]
INFO: TokenBuild Behavior ::run [ RunTime:0.000593s ]
INFO: WriteHtmlCache Behavior ::run [ RunTime:0.000387s ]
INFO: ShowRuntime Behavior ::run [ RunTime:0.000644s ]
INFO: [ view_filter ] --END-- [ RunTime:0.002561s ]
INFO: [ view_end ] --START--
INFO: ShowPageTrace Behavior ::run [ RunTime:0.000729s ]
INFO: [ view_end ] --END-- [ RunTime:0.000826s ]

[ 2014-03-05T11:06:06+08:00 ] 183.3.31.248 /manager.php/login/logout
INFO: [ route_check ] --START--
INFO: CheckRoute Behavior ::run [ RunTime:0.001115s ]
INFO: [ route_check ] --END-- [ RunTime:0.001377s ]
INFO: [ app_begin ] --START--
INFO: ReadHtmlCache Behavior ::run [ RunTime:0.000751s ]
INFO: [ app_begin ] --END-- [ RunTime:0.000851s ]
NOTIC: [8] A session had already been started - ignoring session_start() /hsphere/local/home/a941323/gzwisdomiot.com/Manager/Lib/Action/LoginAction.class.php 第 67 行.

[ 2014-03-05T11:06:10+08:00 ] 183.3.31.248 /manager.php/login/index.html
INFO: [ route_check ] --START--
INFO: CheckRoute Behavior ::run [ RunTime:0.001324s ]
INFO: [ route_check ] --END-- [ RunTime:0.001595s ]
INFO: [ app_begin ] --START--
INFO: ReadHtmlCache Behavior ::run [ RunTime:0.000729s ]
INFO: [ app_begin ] --END-- [ RunTime:0.000851s ]
NOTIC: [8] Undefined index:  MID /hsphere/local/home/a941323/gzwisdomiot.com/Manager/Lib/Action/CommonAction.class.php 第 84 行.
NOTIC: [8] Undefined index:  MNAME /hsphere/local/home/a941323/gzwisdomiot.com/Manager/Lib/Action/CommonAction.class.php 第 85 行.
INFO: [ view_parse ] --START--
INFO: ParseTemplate Behavior ::run [ RunTime:0.014226s ]
INFO: [ view_parse ] --END-- [ RunTime:0.014387s ]
INFO: [ view_filter ] --START--
INFO: ContentReplace Behavior ::run [ RunTime:0.000673s ]
INFO: TokenBuild Behavior ::run [ RunTime:0.000636s ]
INFO: WriteHtmlCache Behavior ::run [ RunTime:0.000354s ]
INFO: ShowRuntime Behavior ::run [ RunTime:0.000732s ]
INFO: [ view_filter ] --END-- [ RunTime:0.002786s ]
INFO: [ view_end ] --START--
INFO: ShowPageTrace Behavior ::run [ RunTime:0.001007s ]
INFO: [ view_end ] --END-- [ RunTime:0.001140s ]

[ 2014-03-05T11:06:25+08:00 ] 183.3.31.248 /manager.php/login/loginCheck
INFO: [ route_check ] --START--
INFO: CheckRoute Behavior ::run [ RunTime:0.001477s ]
INFO: [ route_check ] --END-- [ RunTime:0.001754s ]
INFO: [ app_begin ] --START--
INFO: ReadHtmlCache Behavior ::run [ RunTime:0.000792s ]
INFO: [ app_begin ] --END-- [ RunTime:0.000939s ]
SQL: SHOW COLUMNS FROM `admin_manager` [ RunTime:0.007521s ]
SQL: SELECT * FROM `admin_manager` WHERE   user_name = 'guest'  LIMIT 1   [ RunTime:0.000702s ]
SQL: UPDATE `admin_manager` SET `user_datetime`='2014-03-05 11:06:25',`user_lognum`=152 WHERE ( autoid=1 ) [ RunTime:0.000922s ]

[ 2014-03-05T11:06:25+08:00 ] 183.3.31.248 /manager.php/manager
INFO: [ route_check ] --START--
INFO: CheckRoute Behavior ::run [ RunTime:0.001415s ]
INFO: [ route_check ] --END-- [ RunTime:0.001753s ]
INFO: [ app_begin ] --START--
INFO: ReadHtmlCache Behavior ::run [ RunTime:0.000985s ]
INFO: [ app_begin ] --END-- [ RunTime:0.001140s ]
INFO: [ view_parse ] --START--
INFO: ParseTemplate Behavior ::run [ RunTime:0.040557s ]
INFO: [ view_parse ] --END-- [ RunTime:0.040727s ]
INFO: [ view_filter ] --START--
INFO: ContentReplace Behavior ::run [ RunTime:0.000517s ]
INFO: TokenBuild Behavior ::run [ RunTime:0.000455s ]
INFO: WriteHtmlCache Behavior ::run [ RunTime:0.000290s ]
INFO: ShowRuntime Behavior ::run [ RunTime:0.000563s ]
INFO: [ view_filter ] --END-- [ RunTime:0.002081s ]
INFO: [ view_end ] --START--
INFO: ShowPageTrace Behavior ::run [ RunTime:0.000908s ]
INFO: [ view_end ] --END-- [ RunTime:0.001009s ]

[ 2014-03-05T11:06:26+08:00 ] 183.3.31.248 /manager.php/manager/main
INFO: [ route_check ] --START--
INFO: CheckRoute Behavior ::run [ RunTime:0.001275s ]
INFO: [ route_check ] --END-- [ RunTime:0.001535s ]
INFO: [ app_begin ] --START--
INFO: ReadHtmlCache Behavior ::run [ RunTime:0.000689s ]
INFO: [ app_begin ] --END-- [ RunTime:0.000796s ]
SQL: SHOW COLUMNS FROM `admin_systems` [ RunTime:0.005723s ]
SQL: SELECT * FROM `admin_systems` WHERE ( `autoid` = 1 ) LIMIT 1   [ RunTime:0.001892s ]
INFO: [ view_parse ] --START--
NOTIC: [8] Undefined variable: LanguageList /hsphere/local/home/a941323/gzwisdomiot.com/Manager/Runtime/Cache/407bf0bd30684a86c1a8696531944bfb.php 第 48 行.
INFO: ParseTemplate Behavior ::run [ RunTime:0.013131s ]
INFO: [ view_parse ] --END-- [ RunTime:0.013260s ]
INFO: [ view_filter ] --START--
INFO: ContentReplace Behavior ::run [ RunTime:0.000510s ]
INFO: TokenBuild Behavior ::run [ RunTime:0.000474s ]
INFO: WriteHtmlCache Behavior ::run [ RunTime:0.000344s ]
INFO: ShowRuntime Behavior ::run [ RunTime:0.000710s ]
INFO: [ view_filter ] --END-- [ RunTime:0.002325s ]
INFO: [ view_end ] --START--
INFO: ShowPageTrace Behavior ::run [ RunTime:0.001144s ]
INFO: [ view_end ] --END-- [ RunTime:0.001285s ]

[ 2014-03-05T11:06:38+08:00 ] 183.60.70.30 /manager.php
INFO: [ app_begin ] --START--
INFO: ReadHtmlCache Behavior ::run [ RunTime:0.000871s ]
INFO: [ app_begin ] --END-- [ RunTime:0.001135s ]

[ 2014-03-05T11:06:49+08:00 ] 113.103.90.158 /manager.php
INFO: [ app_begin ] --START--
INFO: ReadHtmlCache Behavior ::run [ RunTime:0.000724s ]
INFO: [ app_begin ] --END-- [ RunTime:0.001003s ]

[ 2014-03-05T11:06:49+08:00 ] 113.103.90.158 /manager.php/login
INFO: [ route_check ] --START--
INFO: CheckRoute Behavior ::run [ RunTime:0.002623s ]
INFO: [ route_check ] --END-- [ RunTime:0.003209s ]
INFO: [ app_begin ] --START--
INFO: ReadHtmlCache Behavior ::run [ RunTime:0.001487s ]
INFO: [ app_begin ] --END-- [ RunTime:0.002080s ]
NOTIC: [8] Undefined index:  MID /hsphere/local/home/a941323/gzwisdomiot.com/Manager/Lib/Action/CommonAction.class.php 第 84 行.
NOTIC: [8] Undefined index:  MNAME /hsphere/local/home/a941323/gzwisdomiot.com/Manager/Lib/Action/CommonAction.class.php 第 85 行.
INFO: [ view_parse ] --START--
INFO: ParseTemplate Behavior ::run [ RunTime:0.029536s ]
INFO: [ view_parse ] --END-- [ RunTime:0.029735s ]
INFO: [ view_filter ] --START--
INFO: ContentReplace Behavior ::run [ RunTime:0.001241s ]
INFO: TokenBuild Behavior ::run [ RunTime:0.008058s ]
INFO: WriteHtmlCache Behavior ::run [ RunTime:0.000634s ]
INFO: ShowRuntime Behavior ::run [ RunTime:0.002164s ]
INFO: [ view_filter ] --END-- [ RunTime:0.012632s ]
INFO: [ view_end ] --START--
INFO: ShowPageTrace Behavior ::run [ RunTime:0.002507s ]
INFO: [ view_end ] --END-- [ RunTime:0.002658s ]

[ 2014-03-05T11:07:06+08:00 ] 113.103.90.158 /manager.php/login/loginCheck
INFO: [ route_check ] --START--
INFO: CheckRoute Behavior ::run [ RunTime:0.001159s ]
INFO: [ route_check ] --END-- [ RunTime:0.001400s ]
INFO: [ app_begin ] --START--
INFO: ReadHtmlCache Behavior ::run [ RunTime:0.000751s ]
INFO: [ app_begin ] --END-- [ RunTime:0.000852s ]
SQL: SHOW COLUMNS FROM `admin_manager` [ RunTime:0.006451s ]
SQL: SELECT * FROM `admin_manager` WHERE   user_name = 'admin'  LIMIT 1   [ RunTime:0.000784s ]

[ 2014-03-05T11:07:14+08:00 ] 183.3.31.248 /manager.php/productlist
INFO: [ route_check ] --START--
INFO: CheckRoute Behavior ::run [ RunTime:0.001155s ]
INFO: [ route_check ] --END-- [ RunTime:0.001382s ]
INFO: [ app_begin ] --START--
INFO: ReadHtmlCache Behavior ::run [ RunTime:0.000641s ]
INFO: [ app_begin ] --END-- [ RunTime:0.000737s ]
SQL: SHOW COLUMNS FROM `admin_productnewview` [ RunTime:0.015244s ]
SQL: SELECT COUNT(*) AS tp_count FROM `admin_productnewview` LIMIT 1   [ RunTime:0.001031s ]
SQL: SELECT * FROM `admin_productnewview` ORDER BY  autoid desc  LIMIT 0,12   [ RunTime:0.001619s ]
SQL: SHOW COLUMNS FROM `admin_soletype` [ RunTime:0.007328s ]
SQL: SELECT * FROM `admin_soletype` ORDER BY  autoid asc   [ RunTime:0.000877s ]
INFO: [ view_parse ] --START--
INFO: ParseTemplate Behavior ::run [ RunTime:0.024380s ]
INFO: [ view_parse ] --END-- [ RunTime:0.024575s ]
INFO: [ view_filter ] --START--
INFO: ContentReplace Behavior ::run [ RunTime:0.000876s ]
INFO: TokenBuild Behavior ::run [ RunTime:0.000640s ]
INFO: WriteHtmlCache Behavior ::run [ RunTime:0.000413s ]
INFO: ShowRuntime Behavior ::run [ RunTime:0.000795s ]
INFO: [ view_filter ] --END-- [ RunTime:0.003118s ]
INFO: [ view_end ] --START--
INFO: ShowPageTrace Behavior ::run [ RunTime:0.001107s ]
INFO: [ view_end ] --END-- [ RunTime:0.001251s ]

[ 2014-03-05T11:07:17+08:00 ] 183.3.31.248 /manager.php/Productlist/edittable/id/337
INFO: [ route_check ] --START--
INFO: CheckRoute Behavior ::run [ RunTime:0.001488s ]
INFO: [ route_check ] --END-- [ RunTime:0.001717s ]
INFO: [ app_begin ] --START--
INFO: ReadHtmlCache Behavior ::run [ RunTime:0.000638s ]
INFO: [ app_begin ] --END-- [ RunTime:0.000737s ]
SQL: SHOW COLUMNS FROM `admin_productnew` [ RunTime:0.006758s ]
SQL: SELECT * FROM `admin_productnew` WHERE ( `autoid` = 337 ) LIMIT 1   [ RunTime:0.001317s ]
SQL: SHOW COLUMNS FROM `admin_prodtype` [ RunTime:0.007615s ]
SQL: SELECT * FROM `admin_prodtype` WHERE  	ty_subid = 0 ORDER BY  autoid asc   [ RunTime:0.001822s ]
SQL: SELECT * FROM `admin_prodtype` WHERE  	ty_subid = 6 ORDER BY  autoid asc   [ RunTime:0.001130s ]
INFO: [ view_parse ] --START--
INFO: ParseTemplate Behavior ::run [ RunTime:0.017814s ]
INFO: [ view_parse ] --END-- [ RunTime:0.017951s ]
INFO: [ view_filter ] --START--
INFO: ContentReplace Behavior ::run [ RunTime:0.000758s ]
INFO: TokenBuild Behavior ::run [ RunTime:0.000616s ]
INFO: WriteHtmlCache Behavior ::run [ RunTime:0.000411s ]
INFO: ShowRuntime Behavior ::run [ RunTime:0.000748s ]
INFO: [ view_filter ] --END-- [ RunTime:0.002949s ]
INFO: [ view_end ] --START--
INFO: ShowPageTrace Behavior ::run [ RunTime:0.000941s ]
INFO: [ view_end ] --END-- [ RunTime:0.001054s ]

[ 2014-03-05T11:07:28+08:00 ] 113.103.90.158 /manager.php/login/loginCheck
INFO: [ route_check ] --START--
INFO: CheckRoute Behavior ::run [ RunTime:0.001237s ]
INFO: [ route_check ] --END-- [ RunTime:0.001512s ]
INFO: [ app_begin ] --START--
INFO: ReadHtmlCache Behavior ::run [ RunTime:0.000686s ]
INFO: [ app_begin ] --END-- [ RunTime:0.000787s ]
SQL: SHOW COLUMNS FROM `admin_manager` [ RunTime:0.006660s ]
SQL: SELECT * FROM `admin_manager` WHERE   user_name = 'guest'  LIMIT 1   [ RunTime:0.000691s ]
SQL: UPDATE `admin_manager` SET `user_datetime`='2014-03-05 11:07:28',`user_lognum`=153 WHERE ( autoid=1 ) [ RunTime:0.001042s ]

[ 2014-03-05T11:07:29+08:00 ] 113.103.90.158 /manager.php/manager
INFO: [ route_check ] --START--
INFO: CheckRoute Behavior ::run [ RunTime:0.001819s ]
INFO: [ route_check ] --END-- [ RunTime:0.002156s ]
INFO: [ app_begin ] --START--
INFO: ReadHtmlCache Behavior ::run [ RunTime:0.000963s ]
INFO: [ app_begin ] --END-- [ RunTime:0.001118s ]
INFO: [ view_parse ] --START--
INFO: ParseTemplate Behavior ::run [ RunTime:0.022368s ]
INFO: [ view_parse ] --END-- [ RunTime:0.022575s ]
INFO: [ view_filter ] --START--
INFO: ContentReplace Behavior ::run [ RunTime:0.000693s ]
INFO: TokenBuild Behavior ::run [ RunTime:0.000675s ]
INFO: WriteHtmlCache Behavior ::run [ RunTime:0.000384s ]
INFO: ShowRuntime Behavior ::run [ RunTime:0.000768s ]
INFO: [ view_filter ] --END-- [ RunTime:0.002920s ]
INFO: [ view_end ] --START--
INFO: ShowPageTrace Behavior ::run [ RunTime:0.001053s ]
INFO: [ view_end ] --END-- [ RunTime:0.001199s ]

[ 2014-03-05T11:07:30+08:00 ] 113.103.90.158 /manager.php/manager/main
INFO: [ route_check ] --START--
INFO: CheckRoute Behavior ::run [ RunTime:0.001628s ]
INFO: [ route_check ] --END-- [ RunTime:0.001964s ]
INFO: [ app_begin ] --START--
INFO: ReadHtmlCache Behavior ::run [ RunTime:0.000899s ]
INFO: [ app_begin ] --END-- [ RunTime:0.001052s ]
SQL: SHOW COLUMNS FROM `admin_systems` [ RunTime:0.013739s ]
SQL: SELECT * FROM `admin_systems` WHERE ( `autoid` = 1 ) LIMIT 1   [ RunTime:0.000798s ]
INFO: [ view_parse ] --START--
NOTIC: [8] Undefined variable: LanguageList /hsphere/local/home/a941323/gzwisdomiot.com/Manager/Runtime/Cache/407bf0bd30684a86c1a8696531944bfb.php 第 48 行.
INFO: ParseTemplate Behavior ::run [ RunTime:0.015402s ]
INFO: [ view_parse ] --END-- [ RunTime:0.015544s ]
INFO: [ view_filter ] --START--
INFO: ContentReplace Behavior ::run [ RunTime:0.000484s ]
INFO: TokenBuild Behavior ::run [ RunTime:0.000503s ]
INFO: WriteHtmlCache Behavior ::run [ RunTime:0.000339s ]
INFO: ShowRuntime Behavior ::run [ RunTime:0.000740s ]
INFO: [ view_filter ] --END-- [ RunTime:0.002356s ]
INFO: [ view_end ] --START--
INFO: ShowPageTrace Behavior ::run [ RunTime:0.000823s ]
INFO: [ view_end ] --END-- [ RunTime:0.000938s ]

[ 2014-03-05T11:11:43+08:00 ] 183.60.70.30 /manager.php/login
INFO: [ route_check ] --START--
INFO: CheckRoute Behavior ::run [ RunTime:0.001136s ]
INFO: [ route_check ] --END-- [ RunTime:0.001367s ]
INFO: [ app_begin ] --START--
INFO: ReadHtmlCache Behavior ::run [ RunTime:0.000652s ]
INFO: [ app_begin ] --END-- [ RunTime:0.000754s ]
NOTIC: [8] Undefined index:  MID /hsphere/local/home/a941323/gzwisdomiot.com/Manager/Lib/Action/CommonAction.class.php 第 84 行.
NOTIC: [8] Undefined index:  MNAME /hsphere/local/home/a941323/gzwisdomiot.com/Manager/Lib/Action/CommonAction.class.php 第 85 行.
INFO: [ view_parse ] --START--
INFO: ParseTemplate Behavior ::run [ RunTime:0.011643s ]
INFO: [ view_parse ] --END-- [ RunTime:0.011766s ]
INFO: [ view_filter ] --START--
INFO: ContentReplace Behavior ::run [ RunTime:0.000458s ]
INFO: TokenBuild Behavior ::run [ RunTime:0.000422s ]
INFO: WriteHtmlCache Behavior ::run [ RunTime:0.000301s ]
INFO: ShowRuntime Behavior ::run [ RunTime:0.000538s ]
INFO: [ view_filter ] --END-- [ RunTime:0.001991s ]
INFO: [ view_end ] --START--
INFO: ShowPageTrace Behavior ::run [ RunTime:0.000776s ]
INFO: [ view_end ] --END-- [ RunTime:0.000872s ]

[ 2014-03-05T11:27:24+08:00 ] 113.103.90.158 /manager.php/productlist
INFO: [ route_check ] --START--
INFO: CheckRoute Behavior ::run [ RunTime:0.001121s ]
INFO: [ route_check ] --END-- [ RunTime:0.001344s ]
INFO: [ app_begin ] --START--
INFO: ReadHtmlCache Behavior ::run [ RunTime:0.000643s ]
INFO: [ app_begin ] --END-- [ RunTime:0.000739s ]
SQL: SHOW COLUMNS FROM `admin_productnewview` [ RunTime:0.011596s ]
SQL: SELECT COUNT(*) AS tp_count FROM `admin_productnewview` LIMIT 1   [ RunTime:0.001069s ]
SQL: SELECT * FROM `admin_productnewview` ORDER BY  autoid desc  LIMIT 0,12   [ RunTime:0.002397s ]
SQL: SHOW COLUMNS FROM `admin_soletype` [ RunTime:0.006264s ]
SQL: SELECT * FROM `admin_soletype` ORDER BY  autoid asc   [ RunTime:0.000549s ]
INFO: [ view_parse ] --START--
INFO: ParseTemplate Behavior ::run [ RunTime:0.016445s ]
INFO: [ view_parse ] --END-- [ RunTime:0.016573s ]
INFO: [ view_filter ] --START--
INFO: ContentReplace Behavior ::run [ RunTime:0.001008s ]
INFO: TokenBuild Behavior ::run [ RunTime:0.000455s ]
INFO: WriteHtmlCache Behavior ::run [ RunTime:0.000299s ]
INFO: ShowRuntime Behavior ::run [ RunTime:0.000530s ]
INFO: [ view_filter ] --END-- [ RunTime:0.002564s ]
INFO: [ view_end ] --START--
INFO: ShowPageTrace Behavior ::run [ RunTime:0.000765s ]
INFO: [ view_end ] --END-- [ RunTime:0.000853s ]

[ 2014-03-05T11:27:28+08:00 ] 113.103.90.158 /manager.php/orderview
INFO: [ route_check ] --START--
INFO: CheckRoute Behavior ::run [ RunTime:0.001119s ]
INFO: [ route_check ] --END-- [ RunTime:0.001340s ]
INFO: [ app_begin ] --START--
INFO: ReadHtmlCache Behavior ::run [ RunTime:0.000646s ]
INFO: [ app_begin ] --END-- [ RunTime:0.000744s ]
SQL: SHOW COLUMNS FROM `admin_orderlist` [ RunTime:0.005903s ]
SQL: SELECT COUNT(*) AS tp_count FROM `admin_orderlist` LIMIT 1   [ RunTime:0.000696s ]
SQL: SELECT * FROM `admin_orderlist` ORDER BY  autoid desc  LIMIT 0,12   [ RunTime:0.000757s ]
INFO: [ view_parse ] --START--
INFO: ParseTemplate Behavior ::run [ RunTime:0.013102s ]
INFO: [ view_parse ] --END-- [ RunTime:0.013231s ]
INFO: [ view_filter ] --START--
INFO: ContentReplace Behavior ::run [ RunTime:0.000438s ]
INFO: TokenBuild Behavior ::run [ RunTime:0.000435s ]
INFO: WriteHtmlCache Behavior ::run [ RunTime:0.000301s ]
INFO: ShowRuntime Behavior ::run [ RunTime:0.000518s ]
INFO: [ view_filter ] --END-- [ RunTime:0.001967s ]
INFO: [ view_end ] --START--
INFO: ShowPageTrace Behavior ::run [ RunTime:0.000709s ]
INFO: [ view_end ] --END-- [ RunTime:0.000806s ]

[ 2014-03-05T11:27:30+08:00 ] 113.103.90.158 /manager.php/userlist
INFO: [ route_check ] --START--
INFO: CheckRoute Behavior ::run [ RunTime:0.001142s ]
INFO: [ route_check ] --END-- [ RunTime:0.001374s ]
INFO: [ app_begin ] --START--
INFO: ReadHtmlCache Behavior ::run [ RunTime:0.000657s ]
INFO: [ app_begin ] --END-- [ RunTime:0.000779s ]
SQL: SHOW COLUMNS FROM `admin_manager` [ RunTime:0.006328s ]
SQL: SELECT COUNT(*) AS tp_count FROM `admin_manager` LIMIT 1   [ RunTime:0.000823s ]
SQL: SELECT * FROM `admin_manager` LIMIT 0,12   [ RunTime:0.000987s ]
INFO: [ view_parse ] --START--
INFO: ParseTemplate Behavior ::run [ RunTime:0.015766s ]
INFO: [ view_parse ] --END-- [ RunTime:0.015935s ]
INFO: [ view_filter ] --START--
INFO: ContentReplace Behavior ::run [ RunTime:0.000494s ]
INFO: TokenBuild Behavior ::run [ RunTime:0.000446s ]
INFO: WriteHtmlCache Behavior ::run [ RunTime:0.000317s ]
INFO: ShowRuntime Behavior ::run [ RunTime:0.000541s ]
INFO: [ view_filter ] --END-- [ RunTime:0.002129s ]
INFO: [ view_end ] --START--
INFO: ShowPageTrace Behavior ::run [ RunTime:0.000741s ]
INFO: [ view_end ] --END-- [ RunTime:0.000842s ]

[ 2014-03-05T11:27:31+08:00 ] 113.103.90.158 /manager.php/newslist
INFO: [ route_check ] --START--
INFO: CheckRoute Behavior ::run [ RunTime:0.001166s ]
INFO: [ route_check ] --END-- [ RunTime:0.001413s ]
INFO: [ app_begin ] --START--
INFO: ReadHtmlCache Behavior ::run [ RunTime:0.000862s ]
INFO: [ app_begin ] --END-- [ RunTime:0.000966s ]
SQL: SHOW COLUMNS FROM `admin_newsview` [ RunTime:0.009255s ]
SQL: SELECT COUNT(*) AS tp_count FROM `admin_newsview` LIMIT 1   [ RunTime:0.001885s ]
SQL: SELECT * FROM `admin_newsview` ORDER BY  autoid desc  LIMIT 0,12   [ RunTime:0.001624s ]
INFO: [ view_parse ] --START--
INFO: ParseTemplate Behavior ::run [ RunTime:0.013849s ]
INFO: [ view_parse ] --END-- [ RunTime:0.013988s ]
INFO: [ view_filter ] --START--
INFO: ContentReplace Behavior ::run [ RunTime:0.000460s ]
INFO: TokenBuild Behavior ::run [ RunTime:0.000462s ]
INFO: WriteHtmlCache Behavior ::run [ RunTime:0.000320s ]
INFO: ShowRuntime Behavior ::run [ RunTime:0.000528s ]
INFO: [ view_filter ] --END-- [ RunTime:0.002044s ]
INFO: [ view_end ] --START--
INFO: ShowPageTrace Behavior ::run [ RunTime:0.000732s ]
INFO: [ view_end ] --END-- [ RunTime:0.000831s ]

[ 2014-03-05T11:27:32+08:00 ] 113.103.90.158 /manager.php/pagelist
INFO: [ route_check ] --START--
INFO: CheckRoute Behavior ::run [ RunTime:0.001129s ]
INFO: [ route_check ] --END-- [ RunTime:0.001364s ]
INFO: [ app_begin ] --START--
INFO: ReadHtmlCache Behavior ::run [ RunTime:0.000728s ]
INFO: [ app_begin ] --END-- [ RunTime:0.000829s ]
SQL: SHOW COLUMNS FROM `admin_config` [ RunTime:0.006221s ]
SQL: SELECT COUNT(*) AS tp_count FROM `admin_config` LIMIT 1   [ RunTime:0.000757s ]
SQL: SELECT * FROM `admin_config` LIMIT 0,12   [ RunTime:0.002544s ]
INFO: [ view_parse ] --START--
INFO: ParseTemplate Behavior ::run [ RunTime:0.020789s ]
INFO: [ view_parse ] --END-- [ RunTime:0.020958s ]
INFO: [ view_filter ] --START--
INFO: ContentReplace Behavior ::run [ RunTime:0.000759s ]
INFO: TokenBuild Behavior ::run [ RunTime:0.000658s ]
INFO: WriteHtmlCache Behavior ::run [ RunTime:0.000419s ]
INFO: ShowRuntime Behavior ::run [ RunTime:0.000843s ]
INFO: [ view_filter ] --END-- [ RunTime:0.003124s ]
INFO: [ view_end ] --START--
INFO: ShowPageTrace Behavior ::run [ RunTime:0.001066s ]
INFO: [ view_end ] --END-- [ RunTime:0.001232s ]

[ 2014-03-05T11:33:19+08:00 ] 183.3.31.248 /manager.php/Productlist/edittable/id/337
INFO: [ route_check ] --START--
INFO: CheckRoute Behavior ::run [ RunTime:0.001144s ]
INFO: [ route_check ] --END-- [ RunTime:0.001378s ]
INFO: [ app_begin ] --START--
INFO: ReadHtmlCache Behavior ::run [ RunTime:0.000644s ]
INFO: [ app_begin ] --END-- [ RunTime:0.000746s ]
SQL: SHOW COLUMNS FROM `admin_productnew` [ RunTime:0.005663s ]
SQL: SELECT * FROM `admin_productnew` WHERE ( `autoid` = 337 ) LIMIT 1   [ RunTime:0.001010s ]
SQL: SHOW COLUMNS FROM `admin_prodtype` [ RunTime:0.006643s ]
SQL: SELECT * FROM `admin_prodtype` WHERE  	ty_subid = 0 ORDER BY  autoid asc   [ RunTime:0.000979s ]
SQL: SELECT * FROM `admin_prodtype` WHERE  	ty_subid = 6 ORDER BY  autoid asc   [ RunTime:0.000819s ]
INFO: [ view_parse ] --START--
INFO: ParseTemplate Behavior ::run [ RunTime:0.022603s ]
INFO: [ view_parse ] --END-- [ RunTime:0.022765s ]
INFO: [ view_filter ] --START--
INFO: ContentReplace Behavior ::run [ RunTime:0.000469s ]
INFO: TokenBuild Behavior ::run [ RunTime:0.000424s ]
INFO: WriteHtmlCache Behavior ::run [ RunTime:0.000321s ]
INFO: ShowRuntime Behavior ::run [ RunTime:0.000556s ]
INFO: [ view_filter ] --END-- [ RunTime:0.002026s ]
INFO: [ view_end ] --START--
INFO: ShowPageTrace Behavior ::run [ RunTime:0.000696s ]
INFO: [ view_end ] --END-- [ RunTime:0.000784s ]

[ 2014-03-05T11:54:34+08:00 ] 183.3.31.248 /manager.php/Productlist/edittable/id/337
INFO: [ route_check ] --START--
INFO: CheckRoute Behavior ::run [ RunTime:0.001134s ]
INFO: [ route_check ] --END-- [ RunTime:0.001373s ]
INFO: [ app_begin ] --START--
INFO: ReadHtmlCache Behavior ::run [ RunTime:0.000647s ]
INFO: [ app_begin ] --END-- [ RunTime:0.000746s ]
SQL: SHOW COLUMNS FROM `admin_productnew` [ RunTime:0.007756s ]
SQL: SELECT * FROM `admin_productnew` WHERE ( `autoid` = 337 ) LIMIT 1   [ RunTime:0.001095s ]
SQL: SHOW COLUMNS FROM `admin_prodtype` [ RunTime:0.005552s ]
SQL: SELECT * FROM `admin_prodtype` WHERE  	ty_subid = 0 ORDER BY  autoid asc   [ RunTime:0.000952s ]
SQL: SELECT * FROM `admin_prodtype` WHERE  	ty_subid = 6 ORDER BY  autoid asc   [ RunTime:0.000573s ]
INFO: [ view_parse ] --START--
INFO: ParseTemplate Behavior ::run [ RunTime:0.017160s ]
INFO: [ view_parse ] --END-- [ RunTime:0.017278s ]
INFO: [ view_filter ] --START--
INFO: ContentReplace Behavior ::run [ RunTime:0.000460s ]
INFO: TokenBuild Behavior ::run [ RunTime:0.000421s ]
INFO: WriteHtmlCache Behavior ::run [ RunTime:0.000305s ]
INFO: ShowRuntime Behavior ::run [ RunTime:0.000527s ]
INFO: [ view_filter ] --END-- [ RunTime:0.001961s ]
INFO: [ view_end ] --START--
INFO: ShowPageTrace Behavior ::run [ RunTime:0.000704s ]
INFO: [ view_end ] --END-- [ RunTime:0.000793s ]

[ 2014-03-05T13:04:04+08:00 ] 14.17.29.92 /manager.php
INFO: [ app_begin ] --START--
INFO: ReadHtmlCache Behavior ::run [ RunTime:0.001020s ]
INFO: [ app_begin ] --END-- [ RunTime:0.001332s ]

[ 2014-03-05T13:04:05+08:00 ] 14.17.29.92 /manager.php/login
INFO: [ route_check ] --START--
INFO: CheckRoute Behavior ::run [ RunTime:0.001156s ]
INFO: [ route_check ] --END-- [ RunTime:0.001399s ]
INFO: [ app_begin ] --START--
INFO: ReadHtmlCache Behavior ::run [ RunTime:0.000661s ]
INFO: [ app_begin ] --END-- [ RunTime:0.000767s ]
NOTIC: [8] Undefined index:  MID /hsphere/local/home/a941323/gzwisdomiot.com/Manager/Lib/Action/CommonAction.class.php 第 84 行.
NOTIC: [8] Undefined index:  MNAME /hsphere/local/home/a941323/gzwisdomiot.com/Manager/Lib/Action/CommonAction.class.php 第 85 行.
INFO: [ view_parse ] --START--
INFO: ParseTemplate Behavior ::run [ RunTime:0.011462s ]
INFO: [ view_parse ] --END-- [ RunTime:0.011607s ]
INFO: [ view_filter ] --START--
INFO: ContentReplace Behavior ::run [ RunTime:0.000464s ]
INFO: TokenBuild Behavior ::run [ RunTime:0.000438s ]
INFO: WriteHtmlCache Behavior ::run [ RunTime:0.000306s ]
INFO: ShowRuntime Behavior ::run [ RunTime:0.000576s ]
INFO: [ view_filter ] --END-- [ RunTime:0.002085s ]
INFO: [ view_end ] --START--
INFO: ShowPageTrace Behavior ::run [ RunTime:0.000782s ]
INFO: [ view_end ] --END-- [ RunTime:0.000883s ]

[ 2014-03-05T15:26:41+08:00 ] 183.3.31.248 /manager.php/manager
INFO: [ route_check ] --START--
INFO: CheckRoute Behavior ::run [ RunTime:0.001158s ]
INFO: [ route_check ] --END-- [ RunTime:0.001414s ]
INFO: [ app_begin ] --START--
INFO: ReadHtmlCache Behavior ::run [ RunTime:0.000650s ]
INFO: [ app_begin ] --END-- [ RunTime:0.000746s ]
INFO: [ view_parse ] --START--
INFO: ParseTemplate Behavior ::run [ RunTime:0.017782s ]
INFO: [ view_parse ] --END-- [ RunTime:0.017950s ]
INFO: [ view_filter ] --START--
INFO: ContentReplace Behavior ::run [ RunTime:0.000731s ]
INFO: TokenBuild Behavior ::run [ RunTime:0.000632s ]
INFO: WriteHtmlCache Behavior ::run [ RunTime:0.000392s ]
INFO: ShowRuntime Behavior ::run [ RunTime:0.000675s ]
INFO: [ view_filter ] --END-- [ RunTime:0.002776s ]
INFO: [ view_end ] --START--
INFO: ShowPageTrace Behavior ::run [ RunTime:0.000968s ]
INFO: [ view_end ] --END-- [ RunTime:0.001058s ]

[ 2014-03-05T15:26:48+08:00 ] 183.3.31.248 /manager.php/Productlist/edittable/id/337
INFO: [ route_check ] --START--
INFO: CheckRoute Behavior ::run [ RunTime:0.001170s ]
INFO: [ route_check ] --END-- [ RunTime:0.001408s ]
INFO: [ app_begin ] --START--
INFO: ReadHtmlCache Behavior ::run [ RunTime:0.000646s ]
INFO: [ app_begin ] --END-- [ RunTime:0.000746s ]
SQL: SHOW COLUMNS FROM `admin_productnew` [ RunTime:0.009308s ]
SQL: SELECT * FROM `admin_productnew` WHERE ( `autoid` = 337 ) LIMIT 1   [ RunTime:0.001126s ]
SQL: SHOW COLUMNS FROM `admin_prodtype` [ RunTime:0.007751s ]
SQL: SELECT * FROM `admin_prodtype` WHERE  	ty_subid = 0 ORDER BY  autoid asc   [ RunTime:0.001067s ]
SQL: SELECT * FROM `admin_prodtype` WHERE  	ty_subid = 6 ORDER BY  autoid asc   [ RunTime:0.000846s ]
INFO: [ view_parse ] --START--
INFO: ParseTemplate Behavior ::run [ RunTime:0.017164s ]
INFO: [ view_parse ] --END-- [ RunTime:0.017294s ]
INFO: [ view_filter ] --START--
INFO: ContentReplace Behavior ::run [ RunTime:0.000481s ]
INFO: TokenBuild Behavior ::run [ RunTime:0.000419s ]
INFO: WriteHtmlCache Behavior ::run [ RunTime:0.000307s ]
INFO: ShowRuntime Behavior ::run [ RunTime:0.000533s ]
INFO: [ view_filter ] --END-- [ RunTime:0.001994s ]
INFO: [ view_end ] --START--
INFO: ShowPageTrace Behavior ::run [ RunTime:0.000695s ]
INFO: [ view_end ] --END-- [ RunTime:0.000785s ]

[ 2014-03-05T16:57:11+08:00 ] 183.3.31.248 /manager.php/newslist
INFO: [ route_check ] --START--
INFO: CheckRoute Behavior ::run [ RunTime:0.001824s ]
INFO: [ route_check ] --END-- [ RunTime:0.002171s ]
INFO: [ app_begin ] --START--
INFO: ReadHtmlCache Behavior ::run [ RunTime:0.000916s ]
INFO: [ app_begin ] --END-- [ RunTime:0.001066s ]
SQL: SHOW COLUMNS FROM `admin_newsview` [ RunTime:0.008535s ]
SQL: SELECT COUNT(*) AS tp_count FROM `admin_newsview` LIMIT 1   [ RunTime:0.001811s ]
SQL: SELECT * FROM `admin_newsview` ORDER BY  autoid desc  LIMIT 0,12   [ RunTime:0.000916s ]
INFO: [ view_parse ] --START--
INFO: ParseTemplate Behavior ::run [ RunTime:0.053270s ]
INFO: [ view_parse ] --END-- [ RunTime:0.053500s ]
INFO: [ view_filter ] --START--
INFO: ContentReplace Behavior ::run [ RunTime:0.000708s ]
INFO: TokenBuild Behavior ::run [ RunTime:0.000542s ]
INFO: WriteHtmlCache Behavior ::run [ RunTime:0.000464s ]
INFO: ShowRuntime Behavior ::run [ RunTime:0.001004s ]
INFO: [ view_filter ] --END-- [ RunTime:0.003210s ]
INFO: [ view_end ] --START--
INFO: ShowPageTrace Behavior ::run [ RunTime:0.001101s ]
INFO: [ view_end ] --END-- [ RunTime:0.001253s ]

[ 2014-03-05T16:57:15+08:00 ] 183.3.31.248 /manager.php/orderview
INFO: [ route_check ] --START--
INFO: CheckRoute Behavior ::run [ RunTime:0.001801s ]
INFO: [ route_check ] --END-- [ RunTime:0.002157s ]
INFO: [ app_begin ] --START--
INFO: ReadHtmlCache Behavior ::run [ RunTime:0.001017s ]
INFO: [ app_begin ] --END-- [ RunTime:0.001184s ]
SQL: SHOW COLUMNS FROM `admin_orderlist` [ RunTime:0.007398s ]
SQL: SELECT COUNT(*) AS tp_count FROM `admin_orderlist` LIMIT 1   [ RunTime:0.000618s ]
SQL: SELECT * FROM `admin_orderlist` ORDER BY  autoid desc  LIMIT 0,12   [ RunTime:0.000729s ]
INFO: [ view_parse ] --START--
INFO: ParseTemplate Behavior ::run [ RunTime:0.110689s ]
INFO: [ view_parse ] --END-- [ RunTime:0.110877s ]
INFO: [ view_filter ] --START--
INFO: ContentReplace Behavior ::run [ RunTime:0.000693s ]
INFO: TokenBuild Behavior ::run [ RunTime:0.000593s ]
INFO: WriteHtmlCache Behavior ::run [ RunTime:0.000336s ]
INFO: ShowRuntime Behavior ::run [ RunTime:0.000732s ]
INFO: [ view_filter ] --END-- [ RunTime:0.002720s ]
INFO: [ view_end ] --START--
INFO: ShowPageTrace Behavior ::run [ RunTime:0.000805s ]
INFO: [ view_end ] --END-- [ RunTime:0.000905s ]

[ 2014-03-05T16:57:17+08:00 ] 183.3.31.248 /manager.php/paymentlist
INFO: [ route_check ] --START--
INFO: CheckRoute Behavior ::run [ RunTime:0.001204s ]
INFO: [ route_check ] --END-- [ RunTime:0.001471s ]
INFO: [ app_begin ] --START--
INFO: ReadHtmlCache Behavior ::run [ RunTime:0.000652s ]
INFO: [ app_begin ] --END-- [ RunTime:0.000756s ]
SQL: SHOW COLUMNS FROM `admin_payment` [ RunTime:0.005501s ]
SQL: SELECT COUNT(*) AS tp_count FROM `admin_payment` LIMIT 1   [ RunTime:0.000962s ]
SQL: SELECT * FROM `admin_payment` ORDER BY  autoid desc  LIMIT 0,12   [ RunTime:0.000702s ]
INFO: [ view_parse ] --START--
INFO: ParseTemplate Behavior ::run [ RunTime:0.077089s ]
INFO: [ view_parse ] --END-- [ RunTime:0.077307s ]
INFO: [ view_filter ] --START--
INFO: ContentReplace Behavior ::run [ RunTime:0.000504s ]
INFO: TokenBuild Behavior ::run [ RunTime:0.000433s ]
INFO: WriteHtmlCache Behavior ::run [ RunTime:0.000311s ]
INFO: ShowRuntime Behavior ::run [ RunTime:0.000545s ]
INFO: [ view_filter ] --END-- [ RunTime:0.002071s ]
INFO: [ view_end ] --START--
INFO: ShowPageTrace Behavior ::run [ RunTime:0.001101s ]
INFO: [ view_end ] --END-- [ RunTime:0.001248s ]

[ 2014-03-05T16:57:19+08:00 ] 183.3.31.248 /manager.php/Paymentlist/edittable/id/4
INFO: [ route_check ] --START--
INFO: CheckRoute Behavior ::run [ RunTime:0.001214s ]
INFO: [ route_check ] --END-- [ RunTime:0.001485s ]
INFO: [ app_begin ] --START--
INFO: ReadHtmlCache Behavior ::run [ RunTime:0.000649s ]
INFO: [ app_begin ] --END-- [ RunTime:0.000761s ]
SQL: SHOW COLUMNS FROM `admin_payment` [ RunTime:0.032926s ]
SQL: SELECT * FROM `admin_payment` WHERE ( `autoid` = 4 ) LIMIT 1   [ RunTime:0.001593s ]
INFO: [ view_parse ] --START--
INFO: ParseTemplate Behavior ::run [ RunTime:0.029678s ]
INFO: [ view_parse ] --END-- [ RunTime:0.029820s ]
INFO: [ view_filter ] --START--
INFO: ContentReplace Behavior ::run [ RunTime:0.000497s ]
INFO: TokenBuild Behavior ::run [ RunTime:0.000458s ]
INFO: WriteHtmlCache Behavior ::run [ RunTime:0.000304s ]
INFO: ShowRuntime Behavior ::run [ RunTime:0.000573s ]
INFO: [ view_filter ] --END-- [ RunTime:0.002119s ]
INFO: [ view_end ] --START--
INFO: ShowPageTrace Behavior ::run [ RunTime:0.000805s ]
INFO: [ view_end ] --END-- [ RunTime:0.000897s ]

