[ 2014-05-16T13:01:22+08:00 ] 113.103.90.190 /manager.php
INFO: [ app_begin ] --START--
INFO: ReadHtmlCache Behavior ::run [ RunTime:0.001174s ]
INFO: [ app_begin ] --END-- [ RunTime:0.001547s ]

[ 2014-05-16T13:01:23+08:00 ] 113.103.90.190 /manager.php/login
INFO: [ route_check ] --START--
INFO: CheckRoute Behavior ::run [ RunTime:0.001638s ]
INFO: [ route_check ] --END-- [ RunTime:0.001963s ]
INFO: [ app_begin ] --START--
INFO: ReadHtmlCache Behavior ::run [ RunTime:0.000915s ]
INFO: [ app_begin ] --END-- [ RunTime:0.001065s ]
NOTIC: [8] Undefined index:  MID /hsphere/local/home/a941323/gzwisdomiot.com/Manager/Lib/Action/CommonAction.class.php 第 84 行.
NOTIC: [8] Undefined index:  MNAME /hsphere/local/home/a941323/gzwisdomiot.com/Manager/Lib/Action/CommonAction.class.php 第 85 行.
INFO: [ view_parse ] --START--
INFO: ParseTemplate Behavior ::run [ RunTime:0.073131s ]
INFO: [ view_parse ] --END-- [ RunTime:0.073332s ]
INFO: [ view_filter ] --START--
INFO: ContentReplace Behavior ::run [ RunTime:0.000546s ]
INFO: TokenBuild Behavior ::run [ RunTime:0.000550s ]
INFO: WriteHtmlCache Behavior ::run [ RunTime:0.000517s ]
INFO: ShowRuntime Behavior ::run [ RunTime:0.000621s ]
INFO: [ view_filter ] --END-- [ RunTime:0.002807s ]
INFO: [ view_end ] --START--
INFO: ShowPageTrace Behavior ::run [ RunTime:0.000884s ]
INFO: [ view_end ] --END-- [ RunTime:0.001051s ]

[ 2014-05-16T13:01:40+08:00 ] 113.103.90.190 /manager.php/login/loginCheck
INFO: [ route_check ] --START--
INFO: CheckRoute Behavior ::run [ RunTime:0.001151s ]
INFO: [ route_check ] --END-- [ RunTime:0.001392s ]
INFO: [ app_begin ] --START--
INFO: ReadHtmlCache Behavior ::run [ RunTime:0.000660s ]
INFO: [ app_begin ] --END-- [ RunTime:0.000767s ]
SQL: SHOW COLUMNS FROM `admin_manager` [ RunTime:0.039849s ]
SQL: SELECT * FROM `admin_manager` WHERE   user_name = 'guest'  LIMIT 1   [ RunTime:0.001650s ]
SQL: UPDATE `admin_manager` SET `user_datetime`='2014-05-16 13:01:40',`user_lognum`=206 WHERE ( autoid=1 ) [ RunTime:0.000886s ]

[ 2014-05-16T13:01:43+08:00 ] 113.103.90.190 /manager.php/manager
INFO: [ route_check ] --START--
INFO: CheckRoute Behavior ::run [ RunTime:0.001719s ]
INFO: [ route_check ] --END-- [ RunTime:0.002079s ]
INFO: [ app_begin ] --START--
INFO: ReadHtmlCache Behavior ::run [ RunTime:0.000996s ]
INFO: [ app_begin ] --END-- [ RunTime:0.001157s ]
INFO: [ view_parse ] --START--
INFO: ParseTemplate Behavior ::run [ RunTime:0.068676s ]
INFO: [ view_parse ] --END-- [ RunTime:0.068835s ]
INFO: [ view_filter ] --START--
INFO: ContentReplace Behavior ::run [ RunTime:0.000504s ]
INFO: TokenBuild Behavior ::run [ RunTime:0.000427s ]
INFO: WriteHtmlCache Behavior ::run [ RunTime:0.000290s ]
INFO: ShowRuntime Behavior ::run [ RunTime:0.000551s ]
INFO: [ view_filter ] --END-- [ RunTime:0.002030s ]
INFO: [ view_end ] --START--
INFO: ShowPageTrace Behavior ::run [ RunTime:0.000771s ]
INFO: [ view_end ] --END-- [ RunTime:0.000867s ]

[ 2014-05-16T13:01:48+08:00 ] 113.103.90.190 /manager.php/manager/main
INFO: [ route_check ] --START--
INFO: CheckRoute Behavior ::run [ RunTime:0.001135s ]
INFO: [ route_check ] --END-- [ RunTime:0.001360s ]
INFO: [ app_begin ] --START--
INFO: ReadHtmlCache Behavior ::run [ RunTime:0.000664s ]
INFO: [ app_begin ] --END-- [ RunTime:0.000763s ]
SQL: SHOW COLUMNS FROM `admin_systems` [ RunTime:0.057268s ]
SQL: SELECT * FROM `admin_systems` WHERE ( `autoid` = 1 ) LIMIT 1   [ RunTime:0.021275s ]
INFO: [ view_parse ] --START--
NOTIC: [8] Undefined variable: LanguageList /hsphere/local/home/a941323/gzwisdomiot.com/Manager/Runtime/Cache/407bf0bd30684a86c1a8696531944bfb.php 第 48 行.
INFO: ParseTemplate Behavior ::run [ RunTime:0.054749s ]
INFO: [ view_parse ] --END-- [ RunTime:0.054887s ]
INFO: [ view_filter ] --START--
INFO: ContentReplace Behavior ::run [ RunTime:0.000464s ]
INFO: TokenBuild Behavior ::run [ RunTime:0.000441s ]
INFO: WriteHtmlCache Behavior ::run [ RunTime:0.000292s ]
INFO: ShowRuntime Behavior ::run [ RunTime:0.000535s ]
INFO: [ view_filter ] --END-- [ RunTime:0.002006s ]
INFO: [ view_end ] --START--
INFO: ShowPageTrace Behavior ::run [ RunTime:0.000783s ]
INFO: [ view_end ] --END-- [ RunTime:0.000886s ]

[ 2014-05-16T13:01:54+08:00 ] 113.103.90.190 /manager.php/productlist
INFO: [ route_check ] --START--
INFO: CheckRoute Behavior ::run [ RunTime:0.001148s ]
INFO: [ route_check ] --END-- [ RunTime:0.001396s ]
INFO: [ app_begin ] --START--
INFO: ReadHtmlCache Behavior ::run [ RunTime:0.000646s ]
INFO: [ app_begin ] --END-- [ RunTime:0.000764s ]
SQL: SHOW COLUMNS FROM `admin_productnewview` [ RunTime:0.011179s ]
SQL: SELECT COUNT(*) AS tp_count FROM `admin_productnewview` LIMIT 1   [ RunTime:0.001340s ]
SQL: SELECT * FROM `admin_productnewview` ORDER BY  autoid desc  LIMIT 0,12   [ RunTime:0.001603s ]
SQL: SHOW COLUMNS FROM `admin_soletype` [ RunTime:0.007299s ]
SQL: SELECT * FROM `admin_soletype` ORDER BY  autoid asc   [ RunTime:0.000859s ]
INFO: [ view_parse ] --START--
INFO: ParseTemplate Behavior ::run [ RunTime:0.069038s ]
INFO: [ view_parse ] --END-- [ RunTime:0.069239s ]
INFO: [ view_filter ] --START--
INFO: ContentReplace Behavior ::run [ RunTime:0.000840s ]
INFO: TokenBuild Behavior ::run [ RunTime:0.000604s ]
INFO: WriteHtmlCache Behavior ::run [ RunTime:0.000428s ]
INFO: ShowRuntime Behavior ::run [ RunTime:0.000772s ]
INFO: [ view_filter ] --END-- [ RunTime:0.003032s ]
INFO: [ view_end ] --START--
INFO: ShowPageTrace Behavior ::run [ RunTime:0.000896s ]
INFO: [ view_end ] --END-- [ RunTime:0.001013s ]

[ 2014-05-16T13:02:18+08:00 ] 113.103.90.190 /manager.php/newslist
INFO: [ route_check ] --START--
INFO: CheckRoute Behavior ::run [ RunTime:0.001183s ]
INFO: [ route_check ] --END-- [ RunTime:0.001415s ]
INFO: [ app_begin ] --START--
INFO: ReadHtmlCache Behavior ::run [ RunTime:0.000659s ]
INFO: [ app_begin ] --END-- [ RunTime:0.000758s ]
SQL: SHOW COLUMNS FROM `admin_newsview` [ RunTime:0.023848s ]
SQL: SELECT COUNT(*) AS tp_count FROM `admin_newsview` LIMIT 1   [ RunTime:0.001290s ]
SQL: SELECT * FROM `admin_newsview` ORDER BY  autoid desc  LIMIT 0,12   [ RunTime:0.001084s ]
INFO: [ view_parse ] --START--
INFO: ParseTemplate Behavior ::run [ RunTime:0.047129s ]
INFO: [ view_parse ] --END-- [ RunTime:0.047323s ]
INFO: [ view_filter ] --START--
INFO: ContentReplace Behavior ::run [ RunTime:0.000474s ]
INFO: TokenBuild Behavior ::run [ RunTime:0.000440s ]
INFO: WriteHtmlCache Behavior ::run [ RunTime:0.000420s ]
INFO: ShowRuntime Behavior ::run [ RunTime:0.000583s ]
INFO: [ view_filter ] --END-- [ RunTime:0.002185s ]
INFO: [ view_end ] --START--
INFO: ShowPageTrace Behavior ::run [ RunTime:0.000752s ]
INFO: [ view_end ] --END-- [ RunTime:0.000853s ]

[ 2014-05-16T13:02:22+08:00 ] 113.103.90.190 /manager.php/Newslist/edittable/id/3
INFO: [ route_check ] --START--
INFO: CheckRoute Behavior ::run [ RunTime:0.001160s ]
INFO: [ route_check ] --END-- [ RunTime:0.001393s ]
INFO: [ app_begin ] --START--
INFO: ReadHtmlCache Behavior ::run [ RunTime:0.000698s ]
INFO: [ app_begin ] --END-- [ RunTime:0.000796s ]
SQL: SHOW COLUMNS FROM `admin_news` [ RunTime:0.012490s ]
SQL: SELECT * FROM `admin_news` WHERE ( `autoid` = 3 ) LIMIT 1   [ RunTime:0.001107s ]
SQL: SHOW COLUMNS FROM `admin_newstype` [ RunTime:0.016504s ]
SQL: SELECT * FROM `admin_newstype` ORDER BY  autoid asc   [ RunTime:0.000830s ]
INFO: [ view_parse ] --START--
INFO: ParseTemplate Behavior ::run [ RunTime:0.057432s ]
INFO: [ view_parse ] --END-- [ RunTime:0.057977s ]
INFO: [ view_filter ] --START--
INFO: ContentReplace Behavior ::run [ RunTime:0.000530s ]
INFO: TokenBuild Behavior ::run [ RunTime:0.000946s ]
INFO: WriteHtmlCache Behavior ::run [ RunTime:0.000332s ]
INFO: ShowRuntime Behavior ::run [ RunTime:0.001034s ]
INFO: [ view_filter ] --END-- [ RunTime:0.003126s ]
INFO: [ view_end ] --START--
INFO: ShowPageTrace Behavior ::run [ RunTime:0.001319s ]
INFO: [ view_end ] --END-- [ RunTime:0.001427s ]

[ 2014-05-16T13:03:18+08:00 ] 113.103.90.190 /manager.php/Newstypelist
INFO: [ route_check ] --START--
INFO: CheckRoute Behavior ::run [ RunTime:0.001516s ]
INFO: [ route_check ] --END-- [ RunTime:0.001835s ]
INFO: [ app_begin ] --START--
INFO: ReadHtmlCache Behavior ::run [ RunTime:0.000868s ]
INFO: [ app_begin ] --END-- [ RunTime:0.001005s ]
SQL: SHOW COLUMNS FROM `admin_newstype` [ RunTime:0.008468s ]
SQL: SELECT COUNT(*) AS tp_count FROM `admin_newstype` LIMIT 1   [ RunTime:0.000640s ]
SQL: SELECT * FROM `admin_newstype` ORDER BY  autoid desc  LIMIT 0,12   [ RunTime:0.000737s ]
INFO: [ view_parse ] --START--
INFO: ParseTemplate Behavior ::run [ RunTime:0.039681s ]
INFO: [ view_parse ] --END-- [ RunTime:0.039878s ]
INFO: [ view_filter ] --START--
INFO: ContentReplace Behavior ::run [ RunTime:0.000608s ]
INFO: TokenBuild Behavior ::run [ RunTime:0.000605s ]
INFO: WriteHtmlCache Behavior ::run [ RunTime:0.000546s ]
INFO: ShowRuntime Behavior ::run [ RunTime:0.000844s ]
INFO: [ view_filter ] --END-- [ RunTime:0.002988s ]
INFO: [ view_end ] --START--
INFO: ShowPageTrace Behavior ::run [ RunTime:0.000897s ]
INFO: [ view_end ] --END-- [ RunTime:0.001013s ]

[ 2014-05-16T13:03:24+08:00 ] 113.103.90.190 /manager.php/Newstypelist/edittable/id/1
INFO: [ route_check ] --START--
INFO: CheckRoute Behavior ::run [ RunTime:0.001187s ]
INFO: [ route_check ] --END-- [ RunTime:0.001426s ]
INFO: [ app_begin ] --START--
INFO: ReadHtmlCache Behavior ::run [ RunTime:0.000756s ]
INFO: [ app_begin ] --END-- [ RunTime:0.000867s ]
SQL: SHOW COLUMNS FROM `admin_newstype` [ RunTime:0.005499s ]
SQL: SELECT * FROM `admin_newstype` WHERE ( `autoid` = 1 ) LIMIT 1   [ RunTime:0.000749s ]
INFO: [ view_parse ] --START--
INFO: ParseTemplate Behavior ::run [ RunTime:0.036903s ]
INFO: [ view_parse ] --END-- [ RunTime:0.037076s ]
INFO: [ view_filter ] --START--
INFO: ContentReplace Behavior ::run [ RunTime:0.000609s ]
INFO: TokenBuild Behavior ::run [ RunTime:0.000577s ]
INFO: WriteHtmlCache Behavior ::run [ RunTime:0.000364s ]
INFO: ShowRuntime Behavior ::run [ RunTime:0.000551s ]
INFO: [ view_filter ] --END-- [ RunTime:0.002428s ]
INFO: [ view_end ] --START--
INFO: ShowPageTrace Behavior ::run [ RunTime:0.000781s ]
INFO: [ view_end ] --END-- [ RunTime:0.000873s ]

[ 2014-05-16T13:03:56+08:00 ] 113.103.90.190 /manager.php/manager
INFO: [ route_check ] --START--
INFO: CheckRoute Behavior ::run [ RunTime:0.001130s ]
INFO: [ route_check ] --END-- [ RunTime:0.001360s ]
INFO: [ app_begin ] --START--
INFO: ReadHtmlCache Behavior ::run [ RunTime:0.000668s ]
INFO: [ app_begin ] --END-- [ RunTime:0.000778s ]
INFO: [ view_parse ] --START--
INFO: ParseTemplate Behavior ::run [ RunTime:0.013571s ]
INFO: [ view_parse ] --END-- [ RunTime:0.013700s ]
INFO: [ view_filter ] --START--
INFO: ContentReplace Behavior ::run [ RunTime:0.000512s ]
INFO: TokenBuild Behavior ::run [ RunTime:0.000422s ]
INFO: WriteHtmlCache Behavior ::run [ RunTime:0.000295s ]
INFO: ShowRuntime Behavior ::run [ RunTime:0.000561s ]
INFO: [ view_filter ] --END-- [ RunTime:0.002061s ]
INFO: [ view_end ] --START--
INFO: ShowPageTrace Behavior ::run [ RunTime:0.000782s ]
INFO: [ view_end ] --END-- [ RunTime:0.000879s ]

[ 2014-05-16T13:03:58+08:00 ] 113.103.90.190 /manager.php/manager/main
INFO: [ route_check ] --START--
INFO: CheckRoute Behavior ::run [ RunTime:0.001141s ]
INFO: [ route_check ] --END-- [ RunTime:0.001388s ]
INFO: [ app_begin ] --START--
INFO: ReadHtmlCache Behavior ::run [ RunTime:0.000648s ]
INFO: [ app_begin ] --END-- [ RunTime:0.000759s ]
SQL: SHOW COLUMNS FROM `admin_systems` [ RunTime:0.006060s ]
SQL: SELECT * FROM `admin_systems` WHERE ( `autoid` = 1 ) LIMIT 1   [ RunTime:0.000776s ]
INFO: [ view_parse ] --START--
NOTIC: [8] Undefined variable: LanguageList /hsphere/local/home/a941323/gzwisdomiot.com/Manager/Runtime/Cache/407bf0bd30684a86c1a8696531944bfb.php 第 48 行.
INFO: ParseTemplate Behavior ::run [ RunTime:0.012648s ]
INFO: [ view_parse ] --END-- [ RunTime:0.012766s ]
INFO: [ view_filter ] --START--
INFO: ContentReplace Behavior ::run [ RunTime:0.000463s ]
INFO: TokenBuild Behavior ::run [ RunTime:0.000435s ]
INFO: WriteHtmlCache Behavior ::run [ RunTime:0.000289s ]
INFO: ShowRuntime Behavior ::run [ RunTime:0.000526s ]
INFO: [ view_filter ] --END-- [ RunTime:0.001974s ]
INFO: [ view_end ] --START--
INFO: ShowPageTrace Behavior ::run [ RunTime:0.000772s ]
INFO: [ view_end ] --END-- [ RunTime:0.000860s ]

[ 2014-05-16T13:04:00+08:00 ] 113.103.90.190 /manager.php/newslist
INFO: [ route_check ] --START--
INFO: CheckRoute Behavior ::run [ RunTime:0.001368s ]
INFO: [ route_check ] --END-- [ RunTime:0.001666s ]
INFO: [ app_begin ] --START--
INFO: ReadHtmlCache Behavior ::run [ RunTime:0.000916s ]
INFO: [ app_begin ] --END-- [ RunTime:0.001049s ]
SQL: SHOW COLUMNS FROM `admin_newsview` [ RunTime:0.009020s ]
SQL: SELECT COUNT(*) AS tp_count FROM `admin_newsview` LIMIT 1   [ RunTime:0.000525s ]
SQL: SELECT * FROM `admin_newsview` ORDER BY  autoid desc  LIMIT 0,12   [ RunTime:0.000585s ]
INFO: [ view_parse ] --START--
INFO: ParseTemplate Behavior ::run [ RunTime:0.014496s ]
INFO: [ view_parse ] --END-- [ RunTime:0.014735s ]
INFO: [ view_filter ] --START--
INFO: ContentReplace Behavior ::run [ RunTime:0.000653s ]
INFO: TokenBuild Behavior ::run [ RunTime:0.000638s ]
INFO: WriteHtmlCache Behavior ::run [ RunTime:0.000508s ]
INFO: ShowRuntime Behavior ::run [ RunTime:0.000812s ]
INFO: [ view_filter ] --END-- [ RunTime:0.003008s ]
INFO: [ view_end ] --START--
INFO: ShowPageTrace Behavior ::run [ RunTime:0.001064s ]
INFO: [ view_end ] --END-- [ RunTime:0.001214s ]

[ 2014-05-16T13:04:02+08:00 ] 113.103.90.190 /manager.php/Newstypelist
INFO: [ route_check ] --START--
INFO: CheckRoute Behavior ::run [ RunTime:0.001149s ]
INFO: [ route_check ] --END-- [ RunTime:0.001393s ]
INFO: [ app_begin ] --START--
INFO: ReadHtmlCache Behavior ::run [ RunTime:0.000648s ]
INFO: [ app_begin ] --END-- [ RunTime:0.000747s ]
SQL: SHOW COLUMNS FROM `admin_newstype` [ RunTime:0.014675s ]
SQL: SELECT COUNT(*) AS tp_count FROM `admin_newstype` LIMIT 1   [ RunTime:0.002169s ]
SQL: SELECT * FROM `admin_newstype` ORDER BY  autoid desc  LIMIT 0,12   [ RunTime:0.000624s ]
INFO: [ view_parse ] --START--
INFO: ParseTemplate Behavior ::run [ RunTime:0.013356s ]
INFO: [ view_parse ] --END-- [ RunTime:0.013521s ]
INFO: [ view_filter ] --START--
INFO: ContentReplace Behavior ::run [ RunTime:0.000482s ]
INFO: TokenBuild Behavior ::run [ RunTime:0.000460s ]
INFO: WriteHtmlCache Behavior ::run [ RunTime:0.000317s ]
INFO: ShowRuntime Behavior ::run [ RunTime:0.000599s ]
INFO: [ view_filter ] --END-- [ RunTime:0.002158s ]
INFO: [ view_end ] --START--
INFO: ShowPageTrace Behavior ::run [ RunTime:0.000751s ]
INFO: [ view_end ] --END-- [ RunTime:0.000849s ]

[ 2014-05-16T13:04:04+08:00 ] 113.103.90.190 /manager.php/Newstypelist/edittable/id/1
INFO: [ route_check ] --START--
INFO: CheckRoute Behavior ::run [ RunTime:0.001141s ]
INFO: [ route_check ] --END-- [ RunTime:0.001372s ]
INFO: [ app_begin ] --START--
INFO: ReadHtmlCache Behavior ::run [ RunTime:0.000751s ]
INFO: [ app_begin ] --END-- [ RunTime:0.000855s ]
SQL: SHOW COLUMNS FROM `admin_newstype` [ RunTime:0.008422s ]
SQL: SELECT * FROM `admin_newstype` WHERE ( `autoid` = 1 ) LIMIT 1   [ RunTime:0.000708s ]
INFO: [ view_parse ] --START--
INFO: ParseTemplate Behavior ::run [ RunTime:0.015254s ]
INFO: [ view_parse ] --END-- [ RunTime:0.015419s ]
INFO: [ view_filter ] --START--
INFO: ContentReplace Behavior ::run [ RunTime:0.000578s ]
INFO: TokenBuild Behavior ::run [ RunTime:0.000553s ]
INFO: WriteHtmlCache Behavior ::run [ RunTime:0.000437s ]
INFO: ShowRuntime Behavior ::run [ RunTime:0.000757s ]
INFO: [ view_filter ] --END-- [ RunTime:0.002684s ]
INFO: [ view_end ] --START--
INFO: ShowPageTrace Behavior ::run [ RunTime:0.000973s ]
INFO: [ view_end ] --END-- [ RunTime:0.001095s ]

[ 2014-05-16T13:08:26+08:00 ] 113.103.90.190 /manager.php/Newstypelist/saveedit
INFO: [ route_check ] --START--
INFO: CheckRoute Behavior ::run [ RunTime:0.001105s ]
INFO: [ route_check ] --END-- [ RunTime:0.001336s ]
INFO: [ app_begin ] --START--
INFO: ReadHtmlCache Behavior ::run [ RunTime:0.000657s ]
INFO: [ app_begin ] --END-- [ RunTime:0.000769s ]
SQL: SHOW COLUMNS FROM `admin_newstype` [ RunTime:0.007914s ]
SQL: UPDATE `admin_newstype` SET `atype_name`='web',`atype_title`='web',`atype_sort`=1,`atype_content`='facebook twitter wisdomiot\r\n&lt;p&gt;\r\n	&amp;nbsp;\r\n&lt;/p&gt;',`atype_type`=2,`atype_service`=1,`atype_keywords`='facebook  wisdomiot',`atype_descrption`='facebook twitter wisdomiot' WHERE ( autoid=1 ) [ RunTime:0.002271s ]

[ 2014-05-16T13:08:26+08:00 ] 113.103.90.190 /manager.php/newstypelist/index.html
INFO: [ route_check ] --START--
INFO: CheckRoute Behavior ::run [ RunTime:0.001259s ]
INFO: [ route_check ] --END-- [ RunTime:0.001628s ]
INFO: [ app_begin ] --START--
INFO: ReadHtmlCache Behavior ::run [ RunTime:0.000692s ]
INFO: [ app_begin ] --END-- [ RunTime:0.000804s ]
SQL: SHOW COLUMNS FROM `admin_newstype` [ RunTime:0.006121s ]
SQL: SELECT COUNT(*) AS tp_count FROM `admin_newstype` LIMIT 1   [ RunTime:0.000706s ]
SQL: SELECT * FROM `admin_newstype` ORDER BY  autoid desc  LIMIT 0,12   [ RunTime:0.000807s ]
INFO: [ view_parse ] --START--
INFO: ParseTemplate Behavior ::run [ RunTime:0.013013s ]
INFO: [ view_parse ] --END-- [ RunTime:0.013151s ]
INFO: [ view_filter ] --START--
INFO: ContentReplace Behavior ::run [ RunTime:0.000444s ]
INFO: TokenBuild Behavior ::run [ RunTime:0.000431s ]
INFO: WriteHtmlCache Behavior ::run [ RunTime:0.000305s ]
INFO: ShowRuntime Behavior ::run [ RunTime:0.000538s ]
INFO: [ view_filter ] --END-- [ RunTime:0.001977s ]
INFO: [ view_end ] --START--
INFO: ShowPageTrace Behavior ::run [ RunTime:0.000716s ]
INFO: [ view_end ] --END-- [ RunTime:0.000812s ]

[ 2014-05-16T13:08:30+08:00 ] 113.103.90.190 /manager.php/Newstypelist/addtable
INFO: [ route_check ] --START--
INFO: CheckRoute Behavior ::run [ RunTime:0.001125s ]
INFO: [ route_check ] --END-- [ RunTime:0.001362s ]
INFO: [ app_begin ] --START--
INFO: ReadHtmlCache Behavior ::run [ RunTime:0.000726s ]
INFO: [ app_begin ] --END-- [ RunTime:0.000836s ]
SQL: SHOW COLUMNS FROM `admin_newstype` [ RunTime:0.008618s ]
SQL: SELECT * FROM `admin_newstype` WHERE ty_subid=0 ORDER BY  autoid asc   [ RunTime:0.001566s ]
ERR: 1054:Unknown column 'ty_subid' in 'where clause'
 [ SQL语句 ] : SELECT * FROM `admin_newstype` WHERE ty_subid=0 ORDER BY  autoid asc  
INFO: [ view_parse ] --START--
INFO: ParseTemplate Behavior ::run [ RunTime:0.042556s ]
INFO: [ view_parse ] --END-- [ RunTime:0.042720s ]
INFO: [ view_filter ] --START--
INFO: ContentReplace Behavior ::run [ RunTime:0.000500s ]
INFO: TokenBuild Behavior ::run [ RunTime:0.000428s ]
INFO: WriteHtmlCache Behavior ::run [ RunTime:0.000288s ]
INFO: ShowRuntime Behavior ::run [ RunTime:0.000537s ]
INFO: [ view_filter ] --END-- [ RunTime:0.002040s ]
INFO: [ view_end ] --START--
INFO: ShowPageTrace Behavior ::run [ RunTime:0.000905s ]
INFO: [ view_end ] --END-- [ RunTime:0.001003s ]

[ 2014-05-16T13:12:42+08:00 ] 113.103.90.190 /manager.php/Newstypelist/saveadd
INFO: [ route_check ] --START--
INFO: CheckRoute Behavior ::run [ RunTime:0.001730s ]
INFO: [ route_check ] --END-- [ RunTime:0.002087s ]
INFO: [ app_begin ] --START--
INFO: ReadHtmlCache Behavior ::run [ RunTime:0.000868s ]
INFO: [ app_begin ] --END-- [ RunTime:0.000995s ]
SQL: SHOW COLUMNS FROM `admin_newstype` [ RunTime:0.008883s ]
SQL: INSERT INTO `admin_newstype` (`atype_name`,`atype_title`,`atype_sort`,`atype_content`,`atype_type`,`atype_service`,`atype_keywords`,`atype_descrption`) VALUES ('contact','contact',2,'mail&amp;nbsp; MSN SKPY Whatsapp phone number',2,1,'mail  MSN SKPY Whatsapp phone number','mail  MSN SKPY Whatsapp phone number') [ RunTime:0.001334s ]

[ 2014-05-16T13:12:46+08:00 ] 113.103.90.190 /manager.php/newstypelist/index.html
INFO: [ route_check ] --START--
INFO: CheckRoute Behavior ::run [ RunTime:0.001173s ]
INFO: [ route_check ] --END-- [ RunTime:0.001402s ]
INFO: [ app_begin ] --START--
INFO: ReadHtmlCache Behavior ::run [ RunTime:0.000686s ]
INFO: [ app_begin ] --END-- [ RunTime:0.000786s ]
SQL: SHOW COLUMNS FROM `admin_newstype` [ RunTime:0.016566s ]
SQL: SELECT COUNT(*) AS tp_count FROM `admin_newstype` LIMIT 1   [ RunTime:0.001806s ]
SQL: SELECT * FROM `admin_newstype` ORDER BY  autoid desc  LIMIT 0,12   [ RunTime:0.002715s ]
INFO: [ view_parse ] --START--
INFO: ParseTemplate Behavior ::run [ RunTime:0.020806s ]
INFO: [ view_parse ] --END-- [ RunTime:0.020948s ]
INFO: [ view_filter ] --START--
INFO: ContentReplace Behavior ::run [ RunTime:0.000448s ]
INFO: TokenBuild Behavior ::run [ RunTime:0.000429s ]
INFO: WriteHtmlCache Behavior ::run [ RunTime:0.000338s ]
INFO: ShowRuntime Behavior ::run [ RunTime:0.000562s ]
INFO: [ view_filter ] --END-- [ RunTime:0.002159s ]
INFO: [ view_end ] --START--
INFO: ShowPageTrace Behavior ::run [ RunTime:0.000742s ]
INFO: [ view_end ] --END-- [ RunTime:0.000839s ]

[ 2014-05-16T13:12:49+08:00 ] 113.103.90.190 /manager.php/Newslist
INFO: [ route_check ] --START--
INFO: CheckRoute Behavior ::run [ RunTime:0.001131s ]
INFO: [ route_check ] --END-- [ RunTime:0.001365s ]
INFO: [ app_begin ] --START--
INFO: ReadHtmlCache Behavior ::run [ RunTime:0.000658s ]
INFO: [ app_begin ] --END-- [ RunTime:0.000761s ]
SQL: SHOW COLUMNS FROM `admin_newsview` [ RunTime:0.022070s ]
SQL: SELECT COUNT(*) AS tp_count FROM `admin_newsview` LIMIT 1   [ RunTime:0.065544s ]
SQL: SELECT * FROM `admin_newsview` ORDER BY  autoid desc  LIMIT 0,12   [ RunTime:0.013906s ]
INFO: [ view_parse ] --START--
INFO: ParseTemplate Behavior ::run [ RunTime:0.015813s ]
INFO: [ view_parse ] --END-- [ RunTime:0.015995s ]
INFO: [ view_filter ] --START--
INFO: ContentReplace Behavior ::run [ RunTime:0.000674s ]
INFO: TokenBuild Behavior ::run [ RunTime:0.000489s ]
INFO: WriteHtmlCache Behavior ::run [ RunTime:0.000314s ]
INFO: ShowRuntime Behavior ::run [ RunTime:0.000569s ]
INFO: [ view_filter ] --END-- [ RunTime:0.002354s ]
INFO: [ view_end ] --START--
INFO: ShowPageTrace Behavior ::run [ RunTime:0.000768s ]
INFO: [ view_end ] --END-- [ RunTime:0.000876s ]

[ 2014-05-16T13:12:54+08:00 ] 113.103.90.190 /manager.php/Newslist/edittable/id/3
INFO: [ route_check ] --START--
INFO: CheckRoute Behavior ::run [ RunTime:0.001181s ]
INFO: [ route_check ] --END-- [ RunTime:0.001542s ]
INFO: [ app_begin ] --START--
INFO: ReadHtmlCache Behavior ::run [ RunTime:0.000651s ]
INFO: [ app_begin ] --END-- [ RunTime:0.000752s ]
SQL: SHOW COLUMNS FROM `admin_news` [ RunTime:0.007781s ]
SQL: SELECT * FROM `admin_news` WHERE ( `autoid` = 3 ) LIMIT 1   [ RunTime:0.001324s ]
SQL: SHOW COLUMNS FROM `admin_newstype` [ RunTime:0.006768s ]
SQL: SELECT * FROM `admin_newstype` ORDER BY  autoid asc   [ RunTime:0.001517s ]
INFO: [ view_parse ] --START--
INFO: ParseTemplate Behavior ::run [ RunTime:0.015939s ]
INFO: [ view_parse ] --END-- [ RunTime:0.016079s ]
INFO: [ view_filter ] --START--
INFO: ContentReplace Behavior ::run [ RunTime:0.000475s ]
INFO: TokenBuild Behavior ::run [ RunTime:0.000486s ]
INFO: WriteHtmlCache Behavior ::run [ RunTime:0.000390s ]
INFO: ShowRuntime Behavior ::run [ RunTime:0.000583s ]
INFO: [ view_filter ] --END-- [ RunTime:0.002219s ]
INFO: [ view_end ] --START--
INFO: ShowPageTrace Behavior ::run [ RunTime:0.000742s ]
INFO: [ view_end ] --END-- [ RunTime:0.000841s ]

[ 2014-05-16T13:20:24+08:00 ] 113.103.90.190 /manager.php/Newslist/saveedit
INFO: [ route_check ] --START--
INFO: CheckRoute Behavior ::run [ RunTime:0.014252s ]
INFO: [ route_check ] --END-- [ RunTime:0.014521s ]
INFO: [ app_begin ] --START--
INFO: ReadHtmlCache Behavior ::run [ RunTime:0.000748s ]
INFO: [ app_begin ] --END-- [ RunTime:0.000886s ]
NOTIC: [8] Undefined variable: flag /hsphere/local/home/a941323/gzwisdomiot.com/Manager/Lib/Action/Table/NewsAction.class.php 第 103 行.
SQL: SHOW COLUMNS FROM `admin_news` [ RunTime:0.015057s ]
SQL: UPDATE `admin_news` SET `n_title`='wisdomiot-facebook',`n_smaimg`='/uploadfile/smallimg/140516/140516011906341.jpg',`n_typeid`=1,`n_type`='conpany',`n_hot`=1,`n_intro`='wisdomiot facebook',`n_content`='&lt;p&gt;\r\n	Please click the link below:&lt;br /&gt;\r\n&lt;a href=\\&quot;https://www.facebook.com/pages/Wisdomiot-Communication-Electronics-Trade-Co-Limited/224335744436640\\&quot;&gt;https://www.facebook.com/pages/Wisdomiot-Communication-Electronics-Trade-Co-Limited/224335744436640&lt;/a&gt;\r\n&lt;/p&gt;',`n_keywords`='wisdomiot facebook',`n_description`='wisdomiot facebook' WHERE ( autoid=3 ) [ RunTime:0.067470s ]

[ 2014-05-16T13:20:28+08:00 ] 113.103.90.190 /manager.php/newslist/index.html
INFO: [ route_check ] --START--
INFO: CheckRoute Behavior ::run [ RunTime:0.001468s ]
INFO: [ route_check ] --END-- [ RunTime:0.001751s ]
INFO: [ app_begin ] --START--
INFO: ReadHtmlCache Behavior ::run [ RunTime:0.000738s ]
INFO: [ app_begin ] --END-- [ RunTime:0.000854s ]
SQL: SHOW COLUMNS FROM `admin_newsview` [ RunTime:0.013216s ]
SQL: SELECT COUNT(*) AS tp_count FROM `admin_newsview` LIMIT 1   [ RunTime:0.001210s ]
SQL: SELECT * FROM `admin_newsview` ORDER BY  autoid desc  LIMIT 0,12   [ RunTime:0.001582s ]
INFO: [ view_parse ] --START--
INFO: ParseTemplate Behavior ::run [ RunTime:0.117981s ]
INFO: [ view_parse ] --END-- [ RunTime:0.118147s ]
INFO: [ view_filter ] --START--
INFO: ContentReplace Behavior ::run [ RunTime:0.000485s ]
INFO: TokenBuild Behavior ::run [ RunTime:0.000438s ]
INFO: WriteHtmlCache Behavior ::run [ RunTime:0.000298s ]
INFO: ShowRuntime Behavior ::run [ RunTime:0.000549s ]
INFO: [ view_filter ] --END-- [ RunTime:0.002041s ]
INFO: [ view_end ] --START--
INFO: ShowPageTrace Behavior ::run [ RunTime:0.000729s ]
INFO: [ view_end ] --END-- [ RunTime:0.000831s ]

[ 2014-05-16T13:24:17+08:00 ] 113.103.90.190 /manager.php/Newslist
INFO: [ route_check ] --START--
INFO: CheckRoute Behavior ::run [ RunTime:0.001144s ]
INFO: [ route_check ] --END-- [ RunTime:0.001371s ]
INFO: [ app_begin ] --START--
INFO: ReadHtmlCache Behavior ::run [ RunTime:0.000647s ]
INFO: [ app_begin ] --END-- [ RunTime:0.000744s ]
SQL: SHOW COLUMNS FROM `admin_newsview` [ RunTime:0.080868s ]
SQL: SELECT COUNT(*) AS tp_count FROM `admin_newsview` LIMIT 1   [ RunTime:0.039290s ]
SQL: SELECT * FROM `admin_newsview` ORDER BY  autoid desc  LIMIT 0,12   [ RunTime:0.049170s ]
INFO: [ view_parse ] --START--
INFO: ParseTemplate Behavior ::run [ RunTime:0.016563s ]
INFO: [ view_parse ] --END-- [ RunTime:0.016787s ]
INFO: [ view_filter ] --START--
INFO: ContentReplace Behavior ::run [ RunTime:0.000495s ]
INFO: TokenBuild Behavior ::run [ RunTime:0.000441s ]
INFO: WriteHtmlCache Behavior ::run [ RunTime:0.000333s ]
INFO: ShowRuntime Behavior ::run [ RunTime:0.000563s ]
INFO: [ view_filter ] --END-- [ RunTime:0.002102s ]
INFO: [ view_end ] --START--
INFO: ShowPageTrace Behavior ::run [ RunTime:0.000785s ]
INFO: [ view_end ] --END-- [ RunTime:0.000888s ]

[ 2014-05-16T13:25:37+08:00 ] 113.103.90.190 /manager.php/Newslist
INFO: [ route_check ] --START--
INFO: CheckRoute Behavior ::run [ RunTime:0.001150s ]
INFO: [ route_check ] --END-- [ RunTime:0.001378s ]
INFO: [ app_begin ] --START--
INFO: ReadHtmlCache Behavior ::run [ RunTime:0.000660s ]
INFO: [ app_begin ] --END-- [ RunTime:0.000760s ]
SQL: SHOW COLUMNS FROM `admin_newsview` [ RunTime:0.010559s ]
SQL: SELECT COUNT(*) AS tp_count FROM `admin_newsview` LIMIT 1   [ RunTime:0.000887s ]
SQL: SELECT * FROM `admin_newsview` ORDER BY  autoid desc  LIMIT 0,12   [ RunTime:0.000783s ]
INFO: [ view_parse ] --START--
INFO: ParseTemplate Behavior ::run [ RunTime:0.015464s ]
INFO: [ view_parse ] --END-- [ RunTime:0.015694s ]
INFO: [ view_filter ] --START--
INFO: ContentReplace Behavior ::run [ RunTime:0.000474s ]
INFO: TokenBuild Behavior ::run [ RunTime:0.000531s ]
INFO: WriteHtmlCache Behavior ::run [ RunTime:0.000332s ]
INFO: ShowRuntime Behavior ::run [ RunTime:0.000554s ]
INFO: [ view_filter ] --END-- [ RunTime:0.002166s ]
INFO: [ view_end ] --START--
INFO: ShowPageTrace Behavior ::run [ RunTime:0.000803s ]
INFO: [ view_end ] --END-- [ RunTime:0.000908s ]

[ 2014-05-16T13:25:58+08:00 ] 113.103.90.190 /manager.php/login
INFO: [ route_check ] --START--
INFO: CheckRoute Behavior ::run [ RunTime:0.001119s ]
INFO: [ route_check ] --END-- [ RunTime:0.001369s ]
INFO: [ app_begin ] --START--
INFO: ReadHtmlCache Behavior ::run [ RunTime:0.000642s ]
INFO: [ app_begin ] --END-- [ RunTime:0.000739s ]
NOTIC: [8] Undefined index:  MID /hsphere/local/home/a941323/gzwisdomiot.com/Manager/Lib/Action/CommonAction.class.php 第 84 行.
NOTIC: [8] Undefined index:  MNAME /hsphere/local/home/a941323/gzwisdomiot.com/Manager/Lib/Action/CommonAction.class.php 第 85 行.
INFO: [ view_parse ] --START--
INFO: ParseTemplate Behavior ::run [ RunTime:0.014912s ]
INFO: [ view_parse ] --END-- [ RunTime:0.015060s ]
INFO: [ view_filter ] --START--
INFO: ContentReplace Behavior ::run [ RunTime:0.000509s ]
INFO: TokenBuild Behavior ::run [ RunTime:0.000454s ]
INFO: WriteHtmlCache Behavior ::run [ RunTime:0.000301s ]
INFO: ShowRuntime Behavior ::run [ RunTime:0.000588s ]
INFO: [ view_filter ] --END-- [ RunTime:0.002135s ]
INFO: [ view_end ] --START--
INFO: ShowPageTrace Behavior ::run [ RunTime:0.000768s ]
INFO: [ view_end ] --END-- [ RunTime:0.000881s ]

[ 2014-05-16T13:26:24+08:00 ] 113.103.90.190 /manager.php/login/loginCheck
INFO: [ route_check ] --START--
INFO: CheckRoute Behavior ::run [ RunTime:0.001108s ]
INFO: [ route_check ] --END-- [ RunTime:0.001352s ]
INFO: [ app_begin ] --START--
INFO: ReadHtmlCache Behavior ::run [ RunTime:0.000681s ]
INFO: [ app_begin ] --END-- [ RunTime:0.000793s ]

[ 2014-05-16T13:26:36+08:00 ] 113.103.90.190 /manager.php/login
INFO: [ route_check ] --START--
INFO: CheckRoute Behavior ::run [ RunTime:0.001178s ]
INFO: [ route_check ] --END-- [ RunTime:0.001420s ]
INFO: [ app_begin ] --START--
INFO: ReadHtmlCache Behavior ::run [ RunTime:0.000711s ]
INFO: [ app_begin ] --END-- [ RunTime:0.000819s ]
NOTIC: [8] Undefined index:  MID /hsphere/local/home/a941323/gzwisdomiot.com/Manager/Lib/Action/CommonAction.class.php 第 84 行.
NOTIC: [8] Undefined index:  MNAME /hsphere/local/home/a941323/gzwisdomiot.com/Manager/Lib/Action/CommonAction.class.php 第 85 行.
INFO: [ view_parse ] --START--
INFO: ParseTemplate Behavior ::run [ RunTime:0.012684s ]
INFO: [ view_parse ] --END-- [ RunTime:0.012820s ]
INFO: [ view_filter ] --START--
INFO: ContentReplace Behavior ::run [ RunTime:0.000684s ]
INFO: TokenBuild Behavior ::run [ RunTime:0.000440s ]
INFO: WriteHtmlCache Behavior ::run [ RunTime:0.000326s ]
INFO: ShowRuntime Behavior ::run [ RunTime:0.000555s ]
INFO: [ view_filter ] --END-- [ RunTime:0.002282s ]
INFO: [ view_end ] --START--
INFO: ShowPageTrace Behavior ::run [ RunTime:0.000785s ]
INFO: [ view_end ] --END-- [ RunTime:0.000881s ]

[ 2014-05-16T13:26:51+08:00 ] 113.103.90.190 /manager.php/login/loginCheck
INFO: [ route_check ] --START--
INFO: CheckRoute Behavior ::run [ RunTime:0.001565s ]
INFO: [ route_check ] --END-- [ RunTime:0.001865s ]
INFO: [ app_begin ] --START--
INFO: ReadHtmlCache Behavior ::run [ RunTime:0.000675s ]
INFO: [ app_begin ] --END-- [ RunTime:0.000777s ]
SQL: SHOW COLUMNS FROM `admin_manager` [ RunTime:0.009223s ]
SQL: SELECT * FROM `admin_manager` WHERE   user_name = 'guest'  LIMIT 1   [ RunTime:0.023864s ]
SQL: UPDATE `admin_manager` SET `user_datetime`='2014-05-16 13:26:51',`user_lognum`=207 WHERE ( autoid=1 ) [ RunTime:0.010818s ]

[ 2014-05-16T13:26:52+08:00 ] 113.103.90.190 /manager.php/manager
INFO: [ route_check ] --START--
INFO: CheckRoute Behavior ::run [ RunTime:0.001695s ]
INFO: [ route_check ] --END-- [ RunTime:0.001948s ]
INFO: [ app_begin ] --START--
INFO: ReadHtmlCache Behavior ::run [ RunTime:0.000673s ]
INFO: [ app_begin ] --END-- [ RunTime:0.000780s ]
INFO: [ view_parse ] --START--
INFO: ParseTemplate Behavior ::run [ RunTime:0.014223s ]
INFO: [ view_parse ] --END-- [ RunTime:0.014363s ]
INFO: [ view_filter ] --START--
INFO: ContentReplace Behavior ::run [ RunTime:0.000512s ]
INFO: TokenBuild Behavior ::run [ RunTime:0.000421s ]
INFO: WriteHtmlCache Behavior ::run [ RunTime:0.000299s ]
INFO: ShowRuntime Behavior ::run [ RunTime:0.000555s ]
INFO: [ view_filter ] --END-- [ RunTime:0.002055s ]
INFO: [ view_end ] --START--
INFO: ShowPageTrace Behavior ::run [ RunTime:0.000836s ]
INFO: [ view_end ] --END-- [ RunTime:0.000960s ]

[ 2014-05-16T13:26:59+08:00 ] 113.103.90.190 /manager.php/manager/main
INFO: [ route_check ] --START--
INFO: CheckRoute Behavior ::run [ RunTime:0.001245s ]
INFO: [ route_check ] --END-- [ RunTime:0.001528s ]
INFO: [ app_begin ] --START--
INFO: ReadHtmlCache Behavior ::run [ RunTime:0.000898s ]
INFO: [ app_begin ] --END-- [ RunTime:0.001041s ]
SQL: SHOW COLUMNS FROM `admin_systems` [ RunTime:0.009503s ]
SQL: SELECT * FROM `admin_systems` WHERE ( `autoid` = 1 ) LIMIT 1   [ RunTime:0.032382s ]
INFO: [ view_parse ] --START--
NOTIC: [8] Undefined variable: LanguageList /hsphere/local/home/a941323/gzwisdomiot.com/Manager/Runtime/Cache/407bf0bd30684a86c1a8696531944bfb.php 第 48 行.
INFO: ParseTemplate Behavior ::run [ RunTime:0.020543s ]
INFO: [ view_parse ] --END-- [ RunTime:0.020780s ]
INFO: [ view_filter ] --START--
INFO: ContentReplace Behavior ::run [ RunTime:0.000848s ]
INFO: TokenBuild Behavior ::run [ RunTime:0.000745s ]
INFO: WriteHtmlCache Behavior ::run [ RunTime:0.000418s ]
INFO: ShowRuntime Behavior ::run [ RunTime:0.000778s ]
INFO: [ view_filter ] --END-- [ RunTime:0.003240s ]
INFO: [ view_end ] --START--
INFO: ShowPageTrace Behavior ::run [ RunTime:0.001150s ]
INFO: [ view_end ] --END-- [ RunTime:0.001291s ]

[ 2014-05-16T13:27:00+08:00 ] 113.103.90.190 /manager.php/newslist
INFO: [ route_check ] --START--
INFO: CheckRoute Behavior ::run [ RunTime:0.001287s ]
INFO: [ route_check ] --END-- [ RunTime:0.001560s ]
INFO: [ app_begin ] --START--
INFO: ReadHtmlCache Behavior ::run [ RunTime:0.000688s ]
INFO: [ app_begin ] --END-- [ RunTime:0.000791s ]
SQL: SHOW COLUMNS FROM `admin_newsview` [ RunTime:0.047709s ]
SQL: SELECT COUNT(*) AS tp_count FROM `admin_newsview` LIMIT 1   [ RunTime:0.000992s ]
SQL: SELECT * FROM `admin_newsview` ORDER BY  autoid desc  LIMIT 0,12   [ RunTime:0.000896s ]
INFO: [ view_parse ] --START--
INFO: ParseTemplate Behavior ::run [ RunTime:0.018579s ]
INFO: [ view_parse ] --END-- [ RunTime:0.018772s ]
INFO: [ view_filter ] --START--
INFO: ContentReplace Behavior ::run [ RunTime:0.000663s ]
INFO: TokenBuild Behavior ::run [ RunTime:0.000598s ]
INFO: WriteHtmlCache Behavior ::run [ RunTime:0.000419s ]
INFO: ShowRuntime Behavior ::run [ RunTime:0.000687s ]
INFO: [ view_filter ] --END-- [ RunTime:0.002734s ]
INFO: [ view_end ] --START--
INFO: ShowPageTrace Behavior ::run [ RunTime:0.000781s ]
INFO: [ view_end ] --END-- [ RunTime:0.000884s ]

[ 2014-05-16T13:27:01+08:00 ] 113.103.90.190 /manager.php/Newslist
INFO: [ route_check ] --START--
INFO: CheckRoute Behavior ::run [ RunTime:0.001428s ]
INFO: [ route_check ] --END-- [ RunTime:0.001706s ]
INFO: [ app_begin ] --START--
INFO: ReadHtmlCache Behavior ::run [ RunTime:0.000689s ]
INFO: [ app_begin ] --END-- [ RunTime:0.000787s ]
SQL: SHOW COLUMNS FROM `admin_newsview` [ RunTime:0.010845s ]
SQL: SELECT COUNT(*) AS tp_count FROM `admin_newsview` LIMIT 1   [ RunTime:0.001440s ]
SQL: SELECT * FROM `admin_newsview` ORDER BY  autoid desc  LIMIT 0,12   [ RunTime:0.000901s ]
INFO: [ view_parse ] --START--
INFO: ParseTemplate Behavior ::run [ RunTime:0.013402s ]
INFO: [ view_parse ] --END-- [ RunTime:0.013545s ]
INFO: [ view_filter ] --START--
INFO: ContentReplace Behavior ::run [ RunTime:0.000490s ]
INFO: TokenBuild Behavior ::run [ RunTime:0.000420s ]
INFO: WriteHtmlCache Behavior ::run [ RunTime:0.000320s ]
INFO: ShowRuntime Behavior ::run [ RunTime:0.000539s ]
INFO: [ view_filter ] --END-- [ RunTime:0.002035s ]
INFO: [ view_end ] --START--
INFO: ShowPageTrace Behavior ::run [ RunTime:0.000727s ]
INFO: [ view_end ] --END-- [ RunTime:0.000823s ]

[ 2014-05-16T13:27:03+08:00 ] 113.103.90.190 /manager.php/Newslist/edittable/id/3
INFO: [ route_check ] --START--
INFO: CheckRoute Behavior ::run [ RunTime:0.001344s ]
INFO: [ route_check ] --END-- [ RunTime:0.001632s ]
INFO: [ app_begin ] --START--
INFO: ReadHtmlCache Behavior ::run [ RunTime:0.000711s ]
INFO: [ app_begin ] --END-- [ RunTime:0.000840s ]
SQL: SHOW COLUMNS FROM `admin_news` [ RunTime:0.031150s ]
SQL: SELECT * FROM `admin_news` WHERE ( `autoid` = 3 ) LIMIT 1   [ RunTime:0.000983s ]
SQL: SHOW COLUMNS FROM `admin_newstype` [ RunTime:0.005250s ]
SQL: SELECT * FROM `admin_newstype` ORDER BY  autoid asc   [ RunTime:0.003140s ]
INFO: [ view_parse ] --START--
INFO: ParseTemplate Behavior ::run [ RunTime:0.021124s ]
INFO: [ view_parse ] --END-- [ RunTime:0.021285s ]
INFO: [ view_filter ] --START--
INFO: ContentReplace Behavior ::run [ RunTime:0.000466s ]
INFO: TokenBuild Behavior ::run [ RunTime:0.000427s ]
INFO: WriteHtmlCache Behavior ::run [ RunTime:0.000291s ]
INFO: ShowRuntime Behavior ::run [ RunTime:0.000537s ]
INFO: [ view_filter ] --END-- [ RunTime:0.001969s ]
INFO: [ view_end ] --START--
INFO: ShowPageTrace Behavior ::run [ RunTime:0.000767s ]
INFO: [ view_end ] --END-- [ RunTime:0.000862s ]

[ 2014-05-16T13:28:00+08:00 ] 113.103.90.190 /manager.php/Newslist/saveedit
INFO: [ route_check ] --START--
INFO: CheckRoute Behavior ::run [ RunTime:0.001380s ]
INFO: [ route_check ] --END-- [ RunTime:0.001630s ]
INFO: [ app_begin ] --START--
INFO: ReadHtmlCache Behavior ::run [ RunTime:0.000669s ]
INFO: [ app_begin ] --END-- [ RunTime:0.000785s ]
NOTIC: [8] Undefined variable: flag /hsphere/local/home/a941323/gzwisdomiot.com/Manager/Lib/Action/Table/NewsAction.class.php 第 103 行.
SQL: SHOW COLUMNS FROM `admin_news` [ RunTime:0.012849s ]
SQL: UPDATE `admin_news` SET `n_title`='wisdomiot-facebook',`n_smaimg`='/uploadfile/smallimg/140516/140516012757473.jpg',`n_typeid`=1,`n_type`='conpany',`n_hot`=1,`n_intro`='wisdomiot facebook',`n_content`='&lt;p&gt;\r\n	Please click the link below:&lt;br /&gt;\r\n&lt;a href=\\&quot;\\\\&amp;quot;https://www.facebook.com/pages/Wisdomiot-Communication-Electronics-Trade-Co-Limited/224335744436640\\\\&amp;quot;\\&quot;&gt;https://www.facebook.com/pages/Wisdomiot-Communication-Electronics-Trade-Co-Limited/224335744436640&lt;/a&gt; \r\n&lt;/p&gt;',`n_keywords`='wisdomiot facebook',`n_description`='wisdomiot facebook 123' WHERE ( autoid=3 ) [ RunTime:0.003566s ]

[ 2014-05-16T13:28:01+08:00 ] 113.103.90.190 /manager.php/newslist/index.html
INFO: [ route_check ] --START--
INFO: CheckRoute Behavior ::run [ RunTime:0.001633s ]
INFO: [ route_check ] --END-- [ RunTime:0.001987s ]
INFO: [ app_begin ] --START--
INFO: ReadHtmlCache Behavior ::run [ RunTime:0.000942s ]
INFO: [ app_begin ] --END-- [ RunTime:0.001116s ]
SQL: SHOW COLUMNS FROM `admin_newsview` [ RunTime:0.016374s ]
SQL: SELECT COUNT(*) AS tp_count FROM `admin_newsview` LIMIT 1   [ RunTime:0.000989s ]
SQL: SELECT * FROM `admin_newsview` ORDER BY  autoid desc  LIMIT 0,12   [ RunTime:0.001243s ]
INFO: [ view_parse ] --START--
INFO: ParseTemplate Behavior ::run [ RunTime:0.016073s ]
INFO: [ view_parse ] --END-- [ RunTime:0.016232s ]
INFO: [ view_filter ] --START--
INFO: ContentReplace Behavior ::run [ RunTime:0.000474s ]
INFO: TokenBuild Behavior ::run [ RunTime:0.000444s ]
INFO: WriteHtmlCache Behavior ::run [ RunTime:0.000336s ]
INFO: ShowRuntime Behavior ::run [ RunTime:0.000572s ]
INFO: [ view_filter ] --END-- [ RunTime:0.002123s ]
INFO: [ view_end ] --START--
INFO: ShowPageTrace Behavior ::run [ RunTime:0.000996s ]
INFO: [ view_end ] --END-- [ RunTime:0.001140s ]

[ 2014-05-16T13:29:14+08:00 ] 113.103.90.190 /manager.php/Newslist/edittable/id/3
INFO: [ route_check ] --START--
INFO: CheckRoute Behavior ::run [ RunTime:0.001694s ]
INFO: [ route_check ] --END-- [ RunTime:0.002011s ]
INFO: [ app_begin ] --START--
INFO: ReadHtmlCache Behavior ::run [ RunTime:0.000983s ]
INFO: [ app_begin ] --END-- [ RunTime:0.001137s ]
SQL: SHOW COLUMNS FROM `admin_news` [ RunTime:0.006144s ]
SQL: SELECT * FROM `admin_news` WHERE ( `autoid` = 3 ) LIMIT 1   [ RunTime:0.001053s ]
SQL: SHOW COLUMNS FROM `admin_newstype` [ RunTime:0.004405s ]
SQL: SELECT * FROM `admin_newstype` ORDER BY  autoid asc   [ RunTime:0.000834s ]
INFO: [ view_parse ] --START--
INFO: ParseTemplate Behavior ::run [ RunTime:0.014459s ]
INFO: [ view_parse ] --END-- [ RunTime:0.014582s ]
INFO: [ view_filter ] --START--
INFO: ContentReplace Behavior ::run [ RunTime:0.000480s ]
INFO: TokenBuild Behavior ::run [ RunTime:0.000475s ]
INFO: WriteHtmlCache Behavior ::run [ RunTime:0.000352s ]
INFO: ShowRuntime Behavior ::run [ RunTime:0.000721s ]
INFO: [ view_filter ] --END-- [ RunTime:0.002333s ]
INFO: [ view_end ] --START--
INFO: ShowPageTrace Behavior ::run [ RunTime:0.000740s ]
INFO: [ view_end ] --END-- [ RunTime:0.000837s ]

[ 2014-05-16T13:30:07+08:00 ] 113.103.90.190 /manager.php/Newslist/saveedit
INFO: [ route_check ] --START--
INFO: CheckRoute Behavior ::run [ RunTime:0.001315s ]
INFO: [ route_check ] --END-- [ RunTime:0.001604s ]
INFO: [ app_begin ] --START--
INFO: ReadHtmlCache Behavior ::run [ RunTime:0.000679s ]
INFO: [ app_begin ] --END-- [ RunTime:0.000781s ]
NOTIC: [8] Undefined variable: flag /hsphere/local/home/a941323/gzwisdomiot.com/Manager/Lib/Action/Table/NewsAction.class.php 第 103 行.
SQL: SHOW COLUMNS FROM `admin_news` [ RunTime:0.113835s ]
SQL: UPDATE `admin_news` SET `n_title`='wisdomiot-facebook',`n_smaimg`='/uploadfile/smallimg/140516/140516012757473.jpg',`n_typeid`=1,`n_type`='conpany',`n_hot`=1,`n_intro`='wisdomiot facebook\r\nWisdomiot Communication Electronics Trade Co., Limited\r\nWisdomiot Communication Electronics Trade Co., Limited\r\nMail: wisdomiotmanager@gmail.com\r\nWhatsapp:+8613751850732',`n_content`='&lt;p&gt;\r\n	Please click the link below:&lt;br /&gt;\r\n&lt;a href=\\&quot;\\\\&amp;quot;\\\\\\\\&amp;quot;https://www.facebook.com/pages/Wisdomiot-Communication-Electronics-Trade-Co-Limited/224335744436640\\\\\\\\&amp;quot;\\\\&amp;quot;\\&quot;&gt;https://www.facebook.com/pages/Wisdomiot-Communication-Electronics-Trade-Co-Limited/224335744436640&lt;/a&gt; \r\n&lt;/p&gt;',`n_keywords`='wisdomiot facebook',`n_description`='wisdomiot facebook ' WHERE ( autoid=3 ) [ RunTime:0.000887s ]

[ 2014-05-16T13:30:07+08:00 ] 113.103.90.190 /manager.php/newslist/index.html
INFO: [ route_check ] --START--
INFO: CheckRoute Behavior ::run [ RunTime:0.001133s ]
INFO: [ route_check ] --END-- [ RunTime:0.001353s ]
INFO: [ app_begin ] --START--
INFO: ReadHtmlCache Behavior ::run [ RunTime:0.000654s ]
INFO: [ app_begin ] --END-- [ RunTime:0.000752s ]
SQL: SHOW COLUMNS FROM `admin_newsview` [ RunTime:0.020183s ]
SQL: SELECT COUNT(*) AS tp_count FROM `admin_newsview` LIMIT 1   [ RunTime:0.013478s ]
SQL: SELECT * FROM `admin_newsview` ORDER BY  autoid desc  LIMIT 0,12   [ RunTime:0.001331s ]
INFO: [ view_parse ] --START--
INFO: ParseTemplate Behavior ::run [ RunTime:0.015446s ]
INFO: [ view_parse ] --END-- [ RunTime:0.015644s ]
INFO: [ view_filter ] --START--
INFO: ContentReplace Behavior ::run [ RunTime:0.000680s ]
INFO: TokenBuild Behavior ::run [ RunTime:0.000654s ]
INFO: WriteHtmlCache Behavior ::run [ RunTime:0.000418s ]
INFO: ShowRuntime Behavior ::run [ RunTime:0.000904s ]
INFO: [ view_filter ] --END-- [ RunTime:0.002995s ]
INFO: [ view_end ] --START--
INFO: ShowPageTrace Behavior ::run [ RunTime:0.000852s ]
INFO: [ view_end ] --END-- [ RunTime:0.000953s ]

[ 2014-05-16T13:30:55+08:00 ] 113.103.90.190 /manager.php/Newslist/edittable/id/3
INFO: [ route_check ] --START--
INFO: CheckRoute Behavior ::run [ RunTime:0.001688s ]
INFO: [ route_check ] --END-- [ RunTime:0.002017s ]
INFO: [ app_begin ] --START--
INFO: ReadHtmlCache Behavior ::run [ RunTime:0.000699s ]
INFO: [ app_begin ] --END-- [ RunTime:0.000800s ]
SQL: SHOW COLUMNS FROM `admin_news` [ RunTime:0.012654s ]
SQL: SELECT * FROM `admin_news` WHERE ( `autoid` = 3 ) LIMIT 1   [ RunTime:0.000966s ]
SQL: SHOW COLUMNS FROM `admin_newstype` [ RunTime:0.008911s ]
SQL: SELECT * FROM `admin_newstype` ORDER BY  autoid asc   [ RunTime:0.000665s ]
INFO: [ view_parse ] --START--
INFO: ParseTemplate Behavior ::run [ RunTime:0.022887s ]
INFO: [ view_parse ] --END-- [ RunTime:0.023108s ]
INFO: [ view_filter ] --START--
INFO: ContentReplace Behavior ::run [ RunTime:0.000687s ]
INFO: TokenBuild Behavior ::run [ RunTime:0.000638s ]
INFO: WriteHtmlCache Behavior ::run [ RunTime:0.000426s ]
INFO: ShowRuntime Behavior ::run [ RunTime:0.000830s ]
INFO: [ view_filter ] --END-- [ RunTime:0.002983s ]
INFO: [ view_end ] --START--
INFO: ShowPageTrace Behavior ::run [ RunTime:0.001121s ]
INFO: [ view_end ] --END-- [ RunTime:0.001277s ]

[ 2014-05-16T13:31:07+08:00 ] 113.103.90.190 /manager.php/Newslist/saveedit
INFO: [ route_check ] --START--
INFO: CheckRoute Behavior ::run [ RunTime:0.001122s ]
INFO: [ route_check ] --END-- [ RunTime:0.001388s ]
INFO: [ app_begin ] --START--
INFO: ReadHtmlCache Behavior ::run [ RunTime:0.000667s ]
INFO: [ app_begin ] --END-- [ RunTime:0.000798s ]
NOTIC: [8] Undefined variable: flag /hsphere/local/home/a941323/gzwisdomiot.com/Manager/Lib/Action/Table/NewsAction.class.php 第 103 行.
SQL: SHOW COLUMNS FROM `admin_news` [ RunTime:0.008635s ]
SQL: UPDATE `admin_news` SET `n_title`='wisdomiot-facebook',`n_smaimg`='/uploadfile/smallimg/140516/140516012757473.jpg',`n_typeid`=1,`n_type`='conpany',`n_hot`=1,`n_intro`='wisdomiot facebook\r\n\r\nWisdomiot Communication Electronics Trade Co., Limited\r\nWisdomiot Communication Electronics Trade Co., Limited\r\n\r\nMail: wisdomiotmanager@gmail.com\r\n\r\nWhatsapp:+8613751850732',`n_content`='&lt;p&gt;\r\n	Please click the link below:&lt;br /&gt;\r\n&lt;a href=\\&quot;\\\\&amp;quot;\\\\\\\\&amp;quot;\\\\\\\\\\\\\\\\&amp;quot;https://www.facebook.com/pages/Wisdomiot-Communication-Electronics-Trade-Co-Limited/224335744436640\\\\\\\\\\\\\\\\&amp;quot;\\\\\\\\&amp;quot;\\\\&amp;quot;\\&quot;&gt;https://www.facebook.com/pages/Wisdomiot-Communication-Electronics-Trade-Co-Limited/224335744436640&lt;/a&gt; \r\n&lt;/p&gt;',`n_keywords`='wisdomiot facebook',`n_description`='wisdomiot facebook ' WHERE ( autoid=3 ) [ RunTime:0.000958s ]

[ 2014-05-16T13:31:08+08:00 ] 113.103.90.190 /manager.php/newslist/index.html
INFO: [ route_check ] --START--
INFO: CheckRoute Behavior ::run [ RunTime:0.001130s ]
INFO: [ route_check ] --END-- [ RunTime:0.001369s ]
INFO: [ app_begin ] --START--
INFO: ReadHtmlCache Behavior ::run [ RunTime:0.000653s ]
INFO: [ app_begin ] --END-- [ RunTime:0.000751s ]
SQL: SHOW COLUMNS FROM `admin_newsview` [ RunTime:0.012242s ]
SQL: SELECT COUNT(*) AS tp_count FROM `admin_newsview` LIMIT 1   [ RunTime:0.001272s ]
SQL: SELECT * FROM `admin_newsview` ORDER BY  autoid desc  LIMIT 0,12   [ RunTime:0.001468s ]
INFO: [ view_parse ] --START--
INFO: ParseTemplate Behavior ::run [ RunTime:0.013673s ]
INFO: [ view_parse ] --END-- [ RunTime:0.013808s ]
INFO: [ view_filter ] --START--
INFO: ContentReplace Behavior ::run [ RunTime:0.000495s ]
INFO: TokenBuild Behavior ::run [ RunTime:0.000430s ]
INFO: WriteHtmlCache Behavior ::run [ RunTime:0.000294s ]
INFO: ShowRuntime Behavior ::run [ RunTime:0.000589s ]
INFO: [ view_filter ] --END-- [ RunTime:0.002080s ]
INFO: [ view_end ] --START--
INFO: ShowPageTrace Behavior ::run [ RunTime:0.000732s ]
INFO: [ view_end ] --END-- [ RunTime:0.000829s ]

[ 2014-05-16T13:31:28+08:00 ] 113.103.90.190 /manager.php/Newslist/edittable/id/3
INFO: [ route_check ] --START--
INFO: CheckRoute Behavior ::run [ RunTime:0.001118s ]
INFO: [ route_check ] --END-- [ RunTime:0.001354s ]
INFO: [ app_begin ] --START--
INFO: ReadHtmlCache Behavior ::run [ RunTime:0.000659s ]
INFO: [ app_begin ] --END-- [ RunTime:0.000760s ]
SQL: SHOW COLUMNS FROM `admin_news` [ RunTime:0.007215s ]
SQL: SELECT * FROM `admin_news` WHERE ( `autoid` = 3 ) LIMIT 1   [ RunTime:0.000926s ]
SQL: SHOW COLUMNS FROM `admin_newstype` [ RunTime:0.004626s ]
SQL: SELECT * FROM `admin_newstype` ORDER BY  autoid asc   [ RunTime:0.000692s ]
INFO: [ view_parse ] --START--
INFO: ParseTemplate Behavior ::run [ RunTime:0.017709s ]
INFO: [ view_parse ] --END-- [ RunTime:0.017922s ]
INFO: [ view_filter ] --START--
INFO: ContentReplace Behavior ::run [ RunTime:0.000474s ]
INFO: TokenBuild Behavior ::run [ RunTime:0.000509s ]
INFO: WriteHtmlCache Behavior ::run [ RunTime:0.000295s ]
INFO: ShowRuntime Behavior ::run [ RunTime:0.000629s ]
INFO: [ view_filter ] --END-- [ RunTime:0.002161s ]
INFO: [ view_end ] --START--
INFO: ShowPageTrace Behavior ::run [ RunTime:0.000810s ]
INFO: [ view_end ] --END-- [ RunTime:0.000939s ]

[ 2014-05-16T13:32:32+08:00 ] 113.103.90.190 /manager.php/Newslist/saveedit
INFO: [ route_check ] --START--
INFO: CheckRoute Behavior ::run [ RunTime:0.001269s ]
INFO: [ route_check ] --END-- [ RunTime:0.001495s ]
INFO: [ app_begin ] --START--
INFO: ReadHtmlCache Behavior ::run [ RunTime:0.000784s ]
INFO: [ app_begin ] --END-- [ RunTime:0.000901s ]
NOTIC: [8] Undefined variable: flag /hsphere/local/home/a941323/gzwisdomiot.com/Manager/Lib/Action/Table/NewsAction.class.php 第 103 行.
SQL: SHOW COLUMNS FROM `admin_news` [ RunTime:0.007028s ]
SQL: UPDATE `admin_news` SET `n_title`='wisdomiot-facebook',`n_smaimg`='/uploadfile/smallimg/140516/140516012757473.jpg',`n_typeid`=1,`n_type`='conpany',`n_hot`=1,`n_intro`='wisdomiot facebook\r\nWisdomiot Communication Electronics Trade Co., Limited\r\nMail: wisdomiotmanager@gmail.com\r\nWhatsapp:+8613751850732',`n_content`='&lt;p&gt;\r\n	Please click the link below:&lt;br /&gt;\r\n&lt;a href=\\&quot;\\\\&amp;quot;\\\\\\\\&amp;quot;\\\\\\\\\\\\\\\\&amp;quot;\\\\\\\\\\\\\\\\\\\\\\\\\\\\\\\\&amp;quot;https://www.facebook.com/pages/Wisdomiot-Communication-Electronics-Trade-Co-Limited/224335744436640\\\\\\\\\\\\\\\\\\\\\\\\\\\\\\\\&amp;quot;\\\\\\\\\\\\\\\\&amp;quot;\\\\\\\\&amp;quot;\\\\&amp;quot;\\&quot;&gt;https://www.facebook.com/pages/Wisdomiot-Communication-Electronics-Trade-Co-Limited/224335744436640&lt;/a&gt; \r\n&lt;/p&gt;',`n_keywords`='wisdomiot facebook',`n_description`='wisdomiot facebook ' WHERE ( autoid=3 ) [ RunTime:0.001580s ]

[ 2014-05-16T13:32:33+08:00 ] 113.103.90.190 /manager.php/newslist/index.html
INFO: [ route_check ] --START--
INFO: CheckRoute Behavior ::run [ RunTime:0.001162s ]
INFO: [ route_check ] --END-- [ RunTime:0.001429s ]
INFO: [ app_begin ] --START--
INFO: ReadHtmlCache Behavior ::run [ RunTime:0.000641s ]
INFO: [ app_begin ] --END-- [ RunTime:0.000740s ]
SQL: SHOW COLUMNS FROM `admin_newsview` [ RunTime:0.011475s ]
SQL: SELECT COUNT(*) AS tp_count FROM `admin_newsview` LIMIT 1   [ RunTime:0.001025s ]
SQL: SELECT * FROM `admin_newsview` ORDER BY  autoid desc  LIMIT 0,12   [ RunTime:0.001025s ]
INFO: [ view_parse ] --START--
INFO: ParseTemplate Behavior ::run [ RunTime:0.016438s ]
INFO: [ view_parse ] --END-- [ RunTime:0.016614s ]
INFO: [ view_filter ] --START--
INFO: ContentReplace Behavior ::run [ RunTime:0.000487s ]
INFO: TokenBuild Behavior ::run [ RunTime:0.000417s ]
INFO: WriteHtmlCache Behavior ::run [ RunTime:0.000289s ]
INFO: ShowRuntime Behavior ::run [ RunTime:0.000575s ]
INFO: [ view_filter ] --END-- [ RunTime:0.002032s ]
INFO: [ view_end ] --START--
INFO: ShowPageTrace Behavior ::run [ RunTime:0.000736s ]
INFO: [ view_end ] --END-- [ RunTime:0.000835s ]

[ 2014-05-16T13:34:04+08:00 ] 113.103.90.190 /manager.php/Newslist/edittable/id/3
INFO: [ route_check ] --START--
INFO: CheckRoute Behavior ::run [ RunTime:0.001157s ]
INFO: [ route_check ] --END-- [ RunTime:0.001380s ]
INFO: [ app_begin ] --START--
INFO: ReadHtmlCache Behavior ::run [ RunTime:0.000638s ]
INFO: [ app_begin ] --END-- [ RunTime:0.000737s ]
SQL: SHOW COLUMNS FROM `admin_news` [ RunTime:0.006890s ]
SQL: SELECT * FROM `admin_news` WHERE ( `autoid` = 3 ) LIMIT 1   [ RunTime:0.002052s ]
SQL: SHOW COLUMNS FROM `admin_newstype` [ RunTime:0.005942s ]
SQL: SELECT * FROM `admin_newstype` ORDER BY  autoid asc   [ RunTime:0.000655s ]
INFO: [ view_parse ] --START--
INFO: ParseTemplate Behavior ::run [ RunTime:0.014178s ]
INFO: [ view_parse ] --END-- [ RunTime:0.014300s ]
INFO: [ view_filter ] --START--
INFO: ContentReplace Behavior ::run [ RunTime:0.000439s ]
INFO: TokenBuild Behavior ::run [ RunTime:0.000417s ]
INFO: WriteHtmlCache Behavior ::run [ RunTime:0.000287s ]
INFO: ShowRuntime Behavior ::run [ RunTime:0.000529s ]
INFO: [ view_filter ] --END-- [ RunTime:0.001917s ]
INFO: [ view_end ] --START--
INFO: ShowPageTrace Behavior ::run [ RunTime:0.000727s ]
INFO: [ view_end ] --END-- [ RunTime:0.000826s ]

[ 2014-05-16T13:35:43+08:00 ] 113.103.90.190 /manager.php/Newslist/saveedit
INFO: [ route_check ] --START--
INFO: CheckRoute Behavior ::run [ RunTime:0.001123s ]
INFO: [ route_check ] --END-- [ RunTime:0.001361s ]
INFO: [ app_begin ] --START--
INFO: ReadHtmlCache Behavior ::run [ RunTime:0.000640s ]
INFO: [ app_begin ] --END-- [ RunTime:0.000738s ]
NOTIC: [8] Undefined variable: flag /hsphere/local/home/a941323/gzwisdomiot.com/Manager/Lib/Action/Table/NewsAction.class.php 第 103 行.
SQL: SHOW COLUMNS FROM `admin_news` [ RunTime:0.007559s ]
SQL: UPDATE `admin_news` SET `n_title`='wisdomiot-facebook',`n_smaimg`='/uploadfile/smallimg/140516/140516012757473.jpg',`n_typeid`=1,`n_type`='conpany',`n_hot`=1,`n_intro`='wisdomiot facebook\r\nWisdomiot Communication Electronics Trade Co., Limited\r\nMail: wisdomiotmanager@gmail.com\r\nWhatsapp:+8613751850732',`n_content`='&lt;p&gt;\r\n	Please click the link below:\r\n&lt;/p&gt;\r\n&lt;p&gt;\r\n	&lt;a href=\\&quot;\\\\&amp;quot;\\\\\\\\&amp;quot;\\\\\\\\\\\\\\\\&amp;quot;\\\\\\\\\\\\\\\\\\\\\\\\\\\\\\\\&amp;quot;\\\\\\\\\\\\\\\\\\\\\\\\\\\\\\\\\\\\\\\\\\\\\\\\\\\\\\\\\\\\\\\\&amp;quot;https://www.facebook.com/pages/Wisdomiot-Communication-Electronics-Trade-Co-Limited/224335744436640\\\\\\\\\\\\\\\\\\\\\\\\\\\\\\\\\\\\\\\\\\\\\\\\\\\\\\\\\\\\\\\\&amp;quot;\\\\\\\\\\\\\\\\\\\\\\\\\\\\\\\\&amp;quot;\\\\\\\\\\\\\\\\&amp;quot;\\\\\\\\&amp;quot;\\\\&amp;quot;\\&quot;&gt;&lt;a href=\\&quot;https://www.facebook.com/pages/Wisdomiot-Communication-Electronics-Trade-Co-Limited/224335744436640\\&quot;&gt;http://www.facebook.com/pages/Wisdomiot-Communication-Electronics-Trade-Co-Limited/224335744436640&lt;/a&gt;&lt;/a&gt;\r\n&lt;/p&gt;\r\n&lt;p&gt;\r\n	&lt;br /&gt;\r\n&lt;/p&gt;\r\n&lt;p&gt;\r\n	&lt;br /&gt;\r\n&lt;/p&gt;',`n_keywords`='wisdomiot facebook',`n_description`='wisdomiot facebook ' WHERE ( autoid=3 ) [ RunTime:0.000936s ]

[ 2014-05-16T13:35:44+08:00 ] 113.103.90.190 /manager.php/newslist/index.html
INFO: [ route_check ] --START--
INFO: CheckRoute Behavior ::run [ RunTime:0.001752s ]
INFO: [ route_check ] --END-- [ RunTime:0.002084s ]
INFO: [ app_begin ] --START--
INFO: ReadHtmlCache Behavior ::run [ RunTime:0.000882s ]
INFO: [ app_begin ] --END-- [ RunTime:0.001002s ]
SQL: SHOW COLUMNS FROM `admin_newsview` [ RunTime:0.009782s ]
SQL: SELECT COUNT(*) AS tp_count FROM `admin_newsview` LIMIT 1   [ RunTime:0.000974s ]
SQL: SELECT * FROM `admin_newsview` ORDER BY  autoid desc  LIMIT 0,12   [ RunTime:0.001054s ]
INFO: [ view_parse ] --START--
INFO: ParseTemplate Behavior ::run [ RunTime:0.014584s ]
INFO: [ view_parse ] --END-- [ RunTime:0.014718s ]
INFO: [ view_filter ] --START--
INFO: ContentReplace Behavior ::run [ RunTime:0.000501s ]
INFO: TokenBuild Behavior ::run [ RunTime:0.000423s ]
INFO: WriteHtmlCache Behavior ::run [ RunTime:0.000330s ]
INFO: ShowRuntime Behavior ::run [ RunTime:0.000672s ]
INFO: [ view_filter ] --END-- [ RunTime:0.002222s ]
INFO: [ view_end ] --START--
INFO: ShowPageTrace Behavior ::run [ RunTime:0.000777s ]
INFO: [ view_end ] --END-- [ RunTime:0.000875s ]

