[ 2014-06-05T13:36:05+08:00 ] 113.64.61.142 /manager.php
INFO: [ app_begin ] --START--
INFO: ReadHtmlCache Behavior ::run [ RunTime:0.027207s ]
INFO: [ app_begin ] --END-- [ RunTime:0.027505s ]

[ 2014-06-05T13:36:06+08:00 ] 113.64.61.142 /manager.php/login
INFO: [ route_check ] --START--
INFO: CheckRoute Behavior ::run [ RunTime:0.001162s ]
INFO: [ route_check ] --END-- [ RunTime:0.001425s ]
INFO: [ app_begin ] --START--
INFO: ReadHtmlCache Behavior ::run [ RunTime:0.000655s ]
INFO: [ app_begin ] --END-- [ RunTime:0.000752s ]
NOTIC: [8] Undefined index:  MID /hsphere/local/home/a941323/gzwisdomiot.com/Manager/Lib/Action/CommonAction.class.php 第 84 行.
NOTIC: [8] Undefined index:  MNAME /hsphere/local/home/a941323/gzwisdomiot.com/Manager/Lib/Action/CommonAction.class.php 第 85 行.
INFO: [ view_parse ] --START--
INFO: ParseTemplate Behavior ::run [ RunTime:0.170520s ]
INFO: [ view_parse ] --END-- [ RunTime:0.170731s ]
INFO: [ view_filter ] --START--
INFO: ContentReplace Behavior ::run [ RunTime:0.000592s ]
INFO: TokenBuild Behavior ::run [ RunTime:0.000542s ]
INFO: WriteHtmlCache Behavior ::run [ RunTime:0.000323s ]
INFO: ShowRuntime Behavior ::run [ RunTime:0.000596s ]
INFO: [ view_filter ] --END-- [ RunTime:0.002401s ]
INFO: [ view_end ] --START--
INFO: ShowPageTrace Behavior ::run [ RunTime:0.000842s ]
INFO: [ view_end ] --END-- [ RunTime:0.000948s ]

[ 2014-06-05T13:49:42+08:00 ] 113.64.61.142 /manager.php/login/loginCheck
INFO: [ route_check ] --START--
INFO: CheckRoute Behavior ::run [ RunTime:0.001215s ]
INFO: [ route_check ] --END-- [ RunTime:0.001512s ]
INFO: [ app_begin ] --START--
INFO: ReadHtmlCache Behavior ::run [ RunTime:0.000682s ]
INFO: [ app_begin ] --END-- [ RunTime:0.000781s ]

[ 2014-06-05T13:49:59+08:00 ] 113.64.61.142 /manager.php/login/loginCheck
INFO: [ route_check ] --START--
INFO: CheckRoute Behavior ::run [ RunTime:0.001088s ]
INFO: [ route_check ] --END-- [ RunTime:0.001310s ]
INFO: [ app_begin ] --START--
INFO: ReadHtmlCache Behavior ::run [ RunTime:0.000636s ]
INFO: [ app_begin ] --END-- [ RunTime:0.000734s ]
NOTIC: [8] Undefined index:  Username /hsphere/local/home/a941323/gzwisdomiot.com/Manager/Lib/Action/LoginAction.class.php 第 44 行.
NOTIC: [8] Undefined index:  Password /hsphere/local/home/a941323/gzwisdomiot.com/Manager/Lib/Action/LoginAction.class.php 第 45 行.
NOTIC: [8] Undefined index:  VerifyCode /hsphere/local/home/a941323/gzwisdomiot.com/Manager/Lib/Action/LoginAction.class.php 第 46 行.

[ 2014-06-05T13:50:05+08:00 ] 113.64.61.142 /manager.php
INFO: [ app_begin ] --START--
INFO: ReadHtmlCache Behavior ::run [ RunTime:0.001044s ]
INFO: [ app_begin ] --END-- [ RunTime:0.001391s ]

[ 2014-06-05T13:50:06+08:00 ] 113.64.61.142 /manager.php/login
INFO: [ route_check ] --START--
INFO: CheckRoute Behavior ::run [ RunTime:0.001602s ]
INFO: [ route_check ] --END-- [ RunTime:0.001923s ]
INFO: [ app_begin ] --START--
INFO: ReadHtmlCache Behavior ::run [ RunTime:0.000921s ]
INFO: [ app_begin ] --END-- [ RunTime:0.001063s ]
NOTIC: [8] Undefined index:  MID /hsphere/local/home/a941323/gzwisdomiot.com/Manager/Lib/Action/CommonAction.class.php 第 84 行.
NOTIC: [8] Undefined index:  MNAME /hsphere/local/home/a941323/gzwisdomiot.com/Manager/Lib/Action/CommonAction.class.php 第 85 行.
INFO: [ view_parse ] --START--
INFO: ParseTemplate Behavior ::run [ RunTime:0.011412s ]
INFO: [ view_parse ] --END-- [ RunTime:0.011549s ]
INFO: [ view_filter ] --START--
INFO: ContentReplace Behavior ::run [ RunTime:0.000490s ]
INFO: TokenBuild Behavior ::run [ RunTime:0.000455s ]
INFO: WriteHtmlCache Behavior ::run [ RunTime:0.000298s ]
INFO: ShowRuntime Behavior ::run [ RunTime:0.000562s ]
INFO: [ view_filter ] --END-- [ RunTime:0.002087s ]
INFO: [ view_end ] --START--
INFO: ShowPageTrace Behavior ::run [ RunTime:0.000980s ]
INFO: [ view_end ] --END-- [ RunTime:0.001077s ]

[ 2014-06-05T13:50:17+08:00 ] 113.64.61.142 /manager.php/login/loginCheck
INFO: [ route_check ] --START--
INFO: CheckRoute Behavior ::run [ RunTime:0.001114s ]
INFO: [ route_check ] --END-- [ RunTime:0.001379s ]
INFO: [ app_begin ] --START--
INFO: ReadHtmlCache Behavior ::run [ RunTime:0.000652s ]
INFO: [ app_begin ] --END-- [ RunTime:0.000753s ]
SQL: SHOW COLUMNS FROM `admin_manager` [ RunTime:0.115836s ]
SQL: SELECT * FROM `admin_manager` WHERE   user_name = 'GUEST'  LIMIT 1   [ RunTime:0.004520s ]

[ 2014-06-05T13:50:32+08:00 ] 113.64.61.142 /manager.php/login/loginCheck
INFO: [ route_check ] --START--
INFO: CheckRoute Behavior ::run [ RunTime:0.001203s ]
INFO: [ route_check ] --END-- [ RunTime:0.001440s ]
INFO: [ app_begin ] --START--
INFO: ReadHtmlCache Behavior ::run [ RunTime:0.000673s ]
INFO: [ app_begin ] --END-- [ RunTime:0.000772s ]
SQL: SHOW COLUMNS FROM `admin_manager` [ RunTime:0.043724s ]
SQL: SELECT * FROM `admin_manager` WHERE   user_name = 'GUEST'  LIMIT 1   [ RunTime:0.000601s ]

[ 2014-06-05T13:50:44+08:00 ] 113.64.61.142 /manager.php/login/loginCheck
INFO: [ route_check ] --START--
INFO: CheckRoute Behavior ::run [ RunTime:0.001122s ]
INFO: [ route_check ] --END-- [ RunTime:0.001353s ]
INFO: [ app_begin ] --START--
INFO: ReadHtmlCache Behavior ::run [ RunTime:0.000646s ]
INFO: [ app_begin ] --END-- [ RunTime:0.000742s ]
NOTIC: [8] Undefined index:  Username /hsphere/local/home/a941323/gzwisdomiot.com/Manager/Lib/Action/LoginAction.class.php 第 44 行.
NOTIC: [8] Undefined index:  Password /hsphere/local/home/a941323/gzwisdomiot.com/Manager/Lib/Action/LoginAction.class.php 第 45 行.
NOTIC: [8] Undefined index:  VerifyCode /hsphere/local/home/a941323/gzwisdomiot.com/Manager/Lib/Action/LoginAction.class.php 第 46 行.

[ 2014-06-05T13:51:07+08:00 ] 113.64.61.142 /manager.php/login
INFO: [ route_check ] --START--
INFO: CheckRoute Behavior ::run [ RunTime:0.001128s ]
INFO: [ route_check ] --END-- [ RunTime:0.001370s ]
INFO: [ app_begin ] --START--
INFO: ReadHtmlCache Behavior ::run [ RunTime:0.000645s ]
INFO: [ app_begin ] --END-- [ RunTime:0.000746s ]
NOTIC: [8] Undefined index:  MID /hsphere/local/home/a941323/gzwisdomiot.com/Manager/Lib/Action/CommonAction.class.php 第 84 行.
NOTIC: [8] Undefined index:  MNAME /hsphere/local/home/a941323/gzwisdomiot.com/Manager/Lib/Action/CommonAction.class.php 第 85 行.
INFO: [ view_parse ] --START--
INFO: ParseTemplate Behavior ::run [ RunTime:0.012658s ]
INFO: [ view_parse ] --END-- [ RunTime:0.012832s ]
INFO: [ view_filter ] --START--
INFO: ContentReplace Behavior ::run [ RunTime:0.000500s ]
INFO: TokenBuild Behavior ::run [ RunTime:0.000576s ]
INFO: WriteHtmlCache Behavior ::run [ RunTime:0.000306s ]
INFO: ShowRuntime Behavior ::run [ RunTime:0.000558s ]
INFO: [ view_filter ] --END-- [ RunTime:0.002250s ]
INFO: [ view_end ] --START--
INFO: ShowPageTrace Behavior ::run [ RunTime:0.000810s ]
INFO: [ view_end ] --END-- [ RunTime:0.000921s ]

[ 2014-06-05T13:51:23+08:00 ] 113.64.61.142 /manager.php/login/loginCheck
INFO: [ route_check ] --START--
INFO: CheckRoute Behavior ::run [ RunTime:0.001164s ]
INFO: [ route_check ] --END-- [ RunTime:0.001405s ]
INFO: [ app_begin ] --START--
INFO: ReadHtmlCache Behavior ::run [ RunTime:0.000691s ]
INFO: [ app_begin ] --END-- [ RunTime:0.000792s ]
SQL: SHOW COLUMNS FROM `admin_manager` [ RunTime:0.008544s ]
SQL: SELECT * FROM `admin_manager` WHERE   user_name = 'GUEST'  LIMIT 1   [ RunTime:0.000544s ]
SQL: UPDATE `admin_manager` SET `user_datetime`='2014-06-05 13:51:23',`user_lognum`=213 WHERE ( autoid=1 ) [ RunTime:0.000685s ]

[ 2014-06-05T13:51:24+08:00 ] 113.64.61.142 /manager.php/manager
INFO: [ route_check ] --START--
INFO: CheckRoute Behavior ::run [ RunTime:0.001174s ]
INFO: [ route_check ] --END-- [ RunTime:0.001436s ]
INFO: [ app_begin ] --START--
INFO: ReadHtmlCache Behavior ::run [ RunTime:0.000667s ]
INFO: [ app_begin ] --END-- [ RunTime:0.000765s ]
INFO: [ view_parse ] --START--
INFO: ParseTemplate Behavior ::run [ RunTime:0.073254s ]
INFO: [ view_parse ] --END-- [ RunTime:0.073436s ]
INFO: [ view_filter ] --START--
INFO: ContentReplace Behavior ::run [ RunTime:0.000537s ]
INFO: TokenBuild Behavior ::run [ RunTime:0.000448s ]
INFO: WriteHtmlCache Behavior ::run [ RunTime:0.000311s ]
INFO: ShowRuntime Behavior ::run [ RunTime:0.000595s ]
INFO: [ view_filter ] --END-- [ RunTime:0.002172s ]
INFO: [ view_end ] --START--
INFO: ShowPageTrace Behavior ::run [ RunTime:0.000756s ]
INFO: [ view_end ] --END-- [ RunTime:0.000855s ]

[ 2014-06-05T13:51:25+08:00 ] 113.64.61.142 /manager.php/manager/main
INFO: [ route_check ] --START--
INFO: CheckRoute Behavior ::run [ RunTime:0.001289s ]
INFO: [ route_check ] --END-- [ RunTime:0.001530s ]
INFO: [ app_begin ] --START--
INFO: ReadHtmlCache Behavior ::run [ RunTime:0.000657s ]
INFO: [ app_begin ] --END-- [ RunTime:0.000754s ]
SQL: SHOW COLUMNS FROM `admin_systems` [ RunTime:0.098627s ]
SQL: SELECT * FROM `admin_systems` WHERE ( `autoid` = 1 ) LIMIT 1   [ RunTime:0.001734s ]
INFO: [ view_parse ] --START--
NOTIC: [8] Undefined variable: LanguageList /hsphere/local/home/a941323/gzwisdomiot.com/Manager/Runtime/Cache/407bf0bd30684a86c1a8696531944bfb.php 第 48 行.
INFO: ParseTemplate Behavior ::run [ RunTime:0.086577s ]
INFO: [ view_parse ] --END-- [ RunTime:0.086693s ]
INFO: [ view_filter ] --START--
INFO: ContentReplace Behavior ::run [ RunTime:0.000453s ]
INFO: TokenBuild Behavior ::run [ RunTime:0.000433s ]
INFO: WriteHtmlCache Behavior ::run [ RunTime:0.000298s ]
INFO: ShowRuntime Behavior ::run [ RunTime:0.000531s ]
INFO: [ view_filter ] --END-- [ RunTime:0.001968s ]
INFO: [ view_end ] --START--
INFO: ShowPageTrace Behavior ::run [ RunTime:0.000757s ]
INFO: [ view_end ] --END-- [ RunTime:0.000845s ]

[ 2014-06-05T13:51:29+08:00 ] 113.64.61.142 /manager.php/productlist
INFO: [ route_check ] --START--
INFO: CheckRoute Behavior ::run [ RunTime:0.001168s ]
INFO: [ route_check ] --END-- [ RunTime:0.001424s ]
INFO: [ app_begin ] --START--
INFO: ReadHtmlCache Behavior ::run [ RunTime:0.000668s ]
INFO: [ app_begin ] --END-- [ RunTime:0.000771s ]
SQL: SHOW COLUMNS FROM `admin_productnewview` [ RunTime:0.057603s ]
SQL: SELECT COUNT(*) AS tp_count FROM `admin_productnewview` LIMIT 1   [ RunTime:0.092761s ]
SQL: SELECT * FROM `admin_productnewview` ORDER BY  autoid desc  LIMIT 0,12   [ RunTime:0.007975s ]
SQL: SHOW COLUMNS FROM `admin_soletype` [ RunTime:0.007512s ]
SQL: SELECT * FROM `admin_soletype` ORDER BY  autoid asc   [ RunTime:0.012420s ]
INFO: [ view_parse ] --START--
INFO: ParseTemplate Behavior ::run [ RunTime:0.145993s ]
INFO: [ view_parse ] --END-- [ RunTime:0.146168s ]
INFO: [ view_filter ] --START--
INFO: ContentReplace Behavior ::run [ RunTime:0.000637s ]
INFO: TokenBuild Behavior ::run [ RunTime:0.000451s ]
INFO: WriteHtmlCache Behavior ::run [ RunTime:0.000320s ]
INFO: ShowRuntime Behavior ::run [ RunTime:0.000528s ]
INFO: [ view_filter ] --END-- [ RunTime:0.002199s ]
INFO: [ view_end ] --START--
INFO: ShowPageTrace Behavior ::run [ RunTime:0.000798s ]
INFO: [ view_end ] --END-- [ RunTime:0.000886s ]

[ 2014-06-05T13:51:30+08:00 ] 113.64.61.142 /manager.php/productlist
INFO: [ route_check ] --START--
INFO: CheckRoute Behavior ::run [ RunTime:0.001142s ]
INFO: [ route_check ] --END-- [ RunTime:0.001373s ]
INFO: [ app_begin ] --START--
INFO: ReadHtmlCache Behavior ::run [ RunTime:0.000647s ]
INFO: [ app_begin ] --END-- [ RunTime:0.000748s ]
SQL: SHOW COLUMNS FROM `admin_productnewview` [ RunTime:0.012879s ]
SQL: SELECT COUNT(*) AS tp_count FROM `admin_productnewview` LIMIT 1   [ RunTime:0.000486s ]
SQL: SELECT * FROM `admin_productnewview` ORDER BY  autoid desc  LIMIT 0,12   [ RunTime:0.000952s ]
SQL: SHOW COLUMNS FROM `admin_soletype` [ RunTime:0.007932s ]
SQL: SELECT * FROM `admin_soletype` ORDER BY  autoid asc   [ RunTime:0.000481s ]
INFO: [ view_parse ] --START--
INFO: ParseTemplate Behavior ::run [ RunTime:0.015377s ]
INFO: [ view_parse ] --END-- [ RunTime:0.015544s ]
INFO: [ view_filter ] --START--
INFO: ContentReplace Behavior ::run [ RunTime:0.000565s ]
INFO: TokenBuild Behavior ::run [ RunTime:0.000443s ]
INFO: WriteHtmlCache Behavior ::run [ RunTime:0.000291s ]
INFO: ShowRuntime Behavior ::run [ RunTime:0.000537s ]
INFO: [ view_filter ] --END-- [ RunTime:0.002093s ]
INFO: [ view_end ] --START--
INFO: ShowPageTrace Behavior ::run [ RunTime:0.000935s ]
INFO: [ view_end ] --END-- [ RunTime:0.001026s ]

[ 2014-06-05T13:51:34+08:00 ] 113.64.61.142 /manager.php/Prodimglist/index/id/707
INFO: [ route_check ] --START--
INFO: CheckRoute Behavior ::run [ RunTime:0.001214s ]
INFO: [ route_check ] --END-- [ RunTime:0.001437s ]
INFO: [ app_begin ] --START--
INFO: ReadHtmlCache Behavior ::run [ RunTime:0.000653s ]
INFO: [ app_begin ] --END-- [ RunTime:0.000751s ]
SQL: SHOW COLUMNS FROM `admin_prodimg` [ RunTime:0.040769s ]
SQL: SELECT * FROM `admin_prodimg` WHERE pi_prodid=707 ORDER BY  autoid desc   [ RunTime:0.013526s ]
INFO: [ view_parse ] --START--
INFO: ParseTemplate Behavior ::run [ RunTime:0.084762s ]
INFO: [ view_parse ] --END-- [ RunTime:0.084966s ]
INFO: [ view_filter ] --START--
INFO: ContentReplace Behavior ::run [ RunTime:0.000635s ]
INFO: TokenBuild Behavior ::run [ RunTime:0.000545s ]
INFO: WriteHtmlCache Behavior ::run [ RunTime:0.000446s ]
INFO: ShowRuntime Behavior ::run [ RunTime:0.000639s ]
INFO: [ view_filter ] --END-- [ RunTime:0.002580s ]
INFO: [ view_end ] --START--
INFO: ShowPageTrace Behavior ::run [ RunTime:0.000913s ]
INFO: [ view_end ] --END-- [ RunTime:0.001088s ]

[ 2014-06-05T13:51:39+08:00 ] 113.64.61.142 /manager.php/Prodimglist/saveadd
INFO: [ route_check ] --START--
INFO: CheckRoute Behavior ::run [ RunTime:0.001257s ]
INFO: [ route_check ] --END-- [ RunTime:0.001540s ]
INFO: [ app_begin ] --START--
INFO: ReadHtmlCache Behavior ::run [ RunTime:0.000714s ]
INFO: [ app_begin ] --END-- [ RunTime:0.000831s ]
NOTIC: [8] Undefined index:  imgurl /hsphere/local/home/a941323/gzwisdomiot.com/Manager/Lib/Action/Table/ImageAction.class.php 第 62 行.
NOTIC: [2] Invalid argument supplied for foreach() /hsphere/local/home/a941323/gzwisdomiot.com/Manager/Lib/Action/Table/ImageAction.class.php 第 62 行.

[ 2014-06-05T13:51:39+08:00 ] 113.64.61.142 /manager.php/prodimglist/index/id/707
INFO: [ route_check ] --START--
INFO: CheckRoute Behavior ::run [ RunTime:0.001185s ]
INFO: [ route_check ] --END-- [ RunTime:0.001433s ]
INFO: [ app_begin ] --START--
INFO: ReadHtmlCache Behavior ::run [ RunTime:0.000639s ]
INFO: [ app_begin ] --END-- [ RunTime:0.000740s ]
SQL: SHOW COLUMNS FROM `admin_prodimg` [ RunTime:0.007224s ]
SQL: SELECT * FROM `admin_prodimg` WHERE pi_prodid=707 ORDER BY  autoid desc   [ RunTime:0.000625s ]
INFO: [ view_parse ] --START--
INFO: ParseTemplate Behavior ::run [ RunTime:0.013284s ]
INFO: [ view_parse ] --END-- [ RunTime:0.013415s ]
INFO: [ view_filter ] --START--
INFO: ContentReplace Behavior ::run [ RunTime:0.000462s ]
INFO: TokenBuild Behavior ::run [ RunTime:0.000434s ]
INFO: WriteHtmlCache Behavior ::run [ RunTime:0.000302s ]
INFO: ShowRuntime Behavior ::run [ RunTime:0.000544s ]
INFO: [ view_filter ] --END-- [ RunTime:0.002013s ]
INFO: [ view_end ] --START--
INFO: ShowPageTrace Behavior ::run [ RunTime:0.001008s ]
INFO: [ view_end ] --END-- [ RunTime:0.001104s ]

[ 2014-06-05T13:51:44+08:00 ] 113.64.61.142 /manager.php/productlist
INFO: [ route_check ] --START--
INFO: CheckRoute Behavior ::run [ RunTime:0.001205s ]
INFO: [ route_check ] --END-- [ RunTime:0.001448s ]
INFO: [ app_begin ] --START--
INFO: ReadHtmlCache Behavior ::run [ RunTime:0.000675s ]
INFO: [ app_begin ] --END-- [ RunTime:0.000778s ]
SQL: SHOW COLUMNS FROM `admin_productnewview` [ RunTime:0.016481s ]
SQL: SELECT COUNT(*) AS tp_count FROM `admin_productnewview` LIMIT 1   [ RunTime:0.000691s ]
SQL: SELECT * FROM `admin_productnewview` ORDER BY  autoid desc  LIMIT 0,12   [ RunTime:0.001226s ]
SQL: SHOW COLUMNS FROM `admin_soletype` [ RunTime:0.008253s ]
SQL: SELECT * FROM `admin_soletype` ORDER BY  autoid asc   [ RunTime:0.000593s ]
INFO: [ view_parse ] --START--
INFO: ParseTemplate Behavior ::run [ RunTime:0.017858s ]
INFO: [ view_parse ] --END-- [ RunTime:0.017988s ]
INFO: [ view_filter ] --START--
INFO: ContentReplace Behavior ::run [ RunTime:0.000586s ]
INFO: TokenBuild Behavior ::run [ RunTime:0.000448s ]
INFO: WriteHtmlCache Behavior ::run [ RunTime:0.000290s ]
INFO: ShowRuntime Behavior ::run [ RunTime:0.000522s ]
INFO: [ view_filter ] --END-- [ RunTime:0.002098s ]
INFO: [ view_end ] --START--
INFO: ShowPageTrace Behavior ::run [ RunTime:0.000770s ]
INFO: [ view_end ] --END-- [ RunTime:0.000859s ]

[ 2014-06-05T13:51:48+08:00 ] 113.64.61.142 /manager.php/Productlist/edittable/id/707
INFO: [ route_check ] --START--
INFO: CheckRoute Behavior ::run [ RunTime:0.001117s ]
INFO: [ route_check ] --END-- [ RunTime:0.001381s ]
INFO: [ app_begin ] --START--
INFO: ReadHtmlCache Behavior ::run [ RunTime:0.000643s ]
INFO: [ app_begin ] --END-- [ RunTime:0.000743s ]
SQL: SHOW COLUMNS FROM `admin_productnew` [ RunTime:0.006007s ]
SQL: SELECT * FROM `admin_productnew` WHERE ( `autoid` = 707 ) LIMIT 1   [ RunTime:0.000812s ]
SQL: SHOW COLUMNS FROM `admin_prodtype` [ RunTime:0.007723s ]
SQL: SELECT * FROM `admin_prodtype` WHERE  	ty_subid = 0 ORDER BY  autoid asc   [ RunTime:0.037244s ]
SQL: SELECT * FROM `admin_prodtype` WHERE  	ty_subid = 3 ORDER BY  autoid asc   [ RunTime:0.002695s ]
INFO: [ view_parse ] --START--
INFO: ParseTemplate Behavior ::run [ RunTime:0.056460s ]
INFO: [ view_parse ] --END-- [ RunTime:0.056600s ]
INFO: [ view_filter ] --START--
INFO: ContentReplace Behavior ::run [ RunTime:0.000517s ]
INFO: TokenBuild Behavior ::run [ RunTime:0.000423s ]
INFO: WriteHtmlCache Behavior ::run [ RunTime:0.000325s ]
INFO: ShowRuntime Behavior ::run [ RunTime:0.000559s ]
INFO: [ view_filter ] --END-- [ RunTime:0.002094s ]
INFO: [ view_end ] --START--
INFO: ShowPageTrace Behavior ::run [ RunTime:0.000680s ]
INFO: [ view_end ] --END-- [ RunTime:0.000768s ]

